#
# There is insufficient memory for the Java Runtime Environment to continue.
# Native memory allocation (mmap) failed to map 73400320 bytes for G1 virtual space
# Possible reasons:
#   The system is out of physical RAM or swap space
#   The process is running with CompressedOops enabled, and the Java Heap may be blocking the growth of the native heap
# Possible solutions:
#   Reduce memory load on the system
#   Increase physical memory or swap space
#   Check if swap backing store is full
#   Decrease Java heap size (-Xmx/-Xms)
#   Decrease number of Java threads
#   Decrease Java thread stack sizes (-Xss)
#   Set larger code cache with -XX:ReservedCodeCacheSize=
#   JVM is running with Unscaled Compressed Oops mode in which the Java heap is
#     placed in the first 4GB address space. The Java Heap base address is the
#     maximum limit for the native heap growth. Please use -XX:HeapBaseMinAddress
#     to set the Java Heap base and to place the Java Heap above 4GB virtual address.
# This output file may be truncated or incomplete.
#
#  Out of Memory Error (os_windows.cpp:3600), pid=12908, tid=7684
#
# JRE version: OpenJDK Runtime Environment (21.0+35) (build 21+35-2513)
# Java VM: OpenJDK 64-Bit Server VM (21+35-2513, mixed mode, sharing, tiered, compressed oops, compressed class ptrs, g1 gc, windows-amd64)
# No core dump will be written. Minidumps are not enabled by default on client versions of Windows
#

---------------  S U M M A R Y ------------

Command Line: --add-opens=java.base/java.util=ALL-UNNAMED --add-opens=java.base/java.lang=ALL-UNNAMED --add-opens=java.base/java.lang.invoke=ALL-UNNAMED --add-opens=java.prefs/java.util.prefs=ALL-UNNAMED --add-opens=java.base/java.nio.charset=ALL-UNNAMED --add-opens=java.base/java.net=ALL-UNNAMED --add-opens=java.base/java.util.concurrent.atomic=ALL-UNNAMED -Xmx2048m -Dfile.encoding=UTF-8 -Duser.country=US -Duser.language=en -Duser.variant org.gradle.launcher.daemon.bootstrap.GradleDaemon 8.0

Host: Intel(R) Core(TM) i5-5200U CPU @ 2.20GHz, 4 cores, 7G,  Windows 10 , 64 bit Build 19041 (10.0.19041.3393)
Time: Sun Oct  8 06:52:46 2023 SE Asia Standard Time elapsed time: 71.021058 seconds (0d 0h 1m 11s)

---------------  T H R E A D  ---------------

Current thread (0x000001721eb360e0):  VMThread "VM Thread"          [id=7684, stack(0x00000023b5500000,0x00000023b5600000) (1024K)]

Stack: [0x00000023b5500000,0x00000023b5600000]
Native frames: (J=compiled Java code, j=interpreted, Vv=VM code, C=native code)
V  [jvm.dll+0x6c8d39]
V  [jvm.dll+0x854091]
V  [jvm.dll+0x85630e]
V  [jvm.dll+0x8569e3]
V  [jvm.dll+0x2809a6]
V  [jvm.dll+0x6c5425]
V  [jvm.dll+0x6b9e1a]
V  [jvm.dll+0x3555ba]
V  [jvm.dll+0x35d206]
V  [jvm.dll+0x3adf6e]
V  [jvm.dll+0x3ae218]
V  [jvm.dll+0x328fcc]
V  [jvm.dll+0x329057]
V  [jvm.dll+0x36d90c]
V  [jvm.dll+0x36c10d]
V  [jvm.dll+0x328741]
V  [jvm.dll+0x36b81a]
V  [jvm.dll+0x85c4e8]
V  [jvm.dll+0x85d5e4]
V  [jvm.dll+0x85db20]
V  [jvm.dll+0x85ddc3]
V  [jvm.dll+0x7fd2c8]
V  [jvm.dll+0x6c748d]
C  [ucrtbase.dll+0x21bb2]
C  [KERNEL32.DLL+0x17344]
C  [ntdll.dll+0x526b1]

VM_Operation (0x00000023b69f85a0): G1CollectForAllocation, mode: safepoint, requested by thread 0x0000017265613050


---------------  P R O C E S S  ---------------

Threads class SMR info:
_java_thread_list=0x00000172788e1ef0, length=38, elements={
0x000001720093b6b0, 0x000001721eb55da0, 0x000001721eb56cc0, 0x000001721eb5cb70,
0x000001721eb5d5d0, 0x000001721eb5f7e0, 0x000001721eb609e0, 0x000001721eb65410,
0x000001721eb66650, 0x0000017264112870, 0x0000017264118f00, 0x0000017264bf9060,
0x00000172640276b0, 0x00000172649ba9f0, 0x000001726439e290, 0x0000017264ba4f00,
0x00000172656129c0, 0x0000017265613050, 0x0000017265613d70, 0x0000017265614400,
0x0000017265611610, 0x0000017265610f80, 0x00000172656136e0, 0x0000017265612330,
0x0000017264a24db0, 0x0000017264a2a990, 0x0000017264a25ad0, 0x0000017264a26160,
0x0000017264a27510, 0x0000017264a27ba0, 0x0000017264a28230, 0x0000017264a26e80,
0x0000017264a288c0, 0x0000017264a28f50, 0x0000017264a24090, 0x0000017264a295e0,
0x0000017264a29c70, 0x0000017273482b60
}

Java Threads: ( => current thread )
  0x000001720093b6b0 JavaThread "main"                              [_thread_blocked, id=7732, stack(0x00000023b4e00000,0x00000023b4f00000) (1024K)]
  0x000001721eb55da0 JavaThread "Reference Handler"          daemon [_thread_blocked, id=11660, stack(0x00000023b5600000,0x00000023b5700000) (1024K)]
  0x000001721eb56cc0 JavaThread "Finalizer"                  daemon [_thread_blocked, id=11504, stack(0x00000023b5700000,0x00000023b5800000) (1024K)]
  0x000001721eb5cb70 JavaThread "Signal Dispatcher"          daemon [_thread_blocked, id=7520, stack(0x00000023b5800000,0x00000023b5900000) (1024K)]
  0x000001721eb5d5d0 JavaThread "Attach Listener"            daemon [_thread_blocked, id=7184, stack(0x00000023b5900000,0x00000023b5a00000) (1024K)]
  0x000001721eb5f7e0 JavaThread "Service Thread"             daemon [_thread_blocked, id=3512, stack(0x00000023b5a00000,0x00000023b5b00000) (1024K)]
  0x000001721eb609e0 JavaThread "Monitor Deflation Thread"   daemon [_thread_blocked, id=12284, stack(0x00000023b5b00000,0x00000023b5c00000) (1024K)]
  0x000001721eb65410 JavaThread "C2 CompilerThread0"         daemon [_thread_blocked, id=12156, stack(0x00000023b5c00000,0x00000023b5d00000) (1024K)]
  0x000001721eb66650 JavaThread "C1 CompilerThread0"         daemon [_thread_blocked, id=3412, stack(0x00000023b5d00000,0x00000023b5e00000) (1024K)]
  0x0000017264112870 JavaThread "Common-Cleaner"             daemon [_thread_blocked, id=2984, stack(0x00000023b5e00000,0x00000023b5f00000) (1024K)]
  0x0000017264118f00 JavaThread "Notification Thread"        daemon [_thread_blocked, id=6668, stack(0x00000023b5f00000,0x00000023b6000000) (1024K)]
  0x0000017264bf9060 JavaThread "Daemon health stats"               [_thread_blocked, id=8188, stack(0x00000023b6200000,0x00000023b6300000) (1024K)]
  0x00000172640276b0 JavaThread "Incoming local TCP Connector on port 49399"        [_thread_in_native, id=12744, stack(0x00000023b6400000,0x00000023b6500000) (1024K)]
  0x00000172649ba9f0 JavaThread "Daemon periodic checks"            [_thread_blocked, id=12560, stack(0x00000023b6500000,0x00000023b6600000) (1024K)]
  0x000001726439e290 JavaThread "Daemon"                            [_thread_blocked, id=10440, stack(0x00000023b6600000,0x00000023b6700000) (1024K)]
  0x0000017264ba4f00 JavaThread "Handler for socket connection from /127.0.0.1:49399 to /127.0.0.1:49400"        [_thread_in_native, id=7220, stack(0x00000023b6700000,0x00000023b6800000) (1024K)]
  0x00000172656129c0 JavaThread "Cancel handler"                    [_thread_blocked, id=10952, stack(0x00000023b6800000,0x00000023b6900000) (1024K)]
  0x0000017265613050 JavaThread "Daemon worker"                     [_thread_blocked, id=10480, stack(0x00000023b6900000,0x00000023b6a00000) (1024K)]
  0x0000017265613d70 JavaThread "Asynchronous log dispatcher for DefaultDaemonConnection: socket connection from /127.0.0.1:49399 to /127.0.0.1:49400"        [_thread_blocked, id=11876, stack(0x00000023b6a00000,0x00000023b6b00000) (1024K)]
  0x0000017265614400 JavaThread "Stdin handler"                     [_thread_blocked, id=6008, stack(0x00000023b6b00000,0x00000023b6c00000) (1024K)]
  0x0000017265611610 JavaThread "Daemon client event forwarder"        [_thread_blocked, id=10452, stack(0x00000023b6c00000,0x00000023b6d00000) (1024K)]
  0x0000017265610f80 JavaThread "Cache worker for journal cache (C:\Users\refrizar.dwiardito\.jdks\openjdk-21\caches\journal-1)"        [_thread_blocked, id=11324, stack(0x00000023b6d00000,0x00000023b6e00000) (1024K)]
  0x00000172656136e0 JavaThread "File lock request listener"        [_thread_in_native, id=12944, stack(0x00000023b6e00000,0x00000023b6f00000) (1024K)]
  0x0000017265612330 JavaThread "Cache worker for file hash cache (C:\Users\refrizar.dwiardito\.jdks\openjdk-21\caches\8.0\fileHashes)"        [_thread_blocked, id=10504, stack(0x00000023b7000000,0x00000023b7100000) (1024K)]
  0x0000017264a24db0 JavaThread "File watcher server"        daemon [_thread_in_native, id=10012, stack(0x00000023b7100000,0x00000023b7200000) (1024K)]
  0x0000017264a2a990 JavaThread "File watcher consumer"      daemon [_thread_blocked, id=268, stack(0x00000023b7200000,0x00000023b7300000) (1024K)]
  0x0000017264a25ad0 JavaThread "jar transforms"                    [_thread_blocked, id=13204, stack(0x00000023b7300000,0x00000023b7400000) (1024K)]
  0x0000017264a26160 JavaThread "jar transforms Thread 2"           [_thread_blocked, id=5508, stack(0x00000023b7400000,0x00000023b7500000) (1024K)]
  0x0000017264a27510 JavaThread "jar transforms Thread 3"           [_thread_blocked, id=3920, stack(0x00000023b7500000,0x00000023b7600000) (1024K)]
  0x0000017264a27ba0 JavaThread "jar transforms Thread 4"           [_thread_blocked, id=4960, stack(0x00000023b7600000,0x00000023b7700000) (1024K)]
  0x0000017264a28230 JavaThread "Cache worker for checksums cache (C:\Users\refrizar.dwiardito\AndroidStudioProjects\BelajarAndroid\.gradle\8.0\checksums)"        [_thread_blocked, id=772, stack(0x00000023b7700000,0x00000023b7800000) (1024K)]
  0x0000017264a26e80 JavaThread "Cache worker for cache directory md-rule (C:\Users\refrizar.dwiardito\.jdks\openjdk-21\caches\8.0\md-rule)"        [_thread_blocked, id=3784, stack(0x00000023b7800000,0x00000023b7900000) (1024K)]
  0x0000017264a288c0 JavaThread "Cache worker for file content cache (C:\Users\refrizar.dwiardito\.jdks\openjdk-21\caches\8.0\fileContent)"        [_thread_blocked, id=10528, stack(0x00000023b7900000,0x00000023b7a00000) (1024K)]
  0x0000017264a28f50 JavaThread "Cache worker for file hash cache (C:\Users\refrizar.dwiardito\AndroidStudioProjects\BelajarAndroid\.gradle\8.0\fileHashes)"        [_thread_blocked, id=3120, stack(0x00000023b7a00000,0x00000023b7b00000) (1024K)]
  0x0000017264a24090 JavaThread "Cache worker for cache directory md-supplier (C:\Users\refrizar.dwiardito\.jdks\openjdk-21\caches\8.0\md-supplier)"        [_thread_blocked, id=6076, stack(0x00000023b7b00000,0x00000023b7c00000) (1024K)]
  0x0000017264a295e0 JavaThread "Cache worker for execution history cache (C:\Users\refrizar.dwiardito\.jdks\openjdk-21\caches\8.0\executionHistory)"        [_thread_blocked, id=1268, stack(0x00000023b7c00000,0x00000023b7d00000) (1024K)]
  0x0000017264a29c70 JavaThread "Cache worker for kotlin-dsl (C:\Users\refrizar.dwiardito\.jdks\openjdk-21\caches\8.0\kotlin-dsl)"        [_thread_blocked, id=5672, stack(0x00000023b7d00000,0x00000023b7e00000) (1024K)]
  0x0000017273482b60 JavaThread "C2 CompilerThread1"         daemon [_thread_blocked, id=1460, stack(0x00000023b4b00000,0x00000023b4c00000) (1024K)]
Total: 38

Other Threads:
=>0x000001721eb360e0 VMThread "VM Thread"                           [id=7684, stack(0x00000023b5500000,0x00000023b5600000) (1024K)]
  0x000001721eb1b850 WatcherThread "VM Periodic Task Thread"        [id=7568, stack(0x00000023b5400000,0x00000023b5500000) (1024K)]
  0x0000017202a9b770 WorkerThread "GC Thread#0"                     [id=10456, stack(0x00000023b4f00000,0x00000023b5000000) (1024K)]
  0x00000172643e4000 WorkerThread "GC Thread#1"                     [id=4352, stack(0x00000023b6000000,0x00000023b6100000) (1024K)]
  0x00000172643bcdb0 WorkerThread "GC Thread#2"                     [id=7628, stack(0x00000023b6100000,0x00000023b6200000) (1024K)]
  0x0000017264cc8f20 WorkerThread "GC Thread#3"                     [id=3456, stack(0x00000023b6300000,0x00000023b6400000) (1024K)]
  0x0000017202aac710 ConcurrentGCThread "G1 Main Marker"            [id=9760, stack(0x00000023b5000000,0x00000023b5100000) (1024K)]
  0x0000017202aad8c0 WorkerThread "G1 Conc#0"                       [id=7668, stack(0x00000023b5100000,0x00000023b5200000) (1024K)]
  0x0000017202b1ead0 ConcurrentGCThread "G1 Refine#0"               [id=2600, stack(0x00000023b5200000,0x00000023b5300000) (1024K)]
  0x000001721e9e06e0 ConcurrentGCThread "G1 Service"                [id=6744, stack(0x00000023b5300000,0x00000023b5400000) (1024K)]
Total: 10

Threads with active compile tasks:
C2 CompilerThread0    71218 18003       4       org.gradle.internal.normalization.java.impl.ApiMemberWriter::writeClass (275 bytes)
C1 CompilerThread0    71218 18069       3       kotlinx.metadata.internal.metadata.deserialization.Flags$BooleanFlagField::toFlags (18 bytes)
C2 CompilerThread1    71218 18005       4       org.gradle.internal.normalization.java.impl.ApiMemberWriter::writeClassAnnotations (54 bytes)
Total: 3

VM state: at safepoint (normal execution)

VM Mutex/Monitor currently owned by a thread:  ([mutex/lock_event])
[0x00007ffe29ef8548] Threads_lock - owner thread: 0x000001721eb360e0
[0x00007ffe29ef8648] Heap_lock - owner thread: 0x0000017265613050

Heap address: 0x0000000080000000, size: 2048 MB, Compressed Oops mode: 32-bit

CDS archive(s) mapped at: [0x000001721f000000-0x000001721fc90000-0x000001721fc90000), size 13172736, SharedBaseAddress: 0x000001721f000000, ArchiveRelocationMode: 1.
Compressed class space mapped at: 0x0000017220000000-0x0000017260000000, reserved size: 1073741824
Narrow klass base: 0x000001721f000000, Narrow klass shift: 0, Narrow klass range: 0x100000000

GC Precious Log:
 CardTable entry size: 512
 Card Set container configuration: InlinePtr #cards 5 size 8 Array Of Cards #cards 12 size 40 Howl #buckets 4 coarsen threshold 1843 Howl Bitmap #cards 512 size 80 coarsen threshold 460 Card regions per heap region 1 cards per card region 2048
 CPUs: 4 total, 4 available
 Memory: 8083M
 Large Page Support: Disabled
 NUMA Support: Disabled
 Compressed Oops: Enabled (32-bit)
 Heap Region Size: 1M
 Heap Min Capacity: 8M
 Heap Initial Capacity: 128M
 Heap Max Capacity: 2G
 Pre-touch: Disabled
 Parallel Workers: 4
 Concurrent Workers: 1
 Concurrent Refinement Workers: 4
 Periodic GC: Disabled

Heap:
 garbage-first heap   total 285696K, used 139251K [0x0000000080000000, 0x0000000100000000)
  region size 1024K, 7 young (7168K), 7 survivors (7168K)
 Metaspace       used 108614K, committed 110592K, reserved 1179648K
  class space    used 13093K, committed 14080K, reserved 1048576K

Heap Regions: E=young(eden), S=young(survivor), O=old, HS=humongous(starts), HC=humongous(continues), CS=collection set, F=free, TAMS=top-at-mark-start, PB=parsable bottom
|   0|0x0000000080000000, 0x0000000080100000, 0x0000000080100000|100%| O|  |TAMS 0x0000000080000000| PB 0x0000000080000000| Untracked 
|   1|0x0000000080100000, 0x0000000080200000, 0x0000000080200000|100%| O|  |TAMS 0x0000000080100000| PB 0x0000000080100000| Untracked 
|   2|0x0000000080200000, 0x0000000080300000, 0x0000000080300000|100%|HS|  |TAMS 0x0000000080200000| PB 0x0000000080200000| Complete 
|   3|0x0000000080300000, 0x0000000080400000, 0x0000000080400000|100%|HC|  |TAMS 0x0000000080300000| PB 0x0000000080300000| Complete 
|   4|0x0000000080400000, 0x0000000080500000, 0x0000000080500000|100%|HC|  |TAMS 0x0000000080400000| PB 0x0000000080400000| Complete 
|   5|0x0000000080500000, 0x0000000080600000, 0x0000000080600000|100%|HC|  |TAMS 0x0000000080500000| PB 0x0000000080500000| Complete 
|   6|0x0000000080600000, 0x0000000080700000, 0x0000000080700000|100%| O|  |TAMS 0x0000000080600000| PB 0x0000000080600000| Untracked 
|   7|0x0000000080700000, 0x0000000080800000, 0x0000000080800000|100%| O|  |TAMS 0x0000000080700000| PB 0x0000000080700000| Untracked 
|   8|0x0000000080800000, 0x0000000080900000, 0x0000000080900000|100%| O|  |TAMS 0x0000000080800000| PB 0x0000000080800000| Untracked 
|   9|0x0000000080900000, 0x0000000080a00000, 0x0000000080a00000|100%| O|  |TAMS 0x0000000080900000| PB 0x0000000080900000| Untracked 
|  10|0x0000000080a00000, 0x0000000080b00000, 0x0000000080b00000|100%| O|  |TAMS 0x0000000080a00000| PB 0x0000000080a00000| Untracked 
|  11|0x0000000080b00000, 0x0000000080c00000, 0x0000000080c00000|100%| O|  |TAMS 0x0000000080b00000| PB 0x0000000080b00000| Untracked 
|  12|0x0000000080c00000, 0x0000000080d00000, 0x0000000080d00000|100%| O|  |TAMS 0x0000000080c00000| PB 0x0000000080c00000| Untracked 
|  13|0x0000000080d00000, 0x0000000080e00000, 0x0000000080e00000|100%| O|  |TAMS 0x0000000080d00000| PB 0x0000000080d00000| Untracked 
|  14|0x0000000080e00000, 0x0000000080f00000, 0x0000000080f00000|100%| O|  |TAMS 0x0000000080e00000| PB 0x0000000080e00000| Untracked 
|  15|0x0000000080f00000, 0x0000000081000000, 0x0000000081000000|100%| O|  |TAMS 0x0000000080f00000| PB 0x0000000080f00000| Untracked 
|  16|0x0000000081000000, 0x0000000081100000, 0x0000000081100000|100%| O|  |TAMS 0x0000000081000000| PB 0x0000000081000000| Untracked 
|  17|0x0000000081100000, 0x0000000081200000, 0x0000000081200000|100%| O|  |TAMS 0x0000000081100000| PB 0x0000000081100000| Untracked 
|  18|0x0000000081200000, 0x0000000081300000, 0x0000000081300000|100%| O|  |TAMS 0x0000000081200000| PB 0x0000000081200000| Untracked 
|  19|0x0000000081300000, 0x0000000081400000, 0x0000000081400000|100%| O|  |TAMS 0x0000000081300000| PB 0x0000000081300000| Untracked 
|  20|0x0000000081400000, 0x0000000081500000, 0x0000000081500000|100%| O|  |TAMS 0x0000000081400000| PB 0x0000000081400000| Untracked 
|  21|0x0000000081500000, 0x0000000081600000, 0x0000000081600000|100%| O|  |TAMS 0x0000000081500000| PB 0x0000000081500000| Untracked 
|  22|0x0000000081600000, 0x0000000081700000, 0x0000000081700000|100%|HS|  |TAMS 0x0000000081600000| PB 0x0000000081600000| Complete 
|  23|0x0000000081700000, 0x0000000081800000, 0x0000000081800000|100%|HC|  |TAMS 0x0000000081700000| PB 0x0000000081700000| Complete 
|  24|0x0000000081800000, 0x0000000081900000, 0x0000000081900000|100%|HS|  |TAMS 0x0000000081800000| PB 0x0000000081800000| Complete 
|  25|0x0000000081900000, 0x0000000081a00000, 0x0000000081a00000|100%|HC|  |TAMS 0x0000000081900000| PB 0x0000000081900000| Complete 
|  26|0x0000000081a00000, 0x0000000081b00000, 0x0000000081b00000|100%|HC|  |TAMS 0x0000000081a00000| PB 0x0000000081a00000| Complete 
|  27|0x0000000081b00000, 0x0000000081c00000, 0x0000000081c00000|100%|HS|  |TAMS 0x0000000081b00000| PB 0x0000000081b00000| Complete 
|  28|0x0000000081c00000, 0x0000000081d00000, 0x0000000081d00000|100%|HC|  |TAMS 0x0000000081c00000| PB 0x0000000081c00000| Complete 
|  29|0x0000000081d00000, 0x0000000081e00000, 0x0000000081e00000|100%|HC|  |TAMS 0x0000000081d00000| PB 0x0000000081d00000| Complete 
|  30|0x0000000081e00000, 0x0000000081f00000, 0x0000000081f00000|100%|HS|  |TAMS 0x0000000081e00000| PB 0x0000000081e00000| Complete 
|  31|0x0000000081f00000, 0x0000000082000000, 0x0000000082000000|100%|HC|  |TAMS 0x0000000081f00000| PB 0x0000000081f00000| Complete 
|  32|0x0000000082000000, 0x0000000082100000, 0x0000000082100000|100%|HC|  |TAMS 0x0000000082000000| PB 0x0000000082000000| Complete 
|  33|0x0000000082100000, 0x0000000082200000, 0x0000000082200000|100%|HC|  |TAMS 0x0000000082100000| PB 0x0000000082100000| Complete 
|  34|0x0000000082200000, 0x0000000082300000, 0x0000000082300000|100%|HC|  |TAMS 0x0000000082200000| PB 0x0000000082200000| Complete 
|  35|0x0000000082300000, 0x0000000082400000, 0x0000000082400000|100%|HC|  |TAMS 0x0000000082300000| PB 0x0000000082300000| Complete 
|  36|0x0000000082400000, 0x0000000082500000, 0x0000000082500000|100%|HC|  |TAMS 0x0000000082400000| PB 0x0000000082400000| Complete 
|  37|0x0000000082500000, 0x0000000082600000, 0x0000000082600000|100%|HC|  |TAMS 0x0000000082500000| PB 0x0000000082500000| Complete 
|  38|0x0000000082600000, 0x0000000082700000, 0x0000000082700000|100%|HC|  |TAMS 0x0000000082600000| PB 0x0000000082600000| Complete 
|  39|0x0000000082700000, 0x0000000082800000, 0x0000000082800000|100%|HC|  |TAMS 0x0000000082700000| PB 0x0000000082700000| Complete 
|  40|0x0000000082800000, 0x0000000082900000, 0x0000000082900000|100%|HC|  |TAMS 0x0000000082800000| PB 0x0000000082800000| Complete 
|  41|0x0000000082900000, 0x0000000082a00000, 0x0000000082a00000|100%|HC|  |TAMS 0x0000000082900000| PB 0x0000000082900000| Complete 
|  42|0x0000000082a00000, 0x0000000082b00000, 0x0000000082b00000|100%|HS|  |TAMS 0x0000000082a00000| PB 0x0000000082a00000| Complete 
|  43|0x0000000082b00000, 0x0000000082c00000, 0x0000000082c00000|100%|HC|  |TAMS 0x0000000082b00000| PB 0x0000000082b00000| Complete 
|  44|0x0000000082c00000, 0x0000000082d00000, 0x0000000082d00000|100%| O|  |TAMS 0x0000000082c00000| PB 0x0000000082c00000| Untracked 
|  45|0x0000000082d00000, 0x0000000082e00000, 0x0000000082e00000|100%| O|  |TAMS 0x0000000082d00000| PB 0x0000000082d00000| Untracked 
|  46|0x0000000082e00000, 0x0000000082f00000, 0x0000000082f00000|100%| O|  |TAMS 0x0000000082e00000| PB 0x0000000082e00000| Untracked 
|  47|0x0000000082f00000, 0x0000000083000000, 0x0000000083000000|100%| O|  |TAMS 0x0000000082f00000| PB 0x0000000082f00000| Untracked 
|  48|0x0000000083000000, 0x0000000083100000, 0x0000000083100000|100%| O|  |TAMS 0x0000000083000000| PB 0x0000000083000000| Untracked 
|  49|0x0000000083100000, 0x0000000083200000, 0x0000000083200000|100%| O|  |TAMS 0x0000000083100000| PB 0x0000000083100000| Untracked 
|  50|0x0000000083200000, 0x0000000083300000, 0x0000000083300000|100%| O|  |TAMS 0x0000000083200000| PB 0x0000000083200000| Untracked 
|  51|0x0000000083300000, 0x0000000083400000, 0x0000000083400000|100%| O|  |TAMS 0x0000000083300000| PB 0x0000000083300000| Untracked 
|  52|0x0000000083400000, 0x0000000083500000, 0x0000000083500000|100%|HS|  |TAMS 0x0000000083400000| PB 0x0000000083400000| Complete 
|  53|0x0000000083500000, 0x0000000083600000, 0x0000000083600000|100%|HC|  |TAMS 0x0000000083500000| PB 0x0000000083500000| Complete 
|  54|0x0000000083600000, 0x0000000083700000, 0x0000000083700000|100%|HC|  |TAMS 0x0000000083600000| PB 0x0000000083600000| Complete 
|  55|0x0000000083700000, 0x0000000083800000, 0x0000000083800000|100%| O|  |TAMS 0x0000000083700000| PB 0x0000000083700000| Untracked 
|  56|0x0000000083800000, 0x0000000083900000, 0x0000000083900000|100%| O|  |TAMS 0x0000000083800000| PB 0x0000000083800000| Untracked 
|  57|0x0000000083900000, 0x0000000083a00000, 0x0000000083a00000|100%| O|  |TAMS 0x0000000083900000| PB 0x0000000083900000| Untracked 
|  58|0x0000000083a00000, 0x0000000083b00000, 0x0000000083b00000|100%| O|  |TAMS 0x0000000083a00000| PB 0x0000000083a00000| Untracked 
|  59|0x0000000083b00000, 0x0000000083c00000, 0x0000000083c00000|100%|HS|  |TAMS 0x0000000083b00000| PB 0x0000000083b00000| Complete 
|  60|0x0000000083c00000, 0x0000000083d00000, 0x0000000083d00000|100%|HC|  |TAMS 0x0000000083c00000| PB 0x0000000083c00000| Complete 
|  61|0x0000000083d00000, 0x0000000083e00000, 0x0000000083e00000|100%|HC|  |TAMS 0x0000000083d00000| PB 0x0000000083d00000| Complete 
|  62|0x0000000083e00000, 0x0000000083f00000, 0x0000000083f00000|100%| O|  |TAMS 0x0000000083e00000| PB 0x0000000083e00000| Untracked 
|  63|0x0000000083f00000, 0x0000000084000000, 0x0000000084000000|100%| O|  |TAMS 0x0000000083f00000| PB 0x0000000083f00000| Untracked 
|  64|0x0000000084000000, 0x0000000084100000, 0x0000000084100000|100%| O|  |TAMS 0x0000000084000000| PB 0x0000000084000000| Untracked 
|  65|0x0000000084100000, 0x0000000084200000, 0x0000000084200000|100%| O|  |TAMS 0x0000000084100000| PB 0x0000000084100000| Untracked 
|  66|0x0000000084200000, 0x0000000084300000, 0x0000000084300000|100%| O|  |TAMS 0x0000000084200000| PB 0x0000000084200000| Untracked 
|  67|0x0000000084300000, 0x0000000084400000, 0x0000000084400000|100%| O|  |TAMS 0x0000000084300000| PB 0x0000000084300000| Untracked 
|  68|0x0000000084400000, 0x0000000084500000, 0x0000000084500000|100%| O|  |TAMS 0x0000000084400000| PB 0x0000000084400000| Untracked 
|  69|0x0000000084500000, 0x0000000084600000, 0x0000000084600000|100%| O|  |TAMS 0x0000000084500000| PB 0x0000000084500000| Untracked 
|  70|0x0000000084600000, 0x0000000084700000, 0x0000000084700000|100%|HS|  |TAMS 0x0000000084600000| PB 0x0000000084600000| Complete 
|  71|0x0000000084700000, 0x0000000084800000, 0x0000000084800000|100%|HC|  |TAMS 0x0000000084700000| PB 0x0000000084700000| Complete 
|  72|0x0000000084800000, 0x0000000084900000, 0x0000000084900000|100%|HC|  |TAMS 0x0000000084800000| PB 0x0000000084800000| Complete 
|  73|0x0000000084900000, 0x0000000084a00000, 0x0000000084a00000|100%|HC|  |TAMS 0x0000000084900000| PB 0x0000000084900000| Complete 
|  74|0x0000000084a00000, 0x0000000084b00000, 0x0000000084b00000|100%| O|  |TAMS 0x0000000084a00000| PB 0x0000000084a00000| Untracked 
|  75|0x0000000084b00000, 0x0000000084c00000, 0x0000000084c00000|100%| O|  |TAMS 0x0000000084b00000| PB 0x0000000084b00000| Untracked 
|  76|0x0000000084c00000, 0x0000000084d00000, 0x0000000084d00000|100%| O|  |TAMS 0x0000000084c00000| PB 0x0000000084c00000| Untracked 
|  77|0x0000000084d00000, 0x0000000084e00000, 0x0000000084e00000|100%| O|  |TAMS 0x0000000084d00000| PB 0x0000000084d00000| Untracked 
|  78|0x0000000084e00000, 0x0000000084f00000, 0x0000000084f00000|100%| O|  |TAMS 0x0000000084e00000| PB 0x0000000084e00000| Untracked 
|  79|0x0000000084f00000, 0x0000000085000000, 0x0000000085000000|100%| O|  |TAMS 0x0000000084f00000| PB 0x0000000084f00000| Untracked 
|  80|0x0000000085000000, 0x0000000085100000, 0x0000000085100000|100%| O|  |TAMS 0x0000000085000000| PB 0x0000000085000000| Untracked 
|  81|0x0000000085100000, 0x0000000085200000, 0x0000000085200000|100%| O|  |TAMS 0x0000000085100000| PB 0x0000000085100000| Untracked 
|  82|0x0000000085200000, 0x0000000085300000, 0x0000000085300000|100%| O|  |TAMS 0x0000000085200000| PB 0x0000000085200000| Untracked 
|  83|0x0000000085300000, 0x0000000085400000, 0x0000000085400000|100%| O|  |TAMS 0x0000000085300000| PB 0x0000000085300000| Untracked 
|  84|0x0000000085400000, 0x0000000085500000, 0x0000000085500000|100%| O|  |TAMS 0x0000000085400000| PB 0x0000000085400000| Untracked 
|  85|0x0000000085500000, 0x0000000085600000, 0x0000000085600000|100%| O|  |TAMS 0x0000000085500000| PB 0x0000000085500000| Untracked 
|  86|0x0000000085600000, 0x0000000085700000, 0x0000000085700000|100%| O|  |TAMS 0x0000000085600000| PB 0x0000000085600000| Untracked 
|  87|0x0000000085700000, 0x0000000085800000, 0x0000000085800000|100%| O|  |TAMS 0x0000000085700000| PB 0x0000000085700000| Untracked 
|  88|0x0000000085800000, 0x0000000085900000, 0x0000000085900000|100%| O|  |TAMS 0x0000000085800000| PB 0x0000000085800000| Untracked 
|  89|0x0000000085900000, 0x0000000085a00000, 0x0000000085a00000|100%| O|  |TAMS 0x0000000085900000| PB 0x0000000085900000| Untracked 
|  90|0x0000000085a00000, 0x0000000085b00000, 0x0000000085b00000|100%| O|  |TAMS 0x0000000085a00000| PB 0x0000000085a00000| Untracked 
|  91|0x0000000085b00000, 0x0000000085c00000, 0x0000000085c00000|100%| O|  |TAMS 0x0000000085b00000| PB 0x0000000085b00000| Untracked 
|  92|0x0000000085c00000, 0x0000000085d00000, 0x0000000085d00000|100%| O|  |TAMS 0x0000000085c00000| PB 0x0000000085c00000| Untracked 
|  93|0x0000000085d00000, 0x0000000085e00000, 0x0000000085e00000|100%| O|  |TAMS 0x0000000085d00000| PB 0x0000000085d00000| Untracked 
|  94|0x0000000085e00000, 0x0000000085f00000, 0x0000000085f00000|100%| O|  |TAMS 0x0000000085e00000| PB 0x0000000085e00000| Untracked 
|  95|0x0000000085f00000, 0x0000000086000000, 0x0000000086000000|100%| O|  |TAMS 0x0000000085f00000| PB 0x0000000085f00000| Untracked 
|  96|0x0000000086000000, 0x0000000086100000, 0x0000000086100000|100%| O|  |TAMS 0x0000000086000000| PB 0x0000000086000000| Untracked 
|  97|0x0000000086100000, 0x0000000086200000, 0x0000000086200000|100%| O|  |TAMS 0x0000000086100000| PB 0x0000000086100000| Untracked 
|  98|0x0000000086200000, 0x0000000086300000, 0x0000000086300000|100%| O|  |TAMS 0x0000000086200000| PB 0x0000000086200000| Untracked 
|  99|0x0000000086300000, 0x0000000086400000, 0x0000000086400000|100%| O|  |TAMS 0x0000000086300000| PB 0x0000000086300000| Untracked 
| 100|0x0000000086400000, 0x0000000086500000, 0x0000000086500000|100%| O|  |TAMS 0x0000000086400000| PB 0x0000000086400000| Untracked 
| 101|0x0000000086500000, 0x0000000086600000, 0x0000000086600000|100%| O|  |TAMS 0x0000000086500000| PB 0x0000000086500000| Untracked 
| 102|0x0000000086600000, 0x0000000086600000, 0x0000000086700000|  0%| F|  |TAMS 0x0000000086600000| PB 0x0000000086600000| Untracked 
| 103|0x0000000086700000, 0x0000000086800000, 0x0000000086800000|100%| O|  |TAMS 0x0000000086700000| PB 0x0000000086700000| Untracked 
| 104|0x0000000086800000, 0x0000000086900000, 0x0000000086900000|100%| O|  |TAMS 0x0000000086800000| PB 0x0000000086800000| Untracked 
| 105|0x0000000086900000, 0x0000000086a00000, 0x0000000086a00000|100%| O|  |TAMS 0x0000000086900000| PB 0x0000000086900000| Untracked 
| 106|0x0000000086a00000, 0x0000000086b00000, 0x0000000086b00000|100%| O|  |TAMS 0x0000000086a00000| PB 0x0000000086a00000| Untracked 
| 107|0x0000000086b00000, 0x0000000086c00000, 0x0000000086c00000|100%| O|  |TAMS 0x0000000086b00000| PB 0x0000000086b00000| Untracked 
| 108|0x0000000086c00000, 0x0000000086d00000, 0x0000000086d00000|100%| O|  |TAMS 0x0000000086c00000| PB 0x0000000086c00000| Untracked 
| 109|0x0000000086d00000, 0x0000000086d82ac8, 0x0000000086e00000| 51%| O|  |TAMS 0x0000000086d00000| PB 0x0000000086d00000| Untracked 
| 110|0x0000000086e00000, 0x0000000086f00000, 0x0000000086f00000|100%| O|  |TAMS 0x0000000086e00000| PB 0x0000000086e00000| Untracked 
| 111|0x0000000086f00000, 0x0000000087000000, 0x0000000087000000|100%| O|  |TAMS 0x0000000086f00000| PB 0x0000000086f00000| Untracked 
| 112|0x0000000087000000, 0x0000000087100000, 0x0000000087100000|100%| O|  |TAMS 0x0000000087000000| PB 0x0000000087000000| Untracked 
| 113|0x0000000087100000, 0x0000000087200000, 0x0000000087200000|100%| O|  |TAMS 0x0000000087100000| PB 0x0000000087100000| Untracked 
| 114|0x0000000087200000, 0x0000000087300000, 0x0000000087300000|100%| O|  |TAMS 0x0000000087200000| PB 0x0000000087200000| Untracked 
| 115|0x0000000087300000, 0x0000000087400000, 0x0000000087400000|100%| O|  |TAMS 0x0000000087300000| PB 0x0000000087300000| Untracked 
| 116|0x0000000087400000, 0x0000000087500000, 0x0000000087500000|100%| O|  |TAMS 0x0000000087400000| PB 0x0000000087400000| Untracked 
| 117|0x0000000087500000, 0x0000000087500000, 0x0000000087600000|  0%| F|  |TAMS 0x0000000087500000| PB 0x0000000087500000| Untracked 
| 118|0x0000000087600000, 0x0000000087600000, 0x0000000087700000|  0%| F|  |TAMS 0x0000000087600000| PB 0x0000000087600000| Untracked 
| 119|0x0000000087700000, 0x0000000087800000, 0x0000000087800000|100%| O|  |TAMS 0x0000000087700000| PB 0x0000000087700000| Untracked 
| 120|0x0000000087800000, 0x0000000087900000, 0x0000000087900000|100%| O|  |TAMS 0x0000000087800000| PB 0x0000000087800000| Untracked 
| 121|0x0000000087900000, 0x0000000087a00000, 0x0000000087a00000|100%| O|  |TAMS 0x0000000087900000| PB 0x0000000087900000| Untracked 
| 122|0x0000000087a00000, 0x0000000087a00000, 0x0000000087b00000|  0%| F|  |TAMS 0x0000000087a00000| PB 0x0000000087a00000| Untracked 
| 123|0x0000000087b00000, 0x0000000087b00000, 0x0000000087c00000|  0%| F|  |TAMS 0x0000000087b00000| PB 0x0000000087b00000| Untracked 
| 124|0x0000000087c00000, 0x0000000087d00000, 0x0000000087d00000|100%| O|  |TAMS 0x0000000087c00000| PB 0x0000000087c00000| Untracked 
| 125|0x0000000087d00000, 0x0000000087d00000, 0x0000000087e00000|  0%| F|  |TAMS 0x0000000087d00000| PB 0x0000000087d00000| Untracked 
| 126|0x0000000087e00000, 0x0000000087e00000, 0x0000000087f00000|  0%| F|  |TAMS 0x0000000087e00000| PB 0x0000000087e00000| Untracked 
| 127|0x0000000087f00000, 0x0000000087f00000, 0x0000000088000000|  0%| F|  |TAMS 0x0000000087f00000| PB 0x0000000087f00000| Untracked 
| 128|0x0000000088000000, 0x0000000088000000, 0x0000000088100000|  0%| F|  |TAMS 0x0000000088000000| PB 0x0000000088000000| Untracked 
| 129|0x0000000088100000, 0x0000000088100000, 0x0000000088200000|  0%| F|  |TAMS 0x0000000088100000| PB 0x0000000088100000| Untracked 
| 130|0x0000000088200000, 0x0000000088300000, 0x0000000088300000|100%| O|  |TAMS 0x0000000088200000| PB 0x0000000088200000| Untracked 
| 131|0x0000000088300000, 0x0000000088400000, 0x0000000088400000|100%| O|  |TAMS 0x0000000088300000| PB 0x0000000088300000| Untracked 
| 132|0x0000000088400000, 0x0000000088500000, 0x0000000088500000|100%| O|  |TAMS 0x0000000088400000| PB 0x0000000088400000| Untracked 
| 133|0x0000000088500000, 0x0000000088600000, 0x0000000088600000|100%| O|  |TAMS 0x0000000088500000| PB 0x0000000088500000| Untracked 
| 134|0x0000000088600000, 0x0000000088600000, 0x0000000088700000|  0%| F|  |TAMS 0x0000000088600000| PB 0x0000000088600000| Untracked 
| 135|0x0000000088700000, 0x0000000088800000, 0x0000000088800000|100%|HS|  |TAMS 0x0000000088700000| PB 0x0000000088700000| Complete 
| 136|0x0000000088800000, 0x0000000088900000, 0x0000000088900000|100%|HC|  |TAMS 0x0000000088800000| PB 0x0000000088800000| Complete 
| 137|0x0000000088900000, 0x0000000088a00000, 0x0000000088a00000|100%|HC|  |TAMS 0x0000000088900000| PB 0x0000000088900000| Complete 
| 138|0x0000000088a00000, 0x0000000088b00000, 0x0000000088b00000|100%|HC|  |TAMS 0x0000000088a00000| PB 0x0000000088a00000| Complete 
| 139|0x0000000088b00000, 0x0000000088c00000, 0x0000000088c00000|100%|HC|  |TAMS 0x0000000088b00000| PB 0x0000000088b00000| Complete 
| 140|0x0000000088c00000, 0x0000000088d00000, 0x0000000088d00000|100%|HC|  |TAMS 0x0000000088c00000| PB 0x0000000088c00000| Complete 
| 141|0x0000000088d00000, 0x0000000088d00000, 0x0000000088e00000|  0%| F|  |TAMS 0x0000000088d00000| PB 0x0000000088d00000| Untracked 
| 142|0x0000000088e00000, 0x0000000088e00000, 0x0000000088f00000|  0%| F|  |TAMS 0x0000000088e00000| PB 0x0000000088e00000| Untracked 
| 143|0x0000000088f00000, 0x0000000088f00000, 0x0000000089000000|  0%| F|  |TAMS 0x0000000088f00000| PB 0x0000000088f00000| Untracked 
| 144|0x0000000089000000, 0x0000000089000000, 0x0000000089100000|  0%| F|  |TAMS 0x0000000089000000| PB 0x0000000089000000| Untracked 
| 145|0x0000000089100000, 0x000000008917a230, 0x0000000089200000| 47%| S|CS|TAMS 0x0000000089100000| PB 0x0000000089100000| Complete 
| 146|0x0000000089200000, 0x0000000089300000, 0x0000000089300000|100%| S|CS|TAMS 0x0000000089200000| PB 0x0000000089200000| Complete 
| 147|0x0000000089300000, 0x0000000089400000, 0x0000000089400000|100%| S|CS|TAMS 0x0000000089300000| PB 0x0000000089300000| Complete 
| 148|0x0000000089400000, 0x0000000089500000, 0x0000000089500000|100%| S|CS|TAMS 0x0000000089400000| PB 0x0000000089400000| Complete 
| 149|0x0000000089500000, 0x0000000089600000, 0x0000000089600000|100%| S|CS|TAMS 0x0000000089500000| PB 0x0000000089500000| Complete 
| 150|0x0000000089600000, 0x0000000089700000, 0x0000000089700000|100%| S|CS|TAMS 0x0000000089600000| PB 0x0000000089600000| Complete 
| 151|0x0000000089700000, 0x0000000089800000, 0x0000000089800000|100%| S|CS|TAMS 0x0000000089700000| PB 0x0000000089700000| Complete 
| 152|0x0000000089800000, 0x0000000089800000, 0x0000000089900000|  0%| F|  |TAMS 0x0000000089800000| PB 0x0000000089800000| Untracked 
| 153|0x0000000089900000, 0x0000000089900000, 0x0000000089a00000|  0%| F|  |TAMS 0x0000000089900000| PB 0x0000000089900000| Untracked 
| 154|0x0000000089a00000, 0x0000000089a00000, 0x0000000089b00000|  0%| F|  |TAMS 0x0000000089a00000| PB 0x0000000089a00000| Untracked 
| 155|0x0000000089b00000, 0x0000000089b00000, 0x0000000089c00000|  0%| F|  |TAMS 0x0000000089b00000| PB 0x0000000089b00000| Untracked 
| 156|0x0000000089c00000, 0x0000000089c00000, 0x0000000089d00000|  0%| F|  |TAMS 0x0000000089c00000| PB 0x0000000089c00000| Untracked 
| 157|0x0000000089d00000, 0x0000000089d00000, 0x0000000089e00000|  0%| F|  |TAMS 0x0000000089d00000| PB 0x0000000089d00000| Untracked 
| 158|0x0000000089e00000, 0x0000000089e00000, 0x0000000089f00000|  0%| F|  |TAMS 0x0000000089e00000| PB 0x0000000089e00000| Untracked 
| 159|0x0000000089f00000, 0x0000000089f00000, 0x000000008a000000|  0%| F|  |TAMS 0x0000000089f00000| PB 0x0000000089f00000| Untracked 
| 160|0x000000008a000000, 0x000000008a000000, 0x000000008a100000|  0%| F|  |TAMS 0x000000008a000000| PB 0x000000008a000000| Untracked 
| 161|0x000000008a100000, 0x000000008a100000, 0x000000008a200000|  0%| F|  |TAMS 0x000000008a100000| PB 0x000000008a100000| Untracked 
| 162|0x000000008a200000, 0x000000008a200000, 0x000000008a300000|  0%| F|  |TAMS 0x000000008a200000| PB 0x000000008a200000| Untracked 
| 163|0x000000008a300000, 0x000000008a300000, 0x000000008a400000|  0%| F|  |TAMS 0x000000008a300000| PB 0x000000008a300000| Untracked 
| 164|0x000000008a400000, 0x000000008a400000, 0x000000008a500000|  0%| F|  |TAMS 0x000000008a400000| PB 0x000000008a400000| Untracked 
| 165|0x000000008a500000, 0x000000008a500000, 0x000000008a600000|  0%| F|  |TAMS 0x000000008a500000| PB 0x000000008a500000| Untracked 
| 166|0x000000008a600000, 0x000000008a600000, 0x000000008a700000|  0%| F|  |TAMS 0x000000008a600000| PB 0x000000008a600000| Untracked 
| 167|0x000000008a700000, 0x000000008a700000, 0x000000008a800000|  0%| F|  |TAMS 0x000000008a700000| PB 0x000000008a700000| Untracked 
| 168|0x000000008a800000, 0x000000008a800000, 0x000000008a900000|  0%| F|  |TAMS 0x000000008a800000| PB 0x000000008a800000| Untracked 
| 169|0x000000008a900000, 0x000000008a900000, 0x000000008aa00000|  0%| F|  |TAMS 0x000000008a900000| PB 0x000000008a900000| Untracked 
| 170|0x000000008aa00000, 0x000000008aa00000, 0x000000008ab00000|  0%| F|  |TAMS 0x000000008aa00000| PB 0x000000008aa00000| Untracked 
| 171|0x000000008ab00000, 0x000000008ab00000, 0x000000008ac00000|  0%| F|  |TAMS 0x000000008ab00000| PB 0x000000008ab00000| Untracked 
| 172|0x000000008ac00000, 0x000000008ac00000, 0x000000008ad00000|  0%| F|  |TAMS 0x000000008ac00000| PB 0x000000008ac00000| Untracked 
| 173|0x000000008ad00000, 0x000000008ad00000, 0x000000008ae00000|  0%| F|  |TAMS 0x000000008ad00000| PB 0x000000008ad00000| Untracked 
| 174|0x000000008ae00000, 0x000000008ae00000, 0x000000008af00000|  0%| F|  |TAMS 0x000000008ae00000| PB 0x000000008ae00000| Untracked 
| 175|0x000000008af00000, 0x000000008af00000, 0x000000008b000000|  0%| F|  |TAMS 0x000000008af00000| PB 0x000000008af00000| Untracked 
| 176|0x000000008b000000, 0x000000008b000000, 0x000000008b100000|  0%| F|  |TAMS 0x000000008b000000| PB 0x000000008b000000| Untracked 
| 177|0x000000008b100000, 0x000000008b100000, 0x000000008b200000|  0%| F|  |TAMS 0x000000008b100000| PB 0x000000008b100000| Untracked 
| 178|0x000000008b200000, 0x000000008b200000, 0x000000008b300000|  0%| F|  |TAMS 0x000000008b200000| PB 0x000000008b200000| Untracked 
| 179|0x000000008b300000, 0x000000008b300000, 0x000000008b400000|  0%| F|  |TAMS 0x000000008b300000| PB 0x000000008b300000| Untracked 
| 180|0x000000008b400000, 0x000000008b400000, 0x000000008b500000|  0%| F|  |TAMS 0x000000008b400000| PB 0x000000008b400000| Untracked 
| 181|0x000000008b500000, 0x000000008b500000, 0x000000008b600000|  0%| F|  |TAMS 0x000000008b500000| PB 0x000000008b500000| Untracked 
| 182|0x000000008b600000, 0x000000008b600000, 0x000000008b700000|  0%| F|  |TAMS 0x000000008b600000| PB 0x000000008b600000| Untracked 
| 183|0x000000008b700000, 0x000000008b700000, 0x000000008b800000|  0%| F|  |TAMS 0x000000008b700000| PB 0x000000008b700000| Untracked 
| 184|0x000000008b800000, 0x000000008b800000, 0x000000008b900000|  0%| F|  |TAMS 0x000000008b800000| PB 0x000000008b800000| Untracked 
| 185|0x000000008b900000, 0x000000008b900000, 0x000000008ba00000|  0%| F|  |TAMS 0x000000008b900000| PB 0x000000008b900000| Untracked 
| 186|0x000000008ba00000, 0x000000008ba00000, 0x000000008bb00000|  0%| F|  |TAMS 0x000000008ba00000| PB 0x000000008ba00000| Untracked 
| 187|0x000000008bb00000, 0x000000008bb00000, 0x000000008bc00000|  0%| F|  |TAMS 0x000000008bb00000| PB 0x000000008bb00000| Untracked 
| 188|0x000000008bc00000, 0x000000008bc00000, 0x000000008bd00000|  0%| F|  |TAMS 0x000000008bc00000| PB 0x000000008bc00000| Untracked 
| 189|0x000000008bd00000, 0x000000008bd00000, 0x000000008be00000|  0%| F|  |TAMS 0x000000008bd00000| PB 0x000000008bd00000| Untracked 
| 190|0x000000008be00000, 0x000000008be00000, 0x000000008bf00000|  0%| F|  |TAMS 0x000000008be00000| PB 0x000000008be00000| Untracked 
| 191|0x000000008bf00000, 0x000000008bf00000, 0x000000008c000000|  0%| F|  |TAMS 0x000000008bf00000| PB 0x000000008bf00000| Untracked 
| 192|0x000000008c000000, 0x000000008c000000, 0x000000008c100000|  0%| F|  |TAMS 0x000000008c000000| PB 0x000000008c000000| Untracked 
| 193|0x000000008c100000, 0x000000008c100000, 0x000000008c200000|  0%| F|  |TAMS 0x000000008c100000| PB 0x000000008c100000| Untracked 
| 194|0x000000008c200000, 0x000000008c200000, 0x000000008c300000|  0%| F|  |TAMS 0x000000008c200000| PB 0x000000008c200000| Untracked 
| 195|0x000000008c300000, 0x000000008c300000, 0x000000008c400000|  0%| F|  |TAMS 0x000000008c300000| PB 0x000000008c300000| Untracked 
| 196|0x000000008c400000, 0x000000008c400000, 0x000000008c500000|  0%| F|  |TAMS 0x000000008c400000| PB 0x000000008c400000| Untracked 
| 197|0x000000008c500000, 0x000000008c500000, 0x000000008c600000|  0%| F|  |TAMS 0x000000008c500000| PB 0x000000008c500000| Untracked 
| 198|0x000000008c600000, 0x000000008c600000, 0x000000008c700000|  0%| F|  |TAMS 0x000000008c600000| PB 0x000000008c600000| Untracked 
| 199|0x000000008c700000, 0x000000008c700000, 0x000000008c800000|  0%| F|  |TAMS 0x000000008c700000| PB 0x000000008c700000| Untracked 
| 200|0x000000008c800000, 0x000000008c800000, 0x000000008c900000|  0%| F|  |TAMS 0x000000008c800000| PB 0x000000008c800000| Untracked 
| 201|0x000000008c900000, 0x000000008c900000, 0x000000008ca00000|  0%| F|  |TAMS 0x000000008c900000| PB 0x000000008c900000| Untracked 
| 202|0x000000008ca00000, 0x000000008ca00000, 0x000000008cb00000|  0%| F|  |TAMS 0x000000008ca00000| PB 0x000000008ca00000| Untracked 
| 203|0x000000008cb00000, 0x000000008cb00000, 0x000000008cc00000|  0%| F|  |TAMS 0x000000008cb00000| PB 0x000000008cb00000| Untracked 
| 204|0x000000008cc00000, 0x000000008cc00000, 0x000000008cd00000|  0%| F|  |TAMS 0x000000008cc00000| PB 0x000000008cc00000| Untracked 
| 205|0x000000008cd00000, 0x000000008cd00000, 0x000000008ce00000|  0%| F|  |TAMS 0x000000008cd00000| PB 0x000000008cd00000| Untracked 
| 206|0x000000008ce00000, 0x000000008ce00000, 0x000000008cf00000|  0%| F|  |TAMS 0x000000008ce00000| PB 0x000000008ce00000| Untracked 
| 207|0x000000008cf00000, 0x000000008cf00000, 0x000000008d000000|  0%| F|  |TAMS 0x000000008cf00000| PB 0x000000008cf00000| Untracked 
| 208|0x000000008d000000, 0x000000008d000000, 0x000000008d100000|  0%| F|  |TAMS 0x000000008d000000| PB 0x000000008d000000| Untracked 
| 209|0x000000008d100000, 0x000000008d100000, 0x000000008d200000|  0%| F|  |TAMS 0x000000008d100000| PB 0x000000008d100000| Untracked 
| 210|0x000000008d200000, 0x000000008d200000, 0x000000008d300000|  0%| F|  |TAMS 0x000000008d200000| PB 0x000000008d200000| Untracked 
| 211|0x000000008d300000, 0x000000008d300000, 0x000000008d400000|  0%| F|  |TAMS 0x000000008d300000| PB 0x000000008d300000| Untracked 
| 212|0x000000008d400000, 0x000000008d400000, 0x000000008d500000|  0%| F|  |TAMS 0x000000008d400000| PB 0x000000008d400000| Untracked 
| 213|0x000000008d500000, 0x000000008d500000, 0x000000008d600000|  0%| F|  |TAMS 0x000000008d500000| PB 0x000000008d500000| Untracked 
| 214|0x000000008d600000, 0x000000008d600000, 0x000000008d700000|  0%| F|  |TAMS 0x000000008d600000| PB 0x000000008d600000| Untracked 
| 215|0x000000008d700000, 0x000000008d700000, 0x000000008d800000|  0%| F|  |TAMS 0x000000008d700000| PB 0x000000008d700000| Untracked 
| 216|0x000000008d800000, 0x000000008d800000, 0x000000008d900000|  0%| F|  |TAMS 0x000000008d800000| PB 0x000000008d800000| Untracked 
| 217|0x000000008d900000, 0x000000008d900000, 0x000000008da00000|  0%| F|  |TAMS 0x000000008d900000| PB 0x000000008d900000| Untracked 
| 218|0x000000008da00000, 0x000000008da00000, 0x000000008db00000|  0%| F|  |TAMS 0x000000008da00000| PB 0x000000008da00000| Untracked 
| 219|0x000000008db00000, 0x000000008db00000, 0x000000008dc00000|  0%| F|  |TAMS 0x000000008db00000| PB 0x000000008db00000| Untracked 
| 220|0x000000008dc00000, 0x000000008dc00000, 0x000000008dd00000|  0%| F|  |TAMS 0x000000008dc00000| PB 0x000000008dc00000| Untracked 
| 221|0x000000008dd00000, 0x000000008dd00000, 0x000000008de00000|  0%| F|  |TAMS 0x000000008dd00000| PB 0x000000008dd00000| Untracked 
| 222|0x000000008de00000, 0x000000008de00000, 0x000000008df00000|  0%| F|  |TAMS 0x000000008de00000| PB 0x000000008de00000| Untracked 
| 223|0x000000008df00000, 0x000000008df00000, 0x000000008e000000|  0%| F|  |TAMS 0x000000008df00000| PB 0x000000008df00000| Untracked 
| 224|0x000000008e000000, 0x000000008e000000, 0x000000008e100000|  0%| F|  |TAMS 0x000000008e000000| PB 0x000000008e000000| Untracked 
| 225|0x000000008e100000, 0x000000008e100000, 0x000000008e200000|  0%| F|  |TAMS 0x000000008e100000| PB 0x000000008e100000| Untracked 
| 226|0x000000008e200000, 0x000000008e200000, 0x000000008e300000|  0%| F|  |TAMS 0x000000008e200000| PB 0x000000008e200000| Untracked 
| 227|0x000000008e300000, 0x000000008e300000, 0x000000008e400000|  0%| F|  |TAMS 0x000000008e300000| PB 0x000000008e300000| Untracked 
| 228|0x000000008e400000, 0x000000008e400000, 0x000000008e500000|  0%| F|  |TAMS 0x000000008e400000| PB 0x000000008e400000| Untracked 
| 229|0x000000008e500000, 0x000000008e500000, 0x000000008e600000|  0%| F|  |TAMS 0x000000008e500000| PB 0x000000008e500000| Untracked 
| 230|0x000000008e600000, 0x000000008e600000, 0x000000008e700000|  0%| F|  |TAMS 0x000000008e600000| PB 0x000000008e600000| Untracked 
| 231|0x000000008e700000, 0x000000008e700000, 0x000000008e800000|  0%| F|  |TAMS 0x000000008e700000| PB 0x000000008e700000| Untracked 
| 232|0x000000008e800000, 0x000000008e800000, 0x000000008e900000|  0%| F|  |TAMS 0x000000008e800000| PB 0x000000008e800000| Untracked 
| 233|0x000000008e900000, 0x000000008e900000, 0x000000008ea00000|  0%| F|  |TAMS 0x000000008e900000| PB 0x000000008e900000| Untracked 
| 234|0x000000008ea00000, 0x000000008ea00000, 0x000000008eb00000|  0%| F|  |TAMS 0x000000008ea00000| PB 0x000000008ea00000| Untracked 
| 235|0x000000008eb00000, 0x000000008eb00000, 0x000000008ec00000|  0%| F|  |TAMS 0x000000008eb00000| PB 0x000000008eb00000| Untracked 
| 236|0x000000008ec00000, 0x000000008ec00000, 0x000000008ed00000|  0%| F|  |TAMS 0x000000008ec00000| PB 0x000000008ec00000| Untracked 
| 237|0x000000008ed00000, 0x000000008ed00000, 0x000000008ee00000|  0%| F|  |TAMS 0x000000008ed00000| PB 0x000000008ed00000| Untracked 
| 238|0x000000008ee00000, 0x000000008ee00000, 0x000000008ef00000|  0%| F|  |TAMS 0x000000008ee00000| PB 0x000000008ee00000| Untracked 
| 239|0x000000008ef00000, 0x000000008ef00000, 0x000000008f000000|  0%| F|  |TAMS 0x000000008ef00000| PB 0x000000008ef00000| Untracked 
| 240|0x000000008f000000, 0x000000008f000000, 0x000000008f100000|  0%| F|  |TAMS 0x000000008f000000| PB 0x000000008f000000| Untracked 
| 241|0x000000008f100000, 0x000000008f100000, 0x000000008f200000|  0%| F|  |TAMS 0x000000008f100000| PB 0x000000008f100000| Untracked 
| 242|0x000000008f200000, 0x000000008f200000, 0x000000008f300000|  0%| F|  |TAMS 0x000000008f200000| PB 0x000000008f200000| Untracked 
| 243|0x000000008f300000, 0x000000008f300000, 0x000000008f400000|  0%| F|  |TAMS 0x000000008f300000| PB 0x000000008f300000| Untracked 
| 244|0x000000008f400000, 0x000000008f400000, 0x000000008f500000|  0%| F|  |TAMS 0x000000008f400000| PB 0x000000008f400000| Untracked 
| 245|0x000000008f500000, 0x000000008f500000, 0x000000008f600000|  0%| F|  |TAMS 0x000000008f500000| PB 0x000000008f500000| Untracked 
| 246|0x000000008f600000, 0x000000008f600000, 0x000000008f700000|  0%| F|  |TAMS 0x000000008f600000| PB 0x000000008f600000| Untracked 
| 247|0x000000008f700000, 0x000000008f700000, 0x000000008f800000|  0%| F|  |TAMS 0x000000008f700000| PB 0x000000008f700000| Untracked 
| 248|0x000000008f800000, 0x000000008f800000, 0x000000008f900000|  0%| F|  |TAMS 0x000000008f800000| PB 0x000000008f800000| Untracked 
| 249|0x000000008f900000, 0x000000008f900000, 0x000000008fa00000|  0%| F|  |TAMS 0x000000008f900000| PB 0x000000008f900000| Untracked 
| 250|0x000000008fa00000, 0x000000008fa00000, 0x000000008fb00000|  0%| F|  |TAMS 0x000000008fa00000| PB 0x000000008fa00000| Untracked 
| 251|0x000000008fb00000, 0x000000008fb00000, 0x000000008fc00000|  0%| F|  |TAMS 0x000000008fb00000| PB 0x000000008fb00000| Untracked 
| 252|0x000000008fc00000, 0x000000008fc00000, 0x000000008fd00000|  0%| F|  |TAMS 0x000000008fc00000| PB 0x000000008fc00000| Untracked 
| 253|0x000000008fd00000, 0x000000008fd00000, 0x000000008fe00000|  0%| F|  |TAMS 0x000000008fd00000| PB 0x000000008fd00000| Untracked 
| 254|0x000000008fe00000, 0x000000008fe00000, 0x000000008ff00000|  0%| F|  |TAMS 0x000000008fe00000| PB 0x000000008fe00000| Untracked 
| 255|0x000000008ff00000, 0x000000008ff00000, 0x0000000090000000|  0%| F|  |TAMS 0x000000008ff00000| PB 0x000000008ff00000| Untracked 
| 256|0x0000000090000000, 0x0000000090000000, 0x0000000090100000|  0%| F|  |TAMS 0x0000000090000000| PB 0x0000000090000000| Untracked 
| 257|0x0000000090100000, 0x0000000090100000, 0x0000000090200000|  0%| F|  |TAMS 0x0000000090100000| PB 0x0000000090100000| Untracked 
| 258|0x0000000090200000, 0x0000000090200000, 0x0000000090300000|  0%| F|  |TAMS 0x0000000090200000| PB 0x0000000090200000| Untracked 
| 259|0x0000000090300000, 0x0000000090300000, 0x0000000090400000|  0%| F|  |TAMS 0x0000000090300000| PB 0x0000000090300000| Untracked 
| 260|0x0000000090400000, 0x0000000090400000, 0x0000000090500000|  0%| F|  |TAMS 0x0000000090400000| PB 0x0000000090400000| Untracked 
| 261|0x0000000090500000, 0x0000000090500000, 0x0000000090600000|  0%| F|  |TAMS 0x0000000090500000| PB 0x0000000090500000| Untracked 
| 262|0x0000000090600000, 0x0000000090600000, 0x0000000090700000|  0%| F|  |TAMS 0x0000000090600000| PB 0x0000000090600000| Untracked 
| 263|0x0000000090700000, 0x0000000090700000, 0x0000000090800000|  0%| F|  |TAMS 0x0000000090700000| PB 0x0000000090700000| Untracked 
| 264|0x0000000090800000, 0x0000000090800000, 0x0000000090900000|  0%| F|  |TAMS 0x0000000090800000| PB 0x0000000090800000| Untracked 
| 265|0x0000000090900000, 0x0000000090900000, 0x0000000090a00000|  0%| F|  |TAMS 0x0000000090900000| PB 0x0000000090900000| Untracked 
| 266|0x0000000090a00000, 0x0000000090a00000, 0x0000000090b00000|  0%| F|  |TAMS 0x0000000090a00000| PB 0x0000000090a00000| Untracked 
| 267|0x0000000090b00000, 0x0000000090b00000, 0x0000000090c00000|  0%| F|  |TAMS 0x0000000090b00000| PB 0x0000000090b00000| Untracked 
| 268|0x0000000090c00000, 0x0000000090c00000, 0x0000000090d00000|  0%| F|  |TAMS 0x0000000090c00000| PB 0x0000000090c00000| Untracked 
| 269|0x0000000090d00000, 0x0000000090d00000, 0x0000000090e00000|  0%| F|  |TAMS 0x0000000090d00000| PB 0x0000000090d00000| Untracked 
| 270|0x0000000090e00000, 0x0000000090e00000, 0x0000000090f00000|  0%| F|  |TAMS 0x0000000090e00000| PB 0x0000000090e00000| Untracked 
| 271|0x0000000090f00000, 0x0000000090f00000, 0x0000000091000000|  0%| F|  |TAMS 0x0000000090f00000| PB 0x0000000090f00000| Untracked 
| 272|0x0000000091000000, 0x0000000091000000, 0x0000000091100000|  0%| F|  |TAMS 0x0000000091000000| PB 0x0000000091000000| Untracked 
| 273|0x0000000091100000, 0x0000000091100000, 0x0000000091200000|  0%| F|  |TAMS 0x0000000091100000| PB 0x0000000091100000| Untracked 
| 274|0x0000000091200000, 0x0000000091200000, 0x0000000091300000|  0%| F|  |TAMS 0x0000000091200000| PB 0x0000000091200000| Untracked 
| 275|0x0000000091300000, 0x0000000091300000, 0x0000000091400000|  0%| F|  |TAMS 0x0000000091300000| PB 0x0000000091300000| Untracked 
| 276|0x0000000091400000, 0x0000000091400000, 0x0000000091500000|  0%| F|  |TAMS 0x0000000091400000| PB 0x0000000091400000| Untracked 
| 277|0x0000000091500000, 0x0000000091500000, 0x0000000091600000|  0%| F|  |TAMS 0x0000000091500000| PB 0x0000000091500000| Untracked 
|2047|0x00000000fff00000, 0x00000000fff00000, 0x0000000100000000|  0%| F|  |TAMS 0x00000000fff00000| PB 0x00000000fff00000| Untracked 

Card table byte_map: [0x000001721a2a0000,0x000001721a6a0000] _byte_map_base: 0x0000017219ea0000

Marking Bits: (CMBitMap*) 0x0000017202a9bc80
 Bits: [0x000001721a6a0000, 0x000001721c6a0000)

Polling page: 0x00000172008b0000

Metaspace:

Usage:
  Non-class:     93.28 MB used.
      Class:     12.79 MB used.
       Both:    106.07 MB used.

Virtual space:
  Non-class space:      128.00 MB reserved,      94.25 MB ( 74%) committed,  2 nodes.
      Class space:        1.00 GB reserved,      13.75 MB (  1%) committed,  1 nodes.
             Both:        1.12 GB reserved,     108.00 MB (  9%) committed. 

Chunk freelists:
   Non-Class:  1.00 MB
       Class:  2.19 MB
        Both:  3.19 MB

MaxMetaspaceSize: unlimited
CompressedClassSpaceSize: 1.00 GB
Initial GC threshold: 21.00 MB
Current GC threshold: 177.62 MB
CDS: on
 - commit_granule_bytes: 65536.
 - commit_granule_words: 8192.
 - virtual_space_node_default_size: 8388608.
 - enlarge_chunks_in_place: 1.
 - use_allocation_guard: 0.


Internal statistics:

num_allocs_failed_limit: 6.
num_arena_births: 3544.
num_arena_deaths: 0.
num_vsnodes_births: 3.
num_vsnodes_deaths: 0.
num_space_committed: 1726.
num_space_uncommitted: 0.
num_chunks_returned_to_freelist: 6.
num_chunks_taken_from_freelist: 7911.
num_chunk_merges: 3.
num_chunk_splits: 5628.
num_chunks_enlarged: 3946.
num_inconsistent_stats: 0.

CodeHeap 'non-profiled nmethods': size=120000Kb used=9159Kb max_used=9770Kb free=110840Kb
 bounds [0x0000017212970000, 0x0000017213350000, 0x0000017219ea0000]
CodeHeap 'profiled nmethods': size=120000Kb used=38899Kb max_used=47130Kb free=81100Kb
 bounds [0x000001720aea0000, 0x000001720dcd0000, 0x00000172123d0000]
CodeHeap 'non-nmethods': size=5760Kb used=3025Kb max_used=3096Kb free=2734Kb
 bounds [0x00000172123d0000, 0x00000172126e0000, 0x0000017212970000]
 total_blobs=15755 nmethods=14674 adapters=980
 compilation: enabled
              stopped_count=0, restarted_count=0
 full_count=0

Compilation events (20 events):
Event: 70.914 Thread 0x000001721eb66650 18057       3       kotlinx.metadata.internal.protobuf.GeneratedMessageLite$ExtendableMessage::verifyExtensionContainingType (22 bytes)
Event: 70.915 Thread 0x000001721eb66650 nmethod 18057 0x000001720af42f10 code [0x000001720af430e0, 0x000001720af433e0]
Event: 70.915 Thread 0x000001721eb66650 18061       3       kotlinx.metadata.internal.protobuf.GeneratedMessageLite$ExtendableMessage::getExtension (32 bytes)
Event: 70.916 Thread 0x000001721eb66650 nmethod 18061 0x000001720b073a90 code [0x000001720b073cc0, 0x000001720b074500]
Event: 70.916 Thread 0x000001721eb66650 18062       1       kotlinx.metadata.internal.metadata.ProtoBuf$Type::getNullable (5 bytes)
Event: 70.916 Thread 0x000001721eb66650 nmethod 18062 0x0000017212f1b490 code [0x0000017212f1b620, 0x0000017212f1b6f0]
Event: 70.916 Thread 0x000001721eb66650 18063       1       kotlinx.metadata.internal.metadata.ProtoBuf$Type::getFlags (5 bytes)
Event: 70.916 Thread 0x000001721eb66650 nmethod 18063 0x0000017212f1b010 code [0x0000017212f1b1a0, 0x0000017212f1b268]
Event: 70.916 Thread 0x000001721eb66650 18064       1       kotlinx.metadata.internal.metadata.ProtoBuf$Type::getArgumentList (5 bytes)
Event: 70.916 Thread 0x000001721eb66650 nmethod 18064 0x0000017213026710 code [0x00000172130268a0, 0x0000017213026968]
Event: 70.917 Thread 0x000001721eb66650 18065       1       kotlinx.metadata.jvm.impl.JvmTypeExtension::visit (6 bytes)
Event: 70.917 Thread 0x000001721eb66650 nmethod 18065 0x0000017213026290 code [0x0000017213026420, 0x00000172130264f0]
Event: 70.917 Thread 0x000001721eb66650 18066       1       kotlinx.metadata.internal.metadata.ProtoBuf$ValueParameter::getType (5 bytes)
Event: 70.917 Thread 0x000001721eb66650 nmethod 18066 0x000001721299d510 code [0x000001721299d6a0, 0x000001721299d768]
Event: 70.917 Thread 0x000001721eb66650 18067       1       kotlinx.metadata.internal.metadata.ProtoBuf$Modality::getNumber (5 bytes)
Event: 70.917 Thread 0x000001721eb66650 nmethod 18067 0x000001721299d010 code [0x000001721299d1a0, 0x000001721299d268]
Event: 70.917 Thread 0x000001721eb66650 18068       3       kotlinx.metadata.internal.metadata.ProtoBuf$Type::hasClassName (18 bytes)
Event: 70.918 Thread 0x000001721eb66650 nmethod 18068 0x000001720b4b8210 code [0x000001720b4b83a0, 0x000001720b4b8510]
Event: 70.919 Thread 0x000001721eb66650 18069       3       kotlinx.metadata.internal.metadata.deserialization.Flags$BooleanFlagField::toFlags (18 bytes)
Event: 70.919 Thread 0x000001721eb66650 nmethod 18069 0x000001720b32b690 code [0x000001720b32b840, 0x000001720b32b9f8]

GC Heap History (20 events):
Event: 49.876 GC heap after
{Heap after GC invocations=49 (full 0):
 garbage-first heap   total 262144K, used 120832K [0x0000000080000000, 0x0000000100000000)
  region size 1024K, 15 young (15360K), 15 survivors (15360K)
 Metaspace       used 82606K, committed 84608K, reserved 1179648K
  class space    used 10698K, committed 11712K, reserved 1048576K
}
Event: 54.848 GC heap before
{Heap before GC invocations=49 (full 0):
 garbage-first heap   total 262144K, used 234496K [0x0000000080000000, 0x0000000100000000)
  region size 1024K, 124 young (126976K), 15 survivors (15360K)
 Metaspace       used 88429K, committed 90496K, reserved 1179648K
  class space    used 11130K, committed 12160K, reserved 1048576K
}
Event: 54.909 GC heap after
{Heap after GC invocations=50 (full 0):
 garbage-first heap   total 262144K, used 133120K [0x0000000080000000, 0x0000000100000000)
  region size 1024K, 11 young (11264K), 11 survivors (11264K)
 Metaspace       used 88429K, committed 90496K, reserved 1179648K
  class space    used 11130K, committed 12160K, reserved 1048576K
}
Event: 57.903 GC heap before
{Heap before GC invocations=50 (full 0):
 garbage-first heap   total 262144K, used 192512K [0x0000000080000000, 0x0000000100000000)
  region size 1024K, 70 young (71680K), 11 survivors (11264K)
 Metaspace       used 95107K, committed 97152K, reserved 1179648K
  class space    used 11836K, committed 12864K, reserved 1048576K
}
Event: 57.935 GC heap after
{Heap after GC invocations=51 (full 0):
 garbage-first heap   total 262144K, used 138240K [0x0000000080000000, 0x0000000100000000)
  region size 1024K, 6 young (6144K), 6 survivors (6144K)
 Metaspace       used 95107K, committed 97152K, reserved 1179648K
  class space    used 11836K, committed 12864K, reserved 1048576K
}
Event: 64.453 GC heap before
{Heap before GC invocations=52 (full 0):
 garbage-first heap   total 262144K, used 241664K [0x0000000080000000, 0x0000000100000000)
  region size 1024K, 102 young (104448K), 6 survivors (6144K)
 Metaspace       used 106781K, committed 108864K, reserved 1179648K
  class space    used 12913K, committed 13952K, reserved 1048576K
}
Event: 64.472 GC heap after
{Heap after GC invocations=53 (full 0):
 garbage-first heap   total 262144K, used 142699K [0x0000000080000000, 0x0000000100000000)
  region size 1024K, 6 young (6144K), 6 survivors (6144K)
 Metaspace       used 106781K, committed 108864K, reserved 1179648K
  class space    used 12913K, committed 13952K, reserved 1048576K
}
Event: 65.363 GC heap before
{Heap before GC invocations=53 (full 0):
 garbage-first heap   total 262144K, used 241003K [0x0000000080000000, 0x0000000100000000)
  region size 1024K, 102 young (104448K), 6 survivors (6144K)
 Metaspace       used 107086K, committed 109120K, reserved 1179648K
  class space    used 12925K, committed 13952K, reserved 1048576K
}
Event: 65.387 GC heap after
{Heap after GC invocations=54 (full 0):
 garbage-first heap   total 262144K, used 140262K [0x0000000080000000, 0x0000000100000000)
  region size 1024K, 7 young (7168K), 7 survivors (7168K)
 Metaspace       used 107086K, committed 109120K, reserved 1179648K
  class space    used 12925K, committed 13952K, reserved 1048576K
}
Event: 66.078 GC heap before
{Heap before GC invocations=54 (full 0):
 garbage-first heap   total 262144K, used 239590K [0x0000000080000000, 0x0000000100000000)
  region size 1024K, 104 young (106496K), 7 survivors (7168K)
 Metaspace       used 107086K, committed 109120K, reserved 1179648K
  class space    used 12925K, committed 13952K, reserved 1048576K
}
Event: 66.096 GC heap after
{Heap after GC invocations=55 (full 0):
 garbage-first heap   total 262144K, used 140038K [0x0000000080000000, 0x0000000100000000)
  region size 1024K, 6 young (6144K), 6 survivors (6144K)
 Metaspace       used 107086K, committed 109120K, reserved 1179648K
  class space    used 12925K, committed 13952K, reserved 1048576K
}
Event: 67.093 GC heap before
{Heap before GC invocations=56 (full 0):
 garbage-first heap   total 262144K, used 241414K [0x0000000080000000, 0x0000000100000000)
  region size 1024K, 105 young (107520K), 6 survivors (6144K)
 Metaspace       used 107088K, committed 109120K, reserved 1179648K
  class space    used 12925K, committed 13952K, reserved 1048576K
}
Event: 67.110 GC heap after
{Heap after GC invocations=57 (full 0):
 garbage-first heap   total 262144K, used 140773K [0x0000000080000000, 0x0000000100000000)
  region size 1024K, 7 young (7168K), 7 survivors (7168K)
 Metaspace       used 107088K, committed 109120K, reserved 1179648K
  class space    used 12925K, committed 13952K, reserved 1048576K
}
Event: 67.786 GC heap before
{Heap before GC invocations=57 (full 0):
 garbage-first heap   total 262144K, used 240101K [0x0000000080000000, 0x0000000100000000)
  region size 1024K, 104 young (106496K), 7 survivors (7168K)
 Metaspace       used 107088K, committed 109120K, reserved 1179648K
  class space    used 12925K, committed 13952K, reserved 1048576K
}
Event: 67.810 GC heap after
{Heap after GC invocations=58 (full 0):
 garbage-first heap   total 262144K, used 138240K [0x0000000080000000, 0x0000000100000000)
  region size 1024K, 7 young (7168K), 7 survivors (7168K)
 Metaspace       used 107088K, committed 109120K, reserved 1179648K
  class space    used 12925K, committed 13952K, reserved 1048576K
}
Event: 68.363 GC heap before
{Heap before GC invocations=58 (full 0):
 garbage-first heap   total 262144K, used 240640K [0x0000000080000000, 0x0000000100000000)
  region size 1024K, 107 young (109568K), 7 survivors (7168K)
 Metaspace       used 107088K, committed 109120K, reserved 1179648K
  class space    used 12925K, committed 13952K, reserved 1048576K
}
Event: 68.380 GC heap after
{Heap after GC invocations=59 (full 0):
 garbage-first heap   total 262144K, used 139050K [0x0000000080000000, 0x0000000100000000)
  region size 1024K, 8 young (8192K), 8 survivors (8192K)
 Metaspace       used 107088K, committed 109120K, reserved 1179648K
  class space    used 12925K, committed 13952K, reserved 1048576K
}
Event: 69.070 GC heap before
{Heap before GC invocations=60 (full 0):
 garbage-first heap   total 285696K, used 238378K [0x0000000080000000, 0x0000000100000000)
  region size 1024K, 105 young (107520K), 8 survivors (8192K)
 Metaspace       used 107088K, committed 109120K, reserved 1179648K
  class space    used 12925K, committed 13952K, reserved 1048576K
}
Event: 69.087 GC heap after
{Heap after GC invocations=61 (full 0):
 garbage-first heap   total 285696K, used 140045K [0x0000000080000000, 0x0000000100000000)
  region size 1024K, 6 young (6144K), 6 survivors (6144K)
 Metaspace       used 107088K, committed 109120K, reserved 1179648K
  class space    used 12925K, committed 13952K, reserved 1048576K
}
Event: 70.919 GC heap before
{Heap before GC invocations=61 (full 0):
 garbage-first heap   total 285696K, used 263949K [0x0000000080000000, 0x0000000100000000)
  region size 1024K, 127 young (130048K), 6 survivors (6144K)
 Metaspace       used 108614K, committed 110592K, reserved 1179648K
  class space    used 13093K, committed 14080K, reserved 1048576K
}

Dll operation events (13 events):
Event: 0.009 Loaded shared library C:\Users\refrizar.dwiardito\.jdks\openjdk-21\bin\java.dll
Event: 0.046 Loaded shared library C:\Users\refrizar.dwiardito\.jdks\openjdk-21\bin\jsvml.dll
Event: 0.175 Loaded shared library C:\Users\refrizar.dwiardito\.jdks\openjdk-21\bin\net.dll
Event: 0.215 Loaded shared library C:\Users\refrizar.dwiardito\.jdks\openjdk-21\bin\nio.dll
Event: 0.307 Loaded shared library C:\Users\refrizar.dwiardito\.jdks\openjdk-21\bin\zip.dll
Event: 4.271 Loaded shared library C:\Users\refrizar.dwiardito\.jdks\openjdk-21\bin\jimage.dll
Event: 5.830 Loaded shared library C:\Users\refrizar.dwiardito\.jdks\openjdk-21\bin\verify.dll
Event: 9.231 Loaded shared library C:\Users\refrizar.dwiardito\.jdks\openjdk-21\native\68d5fa5c4cc2d200863cafc0d521ce42e7d3e7ee720ec0a83991735586a16f82\windows-amd64\native-platform.dll
Event: 9.896 Loaded shared library C:\Users\refrizar.dwiardito\.jdks\openjdk-21\native\e376f236ea51e6404a007f0833ffe2c6e607c4080706a723a18a27aeea778392\windows-amd64\native-platform-file-events.dll
Event: 16.795 Loaded shared library C:\Users\refrizar.dwiardito\.jdks\openjdk-21\bin\management.dll
Event: 16.896 Loaded shared library C:\Users\refrizar.dwiardito\.jdks\openjdk-21\bin\management_ext.dll
Event: 17.634 Loaded shared library C:\Users\refrizar.dwiardito\.jdks\openjdk-21\bin\extnet.dll
Event: 18.217 Loaded shared library C:\Users\refrizar.dwiardito\.jdks\openjdk-21\bin\sunmscapi.dll

Deoptimization events (20 events):
Event: 68.977 Thread 0x0000017265613050 DEOPT PACKING pc=0x000001720b1a0708 sp=0x00000023b69f85e0
Event: 68.977 Thread 0x0000017265613050 DEOPT UNPACKING pc=0x0000017212424e42 sp=0x00000023b69f7ae0 mode 0
Event: 68.982 Thread 0x0000017265613050 DEOPT PACKING pc=0x000001720b1a0708 sp=0x00000023b69f85e0
Event: 68.982 Thread 0x0000017265613050 DEOPT UNPACKING pc=0x0000017212424e42 sp=0x00000023b69f7ae0 mode 0
Event: 68.992 Thread 0x0000017265613050 DEOPT PACKING pc=0x000001720b1a0708 sp=0x00000023b69f8670
Event: 68.992 Thread 0x0000017265613050 DEOPT UNPACKING pc=0x0000017212424e42 sp=0x00000023b69f7b70 mode 0
Event: 69.011 Thread 0x0000017265613050 DEOPT PACKING pc=0x000001720b1a0708 sp=0x00000023b69f86f0
Event: 69.011 Thread 0x0000017265613050 DEOPT UNPACKING pc=0x0000017212424e42 sp=0x00000023b69f7bf0 mode 0
Event: 69.021 Thread 0x0000017265613050 DEOPT PACKING pc=0x000001720b1a0708 sp=0x00000023b69f86f0
Event: 69.021 Thread 0x0000017265613050 DEOPT UNPACKING pc=0x0000017212424e42 sp=0x00000023b69f7bf0 mode 0
Event: 69.028 Thread 0x0000017265613050 DEOPT PACKING pc=0x000001720b1a0708 sp=0x00000023b69f86f0
Event: 69.028 Thread 0x0000017265613050 DEOPT UNPACKING pc=0x0000017212424e42 sp=0x00000023b69f7bf0 mode 0
Event: 69.036 Thread 0x0000017265613050 DEOPT PACKING pc=0x000001720b1a0708 sp=0x00000023b69f86f0
Event: 69.036 Thread 0x0000017265613050 DEOPT UNPACKING pc=0x0000017212424e42 sp=0x00000023b69f7bf0 mode 0
Event: 69.043 Thread 0x0000017265613050 DEOPT PACKING pc=0x000001720b1a0708 sp=0x00000023b69f86f0
Event: 69.043 Thread 0x0000017265613050 DEOPT UNPACKING pc=0x0000017212424e42 sp=0x00000023b69f7bf0 mode 0
Event: 70.263 Thread 0x0000017265613050 Uncommon trap: trap_request=0xffffff45 fr.pc=0x0000017212f68ca4 relative=0x0000000000003aa4
Event: 70.263 Thread 0x0000017265613050 Uncommon trap: reason=unstable_if action=reinterpret pc=0x0000017212f68ca4 method=org.gradle.kotlin.dsl.normalization.KotlinApiMemberWriter.writeClass(Lorg/gradle/internal/normalization/java/impl/ClassMember;Ljava/util/Set;Ljava/util/Set;Ljava/util/Set;)V
Event: 70.263 Thread 0x0000017265613050 DEOPT PACKING pc=0x0000017212f68ca4 sp=0x00000023b69f8560
Event: 70.264 Thread 0x0000017265613050 DEOPT UNPACKING pc=0x00000172124246a2 sp=0x00000023b69f8550 mode 2

Classes loaded (20 events):
Event: 44.239 Loading class java/util/ArrayList$SubList$1
Event: 44.239 Loading class java/util/ArrayList$SubList$1 done
Event: 45.731 Loading class java/util/AbstractList$SubList$1
Event: 45.731 Loading class java/util/AbstractList$SubList$1 done
Event: 45.731 Loading class java/util/AbstractList$ListItr
Event: 45.731 Loading class java/util/AbstractList$ListItr done
Event: 45.765 Loading class java/text/StringCharacterIterator
Event: 45.777 Loading class java/text/CharacterIterator
Event: 45.778 Loading class java/text/CharacterIterator done
Event: 45.778 Loading class java/text/StringCharacterIterator done
Event: 46.880 Loading class java/util/AbstractList$RandomAccessSubList
Event: 46.881 Loading class java/util/AbstractList$RandomAccessSubList done
Event: 46.933 Loading class java/io/NotSerializableException
Event: 46.933 Loading class java/io/NotSerializableException done
Event: 59.707 Loading class java/util/Vector$Itr
Event: 59.718 Loading class java/util/Vector$Itr done
Event: 61.591 Loading class java/util/zip/ZipOutputStream
Event: 61.631 Loading class java/util/zip/ZipOutputStream done
Event: 61.663 Loading class java/util/zip/ZipOutputStream$XEntry
Event: 61.663 Loading class java/util/zip/ZipOutputStream$XEntry done

Classes unloaded (0 events):
No events

Classes redefined (0 events):
No events

Internal exceptions (20 events):
Event: 43.324 Thread 0x0000017265613050 Exception <a 'java/lang/NoSuchMethodError'{0x000000008de75ea0}: 'java.lang.Object java.lang.invoke.DirectMethodHandle$Holder.newInvokeSpecial(java.lang.Object, java.lang.Object, java.lang.Object, java.lang.Object, java.lang.Object, java.lang.Object, java.lang.Object, java.lang.Object, java.lang.Object, java.lang.Object, java.lang.Object, java.lang.Object, java.lang.Object, java.lang.Object, java.lang.Object, java.lang.Object)'> (0x000000008de75ea0) 
thrown [s\open\src\hotspot\share\interpreter\linkResolver
Event: 43.324 Thread 0x0000017265613050 Exception <a 'java/lang/NoSuchMethodError'{0x000000008de7c838}: 'java.lang.Object java.lang.invoke.DirectMethodHandle$Holder.invokeSpecial(java.lang.Object, java.lang.Object, java.lang.Object, java.lang.Object, java.lang.Object, java.lang.Object, java.lang.Object, java.lang.Object, java.lang.Object, java.lang.Object, java.lang.Object, java.lang.Object, java.lang.Object, java.lang.Object, java.lang.Object, java.lang.Object, java.lang.Object)'> (0x000000008de7c838) 
thrown [s\open\src\hotspot\share\interpret
Event: 43.325 Thread 0x0000017265613050 Exception <a 'java/lang/NoSuchMethodError'{0x000000008de82398}: 'java.lang.Object java.lang.invoke.DelegatingMethodHandle$Holder.reinvoke_L(java.lang.Object, java.lang.Object, java.lang.Object, java.lang.Object, java.lang.Object, java.lang.Object, java.lang.Object, java.lang.Object, java.lang.Object, java.lang.Object, java.lang.Object, java.lang.Object, java.lang.Object, java.lang.Object, java.lang.Object, java.lang.Object)'> (0x000000008de82398) 
thrown [s\open\src\hotspot\share\interpreter\linkResolver.c
Event: 43.343 Thread 0x0000017265613050 Exception <a 'java/lang/NoSuchMethodError'{0x000000008ddac228}: 'java.lang.Object java.lang.invoke.DirectMethodHandle$Holder.newInvokeSpecial(java.lang.Object, java.lang.Object, java.lang.Object, java.lang.Object, java.lang.Object, java.lang.Object, java.lang.Object, java.lang.Object, java.lang.Object, java.lang.Object, java.lang.Object, java.lang.Object, java.lang.Object, java.lang.Object, java.lang.Object, java.lang.Object, java.lang.Object, java.lang.Object, java.lang.Object, java.lang.Object, java.lang
Event: 43.350 Thread 0x0000017265613050 Exception <a 'java/lang/NoSuchMethodError'{0x000000008dc836f0}: 'java.lang.Object java.lang.invoke.DirectMethodHandle$Holder.invokeStatic(java.lang.Object, java.lang.Object, java.lang.Object, java.lang.Object, java.lang.Object, java.lang.Object, java.lang.Object, java.lang.Object, java.lang.Object, java.lang.Object, java.lang.Object, java.lang.Object, java.lang.Object, java.lang.Object, java.lang.Object, java.lang.Object, java.lang.Object, java.lang.Object, java.lang.Object, java.lang.Object, java.lang.Obj
Event: 43.384 Thread 0x0000017265613050 Exception <a 'java/lang/NoSuchMethodError'{0x000000008da899a8}: 'java.lang.Object java.lang.invoke.DirectMethodHandle$Holder.newInvokeSpecial(java.lang.Object, java.lang.Object, java.lang.Object, java.lang.Object, java.lang.Object, java.lang.Object, java.lang.Object, java.lang.Object, java.lang.Object, java.lang.Object, java.lang.Object, java.lang.Object, java.lang.Object, java.lang.Object, java.lang.Object, java.lang.Object, java.lang.Object, java.lang.Object, java.lang.Object)'> (0x000000008da899a8) 
thr
Event: 43.385 Thread 0x0000017265613050 Exception <a 'java/lang/NoSuchMethodError'{0x000000008da909c8}: 'java.lang.Object java.lang.invoke.DirectMethodHandle$Holder.invokeSpecial(java.lang.Object, java.lang.Object, java.lang.Object, java.lang.Object, java.lang.Object, java.lang.Object, java.lang.Object, java.lang.Object, java.lang.Object, java.lang.Object, java.lang.Object, java.lang.Object, java.lang.Object, java.lang.Object, java.lang.Object, java.lang.Object, java.lang.Object, java.lang.Object, java.lang.Object, java.lang.Object)'> (0x0000000
Event: 43.385 Thread 0x0000017265613050 Exception <a 'java/lang/NoSuchMethodError'{0x000000008da96768}: 'java.lang.Object java.lang.invoke.DelegatingMethodHandle$Holder.reinvoke_L(java.lang.Object, java.lang.Object, java.lang.Object, java.lang.Object, java.lang.Object, java.lang.Object, java.lang.Object, java.lang.Object, java.lang.Object, java.lang.Object, java.lang.Object, java.lang.Object, java.lang.Object, java.lang.Object, java.lang.Object, java.lang.Object, java.lang.Object, java.lang.Object, java.lang.Object)'> (0x000000008da96768) 
throw
Event: 44.113 Thread 0x0000017265613050 Implicit null exception at 0x0000017212e1666e to 0x0000017212e17694
Event: 46.587 Thread 0x0000017265613050 Exception <a 'java/lang/NoSuchMethodError'{0x000000008cc59fc8}: 'java.lang.Object java.lang.invoke.DirectMethodHandle$Holder.newInvokeSpecial(java.lang.Object, java.lang.Object, java.lang.Object, java.lang.Object, int)'> (0x000000008cc59fc8) 
thrown [s\open\src\hotspot\share\interpreter\linkResolver.cpp, line 773]
Event: 46.588 Thread 0x0000017265613050 Exception <a 'java/lang/NoSuchMethodError'{0x000000008cc5f7b0}: 'java.lang.Object java.lang.invoke.DirectMethodHandle$Holder.invokeSpecial(java.lang.Object, java.lang.Object, java.lang.Object, java.lang.Object, java.lang.Object, int)'> (0x000000008cc5f7b0) 
thrown [s\open\src\hotspot\share\interpreter\linkResolver.cpp, line 773]
Event: 46.588 Thread 0x0000017265613050 Exception <a 'java/lang/NoSuchMethodError'{0x000000008cc64960}: 'java.lang.Object java.lang.invoke.Invokers$Holder.linkToTargetMethod(java.lang.Object, java.lang.Object, java.lang.Object, int, java.lang.Object)'> (0x000000008cc64960) 
thrown [s\open\src\hotspot\share\interpreter\linkResolver.cpp, line 773]
Event: 48.336 Thread 0x0000017265613050 Implicit null exception at 0x0000017212f51103 to 0x0000017212f51310
Event: 48.499 Thread 0x0000017265613050 Implicit null exception at 0x0000017212ed3192 to 0x0000017212ed38b4
Event: 48.499 Thread 0x0000017265613050 Implicit null exception at 0x0000017212ed213d to 0x0000017212ed2178
Event: 49.720 Thread 0x0000017265613050 Implicit null exception at 0x0000017212fc854f to 0x0000017212fc88a4
Event: 50.412 Thread 0x0000017265613050 Implicit null exception at 0x000001721301670c to 0x0000017213016c28
Event: 56.638 Thread 0x0000017265613050 Exception <a 'java/lang/NoSuchMethodError'{0x000000008db167e8}: 'java.lang.Object java.lang.invoke.DirectMethodHandle$Holder.newInvokeSpecial(java.lang.Object, java.lang.Object, java.lang.Object, int, int, java.lang.Object, java.lang.Object)'> (0x000000008db167e8) 
thrown [s\open\src\hotspot\share\interpreter\linkResolver.cpp, line 773]
Event: 61.284 Thread 0x0000017265613050 Exception <a 'java/lang/NoSuchMethodError'{0x000000008a1720a0}: 'java.lang.Object java.lang.invoke.DirectMethodHandle$Holder.invokeStatic(java.lang.Object, int, java.lang.Object)'> (0x000000008a1720a0) 
thrown [s\open\src\hotspot\share\interpreter\linkResolver.cpp, line 773]
Event: 63.145 Thread 0x0000017265613050 Exception <a 'java/lang/IncompatibleClassChangeError'{0x0000000089b5fa08}: Found class java.lang.Object, but interface was expected> (0x0000000089b5fa08) 
thrown [s\open\src\hotspot\share\interpreter\linkResolver.cpp, line 840]

ZGC Phase Switch (0 events):
No events

VM Operations (20 events):
Event: 66.117 Executing VM operation: G1CollectForAllocation (G1 Evacuation Pause) done
Event: 66.410 Executing VM operation: G1PauseRemark
Event: 66.459 Executing VM operation: G1PauseRemark done
Event: 66.576 Executing VM operation: G1PauseCleanup
Event: 66.576 Executing VM operation: G1PauseCleanup done
Event: 67.093 Executing VM operation: G1CollectForAllocation (G1 Evacuation Pause)
Event: 67.110 Executing VM operation: G1CollectForAllocation (G1 Evacuation Pause) done
Event: 67.786 Executing VM operation: G1CollectForAllocation (G1 Evacuation Pause)
Event: 67.810 Executing VM operation: G1CollectForAllocation (G1 Evacuation Pause) done
Event: 68.363 Executing VM operation: G1CollectForAllocation (G1 Evacuation Pause)
Event: 68.412 Executing VM operation: G1CollectForAllocation (G1 Evacuation Pause) done
Event: 68.683 Executing VM operation: G1PauseRemark
Event: 68.728 Executing VM operation: G1PauseRemark done
Event: 68.838 Executing VM operation: G1PauseCleanup
Event: 68.838 Executing VM operation: G1PauseCleanup done
Event: 69.070 Executing VM operation: G1CollectForAllocation (G1 Evacuation Pause)
Event: 69.088 Executing VM operation: G1CollectForAllocation (G1 Evacuation Pause) done
Event: 70.094 Executing VM operation: Cleanup
Event: 70.094 Executing VM operation: Cleanup done
Event: 70.919 Executing VM operation: G1CollectForAllocation (G1 Evacuation Pause)

Events (20 events):
Event: 68.727 Thread 0x000001721eb360e0 flushing nmethod 0x0000017212c52090
Event: 68.727 Thread 0x000001721eb360e0 flushing nmethod 0x0000017212c35590
Event: 68.727 Thread 0x000001721eb360e0 flushing nmethod 0x0000017212bfe090
Event: 68.727 Thread 0x000001721eb360e0 flushing nmethod 0x0000017212c48410
Event: 68.727 Thread 0x000001721eb360e0 flushing nmethod 0x0000017212c26c90
Event: 68.727 Thread 0x000001721eb360e0 flushing nmethod 0x0000017212b12a10
Event: 68.727 Thread 0x000001721eb360e0 flushing nmethod 0x0000017212bc6390
Event: 68.727 Thread 0x000001721eb360e0 flushing nmethod 0x0000017212b5f990
Event: 68.727 Thread 0x000001721eb360e0 flushing nmethod 0x0000017212b38b90
Event: 68.727 Thread 0x000001721eb360e0 flushing nmethod 0x0000017212b1f010
Event: 68.727 Thread 0x000001721eb360e0 flushing nmethod 0x0000017212b0f390
Event: 68.727 Thread 0x000001721eb360e0 flushing nmethod 0x0000017212a13790
Event: 68.727 Thread 0x000001721eb360e0 flushing nmethod 0x0000017212ae8390
Event: 68.727 Thread 0x000001721eb360e0 flushing nmethod 0x0000017212af3510
Event: 68.727 Thread 0x000001721eb360e0 flushing nmethod 0x0000017212abb790
Event: 68.727 Thread 0x000001721eb360e0 flushing nmethod 0x00000172129cb110
Event: 68.727 Thread 0x000001721eb360e0 flushing nmethod 0x000001721299d010
Event: 68.727 Thread 0x000001721eb360e0 flushing nmethod 0x000001721298d010
Event: 70.502 Thread 0x00000172734816f0 Thread exited: 0x00000172734816f0
Event: 70.735 Thread 0x0000017273482b60 Thread added: 0x0000017273482b60


Dynamic libraries:
0x00007ff6de840000 - 0x00007ff6de84e000 	C:\Users\refrizar.dwiardito\.jdks\openjdk-21\bin\java.exe
0x00007ffe79590000 - 0x00007ffe79788000 	C:\Windows\SYSTEM32\ntdll.dll
0x00007ffe79490000 - 0x00007ffe7954d000 	C:\Windows\System32\KERNEL32.DLL
0x00007ffe76e40000 - 0x00007ffe77136000 	C:\Windows\System32\KERNELBASE.dll
0x00007ffe76c70000 - 0x00007ffe76d70000 	C:\Windows\System32\ucrtbase.dll
0x00007ffe64cc0000 - 0x00007ffe64cdb000 	C:\Users\refrizar.dwiardito\.jdks\openjdk-21\bin\VCRUNTIME140.dll
0x00007ffe635f0000 - 0x00007ffe63608000 	C:\Users\refrizar.dwiardito\.jdks\openjdk-21\bin\jli.dll
0x00007ffe787a0000 - 0x00007ffe7893e000 	C:\Windows\System32\USER32.dll
0x00007ffe66730000 - 0x00007ffe669ca000 	C:\Windows\WinSxS\amd64_microsoft.windows.common-controls_6595b64144ccf1df_6.0.19041.1110_none_60b5254171f9507e\COMCTL32.dll
0x00007ffe76e10000 - 0x00007ffe76e32000 	C:\Windows\System32\win32u.dll
0x00007ffe78650000 - 0x00007ffe786ee000 	C:\Windows\System32\msvcrt.dll
0x00007ffe78b60000 - 0x00007ffe78b8c000 	C:\Windows\System32\GDI32.dll
0x00007ffe77250000 - 0x00007ffe7736a000 	C:\Windows\System32\gdi32full.dll
0x00007ffe76d70000 - 0x00007ffe76e0d000 	C:\Windows\System32\msvcp_win.dll
0x00007ffe789c0000 - 0x00007ffe789f0000 	C:\Windows\System32\IMM32.DLL
0x00007ffe738e0000 - 0x00007ffe738ec000 	C:\Users\refrizar.dwiardito\.jdks\openjdk-21\bin\vcruntime140_1.dll
0x00007ffe63560000 - 0x00007ffe635ee000 	C:\Users\refrizar.dwiardito\.jdks\openjdk-21\bin\msvcp140.dll
0x00007ffe292c0000 - 0x00007ffe29fd3000 	C:\Users\refrizar.dwiardito\.jdks\openjdk-21\bin\server\jvm.dll
0x00007ffe77a00000 - 0x00007ffe77aae000 	C:\Windows\System32\ADVAPI32.dll
0x00007ffe775f0000 - 0x00007ffe7768c000 	C:\Windows\System32\sechost.dll
0x00007ffe77cc0000 - 0x00007ffe77de6000 	C:\Windows\System32\RPCRT4.dll
0x00007ffe78a00000 - 0x00007ffe78a6b000 	C:\Windows\System32\WS2_32.dll
0x00007ffe76a20000 - 0x00007ffe76a6b000 	C:\Windows\SYSTEM32\POWRPROF.dll
0x00007ffe69ea0000 - 0x00007ffe69eaa000 	C:\Windows\SYSTEM32\VERSION.dll
0x00007ffe69760000 - 0x00007ffe69787000 	C:\Windows\SYSTEM32\WINMM.dll
0x00007ffe76a00000 - 0x00007ffe76a12000 	C:\Windows\SYSTEM32\UMPDC.dll
0x00007ffe74ce0000 - 0x00007ffe74cf2000 	C:\Windows\SYSTEM32\kernel.appcore.dll
0x00007ffe63550000 - 0x00007ffe6355a000 	C:\Users\refrizar.dwiardito\.jdks\openjdk-21\bin\jimage.dll
0x00007ffe60280000 - 0x00007ffe60464000 	C:\Windows\SYSTEM32\DBGHELP.DLL
0x00007ffe60200000 - 0x00007ffe60234000 	C:\Windows\SYSTEM32\dbgcore.DLL
0x00007ffe771c0000 - 0x00007ffe77242000 	C:\Windows\System32\bcryptPrimitives.dll
0x00007ffe60e50000 - 0x00007ffe60e6f000 	C:\Users\refrizar.dwiardito\.jdks\openjdk-21\bin\java.dll
0x00007ffe78d40000 - 0x00007ffe79485000 	C:\Windows\System32\SHELL32.dll
0x00007ffe74d00000 - 0x00007ffe7549b000 	C:\Windows\SYSTEM32\windows.storage.dll
0x00007ffe77690000 - 0x00007ffe779e4000 	C:\Windows\System32\combase.dll
0x00007ffe76640000 - 0x00007ffe7666e000 	C:\Windows\SYSTEM32\Wldp.dll
0x00007ffe77f20000 - 0x00007ffe77fcd000 	C:\Windows\System32\SHCORE.dll
0x00007ffe78cc0000 - 0x00007ffe78d15000 	C:\Windows\System32\shlwapi.dll
0x00007ffe76ba0000 - 0x00007ffe76bc5000 	C:\Windows\SYSTEM32\profapi.dll
0x00007ffe45f40000 - 0x00007ffe46017000 	C:\Users\refrizar.dwiardito\.jdks\openjdk-21\bin\jsvml.dll
0x00007ffe62ee0000 - 0x00007ffe62ef0000 	C:\Users\refrizar.dwiardito\.jdks\openjdk-21\bin\net.dll
0x00007ffe6ac40000 - 0x00007ffe6ad4a000 	C:\Windows\SYSTEM32\WINHTTP.dll
0x00007ffe763a0000 - 0x00007ffe7640a000 	C:\Windows\system32\mswsock.dll
0x00007ffe60de0000 - 0x00007ffe60df6000 	C:\Users\refrizar.dwiardito\.jdks\openjdk-21\bin\nio.dll
0x00007ffe5e710000 - 0x00007ffe5e728000 	C:\Users\refrizar.dwiardito\.jdks\openjdk-21\bin\zip.dll
0x00007ffe60dd0000 - 0x00007ffe60de0000 	C:\Users\refrizar.dwiardito\.jdks\openjdk-21\bin\verify.dll
0x00007ffe63520000 - 0x00007ffe63547000 	C:\Users\refrizar.dwiardito\.jdks\openjdk-21\native\68d5fa5c4cc2d200863cafc0d521ce42e7d3e7ee720ec0a83991735586a16f82\windows-amd64\native-platform.dll
0x00007ffe45240000 - 0x00007ffe45384000 	C:\Users\refrizar.dwiardito\.jdks\openjdk-21\native\e376f236ea51e6404a007f0833ffe2c6e607c4080706a723a18a27aeea778392\windows-amd64\native-platform-file-events.dll
0x00007ffe5e550000 - 0x00007ffe5e55a000 	C:\Users\refrizar.dwiardito\.jdks\openjdk-21\bin\management.dll
0x00007ffe5e540000 - 0x00007ffe5e54b000 	C:\Users\refrizar.dwiardito\.jdks\openjdk-21\bin\management_ext.dll
0x00007ffe77df0000 - 0x00007ffe77df8000 	C:\Windows\System32\PSAPI.DLL
0x00007ffe765a0000 - 0x00007ffe765b8000 	C:\Windows\SYSTEM32\CRYPTSP.dll
0x00007ffe75c50000 - 0x00007ffe75c84000 	C:\Windows\system32\rsaenh.dll
0x00007ffe77190000 - 0x00007ffe771b7000 	C:\Windows\System32\bcrypt.dll
0x00007ffe76b60000 - 0x00007ffe76b8e000 	C:\Windows\SYSTEM32\USERENV.dll
0x00007ffe76590000 - 0x00007ffe7659c000 	C:\Windows\SYSTEM32\CRYPTBASE.dll
0x00007ffe76090000 - 0x00007ffe760cb000 	C:\Windows\SYSTEM32\IPHLPAPI.DLL
0x00007ffe789f0000 - 0x00007ffe789f8000 	C:\Windows\System32\NSI.dll
0x00007ffe5e530000 - 0x00007ffe5e537000 	C:\Users\refrizar.dwiardito\.jdks\openjdk-21\bin\extnet.dll
0x00007ffe5e520000 - 0x00007ffe5e52e000 	C:\Users\refrizar.dwiardito\.jdks\openjdk-21\bin\sunmscapi.dll
0x00007ffe77490000 - 0x00007ffe775ee000 	C:\Windows\System32\CRYPT32.dll
0x00007ffe766b0000 - 0x00007ffe766d8000 	C:\Windows\SYSTEM32\ncrypt.dll
0x00007ffe76670000 - 0x00007ffe766ab000 	C:\Windows\SYSTEM32\NTASN1.dll
0x00007ffe60c20000 - 0x00007ffe60c27000 	C:\Windows\system32\wshunix.dll

dbghelp: loaded successfully - version: 4.0.5 - missing functions: none
symbol engine: initialized successfully - sym options: 0x614 - pdb path: .;C:\Users\refrizar.dwiardito\.jdks\openjdk-21\bin;C:\Windows\SYSTEM32;C:\Windows\WinSxS\amd64_microsoft.windows.common-controls_6595b64144ccf1df_6.0.19041.1110_none_60b5254171f9507e;C:\Users\refrizar.dwiardito\.jdks\openjdk-21\bin\server;C:\Users\refrizar.dwiardito\.jdks\openjdk-21\native\68d5fa5c4cc2d200863cafc0d521ce42e7d3e7ee720ec0a83991735586a16f82\windows-amd64;C:\Users\refrizar.dwiardito\.jdks\openjdk-21\native\e376f236ea51e6404a007f0833ffe2c6e607c4080706a723a18a27aeea778392\windows-amd64

VM Arguments:
jvm_args: --add-opens=java.base/java.util=ALL-UNNAMED --add-opens=java.base/java.lang=ALL-UNNAMED --add-opens=java.base/java.lang.invoke=ALL-UNNAMED --add-opens=java.prefs/java.util.prefs=ALL-UNNAMED --add-opens=java.base/java.nio.charset=ALL-UNNAMED --add-opens=java.base/java.net=ALL-UNNAMED --add-opens=java.base/java.util.concurrent.atomic=ALL-UNNAMED -Xmx2048m -Dfile.encoding=UTF-8 -Duser.country=US -Duser.language=en -Duser.variant 
java_command: org.gradle.launcher.daemon.bootstrap.GradleDaemon 8.0
java_class_path (initial): C:\Users\refrizar.dwiardito\.jdks\openjdk-21\wrapper\dists\gradle-8.0-bin\ca5e32bp14vu59qr306oxotwh\gradle-8.0\lib\gradle-launcher-8.0.jar
Launcher Type: SUN_STANDARD

[Global flags]
     intx CICompilerCount                          = 3                                         {product} {ergonomic}
     uint ConcGCThreads                            = 1                                         {product} {ergonomic}
     uint G1ConcRefinementThreads                  = 4                                         {product} {ergonomic}
   size_t G1HeapRegionSize                         = 1048576                                   {product} {ergonomic}
    uintx GCDrainStackTargetSize                   = 64                                        {product} {ergonomic}
   size_t InitialHeapSize                          = 134217728                                 {product} {ergonomic}
   size_t MarkStackSize                            = 4194304                                   {product} {ergonomic}
   size_t MaxHeapSize                              = 2147483648                                {product} {command line}
   size_t MaxNewSize                               = 1287651328                                {product} {ergonomic}
   size_t MinHeapDeltaBytes                        = 1048576                                   {product} {ergonomic}
   size_t MinHeapSize                              = 8388608                                   {product} {ergonomic}
    uintx NonNMethodCodeHeapSize                   = 5832780                                {pd product} {ergonomic}
    uintx NonProfiledCodeHeapSize                  = 122912730                              {pd product} {ergonomic}
    uintx ProfiledCodeHeapSize                     = 122912730                              {pd product} {ergonomic}
    uintx ReservedCodeCacheSize                    = 251658240                              {pd product} {ergonomic}
     bool SegmentedCodeCache                       = true                                      {product} {ergonomic}
   size_t SoftMaxHeapSize                          = 2147483648                             {manageable} {ergonomic}
     bool UseCompressedOops                        = true                           {product lp64_product} {ergonomic}
     bool UseG1GC                                  = true                                      {product} {ergonomic}
     bool UseLargePagesIndividualAllocation        = false                                  {pd product} {ergonomic}

Logging:
Log output configuration:
 #0: stdout all=warning uptime,level,tags foldmultilines=false
 #1: stderr all=off uptime,level,tags foldmultilines=false

Environment Variables:
JAVA_HOME=C:\Users\refrizar.dwiardito\.jdks\openjdk-21
PATH=C:\Program Files\Common Files\Oracle\Java\javapath;C:\Windows\system32;C:\Windows;C:\Windows\System32\Wbem;C:\Windows\System32\WindowsPowerShell\v1.0\;C:\Windows\System32\OpenSSH\;C:\Program Files\mingw-w64\x86_64-8.1.0-posix-seh-rt_v6-rev0\mingw64\bin;C:\Users\refrizar.dwiardito\AppData\Local\Programs\Python\Python310\Scripts;C:\Users\refrizar.dwiardito\.jdks\openjdk-21\bin;C:\Program Files\PuTTY\;C:\Program Files\gradle-8.3\bin;C:\Program Files\Git\cmd;C:\Users\refrizar.dwiardito\AppData\Local\Programs\Python\Python310\Scripts\;C:\Users\refrizar.dwiardito\AppData\Local\Programs\Python\Python310\;C:\Users\refrizar.dwiardito\AppData\Local\Microsoft\WindowsApps;;C:\Users\refrizar.dwiardito\AppData\Local\Programs\Microsoft VS Code\bin
USERNAME=refrizar.dwiardito
OS=Windows_NT
PROCESSOR_IDENTIFIER=Intel64 Family 6 Model 61 Stepping 4, GenuineIntel
TMP=C:\Users\REFRIZ~1.DWI\AppData\Local\Temp
TEMP=C:\Users\REFRIZ~1.DWI\AppData\Local\Temp




---------------  S Y S T E M  ---------------

OS:
 Windows 10 , 64 bit Build 19041 (10.0.19041.3393)
OS uptime: 0 days 4:34 hours

CPU: total 4 (initial active 4) (2 cores per cpu, 2 threads per core) family 6 model 61 stepping 4 microcode 0x2f, cx8, cmov, fxsr, ht, mmx, 3dnowpref, sse, sse2, sse3, ssse3, sse4.1, sse4.2, popcnt, lzcnt, tsc, tscinvbit, avx, avx2, aes, erms, clmul, bmi1, bmi2, adx, fma, vzeroupper, clflush, rdtscp, f16c
Processor Information for all 4 processors :
  Max Mhz: 2201, Current Mhz: 2201, Mhz Limit: 2201

Memory: 4k page, system-wide physical 8083M (474M free)
TotalPageFile size 8083M (AvailPageFile size 26M)
current process WorkingSet (physical memory assigned to process): 617M, peak: 622M
current process commit charge ("private bytes"): 653M, peak: 723M

vm_info: OpenJDK 64-Bit Server VM (21+35-2513) for windows-amd64 JRE (21+35-2513), built on 2023-08-09T20:25:10Z by "mach5one" with MS VC++ 17.1 (VS2022)

END.
