#
# There is insufficient memory for the Java Runtime Environment to continue.
# Native memory allocation (malloc) failed to allocate 1161792 bytes for Chunk::new
# Possible reasons:
#   The system is out of physical RAM or swap space
#   The process is running with CompressedOops enabled, and the Java Heap may be blocking the growth of the native heap
# Possible solutions:
#   Reduce memory load on the system
#   Increase physical memory or swap space
#   Check if swap backing store is full
#   Decrease Java heap size (-Xmx/-Xms)
#   Decrease number of Java threads
#   Decrease Java thread stack sizes (-Xss)
#   Set larger code cache with -XX:ReservedCodeCacheSize=
#   JVM is running with Unscaled Compressed Oops mode in which the Java heap is
#     placed in the first 4GB address space. The Java Heap base address is the
#     maximum limit for the native heap growth. Please use -XX:HeapBaseMinAddress
#     to set the Java Heap base and to place the Java Heap above 4GB virtual address.
# This output file may be truncated or incomplete.
#
#  Out of Memory Error (arena.cpp:189), pid=12584, tid=11772
#
# JRE version: OpenJDK Runtime Environment (17.0.6) (build 17.0.6+0-b2043.56-10027231)
# Java VM: OpenJDK 64-Bit Server VM (17.0.6+0-b2043.56-10027231, mixed mode, tiered, compressed oops, compressed class ptrs, g1 gc, windows-amd64)
# No core dump will be written. Minidumps are not enabled by default on client versions of Windows
#

---------------  S U M M A R Y ------------

Command Line: --add-opens=java.base/java.util=ALL-UNNAMED --add-opens=java.base/java.lang=ALL-UNNAMED --add-opens=java.base/java.lang.invoke=ALL-UNNAMED --add-opens=java.prefs/java.util.prefs=ALL-UNNAMED --add-opens=java.base/java.nio.charset=ALL-UNNAMED --add-opens=java.base/java.net=ALL-UNNAMED --add-opens=java.base/java.util.concurrent.atomic=ALL-UNNAMED -Xmx2048m -Dfile.encoding=UTF-8 -Duser.country=US -Duser.language=en -Duser.variant org.gradle.launcher.daemon.bootstrap.GradleDaemon 8.0

Host: Intel(R) Core(TM) i5-5200U CPU @ 2.20GHz, 4 cores, 7G,  Windows 10 , 64 bit Build 19041 (10.0.19041.3393)
Time: Sun Oct  8 06:34:16 2023 SE Asia Standard Time elapsed time: 95.802874 seconds (0d 0h 1m 35s)

---------------  T H R E A D  ---------------

Current thread (0x00000186c0910a40):  JavaThread "C2 CompilerThread0" daemon [_thread_in_native, id=11772, stack(0x0000000ddd700000,0x0000000ddd800000)]


Current CompileTask:
C2:  95802 17320       4       org.gradle.internal.logging.sink.OutputEventTransformer::onOutput (399 bytes)

Stack: [0x0000000ddd700000,0x0000000ddd800000]
Native frames: (J=compiled Java code, j=interpreted, Vv=VM code, C=native code)
V  [jvm.dll+0x683c9a]
V  [jvm.dll+0x8427a4]
V  [jvm.dll+0x843f9e]
V  [jvm.dll+0x844603]
V  [jvm.dll+0x249b75]
V  [jvm.dll+0xabcac]
V  [jvm.dll+0xac27c]
V  [jvm.dll+0x368857]
V  [jvm.dll+0x1bced2]
V  [jvm.dll+0x21c359]
V  [jvm.dll+0x21b621]
V  [jvm.dll+0x1a4fdd]
V  [jvm.dll+0x22b098]
V  [jvm.dll+0x229159]
V  [jvm.dll+0x7f81ec]
V  [jvm.dll+0x7f274a]
V  [jvm.dll+0x682ad5]
C  [ucrtbase.dll+0x21bb2]
C  [KERNEL32.DLL+0x17344]
C  [ntdll.dll+0x526b1]


---------------  P R O C E S S  ---------------

Threads class SMR info:
_java_thread_list=0x00000186c8847c00, length=92, elements={
0x00000186a69ca920, 0x00000186bff70bf0, 0x00000186bff71970, 0x00000186bffc6420,
0x00000186c090d0a0, 0x00000186c090ef80, 0x00000186c090f840, 0x00000186c0910a40,
0x00000186c0911b60, 0x00000186c091db70, 0x00000186c0aa8020, 0x00000186c0aa8900,
0x00000186c24401a0, 0x00000186c0b05f10, 0x00000186c1e4bae0, 0x00000186c329c3c0,
0x00000186c3592f20, 0x00000186c3840550, 0x00000186c38413c0, 0x00000186c3842bd0,
0x00000186c383fbb0, 0x00000186c3840a20, 0x00000186c3842700, 0x00000186c383f6e0,
0x00000186c3dcded0, 0x00000186c3dcaeb0, 0x00000186c3dcf210, 0x00000186c3dce3a0,
0x00000186c3dcb850, 0x00000186c891ad40, 0x00000186c891d890, 0x00000186c38f4a20,
0x00000186c38f1ed0, 0x00000186c38f6230, 0x00000186c3dcfbb0, 0x00000186c3dcbd20,
0x00000186c3dccb90, 0x00000186c3dca040, 0x00000186c3dcda00, 0x00000186c3dcc1f0,
0x00000186c3dca510, 0x00000186c3dca9e0, 0x00000186c3dce870, 0x00000186c3dcc6c0,
0x00000186c3dcf6e0, 0x00000186c3dcd060, 0x00000186c3dcd530, 0x00000186c3dd0550,
0x00000186c3dd0a20, 0x00000186c3dc96a0, 0x00000186c3dc9b70, 0x00000186c8919ed0,
0x00000186c891dd60, 0x00000186c891f0a0, 0x00000186c891ca20, 0x00000186c89203e0,
0x00000186c891f570, 0x00000186c891b6e0, 0x00000186c891fa40, 0x00000186c8919060,
0x00000186c8919530, 0x00000186c891bbb0, 0x00000186c8919a00, 0x00000186c891a3a0,
0x00000186c38f70a0, 0x00000186c38f06c0, 0x00000186c38f3bb0, 0x00000186c38f23a0,
0x00000186c38f6700, 0x00000186c38f4080, 0x00000186c38f0b90, 0x00000186c38f1060,
0x00000186c38f1530, 0x00000186c38f4550, 0x00000186c3840ef0, 0x00000186c383f210,
0x00000186c3840080, 0x00000186c3841890, 0x00000186c3841d60, 0x00000186c3842230,
0x00000186c0cd93e0, 0x00000186c0cdcda0, 0x00000186c0cdbf30, 0x00000186c0cde0e0,
0x00000186c0cdc8d0, 0x00000186c0cdef50, 0x00000186c8c89470, 0x00000186c0cdd270,
0x00000186c0cd80a0, 0x00000186c0cd9d80, 0x00000186c0cd8f10, 0x00000186c0cdba60
}

Java Threads: ( => current thread )
  0x00000186a69ca920 JavaThread "main" [_thread_blocked, id=6680, stack(0x0000000ddca00000,0x0000000ddcb00000)]
  0x00000186bff70bf0 JavaThread "Reference Handler" daemon [_thread_blocked, id=2644, stack(0x0000000ddd100000,0x0000000ddd200000)]
  0x00000186bff71970 JavaThread "Finalizer" daemon [_thread_blocked, id=12284, stack(0x0000000ddd200000,0x0000000ddd300000)]
  0x00000186bffc6420 JavaThread "Signal Dispatcher" daemon [_thread_blocked, id=108, stack(0x0000000ddd300000,0x0000000ddd400000)]
  0x00000186c090d0a0 JavaThread "Attach Listener" daemon [_thread_blocked, id=11992, stack(0x0000000ddd400000,0x0000000ddd500000)]
  0x00000186c090ef80 JavaThread "Service Thread" daemon [_thread_blocked, id=13028, stack(0x0000000ddd500000,0x0000000ddd600000)]
  0x00000186c090f840 JavaThread "Monitor Deflation Thread" daemon [_thread_blocked, id=9424, stack(0x0000000ddd600000,0x0000000ddd700000)]
=>0x00000186c0910a40 JavaThread "C2 CompilerThread0" daemon [_thread_in_native, id=11772, stack(0x0000000ddd700000,0x0000000ddd800000)]
  0x00000186c0911b60 JavaThread "C1 CompilerThread0" daemon [_thread_blocked, id=5772, stack(0x0000000ddd800000,0x0000000ddd900000)]
  0x00000186c091db70 JavaThread "Sweeper thread" daemon [_thread_blocked, id=7772, stack(0x0000000ddd900000,0x0000000ddda00000)]
  0x00000186c0aa8020 JavaThread "Common-Cleaner" daemon [_thread_blocked, id=552, stack(0x0000000ddda00000,0x0000000dddb00000)]
  0x00000186c0aa8900 JavaThread "Notification Thread" daemon [_thread_blocked, id=2180, stack(0x0000000dddb00000,0x0000000dddc00000)]
  0x00000186c24401a0 JavaThread "Daemon health stats" [_thread_blocked, id=7424, stack(0x0000000dde100000,0x0000000dde200000)]
  0x00000186c0b05f10 JavaThread "Incoming local TCP Connector on port 49195" [_thread_in_native, id=10076, stack(0x0000000dddd00000,0x0000000ddde00000)]
  0x00000186c1e4bae0 JavaThread "Daemon periodic checks" [_thread_blocked, id=13236, stack(0x0000000dde200000,0x0000000dde300000)]
  0x00000186c329c3c0 JavaThread "Daemon" [_thread_blocked, id=6880, stack(0x0000000dde400000,0x0000000dde500000)]
  0x00000186c3592f20 JavaThread "Daemon worker" [_thread_blocked, id=10236, stack(0x0000000dde700000,0x0000000dde800000)]
  0x00000186c3840550 JavaThread "Cache worker for journal cache (C:\Users\refrizar.dwiardito\.gradle\caches\journal-1)" [_thread_blocked, id=5584, stack(0x0000000ddeb00000,0x0000000ddec00000)]
  0x00000186c38413c0 JavaThread "File lock request listener" [_thread_in_native, id=7240, stack(0x0000000ddec00000,0x0000000dded00000)]
  0x00000186c3842bd0 JavaThread "Cache worker for file hash cache (C:\Users\refrizar.dwiardito\.gradle\caches\8.0\fileHashes)" [_thread_blocked, id=7544, stack(0x0000000dded00000,0x0000000ddee00000)]
  0x00000186c383fbb0 JavaThread "File watcher server" daemon [_thread_in_native, id=8268, stack(0x0000000ddee00000,0x0000000ddef00000)]
  0x00000186c3840a20 JavaThread "File watcher consumer" daemon [_thread_blocked, id=13156, stack(0x0000000ddef00000,0x0000000ddf000000)]
  0x00000186c3842700 JavaThread "Cache worker for file content cache (C:\Users\refrizar.dwiardito\.gradle\caches\8.0\fileContent)" [_thread_blocked, id=8884, stack(0x0000000ddf200000,0x0000000ddf300000)]
  0x00000186c383f6e0 JavaThread "Cache worker for execution history cache (C:\Users\refrizar.dwiardito\.gradle\caches\8.0\executionHistory)" [_thread_blocked, id=8728, stack(0x0000000ddf500000,0x0000000ddf600000)]
  0x00000186c3dcded0 JavaThread "jar transforms" [_thread_blocked, id=3564, stack(0x0000000ddf600000,0x0000000ddf700000)]
  0x00000186c3dcaeb0 JavaThread "jar transforms Thread 2" [_thread_blocked, id=456, stack(0x0000000ddf700000,0x0000000ddf800000)]
  0x00000186c3dcf210 JavaThread "Cache worker for kotlin-dsl (C:\Users\refrizar.dwiardito\.gradle\caches\8.0\kotlin-dsl)" [_thread_blocked, id=6664, stack(0x0000000ddf900000,0x0000000ddfa00000)]
  0x00000186c3dce3a0 JavaThread "jar transforms Thread 3" [_thread_blocked, id=11368, stack(0x0000000ddfa00000,0x0000000ddfb00000)]
  0x00000186c3dcb850 JavaThread "jar transforms Thread 4" [_thread_blocked, id=6592, stack(0x0000000ddfb00000,0x0000000ddfc00000)]
  0x00000186c891ad40 JavaThread "Memory manager" [_thread_blocked, id=8436, stack(0x0000000de2700000,0x0000000de2800000)]
  0x00000186c891d890 JavaThread "included builds" [_thread_blocked, id=1552, stack(0x0000000de2800000,0x0000000de2900000)]
  0x00000186c38f4a20 JavaThread "ForkJoinPool.commonPool-worker-1" daemon [_thread_blocked, id=5596, stack(0x0000000de3700000,0x0000000de3800000)]
  0x00000186c38f1ed0 JavaThread "ForkJoinPool.commonPool-worker-2" daemon [_thread_blocked, id=5920, stack(0x0000000de3800000,0x0000000de3900000)]
  0x00000186c38f6230 JavaThread "ForkJoinPool.commonPool-worker-3" daemon [_thread_blocked, id=1936, stack(0x0000000de3900000,0x0000000de3a00000)]
  0x00000186c3dcfbb0 JavaThread "Handler for socket connection from /127.0.0.1:49195 to /127.0.0.1:49236" [_thread_in_native, id=6100, stack(0x0000000ddc700000,0x0000000ddc800000)]
  0x00000186c3dcbd20 JavaThread "Cancel handler" [_thread_blocked, id=6192, stack(0x0000000ddc800000,0x0000000ddc900000)]
  0x00000186c3dccb90 JavaThread "Asynchronous log dispatcher for DefaultDaemonConnection: socket connection from /127.0.0.1:49195 to /127.0.0.1:49236" [_thread_in_Java, id=11344, stack(0x0000000ddc900000,0x0000000ddca00000)]
  0x00000186c3dca040 JavaThread "Stdin handler" [_thread_blocked, id=5376, stack(0x0000000dde300000,0x0000000dde400000)]
  0x00000186c3dcda00 JavaThread "Daemon client event forwarder" [_thread_blocked, id=1268, stack(0x0000000dde500000,0x0000000dde600000)]
  0x00000186c3dcc1f0 JavaThread "Cache worker for checksums cache (C:\Users\refrizar.dwiardito\AndroidStudioProjects\BelajarAndroid\.gradle\8.0\checksums)" [_thread_blocked, id=6856, stack(0x0000000dde800000,0x0000000dde900000)]
  0x00000186c3dca510 JavaThread "Cache worker for cache directory md-rule (C:\Users\refrizar.dwiardito\.gradle\caches\8.0\md-rule)" [_thread_blocked, id=2136, stack(0x0000000dde900000,0x0000000ddea00000)]
  0x00000186c3dca9e0 JavaThread "Cache worker for file hash cache (C:\Users\refrizar.dwiardito\AndroidStudioProjects\BelajarAndroid\.gradle\8.0\fileHashes)" [_thread_blocked, id=12360, stack(0x0000000ddea00000,0x0000000ddeb00000)]
  0x00000186c3dce870 JavaThread "Cache worker for cache directory md-supplier (C:\Users\refrizar.dwiardito\.gradle\caches\8.0\md-supplier)" [_thread_blocked, id=7552, stack(0x0000000ddf000000,0x0000000ddf100000)]
  0x00000186c3dcc6c0 JavaThread "Cache worker for dependencies-accessors (C:\Users\refrizar.dwiardito\AndroidStudioProjects\BelajarAndroid\.gradle\8.0\dependencies-accessors)" [_thread_blocked, id=5556, stack(0x0000000ddf100000,0x0000000ddf200000)]
  0x00000186c3dcf6e0 JavaThread "Cache worker for Build Output Cleanup Cache (C:\Users\refrizar.dwiardito\AndroidStudioProjects\BelajarAndroid\.gradle\buildOutputCleanup)" [_thread_blocked, id=11356, stack(0x0000000ddf300000,0x0000000ddf400000)]
  0x00000186c3dcd060 JavaThread "Unconstrained build operations" [_thread_blocked, id=12564, stack(0x0000000ddf400000,0x0000000ddf500000)]
  0x00000186c3dcd530 JavaThread "Unconstrained build operations Thread 2" [_thread_blocked, id=11692, stack(0x0000000ddfc00000,0x0000000ddfd00000)]
  0x00000186c3dd0550 JavaThread "Unconstrained build operations Thread 3" [_thread_blocked, id=7432, stack(0x0000000ddfd00000,0x0000000ddfe00000)]
  0x00000186c3dd0a20 JavaThread "Unconstrained build operations Thread 4" [_thread_blocked, id=12460, stack(0x0000000ddfe00000,0x0000000ddff00000)]
  0x00000186c3dc96a0 JavaThread "Unconstrained build operations Thread 5" [_thread_blocked, id=9736, stack(0x0000000ddff00000,0x0000000de0000000)]
  0x00000186c3dc9b70 JavaThread "Unconstrained build operations Thread 6" [_thread_blocked, id=11944, stack(0x0000000de0000000,0x0000000de0100000)]
  0x00000186c8919ed0 JavaThread "Unconstrained build operations Thread 7" [_thread_blocked, id=13252, stack(0x0000000de0100000,0x0000000de0200000)]
  0x00000186c891dd60 JavaThread "Unconstrained build operations Thread 8" [_thread_blocked, id=12696, stack(0x0000000de0200000,0x0000000de0300000)]
  0x00000186c891f0a0 JavaThread "Unconstrained build operations Thread 9" [_thread_blocked, id=6056, stack(0x0000000de0300000,0x0000000de0400000)]
  0x00000186c891ca20 JavaThread "Unconstrained build operations Thread 10" [_thread_blocked, id=6404, stack(0x0000000de0400000,0x0000000de0500000)]
  0x00000186c89203e0 JavaThread "Unconstrained build operations Thread 11" [_thread_blocked, id=7668, stack(0x0000000de0500000,0x0000000de0600000)]
  0x00000186c891f570 JavaThread "Unconstrained build operations Thread 12" [_thread_blocked, id=2464, stack(0x0000000de0600000,0x0000000de0700000)]
  0x00000186c891b6e0 JavaThread "Unconstrained build operations Thread 13" [_thread_blocked, id=7084, stack(0x0000000de0700000,0x0000000de0800000)]
  0x00000186c891fa40 JavaThread "Unconstrained build operations Thread 14" [_thread_blocked, id=3928, stack(0x0000000de0800000,0x0000000de0900000)]
  0x00000186c8919060 JavaThread "Unconstrained build operations Thread 15" [_thread_blocked, id=2604, stack(0x0000000de0900000,0x0000000de0a00000)]
  0x00000186c8919530 JavaThread "Unconstrained build operations Thread 16" [_thread_blocked, id=1616, stack(0x0000000de0a00000,0x0000000de0b00000)]
  0x00000186c891bbb0 JavaThread "Unconstrained build operations Thread 17" [_thread_blocked, id=9816, stack(0x0000000de0b00000,0x0000000de0c00000)]
  0x00000186c8919a00 JavaThread "Unconstrained build operations Thread 18" [_thread_blocked, id=6808, stack(0x0000000de0c00000,0x0000000de0d00000)]
  0x00000186c891a3a0 JavaThread "Unconstrained build operations Thread 19" [_thread_blocked, id=10932, stack(0x0000000de0d00000,0x0000000de0e00000)]
  0x00000186c38f70a0 JavaThread "Unconstrained build operations Thread 20" [_thread_blocked, id=6604, stack(0x0000000de0e00000,0x0000000de0f00000)]
  0x00000186c38f06c0 JavaThread "Unconstrained build operations Thread 21" [_thread_blocked, id=12512, stack(0x0000000de0f00000,0x0000000de1000000)]
  0x00000186c38f3bb0 JavaThread "Unconstrained build operations Thread 22" [_thread_blocked, id=13112, stack(0x0000000de1000000,0x0000000de1100000)]
  0x00000186c38f23a0 JavaThread "Unconstrained build operations Thread 23" [_thread_blocked, id=11628, stack(0x0000000de1100000,0x0000000de1200000)]
  0x00000186c38f6700 JavaThread "Unconstrained build operations Thread 24" [_thread_blocked, id=2748, stack(0x0000000de1200000,0x0000000de1300000)]
  0x00000186c38f4080 JavaThread "Unconstrained build operations Thread 25" [_thread_blocked, id=4404, stack(0x0000000de1300000,0x0000000de1400000)]
  0x00000186c38f0b90 JavaThread "Unconstrained build operations Thread 26" [_thread_blocked, id=8180, stack(0x0000000de1400000,0x0000000de1500000)]
  0x00000186c38f1060 JavaThread "Unconstrained build operations Thread 27" [_thread_blocked, id=1140, stack(0x0000000de1500000,0x0000000de1600000)]
  0x00000186c38f1530 JavaThread "Unconstrained build operations Thread 28" [_thread_blocked, id=6124, stack(0x0000000de1600000,0x0000000de1700000)]
  0x00000186c38f4550 JavaThread "Unconstrained build operations Thread 29" [_thread_blocked, id=4364, stack(0x0000000de1700000,0x0000000de1800000)]
  0x00000186c3840ef0 JavaThread "Unconstrained build operations Thread 30" [_thread_blocked, id=13168, stack(0x0000000de1800000,0x0000000de1900000)]
  0x00000186c383f210 JavaThread "Unconstrained build operations Thread 31" [_thread_blocked, id=7332, stack(0x0000000de1900000,0x0000000de1a00000)]
  0x00000186c3840080 JavaThread "Unconstrained build operations Thread 32" [_thread_blocked, id=12740, stack(0x0000000de1a00000,0x0000000de1b00000)]
  0x00000186c3841890 JavaThread "Unconstrained build operations Thread 33" [_thread_blocked, id=8980, stack(0x0000000de1b00000,0x0000000de1c00000)]
  0x00000186c3841d60 JavaThread "Unconstrained build operations Thread 34" [_thread_blocked, id=6656, stack(0x0000000de1c00000,0x0000000de1d00000)]
  0x00000186c3842230 JavaThread "Unconstrained build operations Thread 35" [_thread_blocked, id=7444, stack(0x0000000de1d00000,0x0000000de1e00000)]
  0x00000186c0cd93e0 JavaThread "Unconstrained build operations Thread 36" [_thread_blocked, id=10100, stack(0x0000000de1e00000,0x0000000de1f00000)]
  0x00000186c0cdcda0 JavaThread "Unconstrained build operations Thread 37" [_thread_blocked, id=1476, stack(0x0000000de1f00000,0x0000000de2000000)]
  0x00000186c0cdbf30 JavaThread "Unconstrained build operations Thread 38" [_thread_blocked, id=684, stack(0x0000000de2000000,0x0000000de2100000)]
  0x00000186c0cde0e0 JavaThread "Unconstrained build operations Thread 39" [_thread_blocked, id=5984, stack(0x0000000de2100000,0x0000000de2200000)]
  0x00000186c0cdc8d0 JavaThread "Unconstrained build operations Thread 40" [_thread_blocked, id=1884, stack(0x0000000de2200000,0x0000000de2300000)]
  0x00000186c0cdef50 JavaThread "build event listener" [_thread_blocked, id=1928, stack(0x0000000de2300000,0x0000000de2400000)]
  0x00000186c8c89470 JavaThread "C2 CompilerThread1" daemon [_thread_in_native, id=9604, stack(0x0000000dde600000,0x0000000dde700000)]
  0x00000186c0cdd270 JavaThread "included builds" [_thread_blocked, id=7704, stack(0x0000000de2400000,0x0000000de2500000)]
  0x00000186c0cd80a0 JavaThread "Execution worker" [_thread_in_Java, id=4292, stack(0x0000000de2500000,0x0000000de2600000)]
  0x00000186c0cd9d80 JavaThread "Execution worker Thread 2" [_thread_blocked, id=9684, stack(0x0000000de2600000,0x0000000de2700000)]
  0x00000186c0cd8f10 JavaThread "Execution worker Thread 3" [_thread_blocked, id=4572, stack(0x0000000de2900000,0x0000000de2a00000)]
  0x00000186c0cdba60 JavaThread "Cache worker for execution history cache (C:\Users\refrizar.dwiardito\AndroidStudioProjects\BelajarAndroid\.gradle\8.0\executionHistory)" [_thread_blocked, id=11708, stack(0x0000000de2a00000,0x0000000de2b00000)]

Other Threads:
  0x00000186bffa58a0 VMThread "VM Thread" [stack: 0x0000000ddd000000,0x0000000ddd100000] [id=12952]
  0x00000186bff88f80 WatcherThread [stack: 0x0000000dddc00000,0x0000000dddd00000] [id=5056]
  0x00000186a6a25e50 GCTaskThread "GC Thread#0" [stack: 0x0000000ddcb00000,0x0000000ddcc00000] [id=12268]
  0x00000186c0d4ffe0 GCTaskThread "GC Thread#1" [stack: 0x0000000ddde00000,0x0000000dddf00000] [id=10112]
  0x00000186c12bd260 GCTaskThread "GC Thread#2" [stack: 0x0000000dddf00000,0x0000000dde000000] [id=8072]
  0x00000186c169bc50 GCTaskThread "GC Thread#3" [stack: 0x0000000dde000000,0x0000000dde100000] [id=2436]
  0x00000186a6a37cb0 ConcurrentGCThread "G1 Main Marker" [stack: 0x0000000ddcc00000,0x0000000ddcd00000] [id=4032]
  0x00000186a6a38d70 ConcurrentGCThread "G1 Conc#0" [stack: 0x0000000ddcd00000,0x0000000ddce00000] [id=12348]
  0x00000186a6a9ea20 ConcurrentGCThread "G1 Refine#0" [stack: 0x0000000ddce00000,0x0000000ddcf00000] [id=12616]
  0x00000186c5d54040 ConcurrentGCThread "G1 Refine#1" [stack: 0x0000000ddf800000,0x0000000ddf900000] [id=4732]
  0x00000186c93bfb10 ConcurrentGCThread "G1 Refine#2" [stack: 0x0000000de2d00000,0x0000000de2e00000] [id=11696]
  0x00000186bfde44a0 ConcurrentGCThread "G1 Service" [stack: 0x0000000ddcf00000,0x0000000ddd000000] [id=8300]

Threads with active compile tasks:
C2 CompilerThread0    95844 17320       4       org.gradle.internal.logging.sink.OutputEventTransformer::onOutput (399 bytes)
C2 CompilerThread1    95844 17355   !   4       java.io.ObjectOutputStream::writeObject0 (620 bytes)

VM state: not at safepoint (normal execution)

VM Mutex/Monitor currently owned by a thread: None

Heap address: 0x0000000080000000, size: 2048 MB, Compressed Oops mode: 32-bit

CDS archive(s) not mapped
Compressed class space mapped at: 0x0000000100000000-0x0000000140000000, reserved size: 1073741824
Narrow klass base: 0x0000000000000000, Narrow klass shift: 3, Narrow klass range: 0x140000000

GC Precious Log:
 CPUs: 4 total, 4 available
 Memory: 8083M
 Large Page Support: Disabled
 NUMA Support: Disabled
 Compressed Oops: Enabled (32-bit)
 Heap Region Size: 1M
 Heap Min Capacity: 8M
 Heap Initial Capacity: 128M
 Heap Max Capacity: 2G
 Pre-touch: Disabled
 Parallel Workers: 4
 Concurrent Workers: 1
 Concurrent Refinement Workers: 4
 Periodic GC: Disabled

Heap:
 garbage-first heap   total 233472K, used 171869K [0x0000000080000000, 0x0000000100000000)
  region size 1024K, 37 young (37888K), 5 survivors (5120K)
 Metaspace       used 110909K, committed 111744K, reserved 1146880K
  class space    used 14568K, committed 14976K, reserved 1048576K

Heap Regions: E=young(eden), S=young(survivor), O=old, HS=humongous(starts), HC=humongous(continues), CS=collection set, F=free, OA=open archive, CA=closed archive, TAMS=top-at-mark-start (previous, next)
|   0|0x0000000080000000, 0x0000000080100000, 0x0000000080100000|100%| O|  |TAMS 0x0000000080100000, 0x0000000080100000| Untracked 
|   1|0x0000000080100000, 0x0000000080200000, 0x0000000080200000|100%| O|  |TAMS 0x0000000080200000, 0x0000000080200000| Untracked 
|   2|0x0000000080200000, 0x0000000080300000, 0x0000000080300000|100%|HS|  |TAMS 0x0000000080300000, 0x0000000080300000| Complete 
|   3|0x0000000080300000, 0x0000000080400000, 0x0000000080400000|100%|HC|  |TAMS 0x0000000080400000, 0x0000000080400000| Complete 
|   4|0x0000000080400000, 0x0000000080500000, 0x0000000080500000|100%|HC|  |TAMS 0x0000000080500000, 0x0000000080500000| Complete 
|   5|0x0000000080500000, 0x0000000080600000, 0x0000000080600000|100%|HC|  |TAMS 0x0000000080600000, 0x0000000080600000| Complete 
|   6|0x0000000080600000, 0x0000000080700000, 0x0000000080700000|100%| O|  |TAMS 0x0000000080700000, 0x0000000080700000| Untracked 
|   7|0x0000000080700000, 0x0000000080800000, 0x0000000080800000|100%| O|  |TAMS 0x0000000080800000, 0x0000000080800000| Untracked 
|   8|0x0000000080800000, 0x0000000080900000, 0x0000000080900000|100%| O|  |TAMS 0x0000000080900000, 0x0000000080900000| Untracked 
|   9|0x0000000080900000, 0x0000000080a00000, 0x0000000080a00000|100%| O|  |TAMS 0x0000000080a00000, 0x0000000080a00000| Untracked 
|  10|0x0000000080a00000, 0x0000000080b00000, 0x0000000080b00000|100%| O|  |TAMS 0x0000000080b00000, 0x0000000080b00000| Untracked 
|  11|0x0000000080b00000, 0x0000000080c00000, 0x0000000080c00000|100%| O|  |TAMS 0x0000000080c00000, 0x0000000080c00000| Untracked 
|  12|0x0000000080c00000, 0x0000000080d00000, 0x0000000080d00000|100%| O|  |TAMS 0x0000000080d00000, 0x0000000080d00000| Untracked 
|  13|0x0000000080d00000, 0x0000000080e00000, 0x0000000080e00000|100%| O|  |TAMS 0x0000000080e00000, 0x0000000080e00000| Untracked 
|  14|0x0000000080e00000, 0x0000000080f00000, 0x0000000080f00000|100%| O|  |TAMS 0x0000000080f00000, 0x0000000080f00000| Untracked 
|  15|0x0000000080f00000, 0x0000000081000000, 0x0000000081000000|100%| O|  |TAMS 0x0000000081000000, 0x0000000081000000| Untracked 
|  16|0x0000000081000000, 0x0000000081100000, 0x0000000081100000|100%| O|  |TAMS 0x0000000081100000, 0x0000000081100000| Untracked 
|  17|0x0000000081100000, 0x0000000081200000, 0x0000000081200000|100%| O|  |TAMS 0x0000000081200000, 0x0000000081200000| Untracked 
|  18|0x0000000081200000, 0x0000000081300000, 0x0000000081300000|100%| O|  |TAMS 0x0000000081300000, 0x0000000081300000| Untracked 
|  19|0x0000000081300000, 0x0000000081400000, 0x0000000081400000|100%| O|  |TAMS 0x0000000081400000, 0x0000000081400000| Untracked 
|  20|0x0000000081400000, 0x0000000081500000, 0x0000000081500000|100%| O|  |TAMS 0x0000000081500000, 0x0000000081500000| Untracked 
|  21|0x0000000081500000, 0x0000000081600000, 0x0000000081600000|100%| O|  |TAMS 0x0000000081600000, 0x0000000081600000| Untracked 
|  22|0x0000000081600000, 0x0000000081700000, 0x0000000081700000|100%| O|  |TAMS 0x0000000081700000, 0x0000000081700000| Untracked 
|  23|0x0000000081700000, 0x0000000081800000, 0x0000000081800000|100%| O|  |TAMS 0x0000000081700000, 0x0000000081800000| Untracked 
|  24|0x0000000081800000, 0x0000000081900000, 0x0000000081900000|100%| O|  |TAMS 0x0000000081900000, 0x0000000081900000| Untracked 
|  25|0x0000000081900000, 0x0000000081a00000, 0x0000000081a00000|100%| O|  |TAMS 0x0000000081a00000, 0x0000000081a00000| Untracked 
|  26|0x0000000081a00000, 0x0000000081b00000, 0x0000000081b00000|100%| O|  |TAMS 0x0000000081b00000, 0x0000000081b00000| Untracked 
|  27|0x0000000081b00000, 0x0000000081c00000, 0x0000000081c00000|100%| O|  |TAMS 0x0000000081b00000, 0x0000000081c00000| Untracked 
|  28|0x0000000081c00000, 0x0000000081d00000, 0x0000000081d00000|100%| O|  |TAMS 0x0000000081d00000, 0x0000000081d00000| Untracked 
|  29|0x0000000081d00000, 0x0000000081e00000, 0x0000000081e00000|100%| O|  |TAMS 0x0000000081e00000, 0x0000000081e00000| Untracked 
|  30|0x0000000081e00000, 0x0000000081f00000, 0x0000000081f00000|100%| O|  |TAMS 0x0000000081f00000, 0x0000000081f00000| Untracked 
|  31|0x0000000081f00000, 0x0000000082000000, 0x0000000082000000|100%|HS|  |TAMS 0x0000000082000000, 0x0000000082000000| Complete 
|  32|0x0000000082000000, 0x0000000082100000, 0x0000000082100000|100%|HS|  |TAMS 0x0000000082100000, 0x0000000082100000| Complete 
|  33|0x0000000082100000, 0x0000000082200000, 0x0000000082200000|100%| O|  |TAMS 0x0000000082200000, 0x0000000082200000| Untracked 
|  34|0x0000000082200000, 0x0000000082300000, 0x0000000082300000|100%| O|  |TAMS 0x0000000082300000, 0x0000000082300000| Untracked 
|  35|0x0000000082300000, 0x0000000082400000, 0x0000000082400000|100%|HS|  |TAMS 0x0000000082400000, 0x0000000082400000| Complete 
|  36|0x0000000082400000, 0x0000000082500000, 0x0000000082500000|100%|HC|  |TAMS 0x0000000082500000, 0x0000000082500000| Complete 
|  37|0x0000000082500000, 0x0000000082600000, 0x0000000082600000|100%| O|  |TAMS 0x0000000082600000, 0x0000000082600000| Untracked 
|  38|0x0000000082600000, 0x0000000082700000, 0x0000000082700000|100%| O|  |TAMS 0x0000000082700000, 0x0000000082700000| Untracked 
|  39|0x0000000082700000, 0x0000000082800000, 0x0000000082800000|100%| O|  |TAMS 0x0000000082800000, 0x0000000082800000| Untracked 
|  40|0x0000000082800000, 0x0000000082900000, 0x0000000082900000|100%| O|  |TAMS 0x0000000082900000, 0x0000000082900000| Untracked 
|  41|0x0000000082900000, 0x0000000082a00000, 0x0000000082a00000|100%| O|  |TAMS 0x0000000082a00000, 0x0000000082a00000| Untracked 
|  42|0x0000000082a00000, 0x0000000082b00000, 0x0000000082b00000|100%|HS|  |TAMS 0x0000000082b00000, 0x0000000082b00000| Complete 
|  43|0x0000000082b00000, 0x0000000082c00000, 0x0000000082c00000|100%|HS|  |TAMS 0x0000000082c00000, 0x0000000082c00000| Complete 
|  44|0x0000000082c00000, 0x0000000082d00000, 0x0000000082d00000|100%|HC|  |TAMS 0x0000000082d00000, 0x0000000082d00000| Complete 
|  45|0x0000000082d00000, 0x0000000082e00000, 0x0000000082e00000|100%|HC|  |TAMS 0x0000000082e00000, 0x0000000082e00000| Complete 
|  46|0x0000000082e00000, 0x0000000082f00000, 0x0000000082f00000|100%|HC|  |TAMS 0x0000000082f00000, 0x0000000082f00000| Complete 
|  47|0x0000000082f00000, 0x0000000083000000, 0x0000000083000000|100%| O|  |TAMS 0x0000000083000000, 0x0000000083000000| Untracked 
|  48|0x0000000083000000, 0x0000000083100000, 0x0000000083100000|100%| O|  |TAMS 0x0000000083100000, 0x0000000083100000| Untracked 
|  49|0x0000000083100000, 0x0000000083200000, 0x0000000083200000|100%| O|  |TAMS 0x0000000083200000, 0x0000000083200000| Untracked 
|  50|0x0000000083200000, 0x0000000083300000, 0x0000000083300000|100%| O|  |TAMS 0x0000000083300000, 0x0000000083300000| Untracked 
|  51|0x0000000083300000, 0x0000000083400000, 0x0000000083400000|100%| O|  |TAMS 0x0000000083400000, 0x0000000083400000| Untracked 
|  52|0x0000000083400000, 0x0000000083500000, 0x0000000083500000|100%| O|  |TAMS 0x0000000083500000, 0x0000000083500000| Untracked 
|  53|0x0000000083500000, 0x0000000083600000, 0x0000000083600000|100%| O|  |TAMS 0x0000000083600000, 0x0000000083600000| Untracked 
|  54|0x0000000083600000, 0x0000000083700000, 0x0000000083700000|100%| O|  |TAMS 0x0000000083700000, 0x0000000083700000| Untracked 
|  55|0x0000000083700000, 0x0000000083800000, 0x0000000083800000|100%| O|  |TAMS 0x0000000083800000, 0x0000000083800000| Untracked 
|  56|0x0000000083800000, 0x0000000083900000, 0x0000000083900000|100%| O|  |TAMS 0x0000000083900000, 0x0000000083900000| Untracked 
|  57|0x0000000083900000, 0x0000000083a00000, 0x0000000083a00000|100%| O|  |TAMS 0x0000000083a00000, 0x0000000083a00000| Untracked 
|  58|0x0000000083a00000, 0x0000000083b00000, 0x0000000083b00000|100%| O|  |TAMS 0x0000000083b00000, 0x0000000083b00000| Untracked 
|  59|0x0000000083b00000, 0x0000000083c00000, 0x0000000083c00000|100%| O|  |TAMS 0x0000000083c00000, 0x0000000083c00000| Untracked 
|  60|0x0000000083c00000, 0x0000000083d00000, 0x0000000083d00000|100%| O|  |TAMS 0x0000000083d00000, 0x0000000083d00000| Untracked 
|  61|0x0000000083d00000, 0x0000000083e00000, 0x0000000083e00000|100%| O|  |TAMS 0x0000000083e00000, 0x0000000083e00000| Untracked 
|  62|0x0000000083e00000, 0x0000000083f00000, 0x0000000083f00000|100%| O|  |TAMS 0x0000000083f00000, 0x0000000083f00000| Untracked 
|  63|0x0000000083f00000, 0x0000000084000000, 0x0000000084000000|100%| O|  |TAMS 0x0000000084000000, 0x0000000084000000| Untracked 
|  64|0x0000000084000000, 0x0000000084100000, 0x0000000084100000|100%| O|  |TAMS 0x0000000084100000, 0x0000000084100000| Untracked 
|  65|0x0000000084100000, 0x0000000084200000, 0x0000000084200000|100%| O|  |TAMS 0x0000000084200000, 0x0000000084200000| Untracked 
|  66|0x0000000084200000, 0x0000000084300000, 0x0000000084300000|100%| O|  |TAMS 0x0000000084300000, 0x0000000084300000| Untracked 
|  67|0x0000000084300000, 0x0000000084400000, 0x0000000084400000|100%| O|  |TAMS 0x0000000084400000, 0x0000000084400000| Untracked 
|  68|0x0000000084400000, 0x0000000084500000, 0x0000000084500000|100%| O|  |TAMS 0x0000000084500000, 0x0000000084500000| Untracked 
|  69|0x0000000084500000, 0x0000000084600000, 0x0000000084600000|100%| O|  |TAMS 0x0000000084600000, 0x0000000084600000| Untracked 
|  70|0x0000000084600000, 0x0000000084700000, 0x0000000084700000|100%| O|  |TAMS 0x0000000084700000, 0x0000000084700000| Untracked 
|  71|0x0000000084700000, 0x0000000084800000, 0x0000000084800000|100%| O|  |TAMS 0x0000000084800000, 0x0000000084800000| Untracked 
|  72|0x0000000084800000, 0x0000000084900000, 0x0000000084900000|100%| O|  |TAMS 0x0000000084900000, 0x0000000084900000| Untracked 
|  73|0x0000000084900000, 0x0000000084a00000, 0x0000000084a00000|100%| O|  |TAMS 0x0000000084a00000, 0x0000000084a00000| Untracked 
|  74|0x0000000084a00000, 0x0000000084b00000, 0x0000000084b00000|100%| O|  |TAMS 0x0000000084b00000, 0x0000000084b00000| Untracked 
|  75|0x0000000084b00000, 0x0000000084c00000, 0x0000000084c00000|100%| O|  |TAMS 0x0000000084c00000, 0x0000000084c00000| Untracked 
|  76|0x0000000084c00000, 0x0000000084d00000, 0x0000000084d00000|100%| O|  |TAMS 0x0000000084d00000, 0x0000000084d00000| Untracked 
|  77|0x0000000084d00000, 0x0000000084e00000, 0x0000000084e00000|100%| O|  |TAMS 0x0000000084e00000, 0x0000000084e00000| Untracked 
|  78|0x0000000084e00000, 0x0000000084f00000, 0x0000000084f00000|100%| O|  |TAMS 0x0000000084f00000, 0x0000000084f00000| Untracked 
|  79|0x0000000084f00000, 0x0000000085000000, 0x0000000085000000|100%| O|  |TAMS 0x0000000085000000, 0x0000000085000000| Untracked 
|  80|0x0000000085000000, 0x0000000085100000, 0x0000000085100000|100%| O|  |TAMS 0x0000000085100000, 0x0000000085100000| Untracked 
|  81|0x0000000085100000, 0x0000000085200000, 0x0000000085200000|100%| O|  |TAMS 0x0000000085200000, 0x0000000085200000| Untracked 
|  82|0x0000000085200000, 0x0000000085300000, 0x0000000085300000|100%| O|  |TAMS 0x0000000085300000, 0x0000000085300000| Untracked 
|  83|0x0000000085300000, 0x0000000085400000, 0x0000000085400000|100%| O|  |TAMS 0x0000000085315800, 0x0000000085400000| Untracked 
|  84|0x0000000085400000, 0x0000000085500000, 0x0000000085500000|100%| O|  |TAMS 0x0000000085400000, 0x0000000085500000| Untracked 
|  85|0x0000000085500000, 0x0000000085600000, 0x0000000085600000|100%| O|  |TAMS 0x0000000085500000, 0x0000000085600000| Untracked 
|  86|0x0000000085600000, 0x0000000085700000, 0x0000000085700000|100%| O|  |TAMS 0x0000000085600000, 0x0000000085700000| Untracked 
|  87|0x0000000085700000, 0x0000000085800000, 0x0000000085800000|100%| O|  |TAMS 0x0000000085700000, 0x0000000085800000| Untracked 
|  88|0x0000000085800000, 0x0000000085900000, 0x0000000085900000|100%| O|  |TAMS 0x0000000085800000, 0x0000000085900000| Untracked 
|  89|0x0000000085900000, 0x0000000085a00000, 0x0000000085a00000|100%| O|  |TAMS 0x0000000085900000, 0x0000000085a00000| Untracked 
|  90|0x0000000085a00000, 0x0000000085b00000, 0x0000000085b00000|100%|HS|  |TAMS 0x0000000085b00000, 0x0000000085b00000| Complete 
|  91|0x0000000085b00000, 0x0000000085c00000, 0x0000000085c00000|100%|HC|  |TAMS 0x0000000085c00000, 0x0000000085c00000| Complete 
|  92|0x0000000085c00000, 0x0000000085d00000, 0x0000000085d00000|100%| O|  |TAMS 0x0000000085c00000, 0x0000000085d00000| Untracked 
|  93|0x0000000085d00000, 0x0000000085e00000, 0x0000000085e00000|100%| O|  |TAMS 0x0000000085d00000, 0x0000000085e00000| Untracked 
|  94|0x0000000085e00000, 0x0000000085f00000, 0x0000000085f00000|100%| O|  |TAMS 0x0000000085e00000, 0x0000000085f00000| Untracked 
|  95|0x0000000085f00000, 0x0000000086000000, 0x0000000086000000|100%| O|  |TAMS 0x0000000085f00000, 0x0000000086000000| Untracked 
|  96|0x0000000086000000, 0x0000000086100000, 0x0000000086100000|100%| O|  |TAMS 0x0000000086000000, 0x0000000086100000| Untracked 
|  97|0x0000000086100000, 0x0000000086200000, 0x0000000086200000|100%| O|  |TAMS 0x0000000086100000, 0x0000000086200000| Untracked 
|  98|0x0000000086200000, 0x0000000086300000, 0x0000000086300000|100%| O|  |TAMS 0x0000000086200000, 0x0000000086300000| Untracked 
|  99|0x0000000086300000, 0x0000000086400000, 0x0000000086400000|100%| O|  |TAMS 0x0000000086300000, 0x0000000086400000| Untracked 
| 100|0x0000000086400000, 0x0000000086500000, 0x0000000086500000|100%| O|  |TAMS 0x0000000086400000, 0x0000000086500000| Untracked 
| 101|0x0000000086500000, 0x0000000086600000, 0x0000000086600000|100%| O|  |TAMS 0x0000000086500000, 0x0000000086600000| Untracked 
| 102|0x0000000086600000, 0x0000000086700000, 0x0000000086700000|100%| O|  |TAMS 0x0000000086600000, 0x0000000086700000| Untracked 
| 103|0x0000000086700000, 0x0000000086800000, 0x0000000086800000|100%| O|  |TAMS 0x0000000086700000, 0x0000000086800000| Untracked 
| 104|0x0000000086800000, 0x0000000086900000, 0x0000000086900000|100%| O|  |TAMS 0x0000000086800000, 0x0000000086900000| Untracked 
| 105|0x0000000086900000, 0x0000000086a00000, 0x0000000086a00000|100%| O|  |TAMS 0x0000000086900000, 0x0000000086a00000| Untracked 
| 106|0x0000000086a00000, 0x0000000086b00000, 0x0000000086b00000|100%| O|  |TAMS 0x0000000086a00000, 0x0000000086b00000| Untracked 
| 107|0x0000000086b00000, 0x0000000086c00000, 0x0000000086c00000|100%| O|  |TAMS 0x0000000086b00000, 0x0000000086c00000| Untracked 
| 108|0x0000000086c00000, 0x0000000086d00000, 0x0000000086d00000|100%| O|  |TAMS 0x0000000086c00000, 0x0000000086d00000| Untracked 
| 109|0x0000000086d00000, 0x0000000086e00000, 0x0000000086e00000|100%| O|  |TAMS 0x0000000086d00000, 0x0000000086e00000| Untracked 
| 110|0x0000000086e00000, 0x0000000086f00000, 0x0000000086f00000|100%| O|  |TAMS 0x0000000086e00000, 0x0000000086f00000| Untracked 
| 111|0x0000000086f00000, 0x0000000087000000, 0x0000000087000000|100%| O|  |TAMS 0x0000000086f00000, 0x0000000087000000| Untracked 
| 112|0x0000000087000000, 0x0000000087100000, 0x0000000087100000|100%| O|  |TAMS 0x0000000087000000, 0x0000000087100000| Untracked 
| 113|0x0000000087100000, 0x0000000087200000, 0x0000000087200000|100%| O|  |TAMS 0x0000000087100000, 0x0000000087200000| Untracked 
| 114|0x0000000087200000, 0x0000000087300000, 0x0000000087300000|100%| O|  |TAMS 0x0000000087200000, 0x0000000087300000| Untracked 
| 115|0x0000000087300000, 0x0000000087400000, 0x0000000087400000|100%| O|  |TAMS 0x0000000087300000, 0x0000000087400000| Untracked 
| 116|0x0000000087400000, 0x0000000087500000, 0x0000000087500000|100%| O|  |TAMS 0x0000000087400000, 0x0000000087500000| Untracked 
| 117|0x0000000087500000, 0x0000000087600000, 0x0000000087600000|100%| O|  |TAMS 0x0000000087500000, 0x0000000087600000| Untracked 
| 118|0x0000000087600000, 0x0000000087700000, 0x0000000087700000|100%| O|  |TAMS 0x0000000087600000, 0x0000000087700000| Untracked 
| 119|0x0000000087700000, 0x0000000087800000, 0x0000000087800000|100%| O|  |TAMS 0x0000000087700000, 0x00000000877d8400| Untracked 
| 120|0x0000000087800000, 0x0000000087800000, 0x0000000087900000|  0%| F|  |TAMS 0x0000000087800000, 0x0000000087800000| Untracked 
| 121|0x0000000087900000, 0x0000000087900000, 0x0000000087a00000|  0%| F|  |TAMS 0x0000000087900000, 0x0000000087900000| Untracked 
| 122|0x0000000087a00000, 0x0000000087a00000, 0x0000000087b00000|  0%| F|  |TAMS 0x0000000087a00000, 0x0000000087a00000| Untracked 
| 123|0x0000000087b00000, 0x0000000087b00000, 0x0000000087c00000|  0%| F|  |TAMS 0x0000000087b00000, 0x0000000087b00000| Untracked 
| 124|0x0000000087c00000, 0x0000000087d00000, 0x0000000087d00000|100%| O|  |TAMS 0x0000000087c00000, 0x0000000087c00000| Untracked 
| 125|0x0000000087d00000, 0x0000000087e00000, 0x0000000087e00000|100%| O|  |TAMS 0x0000000087d00000, 0x0000000087e00000| Untracked 
| 126|0x0000000087e00000, 0x0000000087f00000, 0x0000000087f00000|100%| O|  |TAMS 0x0000000087e00000, 0x0000000087f00000| Untracked 
| 127|0x0000000087f00000, 0x0000000088000000, 0x0000000088000000|100%| O|  |TAMS 0x0000000087f00000, 0x0000000088000000| Untracked 
| 128|0x0000000088000000, 0x0000000088100000, 0x0000000088100000|100%| O|  |TAMS 0x0000000088000000, 0x0000000088100000| Untracked 
| 129|0x0000000088100000, 0x0000000088200000, 0x0000000088200000|100%| O|  |TAMS 0x0000000088100000, 0x0000000088200000| Untracked 
| 130|0x0000000088200000, 0x0000000088300000, 0x0000000088300000|100%| O|  |TAMS 0x0000000088200000, 0x0000000088300000| Untracked 
| 131|0x0000000088300000, 0x0000000088400000, 0x0000000088400000|100%| O|  |TAMS 0x0000000088300000, 0x0000000088400000| Untracked 
| 132|0x0000000088400000, 0x0000000088500000, 0x0000000088500000|100%| O|  |TAMS 0x0000000088400000, 0x0000000088500000| Untracked 
| 133|0x0000000088500000, 0x0000000088600000, 0x0000000088600000|100%| O|  |TAMS 0x0000000088500000, 0x0000000088600000| Untracked 
| 134|0x0000000088600000, 0x0000000088700000, 0x0000000088700000|100%| O|  |TAMS 0x0000000088600000, 0x0000000088700000| Untracked 
| 135|0x0000000088700000, 0x0000000088800000, 0x0000000088800000|100%| O|  |TAMS 0x0000000088700000, 0x0000000088800000| Untracked 
| 136|0x0000000088800000, 0x0000000088800000, 0x0000000088900000|  0%| F|  |TAMS 0x0000000088800000, 0x0000000088800000| Untracked 
| 137|0x0000000088900000, 0x0000000088900000, 0x0000000088a00000|  0%| F|  |TAMS 0x0000000088900000, 0x0000000088900000| Untracked 
| 138|0x0000000088a00000, 0x0000000088a00000, 0x0000000088b00000|  0%| F|  |TAMS 0x0000000088a00000, 0x0000000088a00000| Untracked 
| 139|0x0000000088b00000, 0x0000000088b00000, 0x0000000088c00000|  0%| F|  |TAMS 0x0000000088b00000, 0x0000000088b00000| Untracked 
| 140|0x0000000088c00000, 0x0000000088c00000, 0x0000000088d00000|  0%| F|  |TAMS 0x0000000088c00000, 0x0000000088c00000| Untracked 
| 141|0x0000000088d00000, 0x0000000088d00000, 0x0000000088e00000|  0%| F|  |TAMS 0x0000000088d00000, 0x0000000088d00000| Untracked 
| 142|0x0000000088e00000, 0x0000000088e64800, 0x0000000088f00000| 39%| O|  |TAMS 0x0000000088e00000, 0x0000000088e00000| Untracked 
| 143|0x0000000088f00000, 0x0000000088f00000, 0x0000000089000000|  0%| F|  |TAMS 0x0000000088f00000, 0x0000000088f00000| Untracked 
| 144|0x0000000089000000, 0x0000000089000000, 0x0000000089100000|  0%| F|  |TAMS 0x0000000089000000, 0x0000000089000000| Untracked 
| 145|0x0000000089100000, 0x0000000089100000, 0x0000000089200000|  0%| F|  |TAMS 0x0000000089100000, 0x0000000089100000| Untracked 
| 146|0x0000000089200000, 0x0000000089200000, 0x0000000089300000|  0%| F|  |TAMS 0x0000000089200000, 0x0000000089200000| Untracked 
| 147|0x0000000089300000, 0x0000000089300000, 0x0000000089400000|  0%| F|  |TAMS 0x0000000089300000, 0x0000000089300000| Untracked 
| 148|0x0000000089400000, 0x0000000089400000, 0x0000000089500000|  0%| F|  |TAMS 0x0000000089400000, 0x0000000089400000| Untracked 
| 149|0x0000000089500000, 0x0000000089500000, 0x0000000089600000|  0%| F|  |TAMS 0x0000000089500000, 0x0000000089500000| Untracked 
| 150|0x0000000089600000, 0x0000000089600000, 0x0000000089700000|  0%| F|  |TAMS 0x0000000089600000, 0x0000000089600000| Untracked 
| 151|0x0000000089700000, 0x0000000089700000, 0x0000000089800000|  0%| F|  |TAMS 0x0000000089700000, 0x0000000089700000| Untracked 
| 152|0x0000000089800000, 0x0000000089800000, 0x0000000089900000|  0%| F|  |TAMS 0x0000000089800000, 0x0000000089800000| Untracked 
| 153|0x0000000089900000, 0x0000000089900000, 0x0000000089a00000|  0%| F|  |TAMS 0x0000000089900000, 0x0000000089900000| Untracked 
| 154|0x0000000089a00000, 0x0000000089a00000, 0x0000000089b00000|  0%| F|  |TAMS 0x0000000089a00000, 0x0000000089a00000| Untracked 
| 155|0x0000000089b00000, 0x0000000089b00000, 0x0000000089c00000|  0%| F|  |TAMS 0x0000000089b00000, 0x0000000089b00000| Untracked 
| 156|0x0000000089c00000, 0x0000000089c00000, 0x0000000089d00000|  0%| F|  |TAMS 0x0000000089c00000, 0x0000000089c00000| Untracked 
| 157|0x0000000089d00000, 0x0000000089d00000, 0x0000000089e00000|  0%| F|  |TAMS 0x0000000089d00000, 0x0000000089d00000| Untracked 
| 158|0x0000000089e00000, 0x0000000089e00000, 0x0000000089f00000|  0%| F|  |TAMS 0x0000000089e00000, 0x0000000089e00000| Untracked 
| 159|0x0000000089f00000, 0x0000000089f00000, 0x000000008a000000|  0%| F|  |TAMS 0x0000000089f00000, 0x0000000089f00000| Untracked 
| 160|0x000000008a000000, 0x000000008a000000, 0x000000008a100000|  0%| F|  |TAMS 0x000000008a000000, 0x000000008a000000| Untracked 
| 161|0x000000008a100000, 0x000000008a100000, 0x000000008a200000|  0%| F|  |TAMS 0x000000008a100000, 0x000000008a100000| Untracked 
| 162|0x000000008a200000, 0x000000008a200000, 0x000000008a300000|  0%| F|  |TAMS 0x000000008a200000, 0x000000008a200000| Untracked 
| 163|0x000000008a300000, 0x000000008a300000, 0x000000008a400000|  0%| F|  |TAMS 0x000000008a300000, 0x000000008a300000| Untracked 
| 164|0x000000008a400000, 0x000000008a400000, 0x000000008a500000|  0%| F|  |TAMS 0x000000008a400000, 0x000000008a400000| Untracked 
| 165|0x000000008a500000, 0x000000008a500000, 0x000000008a600000|  0%| F|  |TAMS 0x000000008a500000, 0x000000008a500000| Untracked 
| 166|0x000000008a600000, 0x000000008a600000, 0x000000008a700000|  0%| F|  |TAMS 0x000000008a600000, 0x000000008a600000| Untracked 
| 167|0x000000008a700000, 0x000000008a700000, 0x000000008a800000|  0%| F|  |TAMS 0x000000008a700000, 0x000000008a700000| Untracked 
| 168|0x000000008a800000, 0x000000008a800000, 0x000000008a900000|  0%| F|  |TAMS 0x000000008a800000, 0x000000008a800000| Untracked 
| 169|0x000000008a900000, 0x000000008a972f40, 0x000000008aa00000| 44%| S|CS|TAMS 0x000000008a900000, 0x000000008a900000| Complete 
| 170|0x000000008aa00000, 0x000000008ab00000, 0x000000008ab00000|100%| S|CS|TAMS 0x000000008aa00000, 0x000000008aa00000| Complete 
| 171|0x000000008ab00000, 0x000000008ac00000, 0x000000008ac00000|100%| S|CS|TAMS 0x000000008ab00000, 0x000000008ab00000| Complete 
| 172|0x000000008ac00000, 0x000000008ad00000, 0x000000008ad00000|100%| S|CS|TAMS 0x000000008ac00000, 0x000000008ac00000| Complete 
| 173|0x000000008ad00000, 0x000000008ae00000, 0x000000008ae00000|100%| S|CS|TAMS 0x000000008ad00000, 0x000000008ad00000| Complete 
| 174|0x000000008ae00000, 0x000000008ae00000, 0x000000008af00000|  0%| F|  |TAMS 0x000000008ae00000, 0x000000008ae00000| Untracked 
| 175|0x000000008af00000, 0x000000008af00000, 0x000000008b000000|  0%| F|  |TAMS 0x000000008af00000, 0x000000008af00000| Untracked 
| 176|0x000000008b000000, 0x000000008b000000, 0x000000008b100000|  0%| F|  |TAMS 0x000000008b000000, 0x000000008b000000| Untracked 
| 177|0x000000008b100000, 0x000000008b100000, 0x000000008b200000|  0%| F|  |TAMS 0x000000008b100000, 0x000000008b100000| Untracked 
| 178|0x000000008b200000, 0x000000008b200000, 0x000000008b300000|  0%| F|  |TAMS 0x000000008b200000, 0x000000008b200000| Untracked 
| 179|0x000000008b300000, 0x000000008b300000, 0x000000008b400000|  0%| F|  |TAMS 0x000000008b300000, 0x000000008b300000| Untracked 
| 180|0x000000008b400000, 0x000000008b400000, 0x000000008b500000|  0%| F|  |TAMS 0x000000008b400000, 0x000000008b400000| Untracked 
| 181|0x000000008b500000, 0x000000008b500000, 0x000000008b600000|  0%| F|  |TAMS 0x000000008b500000, 0x000000008b500000| Untracked 
| 182|0x000000008b600000, 0x000000008b600000, 0x000000008b700000|  0%| F|  |TAMS 0x000000008b600000, 0x000000008b600000| Untracked 
| 183|0x000000008b700000, 0x000000008b700000, 0x000000008b800000|  0%| F|  |TAMS 0x000000008b700000, 0x000000008b700000| Untracked 
| 184|0x000000008b800000, 0x000000008b800000, 0x000000008b900000|  0%| F|  |TAMS 0x000000008b800000, 0x000000008b800000| Untracked 
| 185|0x000000008b900000, 0x000000008b900000, 0x000000008ba00000|  0%| F|  |TAMS 0x000000008b900000, 0x000000008b900000| Untracked 
| 186|0x000000008ba00000, 0x000000008ba00000, 0x000000008bb00000|  0%| F|  |TAMS 0x000000008ba00000, 0x000000008ba00000| Untracked 
| 187|0x000000008bb00000, 0x000000008bb00000, 0x000000008bc00000|  0%| F|  |TAMS 0x000000008bb00000, 0x000000008bb00000| Untracked 
| 188|0x000000008bc00000, 0x000000008bc00000, 0x000000008bd00000|  0%| F|  |TAMS 0x000000008bc00000, 0x000000008bc00000| Untracked 
| 189|0x000000008bd00000, 0x000000008bd00000, 0x000000008be00000|  0%| F|  |TAMS 0x000000008bd00000, 0x000000008bd00000| Untracked 
| 190|0x000000008be00000, 0x000000008be00000, 0x000000008bf00000|  0%| F|  |TAMS 0x000000008be00000, 0x000000008be00000| Untracked 
| 191|0x000000008bf00000, 0x000000008bf00000, 0x000000008c000000|  0%| F|  |TAMS 0x000000008bf00000, 0x000000008bf00000| Untracked 
| 192|0x000000008c000000, 0x000000008c000000, 0x000000008c100000|  0%| F|  |TAMS 0x000000008c000000, 0x000000008c000000| Untracked 
| 193|0x000000008c100000, 0x000000008c100000, 0x000000008c200000|  0%| F|  |TAMS 0x000000008c100000, 0x000000008c100000| Untracked 
| 194|0x000000008c200000, 0x000000008c200000, 0x000000008c300000|  0%| F|  |TAMS 0x000000008c200000, 0x000000008c200000| Untracked 
| 195|0x000000008c300000, 0x000000008c300000, 0x000000008c400000|  0%| F|  |TAMS 0x000000008c300000, 0x000000008c300000| Untracked 
| 196|0x000000008c400000, 0x000000008c499208, 0x000000008c500000| 59%| E|  |TAMS 0x000000008c400000, 0x000000008c400000| Complete 
| 197|0x000000008c500000, 0x000000008c600000, 0x000000008c600000|100%| E|CS|TAMS 0x000000008c500000, 0x000000008c500000| Complete 
| 198|0x000000008c600000, 0x000000008c700000, 0x000000008c700000|100%| E|CS|TAMS 0x000000008c600000, 0x000000008c600000| Complete 
| 199|0x000000008c700000, 0x000000008c800000, 0x000000008c800000|100%| E|CS|TAMS 0x000000008c700000, 0x000000008c700000| Complete 
| 200|0x000000008c800000, 0x000000008c900000, 0x000000008c900000|100%| E|CS|TAMS 0x000000008c800000, 0x000000008c800000| Complete 
| 201|0x000000008c900000, 0x000000008ca00000, 0x000000008ca00000|100%| E|CS|TAMS 0x000000008c900000, 0x000000008c900000| Complete 
| 202|0x000000008ca00000, 0x000000008cb00000, 0x000000008cb00000|100%| E|CS|TAMS 0x000000008ca00000, 0x000000008ca00000| Complete 
| 203|0x000000008cb00000, 0x000000008cc00000, 0x000000008cc00000|100%| E|CS|TAMS 0x000000008cb00000, 0x000000008cb00000| Complete 
| 204|0x000000008cc00000, 0x000000008cd00000, 0x000000008cd00000|100%| E|CS|TAMS 0x000000008cc00000, 0x000000008cc00000| Complete 
| 205|0x000000008cd00000, 0x000000008ce00000, 0x000000008ce00000|100%| E|CS|TAMS 0x000000008cd00000, 0x000000008cd00000| Complete 
| 206|0x000000008ce00000, 0x000000008cf00000, 0x000000008cf00000|100%| E|CS|TAMS 0x000000008ce00000, 0x000000008ce00000| Complete 
| 207|0x000000008cf00000, 0x000000008d000000, 0x000000008d000000|100%| E|CS|TAMS 0x000000008cf00000, 0x000000008cf00000| Complete 
| 208|0x000000008d000000, 0x000000008d100000, 0x000000008d100000|100%| E|CS|TAMS 0x000000008d000000, 0x000000008d000000| Complete 
| 209|0x000000008d100000, 0x000000008d200000, 0x000000008d200000|100%| E|CS|TAMS 0x000000008d100000, 0x000000008d100000| Complete 
| 210|0x000000008d200000, 0x000000008d300000, 0x000000008d300000|100%| E|CS|TAMS 0x000000008d200000, 0x000000008d200000| Complete 
| 211|0x000000008d300000, 0x000000008d400000, 0x000000008d400000|100%| E|CS|TAMS 0x000000008d300000, 0x000000008d300000| Complete 
| 212|0x000000008d400000, 0x000000008d500000, 0x000000008d500000|100%| E|CS|TAMS 0x000000008d400000, 0x000000008d400000| Complete 
| 213|0x000000008d500000, 0x000000008d600000, 0x000000008d600000|100%| E|CS|TAMS 0x000000008d500000, 0x000000008d500000| Complete 
| 214|0x000000008d600000, 0x000000008d700000, 0x000000008d700000|100%| E|CS|TAMS 0x000000008d600000, 0x000000008d600000| Complete 
| 215|0x000000008d700000, 0x000000008d800000, 0x000000008d800000|100%| E|CS|TAMS 0x000000008d700000, 0x000000008d700000| Complete 
| 216|0x000000008d800000, 0x000000008d900000, 0x000000008d900000|100%| E|CS|TAMS 0x000000008d800000, 0x000000008d800000| Complete 
| 217|0x000000008d900000, 0x000000008da00000, 0x000000008da00000|100%| E|CS|TAMS 0x000000008d900000, 0x000000008d900000| Complete 
| 218|0x000000008da00000, 0x000000008db00000, 0x000000008db00000|100%| E|CS|TAMS 0x000000008da00000, 0x000000008da00000| Complete 
| 219|0x000000008db00000, 0x000000008dc00000, 0x000000008dc00000|100%| E|CS|TAMS 0x000000008db00000, 0x000000008db00000| Complete 
| 220|0x000000008dc00000, 0x000000008dd00000, 0x000000008dd00000|100%| E|CS|TAMS 0x000000008dc00000, 0x000000008dc00000| Complete 
| 221|0x000000008dd00000, 0x000000008de00000, 0x000000008de00000|100%| E|CS|TAMS 0x000000008dd00000, 0x000000008dd00000| Complete 
| 222|0x000000008de00000, 0x000000008df00000, 0x000000008df00000|100%| E|CS|TAMS 0x000000008de00000, 0x000000008de00000| Complete 
| 223|0x000000008df00000, 0x000000008e000000, 0x000000008e000000|100%| E|CS|TAMS 0x000000008df00000, 0x000000008df00000| Complete 
| 224|0x000000008e000000, 0x000000008e100000, 0x000000008e100000|100%| E|CS|TAMS 0x000000008e000000, 0x000000008e000000| Complete 
| 225|0x000000008e100000, 0x000000008e200000, 0x000000008e200000|100%| E|CS|TAMS 0x000000008e100000, 0x000000008e100000| Complete 
| 226|0x000000008e200000, 0x000000008e300000, 0x000000008e300000|100%| E|CS|TAMS 0x000000008e200000, 0x000000008e200000| Complete 
| 227|0x000000008e300000, 0x000000008e400000, 0x000000008e400000|100%| E|CS|TAMS 0x000000008e300000, 0x000000008e300000| Complete 

Card table byte_map: [0x00000186b92a0000,0x00000186b96a0000] _byte_map_base: 0x00000186b8ea0000

Marking Bits (Prev, Next): (CMBitMap*) 0x00000186a6a27380, (CMBitMap*) 0x00000186a6a273c0
 Prev Bits: [0x00000186b9aa0000, 0x00000186bbaa0000)
 Next Bits: [0x00000186bbaa0000, 0x00000186bdaa0000)

Polling page: 0x00000186a4980000

Metaspace:

Usage:
  Non-class:     94.08 MB used.
      Class:     14.23 MB used.
       Both:    108.31 MB used.

Virtual space:
  Non-class space:       96.00 MB reserved,      94.50 MB ( 98%) committed,  12 nodes.
      Class space:        1.00 GB reserved,      14.62 MB (  1%) committed,  1 nodes.
             Both:        1.09 GB reserved,     109.12 MB ( 10%) committed. 

Chunk freelists:
   Non-Class:  992.00 KB
       Class:  1.28 MB
        Both:  2.25 MB

MaxMetaspaceSize: unlimited
CompressedClassSpaceSize: 1.00 GB
Initial GC threshold: 21.00 MB
Current GC threshold: 162.81 MB
CDS: off
MetaspaceReclaimPolicy: balanced
 - commit_granule_bytes: 65536.
 - commit_granule_words: 8192.
 - virtual_space_node_default_size: 1048576.
 - enlarge_chunks_in_place: 1.
 - new_chunks_are_fully_committed: 0.
 - uncommit_free_chunks: 1.
 - use_allocation_guard: 0.
 - handle_deallocations: 1.


Internal statistics:

num_allocs_failed_limit: 8.
num_arena_births: 1246.
num_arena_deaths: 0.
num_vsnodes_births: 13.
num_vsnodes_deaths: 0.
num_space_committed: 1744.
num_space_uncommitted: 0.
num_chunks_returned_to_freelist: 8.
num_chunks_taken_from_freelist: 5444.
num_chunk_merges: 6.
num_chunk_splits: 3583.
num_chunks_enlarged: 2398.
num_purges: 0.
num_inconsistent_stats: 0.

CodeHeap 'non-profiled nmethods': size=120000Kb used=8711Kb max_used=8912Kb free=111288Kb
 bounds [0x00000186b1970000, 0x00000186b2230000, 0x00000186b8ea0000]
CodeHeap 'profiled nmethods': size=120000Kb used=26929Kb max_used=27170Kb free=93070Kb
 bounds [0x00000186a9ea0000, 0x00000186ab930000, 0x00000186b13d0000]
CodeHeap 'non-nmethods': size=5760Kb used=2417Kb max_used=2474Kb free=3342Kb
 bounds [0x00000186b13d0000, 0x00000186b1650000, 0x00000186b1970000]
 total_blobs=15020 nmethods=14065 adapters=867
 compilation: enabled
              stopped_count=0, restarted_count=0
 full_count=0

Compilation events (20 events):
Event: 95.597 Thread 0x00000186c0911b60 17363       3       java.io.ObjectOutputStream::<init> (99 bytes)
Event: 95.598 Thread 0x00000186c0911b60 nmethod 17363 0x00000186aa4df810 code [0x00000186aa4dfa80, 0x00000186aa4e0288]
Event: 95.598 Thread 0x00000186c0911b60 17364       3       java.io.ObjectOutputStream::verifySubclass (47 bytes)
Event: 95.599 Thread 0x00000186c0911b60 nmethod 17364 0x00000186ab69ff90 code [0x00000186ab6a01a0, 0x00000186ab6a08f8]
Event: 95.601 Thread 0x00000186c0911b60 17365       3       org.gradle.api.internal.file.collections.DefaultDirectoryFileTreeFactory::create (14 bytes)
Event: 95.601 Thread 0x00000186c0911b60 nmethod 17365 0x00000186aa786a10 code [0x00000186aa786bc0, 0x00000186aa786d68]
Event: 95.602 Thread 0x00000186c0911b60 17366       3       org.gradle.api.specs.AndSpec::isSatisfiedBy (14 bytes)
Event: 95.602 Thread 0x00000186c0911b60 nmethod 17366 0x00000186aa7c0f90 code [0x00000186aa7c1140, 0x00000186aa7c12e8]
Event: 95.602 Thread 0x00000186c0911b60 17368       3       org.gradle.api.tasks.util.internal.CachingPatternSpecFactory$CachingSpec::isSatisfiedBy (9 bytes)
Event: 95.602 Thread 0x00000186c0911b60 nmethod 17368 0x00000186ab4c4e90 code [0x00000186ab4c5040, 0x00000186ab4c5288]
Event: 95.602 Thread 0x00000186c0911b60 17369   !   3       org.gradle.api.tasks.util.internal.CachingPatternSpecFactory$CachingSpec::isSatisfiedBy (40 bytes)
Event: 95.603 Thread 0x00000186c0911b60 nmethod 17369 0x00000186aa87c310 code [0x00000186aa87c520, 0x00000186aa87cc58]
Event: 95.605 Thread 0x00000186c0911b60 17370       3       org.gradle.api.tasks.util.PatternSet::getExcludes (19 bytes)
Event: 95.605 Thread 0x00000186c0911b60 nmethod 17370 0x00000186ab6a4f90 code [0x00000186ab6a5160, 0x00000186ab6a5468]
Event: 95.610 Thread 0x00000186c0911b60 17371       3       org.gradle.api.internal.attributes.DefaultImmutableAttributesFactory::concat (126 bytes)
Event: 95.611 Thread 0x00000186c0911b60 nmethod 17371 0x00000186ab697b10 code [0x00000186ab697de0, 0x00000186ab698e78]
Event: 95.611 Thread 0x00000186c0911b60 17372       3       com.android.build.gradle.internal.dependency.VariantDependencies$Companion$getComponentFilter$1::isSatisfiedBy (9 bytes)
Event: 95.611 Thread 0x00000186c0911b60 nmethod 17372 0x00000186ab6c7f90 code [0x00000186ab6c8140, 0x00000186ab6c8518]
Event: 95.611 Thread 0x00000186c0911b60 17373       3       com.android.build.gradle.internal.dependency.VariantDependencies$Companion$getComponentFilter$1::isSatisfiedBy (13 bytes)
Event: 95.612 Thread 0x00000186c0911b60 nmethod 17373 0x00000186aafe3e90 code [0x00000186aafe4020, 0x00000186aafe4298]

GC Heap History (20 events):
Event: 28.412 GC heap before
{Heap before GC invocations=37 (full 0):
 garbage-first heap   total 233472K, used 159783K [0x0000000080000000, 0x0000000100000000)
  region size 1024K, 63 young (64512K), 7 survivors (7168K)
 Metaspace       used 99218K, committed 99904K, reserved 1138688K
  class space    used 13413K, committed 13760K, reserved 1048576K
}
Event: 28.449 GC heap after
{Heap after GC invocations=38 (full 0):
 garbage-first heap   total 233472K, used 117224K [0x0000000080000000, 0x0000000100000000)
  region size 1024K, 13 young (13312K), 13 survivors (13312K)
 Metaspace       used 99218K, committed 99904K, reserved 1138688K
  class space    used 13413K, committed 13760K, reserved 1048576K
}
Event: 30.740 GC heap before
{Heap before GC invocations=39 (full 0):
 garbage-first heap   total 233472K, used 196072K [0x0000000080000000, 0x0000000100000000)
  region size 1024K, 70 young (71680K), 13 survivors (13312K)
 Metaspace       used 99887K, committed 100608K, reserved 1138688K
  class space    used 13480K, committed 13824K, reserved 1048576K
}
Event: 30.773 GC heap after
{Heap after GC invocations=40 (full 0):
 garbage-first heap   total 233472K, used 123392K [0x0000000080000000, 0x0000000100000000)
  region size 1024K, 8 young (8192K), 8 survivors (8192K)
 Metaspace       used 99887K, committed 100608K, reserved 1138688K
  class space    used 13480K, committed 13824K, reserved 1048576K
}
Event: 30.798 GC heap before
{Heap before GC invocations=40 (full 0):
 garbage-first heap   total 233472K, used 126464K [0x0000000080000000, 0x0000000100000000)
  region size 1024K, 11 young (11264K), 8 survivors (8192K)
 Metaspace       used 99901K, committed 100608K, reserved 1138688K
  class space    used 13481K, committed 13824K, reserved 1048576K
}
Event: 30.815 GC heap after
{Heap after GC invocations=41 (full 0):
 garbage-first heap   total 233472K, used 124788K [0x0000000080000000, 0x0000000100000000)
  region size 1024K, 2 young (2048K), 2 survivors (2048K)
 Metaspace       used 99901K, committed 100608K, reserved 1138688K
  class space    used 13481K, committed 13824K, reserved 1048576K
}
Event: 32.257 GC heap before
{Heap before GC invocations=41 (full 0):
 garbage-first heap   total 233472K, used 178036K [0x0000000080000000, 0x0000000100000000)
  region size 1024K, 55 young (56320K), 2 survivors (2048K)
 Metaspace       used 103669K, committed 104384K, reserved 1146880K
  class space    used 13793K, committed 14144K, reserved 1048576K
}
Event: 32.269 GC heap after
{Heap after GC invocations=42 (full 0):
 garbage-first heap   total 233472K, used 129876K [0x0000000080000000, 0x0000000100000000)
  region size 1024K, 7 young (7168K), 7 survivors (7168K)
 Metaspace       used 103669K, committed 104384K, reserved 1146880K
  class space    used 13793K, committed 14144K, reserved 1048576K
}
Event: 32.942 GC heap before
{Heap before GC invocations=42 (full 0):
 garbage-first heap   total 233472K, used 182100K [0x0000000080000000, 0x0000000100000000)
  region size 1024K, 59 young (60416K), 7 survivors (7168K)
 Metaspace       used 104220K, committed 105024K, reserved 1146880K
  class space    used 13837K, committed 14208K, reserved 1048576K
}
Event: 32.949 GC heap after
{Heap after GC invocations=43 (full 0):
 garbage-first heap   total 233472K, used 127663K [0x0000000080000000, 0x0000000100000000)
  region size 1024K, 1 young (1024K), 1 survivors (1024K)
 Metaspace       used 104220K, committed 105024K, reserved 1146880K
  class space    used 13837K, committed 14208K, reserved 1048576K
}
Event: 34.093 GC heap before
{Heap before GC invocations=43 (full 0):
 garbage-first heap   total 233472K, used 186031K [0x0000000080000000, 0x0000000100000000)
  region size 1024K, 59 young (60416K), 1 survivors (1024K)
 Metaspace       used 105108K, committed 105792K, reserved 1146880K
  class space    used 13892K, committed 14208K, reserved 1048576K
}
Event: 34.100 GC heap after
{Heap after GC invocations=44 (full 0):
 garbage-first heap   total 233472K, used 129377K [0x0000000080000000, 0x0000000100000000)
  region size 1024K, 3 young (3072K), 3 survivors (3072K)
 Metaspace       used 105108K, committed 105792K, reserved 1146880K
  class space    used 13892K, committed 14208K, reserved 1048576K
}
Event: 35.632 GC heap before
{Heap before GC invocations=44 (full 0):
 garbage-first heap   total 233472K, used 188769K [0x0000000080000000, 0x0000000100000000)
  region size 1024K, 62 young (63488K), 3 survivors (3072K)
 Metaspace       used 106056K, committed 106752K, reserved 1146880K
  class space    used 14003K, committed 14336K, reserved 1048576K
}
Event: 35.644 GC heap after
{Heap after GC invocations=45 (full 0):
 garbage-first heap   total 233472K, used 134383K [0x0000000080000000, 0x0000000100000000)
  region size 1024K, 8 young (8192K), 8 survivors (8192K)
 Metaspace       used 106056K, committed 106752K, reserved 1146880K
  class space    used 14003K, committed 14336K, reserved 1048576K
}
Event: 48.877 GC heap before
{Heap before GC invocations=45 (full 0):
 garbage-first heap   total 233472K, used 189679K [0x0000000080000000, 0x0000000100000000)
  region size 1024K, 63 young (64512K), 8 survivors (8192K)
 Metaspace       used 107322K, committed 108032K, reserved 1146880K
  class space    used 14148K, committed 14464K, reserved 1048576K
}
Event: 48.894 GC heap after
{Heap after GC invocations=46 (full 0):
 garbage-first heap   total 233472K, used 138081K [0x0000000080000000, 0x0000000100000000)
  region size 1024K, 4 young (4096K), 4 survivors (4096K)
 Metaspace       used 107322K, committed 108032K, reserved 1146880K
  class space    used 14148K, committed 14464K, reserved 1048576K
}
Event: 49.495 GC heap before
{Heap before GC invocations=46 (full 0):
 garbage-first heap   total 233472K, used 155489K [0x0000000080000000, 0x0000000100000000)
  region size 1024K, 17 young (17408K), 4 survivors (4096K)
 Metaspace       used 109159K, committed 109952K, reserved 1146880K
  class space    used 14395K, committed 14784K, reserved 1048576K
}
Event: 49.504 GC heap after
{Heap after GC invocations=47 (full 0):
 garbage-first heap   total 233472K, used 145249K [0x0000000080000000, 0x0000000100000000)
  region size 1024K, 5 young (5120K), 5 survivors (5120K)
 Metaspace       used 109159K, committed 109952K, reserved 1146880K
  class space    used 14395K, committed 14784K, reserved 1048576K
}
Event: 93.496 GC heap before
{Heap before GC invocations=47 (full 0):
 garbage-first heap   total 233472K, used 198497K [0x0000000080000000, 0x0000000100000000)
  region size 1024K, 54 young (55296K), 5 survivors (5120K)
 Metaspace       used 110530K, committed 111360K, reserved 1146880K
  class space    used 14559K, committed 14976K, reserved 1048576K
}
Event: 93.511 GC heap after
{Heap after GC invocations=48 (full 0):
 garbage-first heap   total 233472K, used 140125K [0x0000000080000000, 0x0000000100000000)
  region size 1024K, 5 young (5120K), 5 survivors (5120K)
 Metaspace       used 110530K, committed 111360K, reserved 1146880K
  class space    used 14559K, committed 14976K, reserved 1048576K
}

Dll operation events (2 events):
Event: 0.011 Loaded shared library C:\Program Files\Android\Android Studio\jbr\bin\java.dll
Event: 0.649 Loaded shared library C:\Program Files\Android\Android Studio\jbr\bin\verify.dll

Deoptimization events (20 events):
Event: 95.209 Thread 0x00000186c38f4080 Uncommon trap: trap_request=0xffffff45 fr.pc=0x00000186b1d051e4 relative=0x0000000000000164
Event: 95.209 Thread 0x00000186c38f4080 Uncommon trap: reason=unstable_if action=reinterpret pc=0x00000186b1d051e4 method=java.util.concurrent.locks.ReentrantLock$Sync.tryLock()Z @ 34 c2
Event: 95.209 Thread 0x00000186c38f4080 DEOPT PACKING pc=0x00000186b1d051e4 sp=0x0000000de13fe8c0
Event: 95.209 Thread 0x00000186c38f4080 DEOPT UNPACKING pc=0x00000186b14269a3 sp=0x0000000de13fe870 mode 2
Event: 95.375 Thread 0x00000186c0cdd270 Uncommon trap: trap_request=0xffffff45 fr.pc=0x00000186b20d48f8 relative=0x0000000000001338
Event: 95.375 Thread 0x00000186c0cdd270 Uncommon trap: reason=unstable_if action=reinterpret pc=0x00000186b20d48f8 method=java.util.concurrent.ConcurrentHashMap.computeIfAbsent(Ljava/lang/Object;Ljava/util/function/Function;)Ljava/lang/Object; @ 244 c2
Event: 95.375 Thread 0x00000186c0cdd270 DEOPT PACKING pc=0x00000186b20d48f8 sp=0x0000000de24f8ef0
Event: 95.375 Thread 0x00000186c0cdd270 DEOPT UNPACKING pc=0x00000186b14269a3 sp=0x0000000de24f8e78 mode 2
Event: 95.499 Thread 0x00000186c0cd8f10 Uncommon trap: trap_request=0xffffffd6 fr.pc=0x00000186b1fc32c8 relative=0x0000000000001b48
Event: 95.499 Thread 0x00000186c0cd8f10 Uncommon trap: reason=array_check action=maybe_recompile pc=0x00000186b1fc32c8 method=java.util.TimSort.reverseRange([Ljava/lang/Object;II)V @ 27 c2
Event: 95.499 Thread 0x00000186c0cd8f10 DEOPT PACKING pc=0x00000186b1fc32c8 sp=0x0000000de29fa570
Event: 95.499 Thread 0x00000186c0cd8f10 DEOPT UNPACKING pc=0x00000186b14269a3 sp=0x0000000de29fa3c0 mode 2
Event: 95.499 Thread 0x00000186c0cd8f10 Uncommon trap: trap_request=0xffffffd6 fr.pc=0x00000186b1fc32c8 relative=0x0000000000001b48
Event: 95.499 Thread 0x00000186c0cd8f10 Uncommon trap: reason=array_check action=maybe_recompile pc=0x00000186b1fc32c8 method=java.util.TimSort.reverseRange([Ljava/lang/Object;II)V @ 27 c2
Event: 95.499 Thread 0x00000186c0cd8f10 DEOPT PACKING pc=0x00000186b1fc32c8 sp=0x0000000de29fa320
Event: 95.499 Thread 0x00000186c0cd8f10 DEOPT UNPACKING pc=0x00000186b14269a3 sp=0x0000000de29fa170 mode 2
Event: 95.592 Thread 0x00000186c0cd80a0 Uncommon trap: trap_request=0xffffffc6 fr.pc=0x00000186b212d028 relative=0x0000000000000948
Event: 95.592 Thread 0x00000186c0cd80a0 Uncommon trap: reason=bimorphic_or_optimized_type_check action=maybe_recompile pc=0x00000186b212d028 method=org.gradle.internal.snapshot.SnapshotUtil$1.handleExactMatchWithChild(Lorg/gradle/internal/snapshot/FileSystemNode;)Ljava/util/Optional; @ 1 c2
Event: 95.592 Thread 0x00000186c0cd80a0 DEOPT PACKING pc=0x00000186b212d028 sp=0x0000000de25fbf90
Event: 95.592 Thread 0x00000186c0cd80a0 DEOPT UNPACKING pc=0x00000186b14269a3 sp=0x0000000de25fbe80 mode 2

Classes unloaded (0 events):
No events

Classes redefined (0 events):
No events

Internal exceptions (20 events):
Event: 49.202 Thread 0x00000186c8919ed0 Exception <a 'java/lang/NoSuchMethodError'{0x000000008dcb9060}: 'java.lang.Object java.lang.invoke.Invokers$Holder.linkToTargetMethod(java.lang.Object, java.lang.Object, java.lang.Object, java.lang.Object, int, java.lang.Object, java.lang.Object)'> (0x000000008dcb9060) 
thrown [s\src\hotspot\share\interpreter\linkResolver.cpp, line 771]
Event: 49.234 Thread 0x00000186c8919ed0 Exception <a 'java/lang/NoSuchMethodError'{0x000000008db44628}: 'java.lang.Object java.lang.invoke.DirectMethodHandle$Holder.newInvokeSpecial(java.lang.Object, java.lang.Object, java.lang.Object, java.lang.Object, java.lang.Object, java.lang.Object, java.lang.Object, int)'> (0x000000008db44628) 
thrown [s\src\hotspot\share\interpreter\linkResolver.cpp, line 771]
Event: 49.234 Thread 0x00000186c8919ed0 Exception <a 'java/lang/NoSuchMethodError'{0x000000008db49eb0}: 'java.lang.Object java.lang.invoke.DirectMethodHandle$Holder.invokeSpecial(java.lang.Object, java.lang.Object, java.lang.Object, java.lang.Object, java.lang.Object, java.lang.Object, java.lang.Object, java.lang.Object, int)'> (0x000000008db49eb0) 
thrown [s\src\hotspot\share\interpreter\linkResolver.cpp, line 771]
Event: 49.234 Thread 0x00000186c8919ed0 Exception <a 'java/lang/NoSuchMethodError'{0x000000008db4ebd8}: 'java.lang.Object java.lang.invoke.Invokers$Holder.linkToTargetMethod(java.lang.Object, java.lang.Object, java.lang.Object, java.lang.Object, java.lang.Object, java.lang.Object, int, java.lang.Object)'> (0x000000008db4ebd8) 
thrown [s\src\hotspot\share\interpreter\linkResolver.cpp, line 771]
Event: 49.450 Thread 0x00000186c8919ed0 Exception <a 'java/lang/NoSuchMethodError'{0x000000008d8fad00}: 'java.lang.Object java.lang.invoke.Invokers$Holder.invoke_MT(java.lang.Object, java.lang.Object, java.lang.Object)'> (0x000000008d8fad00) 
thrown [s\src\hotspot\share\interpreter\linkResolver.cpp, line 771]
Event: 49.478 Thread 0x00000186c38f4a20 Implicit null exception at 0x00000186b1c20283 to 0x00000186b1c20448
Event: 49.669 Thread 0x00000186c3592f20 Exception <a 'sun/nio/fs/WindowsException'{0x000000008e1bc8e8}> (0x000000008e1bc8e8) 
thrown [s\src\hotspot\share\prims\jni.cpp, line 517]
Event: 49.669 Thread 0x00000186c3592f20 Exception <a 'sun/nio/fs/WindowsException'{0x000000008e1bcd28}> (0x000000008e1bcd28) 
thrown [s\src\hotspot\share\prims\jni.cpp, line 517]
Event: 49.669 Thread 0x00000186c3592f20 Exception <a 'sun/nio/fs/WindowsException'{0x000000008e1bec80}> (0x000000008e1bec80) 
thrown [s\src\hotspot\share\prims\jni.cpp, line 517]
Event: 93.178 Thread 0x00000186c3592f20 Exception <a 'sun/nio/fs/WindowsException'{0x000000008b3732d8}> (0x000000008b3732d8) 
thrown [s\src\hotspot\share\prims\jni.cpp, line 517]
Event: 94.203 Thread 0x00000186c3592f20 Exception <a 'sun/nio/fs/WindowsException'{0x000000008db781e0}> (0x000000008db781e0) 
thrown [s\src\hotspot\share\prims\jni.cpp, line 517]
Event: 94.223 Thread 0x00000186c3592f20 Exception <a 'sun/nio/fs/WindowsException'{0x000000008da0f830}> (0x000000008da0f830) 
thrown [s\src\hotspot\share\prims\jni.cpp, line 517]
Event: 94.224 Thread 0x00000186c3592f20 Exception <a 'sun/nio/fs/WindowsException'{0x000000008da10c00}> (0x000000008da10c00) 
thrown [s\src\hotspot\share\prims\jni.cpp, line 517]
Event: 94.224 Thread 0x00000186c3592f20 Exception <a 'sun/nio/fs/WindowsException'{0x000000008da12020}> (0x000000008da12020) 
thrown [s\src\hotspot\share\prims\jni.cpp, line 517]
Event: 94.224 Thread 0x00000186c3592f20 Exception <a 'sun/nio/fs/WindowsException'{0x000000008da13440}> (0x000000008da13440) 
thrown [s\src\hotspot\share\prims\jni.cpp, line 517]
Event: 94.806 Thread 0x00000186c0cd80a0 Exception <a 'sun/nio/fs/WindowsException'{0x000000008d6c8470}> (0x000000008d6c8470) 
thrown [s\src\hotspot\share\prims\jni.cpp, line 517]
Event: 95.571 Thread 0x00000186c0cd8f10 Exception <a 'sun/nio/fs/WindowsException'{0x000000008c6da190}> (0x000000008c6da190) 
thrown [s\src\hotspot\share\prims\jni.cpp, line 517]
Event: 95.572 Thread 0x00000186c0cd8f10 Exception <a 'sun/nio/fs/WindowsException'{0x000000008c6dbf18}> (0x000000008c6dbf18) 
thrown [s\src\hotspot\share\prims\jni.cpp, line 517]
Event: 95.572 Thread 0x00000186c0cd8f10 Exception <a 'sun/nio/fs/WindowsException'{0x000000008c6ddb20}> (0x000000008c6ddb20) 
thrown [s\src\hotspot\share\prims\jni.cpp, line 517]
Event: 95.580 Thread 0x00000186c0cd80a0 Exception <a 'sun/nio/fs/WindowsException'{0x000000008c500a78}> (0x000000008c500a78) 
thrown [s\src\hotspot\share\prims\jni.cpp, line 517]

VM Operations (20 events):
Event: 92.148 Executing VM operation: Cleanup
Event: 92.149 Executing VM operation: Cleanup done
Event: 92.773 Executing VM operation: HandshakeAllThreads
Event: 92.774 Executing VM operation: HandshakeAllThreads done
Event: 92.785 Executing VM operation: ICBufferFull
Event: 92.785 Executing VM operation: ICBufferFull done
Event: 93.187 Executing VM operation: ICBufferFull
Event: 93.187 Executing VM operation: ICBufferFull done
Event: 93.344 Executing VM operation: HandshakeAllThreads
Event: 93.344 Executing VM operation: HandshakeAllThreads done
Event: 93.496 Executing VM operation: G1CollectForAllocation
Event: 93.516 Executing VM operation: G1CollectForAllocation done
Event: 94.426 Executing VM operation: ICBufferFull
Event: 94.426 Executing VM operation: ICBufferFull done
Event: 94.804 Executing VM operation: HandshakeAllThreads
Event: 94.839 Executing VM operation: HandshakeAllThreads done
Event: 95.211 Executing VM operation: ICBufferFull
Event: 95.211 Executing VM operation: ICBufferFull done
Event: 95.468 Executing VM operation: ICBufferFull
Event: 95.469 Executing VM operation: ICBufferFull done

Events (20 events):
Event: 94.870 Thread 0x00000186c091db70 flushing nmethod 0x00000186ab6f8c10
Event: 94.870 Thread 0x00000186c091db70 flushing nmethod 0x00000186ab6f9290
Event: 94.870 Thread 0x00000186c091db70 flushing nmethod 0x00000186ab6f9a90
Event: 94.870 Thread 0x00000186c091db70 flushing nmethod 0x00000186ab6faa90
Event: 94.870 Thread 0x00000186c091db70 flushing nmethod 0x00000186ab6fb890
Event: 94.870 Thread 0x00000186c091db70 flushing nmethod 0x00000186ab6fc290
Event: 94.870 Thread 0x00000186c091db70 flushing nmethod 0x00000186ab6fc610
Event: 94.870 Thread 0x00000186c091db70 flushing nmethod 0x00000186ab702310
Event: 94.870 Thread 0x00000186c091db70 flushing nmethod 0x00000186ab702690
Event: 94.870 Thread 0x00000186c091db70 flushing nmethod 0x00000186ab710d10
Event: 94.871 Thread 0x00000186c091db70 flushing nmethod 0x00000186ab799a10
Event: 94.871 Thread 0x00000186c091db70 flushing nmethod 0x00000186ab7a1490
Event: 94.871 Thread 0x00000186c091db70 flushing nmethod 0x00000186ab7a3990
Event: 94.871 Thread 0x00000186c091db70 flushing nmethod 0x00000186ab7d3b90
Event: 94.871 Thread 0x00000186c091db70 flushing nmethod 0x00000186ab7d3f10
Event: 94.871 Thread 0x00000186c091db70 flushing nmethod 0x00000186ab7d8690
Event: 94.871 Thread 0x00000186c091db70 flushing nmethod 0x00000186ab7d9f90
Event: 94.871 Thread 0x00000186c091db70 flushing nmethod 0x00000186ab7db090
Event: 94.871 Thread 0x00000186c091db70 flushing nmethod 0x00000186ab7dd610
Event: 94.871 Thread 0x00000186c091db70 flushing nmethod 0x00000186ab7f0390


Dynamic libraries:
0x00007ff64e1f0000 - 0x00007ff64e1fa000 	C:\Program Files\Android\Android Studio\jbr\bin\java.exe
0x00007ffe79590000 - 0x00007ffe79788000 	C:\Windows\SYSTEM32\ntdll.dll
0x00007ffe79490000 - 0x00007ffe7954d000 	C:\Windows\System32\KERNEL32.DLL
0x00007ffe76e40000 - 0x00007ffe77136000 	C:\Windows\System32\KERNELBASE.dll
0x00007ffe76c70000 - 0x00007ffe76d70000 	C:\Windows\System32\ucrtbase.dll
0x00007ffe5c480000 - 0x00007ffe5c49b000 	C:\Program Files\Android\Android Studio\jbr\bin\VCRUNTIME140.dll
0x00007ffe5c4c0000 - 0x00007ffe5c4d7000 	C:\Program Files\Android\Android Studio\jbr\bin\jli.dll
0x00007ffe787a0000 - 0x00007ffe7893e000 	C:\Windows\System32\USER32.dll
0x00007ffe76e10000 - 0x00007ffe76e32000 	C:\Windows\System32\win32u.dll
0x00007ffe78b60000 - 0x00007ffe78b8c000 	C:\Windows\System32\GDI32.dll
0x00007ffe77250000 - 0x00007ffe7736a000 	C:\Windows\System32\gdi32full.dll
0x00007ffe76d70000 - 0x00007ffe76e0d000 	C:\Windows\System32\msvcp_win.dll
0x00007ffe66730000 - 0x00007ffe669ca000 	C:\Windows\WinSxS\amd64_microsoft.windows.common-controls_6595b64144ccf1df_6.0.19041.1110_none_60b5254171f9507e\COMCTL32.dll
0x00007ffe78650000 - 0x00007ffe786ee000 	C:\Windows\System32\msvcrt.dll
0x00007ffe789c0000 - 0x00007ffe789f0000 	C:\Windows\System32\IMM32.DLL
0x00007ffe5d4c0000 - 0x00007ffe5d4cc000 	C:\Program Files\Android\Android Studio\jbr\bin\vcruntime140_1.dll
0x00007ffe51ac0000 - 0x00007ffe51b4d000 	C:\Program Files\Android\Android Studio\jbr\bin\msvcp140.dll
0x00007ffe20d70000 - 0x00007ffe219de000 	C:\Program Files\Android\Android Studio\jbr\bin\server\jvm.dll
0x00007ffe77a00000 - 0x00007ffe77aae000 	C:\Windows\System32\ADVAPI32.dll
0x00007ffe775f0000 - 0x00007ffe7768c000 	C:\Windows\System32\sechost.dll
0x00007ffe77cc0000 - 0x00007ffe77de6000 	C:\Windows\System32\RPCRT4.dll
0x00007ffe66b10000 - 0x00007ffe66b19000 	C:\Windows\SYSTEM32\WSOCK32.dll
0x00007ffe78a00000 - 0x00007ffe78a6b000 	C:\Windows\System32\WS2_32.dll
0x00007ffe69760000 - 0x00007ffe69787000 	C:\Windows\SYSTEM32\WINMM.dll
0x00007ffe69ea0000 - 0x00007ffe69eaa000 	C:\Windows\SYSTEM32\VERSION.dll
0x00007ffe74ce0000 - 0x00007ffe74cf2000 	C:\Windows\SYSTEM32\kernel.appcore.dll
0x00007ffe647b0000 - 0x00007ffe647ba000 	C:\Program Files\Android\Android Studio\jbr\bin\jimage.dll
0x00007ffe60280000 - 0x00007ffe60464000 	C:\Windows\SYSTEM32\DBGHELP.DLL
0x00007ffe60200000 - 0x00007ffe60234000 	C:\Windows\SYSTEM32\dbgcore.DLL
0x00007ffe771c0000 - 0x00007ffe77242000 	C:\Windows\System32\bcryptPrimitives.dll
0x00007ffe5c990000 - 0x00007ffe5c9b5000 	C:\Program Files\Android\Android Studio\jbr\bin\java.dll
0x00007ffe5e470000 - 0x00007ffe5e488000 	C:\Program Files\Android\Android Studio\jbr\bin\zip.dll
0x00007ffe78d40000 - 0x00007ffe79485000 	C:\Windows\System32\SHELL32.dll
0x00007ffe74d00000 - 0x00007ffe7549b000 	C:\Windows\SYSTEM32\windows.storage.dll
0x00007ffe77690000 - 0x00007ffe779e4000 	C:\Windows\System32\combase.dll
0x00007ffe76640000 - 0x00007ffe7666e000 	C:\Windows\SYSTEM32\Wldp.dll
0x00007ffe77f20000 - 0x00007ffe77fcd000 	C:\Windows\System32\SHCORE.dll
0x00007ffe78cc0000 - 0x00007ffe78d15000 	C:\Windows\System32\shlwapi.dll
0x00007ffe76ba0000 - 0x00007ffe76bc5000 	C:\Windows\SYSTEM32\profapi.dll
0x00007ffe5c840000 - 0x00007ffe5c859000 	C:\Program Files\Android\Android Studio\jbr\bin\net.dll
0x00007ffe6ac40000 - 0x00007ffe6ad4a000 	C:\Windows\SYSTEM32\WINHTTP.dll
0x00007ffe763a0000 - 0x00007ffe7640a000 	C:\Windows\system32\mswsock.dll
0x00007ffe5c820000 - 0x00007ffe5c836000 	C:\Program Files\Android\Android Studio\jbr\bin\nio.dll
0x00007ffe63030000 - 0x00007ffe63040000 	C:\Program Files\Android\Android Studio\jbr\bin\verify.dll
0x00007ffe5b450000 - 0x00007ffe5b477000 	C:\Users\refrizar.dwiardito\.gradle\native\68d5fa5c4cc2d200863cafc0d521ce42e7d3e7ee720ec0a83991735586a16f82\windows-amd64\native-platform.dll
0x00007ffe5d2f0000 - 0x00007ffe5d434000 	C:\Users\refrizar.dwiardito\.gradle\native\e376f236ea51e6404a007f0833ffe2c6e607c4080706a723a18a27aeea778392\windows-amd64\native-platform-file-events.dll
0x00007ffe62c50000 - 0x00007ffe62c59000 	C:\Program Files\Android\Android Studio\jbr\bin\management.dll
0x00007ffe60dc0000 - 0x00007ffe60dcb000 	C:\Program Files\Android\Android Studio\jbr\bin\management_ext.dll
0x00007ffe77df0000 - 0x00007ffe77df8000 	C:\Windows\System32\PSAPI.DLL
0x00007ffe765a0000 - 0x00007ffe765b8000 	C:\Windows\SYSTEM32\CRYPTSP.dll
0x00007ffe75c50000 - 0x00007ffe75c84000 	C:\Windows\system32\rsaenh.dll
0x00007ffe77190000 - 0x00007ffe771b7000 	C:\Windows\System32\bcrypt.dll
0x00007ffe76b60000 - 0x00007ffe76b8e000 	C:\Windows\SYSTEM32\USERENV.dll
0x00007ffe76590000 - 0x00007ffe7659c000 	C:\Windows\SYSTEM32\CRYPTBASE.dll
0x00007ffe76090000 - 0x00007ffe760cb000 	C:\Windows\SYSTEM32\IPHLPAPI.DLL
0x00007ffe789f0000 - 0x00007ffe789f8000 	C:\Windows\System32\NSI.dll
0x00007ffe6d4a0000 - 0x00007ffe6d4b7000 	C:\Windows\SYSTEM32\dhcpcsvc6.DLL
0x00007ffe6ba50000 - 0x00007ffe6ba6d000 	C:\Windows\SYSTEM32\dhcpcsvc.DLL
0x00007ffe760d0000 - 0x00007ffe7619a000 	C:\Windows\SYSTEM32\DNSAPI.dll
0x00007ffe60c20000 - 0x00007ffe60c27000 	C:\Windows\system32\wshunix.dll
0x00007ffe5c860000 - 0x00007ffe5c877000 	C:\Windows\system32\napinsp.dll
0x00007ffe5c600000 - 0x00007ffe5c61b000 	C:\Windows\system32\pnrpnsp.dll
0x00007ffe6f470000 - 0x00007ffe6f485000 	C:\Windows\system32\wshbth.dll
0x00007ffe71f80000 - 0x00007ffe71f9d000 	C:\Windows\system32\NLAapi.dll
0x00007ffe5c5e0000 - 0x00007ffe5c5f2000 	C:\Windows\System32\winrnr.dll
0x00007ffe6b100000 - 0x00007ffe6b10a000 	C:\Windows\System32\rasadhlp.dll
0x00007ffe6a270000 - 0x00007ffe6a2f2000 	C:\Windows\System32\fwpuclnt.dll

dbghelp: loaded successfully - version: 4.0.5 - missing functions: none
symbol engine: initialized successfully - sym options: 0x614 - pdb path: .;C:\Program Files\Android\Android Studio\jbr\bin;C:\Windows\SYSTEM32;C:\Windows\WinSxS\amd64_microsoft.windows.common-controls_6595b64144ccf1df_6.0.19041.1110_none_60b5254171f9507e;C:\Program Files\Android\Android Studio\jbr\bin\server;C:\Users\refrizar.dwiardito\.gradle\native\68d5fa5c4cc2d200863cafc0d521ce42e7d3e7ee720ec0a83991735586a16f82\windows-amd64;C:\Users\refrizar.dwiardito\.gradle\native\e376f236ea51e6404a007f0833ffe2c6e607c4080706a723a18a27aeea778392\windows-amd64

VM Arguments:
jvm_args: --add-opens=java.base/java.util=ALL-UNNAMED --add-opens=java.base/java.lang=ALL-UNNAMED --add-opens=java.base/java.lang.invoke=ALL-UNNAMED --add-opens=java.prefs/java.util.prefs=ALL-UNNAMED --add-opens=java.base/java.nio.charset=ALL-UNNAMED --add-opens=java.base/java.net=ALL-UNNAMED --add-opens=java.base/java.util.concurrent.atomic=ALL-UNNAMED -Xmx2048m -Dfile.encoding=UTF-8 -Duser.country=US -Duser.language=en -Duser.variant 
java_command: org.gradle.launcher.daemon.bootstrap.GradleDaemon 8.0
java_class_path (initial): C:\Users\refrizar.dwiardito\.gradle\wrapper\dists\gradle-8.0-bin\ca5e32bp14vu59qr306oxotwh\gradle-8.0\lib\gradle-launcher-8.0.jar
Launcher Type: SUN_STANDARD

[Global flags]
     intx CICompilerCount                          = 3                                         {product} {ergonomic}
     uint ConcGCThreads                            = 1                                         {product} {ergonomic}
     uint G1ConcRefinementThreads                  = 4                                         {product} {ergonomic}
   size_t G1HeapRegionSize                         = 1048576                                   {product} {ergonomic}
    uintx GCDrainStackTargetSize                   = 64                                        {product} {ergonomic}
   size_t InitialHeapSize                          = 134217728                                 {product} {ergonomic}
   size_t MarkStackSize                            = 4194304                                   {product} {ergonomic}
   size_t MaxHeapSize                              = 2147483648                                {product} {command line}
   size_t MaxNewSize                               = 1287651328                                {product} {ergonomic}
   size_t MinHeapDeltaBytes                        = 1048576                                   {product} {ergonomic}
   size_t MinHeapSize                              = 8388608                                   {product} {ergonomic}
    uintx NonNMethodCodeHeapSize                   = 5832780                                {pd product} {ergonomic}
    uintx NonProfiledCodeHeapSize                  = 122912730                              {pd product} {ergonomic}
    uintx ProfiledCodeHeapSize                     = 122912730                              {pd product} {ergonomic}
    uintx ReservedCodeCacheSize                    = 251658240                              {pd product} {ergonomic}
     bool SegmentedCodeCache                       = true                                      {product} {ergonomic}
   size_t SoftMaxHeapSize                          = 2147483648                             {manageable} {ergonomic}
     bool UseCompressedClassPointers               = true                           {product lp64_product} {ergonomic}
     bool UseCompressedOops                        = true                           {product lp64_product} {ergonomic}
     bool UseG1GC                                  = true                                      {product} {ergonomic}
     bool UseLargePagesIndividualAllocation        = false                                  {pd product} {ergonomic}

Logging:
Log output configuration:
 #0: stdout all=warning uptime,level,tags
 #1: stderr all=off uptime,level,tags

Environment Variables:
JAVA_HOME=C:\Users\refrizar.dwiardito\.jdks\openjdk-21
PATH=C:\Program Files\Common Files\Oracle\Java\javapath;C:\Windows\system32;C:\Windows;C:\Windows\System32\Wbem;C:\Windows\System32\WindowsPowerShell\v1.0\;C:\Windows\System32\OpenSSH\;C:\Program Files\mingw-w64\x86_64-8.1.0-posix-seh-rt_v6-rev0\mingw64\bin;C:\Users\refrizar.dwiardito\AppData\Local\Programs\Python\Python310\Scripts;C:\Users\refrizar.dwiardito\.jdks\openjdk-21\bin;C:\Program Files\PuTTY\;C:\Program Files\gradle-8.3\bin;C:\Program Files\Git\cmd;C:\Users\refrizar.dwiardito\AppData\Local\Programs\Python\Python310\Scripts\;C:\Users\refrizar.dwiardito\AppData\Local\Programs\Python\Python310\;C:\Users\refrizar.dwiardito\AppData\Local\Microsoft\WindowsApps;;C:\Users\refrizar.dwiardito\AppData\Local\Programs\Microsoft VS Code\bin
USERNAME=refrizar.dwiardito
OS=Windows_NT
PROCESSOR_IDENTIFIER=Intel64 Family 6 Model 61 Stepping 4, GenuineIntel
TMP=C:\Users\REFRIZ~1.DWI\AppData\Local\Temp
TEMP=C:\Users\REFRIZ~1.DWI\AppData\Local\Temp


JNI global refs:
JNI global refs: 25, weak refs: 2

JNI global refs memory usage: 843, weak refs: 841


---------------  S Y S T E M  ---------------

OS:
 Windows 10 , 64 bit Build 19041 (10.0.19041.3393)
OS uptime: 0 days 4:16 hours

CPU: total 4 (initial active 4) (2 cores per cpu, 2 threads per core) family 6 model 61 stepping 4 microcode 0x2f, cx8, cmov, fxsr, ht, mmx, 3dnowpref, sse, sse2, sse3, ssse3, sse4.1, sse4.2, popcnt, lzcnt, tsc, tscinvbit, avx, avx2, aes, erms, clmul, bmi1, bmi2, adx, fma, vzeroupper, clflush

Memory: 4k page, system-wide physical 8083M (890M free)
TotalPageFile size 8083M (AvailPageFile size 11M)
current process WorkingSet (physical memory assigned to process): 509M, peak: 527M
current process commit charge ("private bytes"): 546M, peak: 555M

vm_info: OpenJDK 64-Bit Server VM (17.0.6+0-b2043.56-10027231) for windows-amd64 JRE (17.0.6+0-b2043.56-10027231), built on Apr 28 2023 00:43:19 by "androidbuild" with MS VC++ 16.10 / 16.11 (VS2019)

END.
