#
# There is insufficient memory for the Java Runtime Environment to continue.
# Native memory allocation (mmap) failed to map 286261248 bytes for G1 virtual space
# Possible reasons:
#   The system is out of physical RAM or swap space
#   The process is running with CompressedOops enabled, and the Java Heap may be blocking the growth of the native heap
# Possible solutions:
#   Reduce memory load on the system
#   Increase physical memory or swap space
#   Check if swap backing store is full
#   Decrease Java heap size (-Xmx/-Xms)
#   Decrease number of Java threads
#   Decrease Java thread stack sizes (-Xss)
#   Set larger code cache with -XX:ReservedCodeCacheSize=
#   JVM is running with Unscaled Compressed Oops mode in which the Java heap is
#     placed in the first 4GB address space. The Java Heap base address is the
#     maximum limit for the native heap growth. Please use -XX:HeapBaseMinAddress
#     to set the Java Heap base and to place the Java Heap above 4GB virtual address.
# This output file may be truncated or incomplete.
#
#  Out of Memory Error (os_windows.cpp:3769), pid=9396, tid=1020
#
# JRE version: OpenJDK Runtime Environment (17.0.6) (build 17.0.6+0-b2043.56-10027231)
# Java VM: OpenJDK 64-Bit Server VM (17.0.6+0-b2043.56-10027231, mixed mode, tiered, compressed oops, compressed class ptrs, g1 gc, windows-amd64)
# No core dump will be written. Minidumps are not enabled by default on client versions of Windows
#

---------------  S U M M A R Y ------------

Command Line: --add-opens=java.base/java.util=ALL-UNNAMED --add-opens=java.base/java.lang=ALL-UNNAMED --add-opens=java.base/java.lang.invoke=ALL-UNNAMED --add-opens=java.prefs/java.util.prefs=ALL-UNNAMED --add-opens=java.base/java.nio.charset=ALL-UNNAMED --add-opens=java.base/java.net=ALL-UNNAMED --add-opens=java.base/java.util.concurrent.atomic=ALL-UNNAMED -Xmx2048m -Dfile.encoding=UTF-8 -Duser.country=US -Duser.language=en -Duser.variant org.gradle.launcher.daemon.bootstrap.GradleDaemon 8.0

Host: Intel(R) Core(TM) i5-5200U CPU @ 2.20GHz, 4 cores, 7G,  Windows 10 , 64 bit Build 19041 (10.0.19041.3393)
Time: Sun Oct  8 06:26:29 2023 SE Asia Standard Time elapsed time: 186.576789 seconds (0d 0h 3m 6s)

---------------  T H R E A D  ---------------

Current thread (0x000001e87fba7f10):  VMThread "VM Thread" [stack: 0x000000df54700000,0x000000df54800000] [id=1020]

Stack: [0x000000df54700000,0x000000df54800000]
Native frames: (J=compiled Java code, j=interpreted, Vv=VM code, C=native code)
V  [jvm.dll+0x683c9a]
V  [jvm.dll+0x8427a4]
V  [jvm.dll+0x843f9e]
V  [jvm.dll+0x844603]
V  [jvm.dll+0x249b75]
V  [jvm.dll+0x680b69]
V  [jvm.dll+0x67505a]
V  [jvm.dll+0x309acb]
V  [jvm.dll+0x310f86]
V  [jvm.dll+0x3608ee]
V  [jvm.dll+0x360b1f]
V  [jvm.dll+0x2dfbf8]
V  [jvm.dll+0x2ddec4]
V  [jvm.dll+0x2dd4cc]
V  [jvm.dll+0x322261]
V  [jvm.dll+0x848ccb]
V  [jvm.dll+0x849a04]
V  [jvm.dll+0x849f1d]
V  [jvm.dll+0x84a2f4]
V  [jvm.dll+0x84a3c0]
V  [jvm.dll+0x7f274a]
V  [jvm.dll+0x682ad5]
C  [ucrtbase.dll+0x21bb2]
C  [KERNEL32.DLL+0x17344]
C  [ntdll.dll+0x526b1]

VM_Operation (0x000000df59ff8b80): G1TryInitiateConcMark, mode: safepoint, requested by thread 0x000001e8013ab9c0


---------------  P R O C E S S  ---------------

Threads class SMR info:
_java_thread_list=0x000001e806fc57e0, length=89, elements={
0x000001e86466b700, 0x000001e87fbafb50, 0x000001e87fbb08d0, 0x000001e87fbd08d0,
0x000001e87fbd1190, 0x000001e87fbf9dd0, 0x000001e87fbfa690, 0x000001e87fbfe780,
0x000001e800812400, 0x000001e8008154f0, 0x000001e8009ae020, 0x000001e8009b4920,
0x000001e8013ac360, 0x000001e8013ae040, 0x000001e8013ae9e0, 0x000001e8013ab020,
0x000001e8013adb70, 0x000001e8013ab4f0, 0x000001e803617280, 0x000001e803618a90,
0x000001e803615a70, 0x000001e803618f60, 0x000001e803615f40, 0x000001e8036168e0,
0x000001e8064a7970, 0x000001e8064a3140, 0x000001e8064a74a0, 0x000001e806fe4d40,
0x000001e803384d60, 0x000001e803383550, 0x000001e803383080, 0x000001e8033878b0,
0x000001e803380060, 0x000001e8033826e0, 0x000001e803382bb0, 0x000001e803386f10,
0x000001e803380ed0, 0x000001e8033813a0, 0x000001e803385230, 0x000001e803386570,
0x000001e806fe56e0, 0x000001e806fe5bb0, 0x000001e801fd3980, 0x000001e806fe8230,
0x000001e806fe43a0, 0x000001e806fe8700, 0x000001e806fe6080, 0x000001e806fe6550,
0x000001e806fe3ed0, 0x000001e806fe6ef0, 0x000001e806fe4870, 0x000001e806fe8bd0,
0x000001e806fe73c0, 0x000001e806fe7890, 0x000001e806fe3a00, 0x000001e806fe5210,
0x000001e806fe3530, 0x000001e806fe90a0, 0x000001e806fe9570, 0x000001e806fe9a40,
0x000001e806fe21f0, 0x000001e806fe26c0, 0x000001e806fe2b90, 0x000001e806fe3060,
0x000001e8064a22d0, 0x000001e8064a6fd0, 0x000001e8064a7e40, 0x000001e8064a05f0,
0x000001e8064a2c70, 0x000001e8064a6160, 0x000001e8064a1930, 0x000001e8064a0f90,
0x000001e8064a3610, 0x000001e8064a3fb0, 0x000001e8064a4480, 0x000001e8064a1460,
0x000001e8064a5c90, 0x000001e8064a1e00, 0x000001e8064a27a0, 0x000001e8064a4950,
0x000001e8064a4e20, 0x000001e8064a52f0, 0x000001e8064a57c0, 0x000001e8064a6630,
0x000001e8013ad1d0, 0x000001e8013abe90, 0x000001e8013ae510, 0x000001e8013ab9c0,
0x000001e8013ac830
}

Java Threads: ( => current thread )
  0x000001e86466b700 JavaThread "main" [_thread_blocked, id=10076, stack(0x000000df54100000,0x000000df54200000)]
  0x000001e87fbafb50 JavaThread "Reference Handler" daemon [_thread_blocked, id=11420, stack(0x000000df54800000,0x000000df54900000)]
  0x000001e87fbb08d0 JavaThread "Finalizer" daemon [_thread_blocked, id=12572, stack(0x000000df54900000,0x000000df54a00000)]
  0x000001e87fbd08d0 JavaThread "Signal Dispatcher" daemon [_thread_blocked, id=11536, stack(0x000000df54a00000,0x000000df54b00000)]
  0x000001e87fbd1190 JavaThread "Attach Listener" daemon [_thread_blocked, id=3012, stack(0x000000df54b00000,0x000000df54c00000)]
  0x000001e87fbf9dd0 JavaThread "Service Thread" daemon [_thread_blocked, id=6076, stack(0x000000df54c00000,0x000000df54d00000)]
  0x000001e87fbfa690 JavaThread "Monitor Deflation Thread" daemon [_thread_blocked, id=3632, stack(0x000000df54d00000,0x000000df54e00000)]
  0x000001e87fbfe780 JavaThread "C2 CompilerThread0" daemon [_thread_blocked, id=7428, stack(0x000000df54e00000,0x000000df54f00000)]
  0x000001e800812400 JavaThread "C1 CompilerThread0" daemon [_thread_blocked, id=7056, stack(0x000000df54f00000,0x000000df55000000)]
  0x000001e8008154f0 JavaThread "Sweeper thread" daemon [_thread_blocked, id=6384, stack(0x000000df55000000,0x000000df55100000)]
  0x000001e8009ae020 JavaThread "Common-Cleaner" daemon [_thread_blocked, id=11996, stack(0x000000df55100000,0x000000df55200000)]
  0x000001e8009b4920 JavaThread "Notification Thread" daemon [_thread_blocked, id=8036, stack(0x000000df55200000,0x000000df55300000)]
  0x000001e8013ac360 JavaThread "Daemon health stats" [_thread_blocked, id=6780, stack(0x000000df55800000,0x000000df55900000)]
  0x000001e8013ae040 JavaThread "Incoming local TCP Connector on port 65471" [_thread_in_native, id=8780, stack(0x000000df55900000,0x000000df55a00000)]
  0x000001e8013ae9e0 JavaThread "Daemon periodic checks" [_thread_blocked, id=3500, stack(0x000000df55a00000,0x000000df55b00000)]
  0x000001e8013ab020 JavaThread "Cache worker for journal cache (C:\Users\refrizar.dwiardito\.gradle\caches\journal-1)" [_thread_blocked, id=4460, stack(0x000000df55400000,0x000000df55500000)]
  0x000001e8013adb70 JavaThread "File lock request listener" [_thread_in_native, id=4732, stack(0x000000df56200000,0x000000df56300000)]
  0x000001e8013ab4f0 JavaThread "Cache worker for file hash cache (C:\Users\refrizar.dwiardito\.gradle\caches\8.0\fileHashes)" [_thread_blocked, id=5668, stack(0x000000df56300000,0x000000df56400000)]
  0x000001e803617280 JavaThread "File watcher server" daemon [_thread_blocked, id=7192, stack(0x000000df56500000,0x000000df56600000)]
  0x000001e803618a90 JavaThread "File watcher consumer" daemon [_thread_blocked, id=2992, stack(0x000000df56600000,0x000000df56700000)]
  0x000001e803615a70 JavaThread "Cache worker for file content cache (C:\Users\refrizar.dwiardito\.gradle\caches\8.0\fileContent)" [_thread_blocked, id=7364, stack(0x000000df56900000,0x000000df56a00000)]
  0x000001e803618f60 JavaThread "Cache worker for execution history cache (C:\Users\refrizar.dwiardito\.gradle\caches\8.0\executionHistory)" [_thread_blocked, id=3928, stack(0x000000df56b00000,0x000000df56c00000)]
  0x000001e803615f40 JavaThread "jar transforms" [_thread_blocked, id=8272, stack(0x000000df56c00000,0x000000df56d00000)]
  0x000001e8036168e0 JavaThread "jar transforms Thread 2" [_thread_blocked, id=7296, stack(0x000000df56d00000,0x000000df56e00000)]
  0x000001e8064a7970 JavaThread "Cache worker for kotlin-dsl (C:\Users\refrizar.dwiardito\.gradle\caches\8.0\kotlin-dsl)" [_thread_blocked, id=12956, stack(0x000000df57000000,0x000000df57100000)]
  0x000001e8064a3140 JavaThread "jar transforms Thread 3" [_thread_blocked, id=10236, stack(0x000000df57100000,0x000000df57200000)]
  0x000001e8064a74a0 JavaThread "jar transforms Thread 4" [_thread_blocked, id=7052, stack(0x000000df57200000,0x000000df57300000)]
  0x000001e806fe4d40 JavaThread "Memory manager" [_thread_blocked, id=336, stack(0x000000df59e00000,0x000000df59f00000)]
  0x000001e803384d60 JavaThread "ForkJoinPool.commonPool-worker-1" daemon [_thread_blocked, id=5780, stack(0x000000df5a700000,0x000000df5a800000)]
  0x000001e803383550 JavaThread "Daemon Thread 2" [_thread_blocked, id=6444, stack(0x000000df53e00000,0x000000df53f00000)]
  0x000001e803383080 JavaThread "Handler for socket connection from /127.0.0.1:65471 to /127.0.0.1:65485" [_thread_in_native, id=12628, stack(0x000000df53f00000,0x000000df54000000)]
  0x000001e8033878b0 JavaThread "Cancel handler" [_thread_blocked, id=4176, stack(0x000000df54000000,0x000000df54100000)]
  0x000001e803380060 JavaThread "Daemon worker Thread 2" [_thread_blocked, id=6600, stack(0x000000df55b00000,0x000000df55c00000)]
  0x000001e8033826e0 JavaThread "Asynchronous log dispatcher for DefaultDaemonConnection: socket connection from /127.0.0.1:65471 to /127.0.0.1:65485" [_thread_blocked, id=2488, stack(0x000000df55c00000,0x000000df55d00000)]
  0x000001e803382bb0 JavaThread "Stdin handler" [_thread_blocked, id=12552, stack(0x000000df55d00000,0x000000df55e00000)]
  0x000001e803386f10 JavaThread "Daemon client event forwarder" [_thread_blocked, id=13208, stack(0x000000df55e00000,0x000000df55f00000)]
  0x000001e803380ed0 JavaThread "Cache worker for checksums cache (C:\Users\refrizar.dwiardito\AndroidStudioProjects\BelajarAndroid\.gradle\8.0\checksums)" [_thread_blocked, id=12304, stack(0x000000df56000000,0x000000df56100000)]
  0x000001e8033813a0 JavaThread "Cache worker for cache directory md-rule (C:\Users\refrizar.dwiardito\.gradle\caches\8.0\md-rule)" [_thread_blocked, id=4816, stack(0x000000df56100000,0x000000df56200000)]
  0x000001e803385230 JavaThread "Cache worker for file hash cache (C:\Users\refrizar.dwiardito\AndroidStudioProjects\BelajarAndroid\.gradle\8.0\fileHashes)" [_thread_blocked, id=1508, stack(0x000000df56400000,0x000000df56500000)]
  0x000001e803386570 JavaThread "Cache worker for cache directory md-supplier (C:\Users\refrizar.dwiardito\.gradle\caches\8.0\md-supplier)" [_thread_blocked, id=4432, stack(0x000000df56700000,0x000000df56800000)]
  0x000001e806fe56e0 JavaThread "Cache worker for dependencies-accessors (C:\Users\refrizar.dwiardito\AndroidStudioProjects\BelajarAndroid\.gradle\8.0\dependencies-accessors)" [_thread_blocked, id=8044, stack(0x000000df56800000,0x000000df56900000)]
  0x000001e806fe5bb0 JavaThread "Cache worker for Build Output Cleanup Cache (C:\Users\refrizar.dwiardito\AndroidStudioProjects\BelajarAndroid\.gradle\buildOutputCleanup)" [_thread_blocked, id=1220, stack(0x000000df56a00000,0x000000df56b00000)]
  0x000001e801fd3980 JavaThread "C2 CompilerThread1" daemon [_thread_in_native, id=10336, stack(0x000000df55f00000,0x000000df56000000)]
  0x000001e806fe8230 JavaThread "Unconstrained build operations" [_thread_blocked, id=928, stack(0x000000df56e00000,0x000000df56f00000)]
  0x000001e806fe43a0 JavaThread "Unconstrained build operations Thread 2" [_thread_blocked, id=1452, stack(0x000000df57300000,0x000000df57400000)]
  0x000001e806fe8700 JavaThread "Unconstrained build operations Thread 3" [_thread_blocked, id=12176, stack(0x000000df57400000,0x000000df57500000)]
  0x000001e806fe6080 JavaThread "Unconstrained build operations Thread 4" [_thread_blocked, id=6752, stack(0x000000df57500000,0x000000df57600000)]
  0x000001e806fe6550 JavaThread "Unconstrained build operations Thread 5" [_thread_blocked, id=7700, stack(0x000000df57600000,0x000000df57700000)]
  0x000001e806fe3ed0 JavaThread "Unconstrained build operations Thread 6" [_thread_blocked, id=2692, stack(0x000000df57700000,0x000000df57800000)]
  0x000001e806fe6ef0 JavaThread "Unconstrained build operations Thread 7" [_thread_blocked, id=6860, stack(0x000000df57800000,0x000000df57900000)]
  0x000001e806fe4870 JavaThread "Unconstrained build operations Thread 8" [_thread_blocked, id=4572, stack(0x000000df57900000,0x000000df57a00000)]
  0x000001e806fe8bd0 JavaThread "Unconstrained build operations Thread 9" [_thread_blocked, id=3360, stack(0x000000df57a00000,0x000000df57b00000)]
  0x000001e806fe73c0 JavaThread "Unconstrained build operations Thread 10" [_thread_blocked, id=6524, stack(0x000000df57b00000,0x000000df57c00000)]
  0x000001e806fe7890 JavaThread "Unconstrained build operations Thread 11" [_thread_blocked, id=12136, stack(0x000000df57c00000,0x000000df57d00000)]
  0x000001e806fe3a00 JavaThread "Unconstrained build operations Thread 12" [_thread_blocked, id=8048, stack(0x000000df57d00000,0x000000df57e00000)]
  0x000001e806fe5210 JavaThread "Unconstrained build operations Thread 13" [_thread_blocked, id=4028, stack(0x000000df57e00000,0x000000df57f00000)]
  0x000001e806fe3530 JavaThread "Unconstrained build operations Thread 14" [_thread_blocked, id=11144, stack(0x000000df57f00000,0x000000df58000000)]
  0x000001e806fe90a0 JavaThread "Unconstrained build operations Thread 15" [_thread_blocked, id=12988, stack(0x000000df58000000,0x000000df58100000)]
  0x000001e806fe9570 JavaThread "Unconstrained build operations Thread 16" [_thread_blocked, id=6364, stack(0x000000df58100000,0x000000df58200000)]
  0x000001e806fe9a40 JavaThread "Unconstrained build operations Thread 17" [_thread_blocked, id=12792, stack(0x000000df58200000,0x000000df58300000)]
  0x000001e806fe21f0 JavaThread "Unconstrained build operations Thread 18" [_thread_blocked, id=4976, stack(0x000000df58300000,0x000000df58400000)]
  0x000001e806fe26c0 JavaThread "Unconstrained build operations Thread 19" [_thread_blocked, id=9692, stack(0x000000df58400000,0x000000df58500000)]
  0x000001e806fe2b90 JavaThread "Unconstrained build operations Thread 20" [_thread_blocked, id=7672, stack(0x000000df58500000,0x000000df58600000)]
  0x000001e806fe3060 JavaThread "Unconstrained build operations Thread 21" [_thread_blocked, id=7292, stack(0x000000df58600000,0x000000df58700000)]
  0x000001e8064a22d0 JavaThread "Unconstrained build operations Thread 22" [_thread_blocked, id=10472, stack(0x000000df58700000,0x000000df58800000)]
  0x000001e8064a6fd0 JavaThread "Unconstrained build operations Thread 23" [_thread_blocked, id=7472, stack(0x000000df58800000,0x000000df58900000)]
  0x000001e8064a7e40 JavaThread "Unconstrained build operations Thread 24" [_thread_blocked, id=11312, stack(0x000000df58900000,0x000000df58a00000)]
  0x000001e8064a05f0 JavaThread "Unconstrained build operations Thread 25" [_thread_blocked, id=5336, stack(0x000000df58a00000,0x000000df58b00000)]
  0x000001e8064a2c70 JavaThread "Unconstrained build operations Thread 26" [_thread_blocked, id=6476, stack(0x000000df58b00000,0x000000df58c00000)]
  0x000001e8064a6160 JavaThread "Unconstrained build operations Thread 27" [_thread_blocked, id=7240, stack(0x000000df58c00000,0x000000df58d00000)]
  0x000001e8064a1930 JavaThread "Unconstrained build operations Thread 28" [_thread_blocked, id=3784, stack(0x000000df58d00000,0x000000df58e00000)]
  0x000001e8064a0f90 JavaThread "Unconstrained build operations Thread 29" [_thread_blocked, id=9584, stack(0x000000df58e00000,0x000000df58f00000)]
  0x000001e8064a3610 JavaThread "Unconstrained build operations Thread 30" [_thread_blocked, id=2452, stack(0x000000df58f00000,0x000000df59000000)]
  0x000001e8064a3fb0 JavaThread "Unconstrained build operations Thread 31" [_thread_blocked, id=12948, stack(0x000000df59000000,0x000000df59100000)]
  0x000001e8064a4480 JavaThread "Unconstrained build operations Thread 32" [_thread_blocked, id=8736, stack(0x000000df59100000,0x000000df59200000)]
  0x000001e8064a1460 JavaThread "Unconstrained build operations Thread 33" [_thread_blocked, id=8676, stack(0x000000df59200000,0x000000df59300000)]
  0x000001e8064a5c90 JavaThread "Unconstrained build operations Thread 34" [_thread_blocked, id=5980, stack(0x000000df59300000,0x000000df59400000)]
  0x000001e8064a1e00 JavaThread "Unconstrained build operations Thread 35" [_thread_blocked, id=11188, stack(0x000000df59400000,0x000000df59500000)]
  0x000001e8064a27a0 JavaThread "Unconstrained build operations Thread 36" [_thread_blocked, id=11708, stack(0x000000df59500000,0x000000df59600000)]
  0x000001e8064a4950 JavaThread "Unconstrained build operations Thread 37" [_thread_blocked, id=12148, stack(0x000000df59600000,0x000000df59700000)]
  0x000001e8064a4e20 JavaThread "Unconstrained build operations Thread 38" [_thread_blocked, id=5424, stack(0x000000df59700000,0x000000df59800000)]
  0x000001e8064a52f0 JavaThread "Unconstrained build operations Thread 39" [_thread_blocked, id=8452, stack(0x000000df59800000,0x000000df59900000)]
  0x000001e8064a57c0 JavaThread "Unconstrained build operations Thread 40" [_thread_blocked, id=7624, stack(0x000000df59900000,0x000000df59a00000)]
  0x000001e8064a6630 JavaThread "build event listener" [_thread_blocked, id=4604, stack(0x000000df59a00000,0x000000df59b00000)]
  0x000001e8013ad1d0 JavaThread "included builds" [_thread_blocked, id=5584, stack(0x000000df59b00000,0x000000df59c00000)]
  0x000001e8013abe90 JavaThread "Execution worker" [_thread_blocked, id=2124, stack(0x000000df59c00000,0x000000df59d00000)]
  0x000001e8013ae510 JavaThread "Execution worker Thread 2" [_thread_blocked, id=12600, stack(0x000000df59d00000,0x000000df59e00000)]
  0x000001e8013ab9c0 JavaThread "Execution worker Thread 3" [_thread_blocked, id=2728, stack(0x000000df59f00000,0x000000df5a000000)]
  0x000001e8013ac830 JavaThread "Cache worker for execution history cache (C:\Users\refrizar.dwiardito\AndroidStudioProjects\BelajarAndroid\.gradle\8.0\executionHistory)" [_thread_blocked, id=13260, stack(0x000000df5a000000,0x000000df5a100000)]

Other Threads:
=>0x000001e87fba7f10 VMThread "VM Thread" [stack: 0x000000df54700000,0x000000df54800000] [id=1020]
  0x000001e8009b6e00 WatcherThread [stack: 0x000000df55300000,0x000000df55400000] [id=3412]
  0x000001e8646f8850 GCTaskThread "GC Thread#0" [stack: 0x000000df54200000,0x000000df54300000] [id=7920]
  0x000001e800faa3a0 GCTaskThread "GC Thread#1" [stack: 0x000000df55500000,0x000000df55600000] [id=11504]
  0x000001e800cee350 GCTaskThread "GC Thread#2" [stack: 0x000000df55600000,0x000000df55700000] [id=6344]
  0x000001e8014fc160 GCTaskThread "GC Thread#3" [stack: 0x000000df55700000,0x000000df55800000] [id=9116]
  0x000001e8647096a0 ConcurrentGCThread "G1 Main Marker" [stack: 0x000000df54300000,0x000000df54400000] [id=5684]
  0x000001e86470a760 ConcurrentGCThread "G1 Conc#0" [stack: 0x000000df54400000,0x000000df54500000] [id=904]
  0x000001e86476d660 ConcurrentGCThread "G1 Refine#0" [stack: 0x000000df54500000,0x000000df54600000] [id=3052]
  0x000001e802eeae20 ConcurrentGCThread "G1 Refine#1" [stack: 0x000000df56f00000,0x000000df57000000] [id=6880]
  0x000001e86476df90 ConcurrentGCThread "G1 Service" [stack: 0x000000df54600000,0x000000df54700000] [id=8352]

Threads with active compile tasks:
C2 CompilerThread0   186628 14562       4       org.apache.xerces.dom.ParentNode::nodeListItem (243 bytes)
C2 CompilerThread1   186628 14545       4       org.apache.xerces.dom.DeferredDocumentImpl::getNodeValueString (414 bytes)

VM state: at safepoint (normal execution)

VM Mutex/Monitor currently owned by a thread:  ([mutex/lock_event])
[0x000001e864697a70] Threads_lock - owner thread: 0x000001e87fba7f10
[0x000001e8646974d0] Heap_lock - owner thread: 0x000001e8013ab9c0

Heap address: 0x0000000080000000, size: 2048 MB, Compressed Oops mode: 32-bit

CDS archive(s) not mapped
Compressed class space mapped at: 0x0000000100000000-0x0000000140000000, reserved size: 1073741824
Narrow klass base: 0x0000000000000000, Narrow klass shift: 3, Narrow klass range: 0x140000000

GC Precious Log:
 CPUs: 4 total, 4 available
 Memory: 8083M
 Large Page Support: Disabled
 NUMA Support: Disabled
 Compressed Oops: Enabled (32-bit)
 Heap Region Size: 1M
 Heap Min Capacity: 8M
 Heap Initial Capacity: 128M
 Heap Max Capacity: 2G
 Pre-touch: Disabled
 Parallel Workers: 4
 Concurrent Workers: 1
 Concurrent Refinement Workers: 4
 Periodic GC: Disabled

Heap:
 garbage-first heap   total 182272K, used 133120K [0x0000000080000000, 0x0000000100000000)
  region size 1024K, 4 young (4096K), 4 survivors (4096K)
 Metaspace       used 104231K, committed 105024K, reserved 1146880K
  class space    used 14008K, committed 14400K, reserved 1048576K

Heap Regions: E=young(eden), S=young(survivor), O=old, HS=humongous(starts), HC=humongous(continues), CS=collection set, F=free, OA=open archive, CA=closed archive, TAMS=top-at-mark-start (previous, next)
|   0|0x0000000080000000, 0x0000000080100000, 0x0000000080100000|100%| O|  |TAMS 0x0000000080100000, 0x0000000080100000| Untracked 
|   1|0x0000000080100000, 0x0000000080200000, 0x0000000080200000|100%| O|  |TAMS 0x0000000080200000, 0x0000000080200000| Untracked 
|   2|0x0000000080200000, 0x0000000080300000, 0x0000000080300000|100%|HS|  |TAMS 0x0000000080300000, 0x0000000080300000| Complete 
|   3|0x0000000080300000, 0x0000000080400000, 0x0000000080400000|100%|HC|  |TAMS 0x0000000080400000, 0x0000000080400000| Complete 
|   4|0x0000000080400000, 0x0000000080500000, 0x0000000080500000|100%|HC|  |TAMS 0x0000000080500000, 0x0000000080500000| Complete 
|   5|0x0000000080500000, 0x0000000080600000, 0x0000000080600000|100%|HC|  |TAMS 0x0000000080600000, 0x0000000080600000| Complete 
|   6|0x0000000080600000, 0x0000000080700000, 0x0000000080700000|100%| O|  |TAMS 0x0000000080700000, 0x0000000080700000| Untracked 
|   7|0x0000000080700000, 0x0000000080800000, 0x0000000080800000|100%| O|  |TAMS 0x0000000080800000, 0x0000000080800000| Untracked 
|   8|0x0000000080800000, 0x0000000080900000, 0x0000000080900000|100%| O|  |TAMS 0x0000000080900000, 0x0000000080900000| Untracked 
|   9|0x0000000080900000, 0x0000000080a00000, 0x0000000080a00000|100%| O|  |TAMS 0x0000000080a00000, 0x0000000080a00000| Untracked 
|  10|0x0000000080a00000, 0x0000000080b00000, 0x0000000080b00000|100%| O|  |TAMS 0x0000000080b00000, 0x0000000080b00000| Untracked 
|  11|0x0000000080b00000, 0x0000000080c00000, 0x0000000080c00000|100%| O|  |TAMS 0x0000000080c00000, 0x0000000080c00000| Untracked 
|  12|0x0000000080c00000, 0x0000000080d00000, 0x0000000080d00000|100%| O|  |TAMS 0x0000000080d00000, 0x0000000080d00000| Untracked 
|  13|0x0000000080d00000, 0x0000000080e00000, 0x0000000080e00000|100%| O|  |TAMS 0x0000000080e00000, 0x0000000080e00000| Untracked 
|  14|0x0000000080e00000, 0x0000000080f00000, 0x0000000080f00000|100%| O|  |TAMS 0x0000000080f00000, 0x0000000080f00000| Untracked 
|  15|0x0000000080f00000, 0x0000000081000000, 0x0000000081000000|100%| O|  |TAMS 0x0000000081000000, 0x0000000081000000| Untracked 
|  16|0x0000000081000000, 0x0000000081100000, 0x0000000081100000|100%| O|  |TAMS 0x0000000081100000, 0x0000000081100000| Untracked 
|  17|0x0000000081100000, 0x0000000081200000, 0x0000000081200000|100%| O|  |TAMS 0x0000000081200000, 0x0000000081200000| Untracked 
|  18|0x0000000081200000, 0x0000000081300000, 0x0000000081300000|100%| O|  |TAMS 0x0000000081300000, 0x0000000081300000| Untracked 
|  19|0x0000000081300000, 0x0000000081400000, 0x0000000081400000|100%| O|  |TAMS 0x0000000081400000, 0x0000000081400000| Untracked 
|  20|0x0000000081400000, 0x0000000081500000, 0x0000000081500000|100%| O|  |TAMS 0x0000000081500000, 0x0000000081500000| Untracked 
|  21|0x0000000081500000, 0x0000000081600000, 0x0000000081600000|100%| O|  |TAMS 0x0000000081600000, 0x0000000081600000| Untracked 
|  22|0x0000000081600000, 0x0000000081700000, 0x0000000081700000|100%| O|  |TAMS 0x0000000081700000, 0x0000000081700000| Untracked 
|  23|0x0000000081700000, 0x0000000081800000, 0x0000000081800000|100%| O|  |TAMS 0x0000000081700000, 0x0000000081800000| Untracked 
|  24|0x0000000081800000, 0x0000000081900000, 0x0000000081900000|100%| O|  |TAMS 0x0000000081900000, 0x0000000081900000| Untracked 
|  25|0x0000000081900000, 0x0000000081a00000, 0x0000000081a00000|100%| O|  |TAMS 0x0000000081a00000, 0x0000000081a00000| Untracked 
|  26|0x0000000081a00000, 0x0000000081b00000, 0x0000000081b00000|100%| O|  |TAMS 0x0000000081b00000, 0x0000000081b00000| Untracked 
|  27|0x0000000081b00000, 0x0000000081c00000, 0x0000000081c00000|100%| O|  |TAMS 0x0000000081c00000, 0x0000000081c00000| Untracked 
|  28|0x0000000081c00000, 0x0000000081d00000, 0x0000000081d00000|100%| O|  |TAMS 0x0000000081d00000, 0x0000000081d00000| Untracked 
|  29|0x0000000081d00000, 0x0000000081e00000, 0x0000000081e00000|100%| O|  |TAMS 0x0000000081e00000, 0x0000000081e00000| Untracked 
|  30|0x0000000081e00000, 0x0000000081f00000, 0x0000000081f00000|100%| O|  |TAMS 0x0000000081f00000, 0x0000000081f00000| Untracked 
|  31|0x0000000081f00000, 0x0000000082000000, 0x0000000082000000|100%| O|  |TAMS 0x0000000082000000, 0x0000000082000000| Untracked 
|  32|0x0000000082000000, 0x0000000082100000, 0x0000000082100000|100%| O|  |TAMS 0x0000000082100000, 0x0000000082100000| Untracked 
|  33|0x0000000082100000, 0x0000000082200000, 0x0000000082200000|100%|HS|  |TAMS 0x0000000082200000, 0x0000000082200000| Complete 
|  34|0x0000000082200000, 0x0000000082300000, 0x0000000082300000|100%|HS|  |TAMS 0x0000000082300000, 0x0000000082300000| Complete 
|  35|0x0000000082300000, 0x0000000082400000, 0x0000000082400000|100%|HS|  |TAMS 0x0000000082400000, 0x0000000082400000| Complete 
|  36|0x0000000082400000, 0x0000000082500000, 0x0000000082500000|100%|HC|  |TAMS 0x0000000082500000, 0x0000000082500000| Complete 
|  37|0x0000000082500000, 0x0000000082600000, 0x0000000082600000|100%| O|  |TAMS 0x0000000082600000, 0x0000000082600000| Untracked 
|  38|0x0000000082600000, 0x0000000082700000, 0x0000000082700000|100%| O|  |TAMS 0x0000000082700000, 0x0000000082700000| Untracked 
|  39|0x0000000082700000, 0x0000000082800000, 0x0000000082800000|100%| O|  |TAMS 0x0000000082800000, 0x0000000082800000| Untracked 
|  40|0x0000000082800000, 0x0000000082900000, 0x0000000082900000|100%| O|  |TAMS 0x0000000082900000, 0x0000000082900000| Untracked 
|  41|0x0000000082900000, 0x0000000082a00000, 0x0000000082a00000|100%|HS|  |TAMS 0x0000000082a00000, 0x0000000082a00000| Complete 
|  42|0x0000000082a00000, 0x0000000082b00000, 0x0000000082b00000|100%|HS|  |TAMS 0x0000000082b00000, 0x0000000082b00000| Complete 
|  43|0x0000000082b00000, 0x0000000082c00000, 0x0000000082c00000|100%|HC|  |TAMS 0x0000000082c00000, 0x0000000082c00000| Complete 
|  44|0x0000000082c00000, 0x0000000082d00000, 0x0000000082d00000|100%|HC|  |TAMS 0x0000000082d00000, 0x0000000082d00000| Complete 
|  45|0x0000000082d00000, 0x0000000082e00000, 0x0000000082e00000|100%|HC|  |TAMS 0x0000000082e00000, 0x0000000082e00000| Complete 
|  46|0x0000000082e00000, 0x0000000082f00000, 0x0000000082f00000|100%| O|  |TAMS 0x0000000082f00000, 0x0000000082f00000| Untracked 
|  47|0x0000000082f00000, 0x0000000083000000, 0x0000000083000000|100%| O|  |TAMS 0x0000000083000000, 0x0000000083000000| Untracked 
|  48|0x0000000083000000, 0x0000000083100000, 0x0000000083100000|100%| O|  |TAMS 0x0000000083000000, 0x0000000083100000| Untracked 
|  49|0x0000000083100000, 0x0000000083200000, 0x0000000083200000|100%| O|  |TAMS 0x0000000083200000, 0x0000000083200000| Untracked 
|  50|0x0000000083200000, 0x0000000083300000, 0x0000000083300000|100%| O|  |TAMS 0x0000000083300000, 0x0000000083300000| Untracked 
|  51|0x0000000083300000, 0x0000000083400000, 0x0000000083400000|100%| O|  |TAMS 0x0000000083400000, 0x0000000083400000| Untracked 
|  52|0x0000000083400000, 0x0000000083500000, 0x0000000083500000|100%| O|  |TAMS 0x0000000083500000, 0x0000000083500000| Untracked 
|  53|0x0000000083500000, 0x0000000083600000, 0x0000000083600000|100%| O|  |TAMS 0x0000000083600000, 0x0000000083600000| Untracked 
|  54|0x0000000083600000, 0x0000000083700000, 0x0000000083700000|100%| O|  |TAMS 0x0000000083700000, 0x0000000083700000| Untracked 
|  55|0x0000000083700000, 0x0000000083800000, 0x0000000083800000|100%| O|  |TAMS 0x0000000083800000, 0x0000000083800000| Untracked 
|  56|0x0000000083800000, 0x0000000083900000, 0x0000000083900000|100%| O|  |TAMS 0x0000000083900000, 0x0000000083900000| Untracked 
|  57|0x0000000083900000, 0x0000000083a00000, 0x0000000083a00000|100%| O|  |TAMS 0x0000000083a00000, 0x0000000083a00000| Untracked 
|  58|0x0000000083a00000, 0x0000000083b00000, 0x0000000083b00000|100%| O|  |TAMS 0x0000000083b00000, 0x0000000083b00000| Untracked 
|  59|0x0000000083b00000, 0x0000000083c00000, 0x0000000083c00000|100%| O|  |TAMS 0x0000000083c00000, 0x0000000083c00000| Untracked 
|  60|0x0000000083c00000, 0x0000000083d00000, 0x0000000083d00000|100%| O|  |TAMS 0x0000000083d00000, 0x0000000083d00000| Untracked 
|  61|0x0000000083d00000, 0x0000000083e00000, 0x0000000083e00000|100%| O|  |TAMS 0x0000000083e00000, 0x0000000083e00000| Untracked 
|  62|0x0000000083e00000, 0x0000000083f00000, 0x0000000083f00000|100%| O|  |TAMS 0x0000000083f00000, 0x0000000083f00000| Untracked 
|  63|0x0000000083f00000, 0x0000000084000000, 0x0000000084000000|100%| O|  |TAMS 0x0000000084000000, 0x0000000084000000| Untracked 
|  64|0x0000000084000000, 0x0000000084100000, 0x0000000084100000|100%| O|  |TAMS 0x0000000084100000, 0x0000000084100000| Untracked 
|  65|0x0000000084100000, 0x0000000084200000, 0x0000000084200000|100%| O|  |TAMS 0x0000000084200000, 0x0000000084200000| Untracked 
|  66|0x0000000084200000, 0x0000000084300000, 0x0000000084300000|100%| O|  |TAMS 0x0000000084300000, 0x0000000084300000| Untracked 
|  67|0x0000000084300000, 0x0000000084400000, 0x0000000084400000|100%| O|  |TAMS 0x0000000084400000, 0x0000000084400000| Untracked 
|  68|0x0000000084400000, 0x0000000084500000, 0x0000000084500000|100%| O|  |TAMS 0x0000000084500000, 0x0000000084500000| Untracked 
|  69|0x0000000084500000, 0x0000000084600000, 0x0000000084600000|100%| O|  |TAMS 0x0000000084600000, 0x0000000084600000| Untracked 
|  70|0x0000000084600000, 0x0000000084700000, 0x0000000084700000|100%| O|  |TAMS 0x0000000084700000, 0x0000000084700000| Untracked 
|  71|0x0000000084700000, 0x0000000084800000, 0x0000000084800000|100%| O|  |TAMS 0x0000000084800000, 0x0000000084800000| Untracked 
|  72|0x0000000084800000, 0x0000000084900000, 0x0000000084900000|100%| O|  |TAMS 0x0000000084900000, 0x0000000084900000| Untracked 
|  73|0x0000000084900000, 0x0000000084a00000, 0x0000000084a00000|100%| O|  |TAMS 0x0000000084a00000, 0x0000000084a00000| Untracked 
|  74|0x0000000084a00000, 0x0000000084b00000, 0x0000000084b00000|100%| O|  |TAMS 0x0000000084b00000, 0x0000000084b00000| Untracked 
|  75|0x0000000084b00000, 0x0000000084c00000, 0x0000000084c00000|100%| O|  |TAMS 0x0000000084c00000, 0x0000000084c00000| Untracked 
|  76|0x0000000084c00000, 0x0000000084d00000, 0x0000000084d00000|100%| O|  |TAMS 0x0000000084d00000, 0x0000000084d00000| Untracked 
|  77|0x0000000084d00000, 0x0000000084e00000, 0x0000000084e00000|100%| O|  |TAMS 0x0000000084e00000, 0x0000000084e00000| Untracked 
|  78|0x0000000084e00000, 0x0000000084f00000, 0x0000000084f00000|100%| O|  |TAMS 0x0000000084f00000, 0x0000000084f00000| Untracked 
|  79|0x0000000084f00000, 0x0000000085000000, 0x0000000085000000|100%| O|  |TAMS 0x0000000085000000, 0x0000000085000000| Untracked 
|  80|0x0000000085000000, 0x0000000085100000, 0x0000000085100000|100%| O|  |TAMS 0x0000000085100000, 0x0000000085100000| Untracked 
|  81|0x0000000085100000, 0x0000000085200000, 0x0000000085200000|100%| O|  |TAMS 0x0000000085200000, 0x0000000085200000| Untracked 
|  82|0x0000000085200000, 0x0000000085300000, 0x0000000085300000|100%| O|  |TAMS 0x0000000085300000, 0x0000000085300000| Untracked 
|  83|0x0000000085300000, 0x0000000085400000, 0x0000000085400000|100%| O|  |TAMS 0x0000000085400000, 0x0000000085400000| Untracked 
|  84|0x0000000085400000, 0x0000000085500000, 0x0000000085500000|100%| O|  |TAMS 0x0000000085500000, 0x0000000085500000| Untracked 
|  85|0x0000000085500000, 0x0000000085600000, 0x0000000085600000|100%| O|  |TAMS 0x0000000085600000, 0x0000000085600000| Untracked 
|  86|0x0000000085600000, 0x0000000085700000, 0x0000000085700000|100%| O|  |TAMS 0x0000000085700000, 0x0000000085700000| Untracked 
|  87|0x0000000085700000, 0x0000000085800000, 0x0000000085800000|100%| O|  |TAMS 0x0000000085700000, 0x0000000085800000| Untracked 
|  88|0x0000000085800000, 0x0000000085900000, 0x0000000085900000|100%| O|  |TAMS 0x0000000085900000, 0x0000000085900000| Untracked 
|  89|0x0000000085900000, 0x0000000085a00000, 0x0000000085a00000|100%| O|  |TAMS 0x0000000085a00000, 0x0000000085a00000| Untracked 
|  90|0x0000000085a00000, 0x0000000085b00000, 0x0000000085b00000|100%| O|  |TAMS 0x0000000085b00000, 0x0000000085b00000| Untracked 
|  91|0x0000000085b00000, 0x0000000085c00000, 0x0000000085c00000|100%| O|  |TAMS 0x0000000085c00000, 0x0000000085c00000| Untracked 
|  92|0x0000000085c00000, 0x0000000085d00000, 0x0000000085d00000|100%| O|  |TAMS 0x0000000085d00000, 0x0000000085d00000| Untracked 
|  93|0x0000000085d00000, 0x0000000085e00000, 0x0000000085e00000|100%| O|  |TAMS 0x0000000085e00000, 0x0000000085e00000| Untracked 
|  94|0x0000000085e00000, 0x0000000085f00000, 0x0000000085f00000|100%| O|  |TAMS 0x0000000085f00000, 0x0000000085f00000| Untracked 
|  95|0x0000000085f00000, 0x0000000086000000, 0x0000000086000000|100%| O|  |TAMS 0x0000000086000000, 0x0000000086000000| Untracked 
|  96|0x0000000086000000, 0x0000000086100000, 0x0000000086100000|100%| O|  |TAMS 0x0000000086000000, 0x0000000086100000| Untracked 
|  97|0x0000000086100000, 0x0000000086200000, 0x0000000086200000|100%| O|  |TAMS 0x0000000086100000, 0x0000000086200000| Untracked 
|  98|0x0000000086200000, 0x0000000086300000, 0x0000000086300000|100%| O|  |TAMS 0x0000000086200000, 0x0000000086300000| Untracked 
|  99|0x0000000086300000, 0x0000000086400000, 0x0000000086400000|100%| O|  |TAMS 0x0000000086300000, 0x0000000086400000| Untracked 
| 100|0x0000000086400000, 0x0000000086500000, 0x0000000086500000|100%| O|  |TAMS 0x0000000086400000, 0x0000000086500000| Untracked 
| 101|0x0000000086500000, 0x0000000086600000, 0x0000000086600000|100%| O|  |TAMS 0x0000000086500000, 0x0000000086600000| Untracked 
| 102|0x0000000086600000, 0x0000000086700000, 0x0000000086700000|100%| O|  |TAMS 0x0000000086600000, 0x0000000086700000| Untracked 
| 103|0x0000000086700000, 0x0000000086800000, 0x0000000086800000|100%| O|  |TAMS 0x0000000086700000, 0x0000000086800000| Untracked 
| 104|0x0000000086800000, 0x0000000086900000, 0x0000000086900000|100%| O|  |TAMS 0x0000000086800000, 0x0000000086900000| Untracked 
| 105|0x0000000086900000, 0x0000000086a00000, 0x0000000086a00000|100%| O|  |TAMS 0x0000000086900000, 0x0000000086900000| Untracked 
| 106|0x0000000086a00000, 0x0000000086b00000, 0x0000000086b00000|100%| O|  |TAMS 0x0000000086a00000, 0x0000000086a00000| Untracked 
| 107|0x0000000086b00000, 0x0000000086c00000, 0x0000000086c00000|100%| O|  |TAMS 0x0000000086b00000, 0x0000000086c00000| Untracked 
| 108|0x0000000086c00000, 0x0000000086d00000, 0x0000000086d00000|100%| O|  |TAMS 0x0000000086c00000, 0x0000000086d00000| Untracked 
| 109|0x0000000086d00000, 0x0000000086e00000, 0x0000000086e00000|100%| O|  |TAMS 0x0000000086d00000, 0x0000000086e00000| Untracked 
| 110|0x0000000086e00000, 0x0000000086f00000, 0x0000000086f00000|100%| O|  |TAMS 0x0000000086e00000, 0x0000000086f00000| Untracked 
| 111|0x0000000086f00000, 0x0000000087000000, 0x0000000087000000|100%| O|  |TAMS 0x0000000086f00000, 0x0000000087000000| Untracked 
| 112|0x0000000087000000, 0x0000000087100000, 0x0000000087100000|100%| O|  |TAMS 0x0000000087000000, 0x0000000087100000| Untracked 
| 113|0x0000000087100000, 0x0000000087200000, 0x0000000087200000|100%| O|  |TAMS 0x0000000087100000, 0x0000000087200000| Untracked 
| 114|0x0000000087200000, 0x0000000087300000, 0x0000000087300000|100%| O|  |TAMS 0x0000000087200000, 0x0000000087300000| Untracked 
| 115|0x0000000087300000, 0x0000000087400000, 0x0000000087400000|100%| O|  |TAMS 0x0000000087300000, 0x0000000087400000| Untracked 
| 116|0x0000000087400000, 0x0000000087500000, 0x0000000087500000|100%| O|  |TAMS 0x0000000087400000, 0x00000000874e4000| Untracked 
| 117|0x0000000087500000, 0x0000000087600000, 0x0000000087600000|100%| O|  |TAMS 0x0000000087500000, 0x0000000087500000| Untracked 
| 118|0x0000000087600000, 0x0000000087700000, 0x0000000087700000|100%| O|  |TAMS 0x0000000087600000, 0x0000000087600000| Untracked 
| 119|0x0000000087700000, 0x0000000087800000, 0x0000000087800000|100%| O|  |TAMS 0x0000000087700000, 0x0000000087700000| Untracked 
| 120|0x0000000087800000, 0x0000000087900000, 0x0000000087900000|100%| O|  |TAMS 0x0000000087800000, 0x0000000087800000| Untracked 
| 121|0x0000000087900000, 0x0000000087a00000, 0x0000000087a00000|100%| O|  |TAMS 0x0000000087900000, 0x0000000087900000| Untracked 
| 122|0x0000000087a00000, 0x0000000087b00000, 0x0000000087b00000|100%| O|  |TAMS 0x0000000087a00000, 0x0000000087a00000| Untracked 
| 123|0x0000000087b00000, 0x0000000087c00000, 0x0000000087c00000|100%| O|  |TAMS 0x0000000087b00000, 0x0000000087b00000| Untracked 
| 124|0x0000000087c00000, 0x0000000087d00000, 0x0000000087d00000|100%| O|  |TAMS 0x0000000087c00000, 0x0000000087c00000| Untracked 
| 125|0x0000000087d00000, 0x0000000087e00000, 0x0000000087e00000|100%| O|  |TAMS 0x0000000087d00000, 0x0000000087d00000| Untracked 
| 126|0x0000000087e00000, 0x0000000087e00000, 0x0000000087f00000|  0%| F|  |TAMS 0x0000000087e00000, 0x0000000087e00000| Untracked 
| 127|0x0000000087f00000, 0x0000000087f00000, 0x0000000088000000|  0%| F|  |TAMS 0x0000000087f00000, 0x0000000087f00000| Untracked 
| 128|0x0000000088000000, 0x0000000088000000, 0x0000000088100000|  0%| F|  |TAMS 0x0000000088000000, 0x0000000088000000| Untracked 
| 129|0x0000000088100000, 0x0000000088100000, 0x0000000088200000|  0%| F|  |TAMS 0x0000000088100000, 0x0000000088100000| Untracked 
| 130|0x0000000088200000, 0x0000000088200000, 0x0000000088300000|  0%| F|  |TAMS 0x0000000088200000, 0x0000000088200000| Untracked 
| 131|0x0000000088300000, 0x0000000088300000, 0x0000000088400000|  0%| F|  |TAMS 0x0000000088300000, 0x0000000088300000| Untracked 
| 132|0x0000000088400000, 0x0000000088400000, 0x0000000088500000|  0%| F|  |TAMS 0x0000000088400000, 0x0000000088400000| Untracked 
| 133|0x0000000088500000, 0x0000000088500000, 0x0000000088600000|  0%| F|  |TAMS 0x0000000088500000, 0x0000000088500000| Untracked 
| 134|0x0000000088600000, 0x0000000088600000, 0x0000000088700000|  0%| F|  |TAMS 0x0000000088600000, 0x0000000088600000| Untracked 
| 135|0x0000000088700000, 0x0000000088700000, 0x0000000088800000|  0%| F|  |TAMS 0x0000000088700000, 0x0000000088700000| Untracked 
| 136|0x0000000088800000, 0x0000000088800000, 0x0000000088900000|  0%| F|  |TAMS 0x0000000088800000, 0x0000000088800000| Untracked 
| 137|0x0000000088900000, 0x0000000088900000, 0x0000000088a00000|  0%| F|  |TAMS 0x0000000088900000, 0x0000000088900000| Untracked 
| 138|0x0000000088a00000, 0x0000000088a00000, 0x0000000088b00000|  0%| F|  |TAMS 0x0000000088a00000, 0x0000000088a00000| Untracked 
| 139|0x0000000088b00000, 0x0000000088b00000, 0x0000000088c00000|  0%| F|  |TAMS 0x0000000088b00000, 0x0000000088b00000| Untracked 
| 140|0x0000000088c00000, 0x0000000088c00000, 0x0000000088d00000|  0%| F|  |TAMS 0x0000000088c00000, 0x0000000088c00000| Untracked 
| 141|0x0000000088d00000, 0x0000000088d00000, 0x0000000088e00000|  0%| F|  |TAMS 0x0000000088d00000, 0x0000000088d00000| Untracked 
| 142|0x0000000088e00000, 0x0000000088e00000, 0x0000000088f00000|  0%| F|  |TAMS 0x0000000088e00000, 0x0000000088e00000| Untracked 
| 143|0x0000000088f00000, 0x0000000088f00000, 0x0000000089000000|  0%| F|  |TAMS 0x0000000088f00000, 0x0000000088f00000| Untracked 
| 144|0x0000000089000000, 0x0000000089000000, 0x0000000089100000|  0%| F|  |TAMS 0x0000000089000000, 0x0000000089000000| Untracked 
| 145|0x0000000089100000, 0x0000000089100000, 0x0000000089200000|  0%| F|  |TAMS 0x0000000089100000, 0x0000000089100000| Untracked 
| 146|0x0000000089200000, 0x0000000089200000, 0x0000000089300000|  0%| F|  |TAMS 0x0000000089200000, 0x0000000089200000| Untracked 
| 147|0x0000000089300000, 0x0000000089300000, 0x0000000089400000|  0%| F|  |TAMS 0x0000000089300000, 0x0000000089300000| Untracked 
| 148|0x0000000089400000, 0x0000000089400000, 0x0000000089500000|  0%| F|  |TAMS 0x0000000089400000, 0x0000000089400000| Untracked 
| 149|0x0000000089500000, 0x0000000089500000, 0x0000000089600000|  0%| F|  |TAMS 0x0000000089500000, 0x0000000089500000| Untracked 
| 150|0x0000000089600000, 0x0000000089600000, 0x0000000089700000|  0%| F|  |TAMS 0x0000000089600000, 0x0000000089600000| Untracked 
| 151|0x0000000089700000, 0x0000000089700000, 0x0000000089800000|  0%| F|  |TAMS 0x0000000089700000, 0x0000000089700000| Untracked 
| 152|0x0000000089800000, 0x0000000089800000, 0x0000000089900000|  0%| F|  |TAMS 0x0000000089800000, 0x0000000089800000| Untracked 
| 153|0x0000000089900000, 0x0000000089900000, 0x0000000089a00000|  0%| F|  |TAMS 0x0000000089900000, 0x0000000089900000| Untracked 
| 154|0x0000000089a00000, 0x0000000089a00000, 0x0000000089b00000|  0%| F|  |TAMS 0x0000000089a00000, 0x0000000089a00000| Untracked 
| 155|0x0000000089b00000, 0x0000000089c00000, 0x0000000089c00000|100%| S|CS|TAMS 0x0000000089b00000, 0x0000000089b00000| Complete 
| 156|0x0000000089c00000, 0x0000000089d00000, 0x0000000089d00000|100%| S|CS|TAMS 0x0000000089c00000, 0x0000000089c00000| Complete 
| 157|0x0000000089d00000, 0x0000000089e00000, 0x0000000089e00000|100%| S|CS|TAMS 0x0000000089d00000, 0x0000000089d00000| Complete 
| 158|0x0000000089e00000, 0x0000000089f00000, 0x0000000089f00000|100%| S|CS|TAMS 0x0000000089e00000, 0x0000000089e00000| Complete 
| 159|0x0000000089f00000, 0x0000000089f00000, 0x000000008a000000|  0%| F|  |TAMS 0x0000000089f00000, 0x0000000089f00000| Untracked 
| 160|0x000000008a000000, 0x000000008a000000, 0x000000008a100000|  0%| F|  |TAMS 0x000000008a000000, 0x000000008a000000| Untracked 
| 161|0x000000008a100000, 0x000000008a100000, 0x000000008a200000|  0%| F|  |TAMS 0x000000008a100000, 0x000000008a100000| Untracked 
| 162|0x000000008a200000, 0x000000008a200000, 0x000000008a300000|  0%| F|  |TAMS 0x000000008a200000, 0x000000008a200000| Untracked 
| 163|0x000000008a300000, 0x000000008a300000, 0x000000008a400000|  0%| F|  |TAMS 0x000000008a300000, 0x000000008a300000| Untracked 
| 164|0x000000008a400000, 0x000000008a400000, 0x000000008a500000|  0%| F|  |TAMS 0x000000008a400000, 0x000000008a400000| Untracked 
| 165|0x000000008a500000, 0x000000008a500000, 0x000000008a600000|  0%| F|  |TAMS 0x000000008a500000, 0x000000008a500000| Untracked 
| 166|0x000000008a600000, 0x000000008a600000, 0x000000008a700000|  0%| F|  |TAMS 0x000000008a600000, 0x000000008a600000| Untracked 
| 167|0x000000008a700000, 0x000000008a700000, 0x000000008a800000|  0%| F|  |TAMS 0x000000008a700000, 0x000000008a700000| Untracked 
| 168|0x000000008a800000, 0x000000008a800000, 0x000000008a900000|  0%| F|  |TAMS 0x000000008a800000, 0x000000008a800000| Untracked 
| 169|0x000000008a900000, 0x000000008a900000, 0x000000008aa00000|  0%| F|  |TAMS 0x000000008a900000, 0x000000008a900000| Untracked 
| 170|0x000000008aa00000, 0x000000008aa00000, 0x000000008ab00000|  0%| F|  |TAMS 0x000000008aa00000, 0x000000008aa00000| Untracked 
| 171|0x000000008ab00000, 0x000000008ab00000, 0x000000008ac00000|  0%| F|  |TAMS 0x000000008ab00000, 0x000000008ab00000| Untracked 
| 172|0x000000008ac00000, 0x000000008ac00000, 0x000000008ad00000|  0%| F|  |TAMS 0x000000008ac00000, 0x000000008ac00000| Untracked 
| 173|0x000000008ad00000, 0x000000008ad00000, 0x000000008ae00000|  0%| F|  |TAMS 0x000000008ad00000, 0x000000008ad00000| Untracked 
| 174|0x000000008ae00000, 0x000000008ae00000, 0x000000008af00000|  0%| F|  |TAMS 0x000000008ae00000, 0x000000008ae00000| Untracked 
| 175|0x000000008af00000, 0x000000008af00000, 0x000000008b000000|  0%| F|  |TAMS 0x000000008af00000, 0x000000008af00000| Untracked 
| 176|0x000000008b000000, 0x000000008b000000, 0x000000008b100000|  0%| F|  |TAMS 0x000000008b000000, 0x000000008b000000| Untracked 
| 177|0x000000008b100000, 0x000000008b100000, 0x000000008b200000|  0%| F|  |TAMS 0x000000008b100000, 0x000000008b100000| Untracked 

Card table byte_map: [0x000001e878d70000,0x000001e879170000] _byte_map_base: 0x000001e878970000

Marking Bits (Prev, Next): (CMBitMap*) 0x000001e8646f8d70, (CMBitMap*) 0x000001e8646f8db0
 Prev Bits: [0x000001e879570000, 0x000001e87b570000)
 Next Bits: [0x000001e87b570000, 0x000001e87d570000)

Polling page: 0x000001e864540000

Metaspace:

Usage:
  Non-class:     88.11 MB used.
      Class:     13.68 MB used.
       Both:    101.79 MB used.

Virtual space:
  Non-class space:       96.00 MB reserved,      88.50 MB ( 92%) committed,  12 nodes.
      Class space:        1.00 GB reserved,      14.06 MB (  1%) committed,  1 nodes.
             Both:        1.09 GB reserved,     102.56 MB (  9%) committed. 

Chunk freelists:
   Non-Class:  2.91 MB
       Class:  1.98 MB
        Both:  4.89 MB

MaxMetaspaceSize: unlimited
CompressedClassSpaceSize: 1.00 GB
Initial GC threshold: 21.00 MB
Current GC threshold: 165.00 MB
CDS: off
MetaspaceReclaimPolicy: balanced
 - commit_granule_bytes: 65536.
 - commit_granule_words: 8192.
 - virtual_space_node_default_size: 1048576.
 - enlarge_chunks_in_place: 1.
 - new_chunks_are_fully_committed: 0.
 - uncommit_free_chunks: 1.
 - use_allocation_guard: 0.
 - handle_deallocations: 1.


Internal statistics:

num_allocs_failed_limit: 6.
num_arena_births: 1176.
num_arena_deaths: 0.
num_vsnodes_births: 13.
num_vsnodes_deaths: 0.
num_space_committed: 1640.
num_space_uncommitted: 0.
num_chunks_returned_to_freelist: 6.
num_chunks_taken_from_freelist: 5133.
num_chunk_merges: 6.
num_chunk_splits: 3329.
num_chunks_enlarged: 2195.
num_purges: 0.
num_inconsistent_stats: 0.

CodeHeap 'non-profiled nmethods': size=120000Kb used=7500Kb max_used=8007Kb free=112499Kb
 bounds [0x000001e870e20000, 0x000001e871600000, 0x000001e878350000]
CodeHeap 'profiled nmethods': size=120000Kb used=23724Kb max_used=25062Kb free=96275Kb
 bounds [0x000001e869350000, 0x000001e86abd0000, 0x000001e870880000]
CodeHeap 'non-nmethods': size=5760Kb used=2406Kb max_used=2465Kb free=3353Kb
 bounds [0x000001e870880000, 0x000001e870b00000, 0x000001e870e20000]
 total_blobs=13076 nmethods=12130 adapters=856
 compilation: enabled
              stopped_count=0, restarted_count=0
 full_count=0

Compilation events (20 events):
Event: 186.521 Thread 0x000001e800812400 14575       2       com.android.utils.XmlUtils::toXmlTextValue (65 bytes)
Event: 186.523 Thread 0x000001e800812400 nmethod 14575 0x000001e869d5dd90 code [0x000001e869d5dfa0, 0x000001e869d5e498]
Event: 186.523 Thread 0x000001e800812400 14576       3       com.android.utils.XmlUtils::toXmlAttributeValue (89 bytes)
Event: 186.524 Thread 0x000001e800812400 nmethod 14576 0x000001e869cb5a10 code [0x000001e869cb5ce0, 0x000001e869cb6bb8]
Event: 186.524 Thread 0x000001e800812400 14572       2       java.lang.StringUTF16::putCharSB (12 bytes)
Event: 186.525 Thread 0x000001e800812400 nmethod 14572 0x000001e869c8c390 code [0x000001e869c8c520, 0x000001e869c8c668]
Event: 186.525 Thread 0x000001e800812400 14573       2       com.android.utils.XmlUtils$PositionAwareStringBuilder::getOffset (8 bytes)
Event: 186.525 Thread 0x000001e800812400 nmethod 14573 0x000001e869cb9390 code [0x000001e869cb9520, 0x000001e869cb9638]
Event: 186.526 Thread 0x000001e87fbfe780 nmethod 14502 0x000001e871457590 code [0x000001e8714577e0, 0x000001e8714591f8]
Event: 186.526 Thread 0x000001e800812400 14577       2       com.google.common.base.CharMatcher::countIn (39 bytes)
Event: 186.526 Thread 0x000001e87fbfe780 14562       4       org.apache.xerces.dom.ParentNode::nodeListItem (243 bytes)
Event: 186.526 Thread 0x000001e800812400 nmethod 14577 0x000001e86a347d10 code [0x000001e86a347ec0, 0x000001e86a3480e8]
Event: 186.528 Thread 0x000001e800812400 14579 %     3       com.android.utils.XmlUtils::toXmlTextValue @ 7 (65 bytes)
Event: 186.529 Thread 0x000001e800812400 nmethod 14579% 0x000001e869b88210 code [0x000001e869b884e0, 0x000001e869b89378]
Event: 186.529 Thread 0x000001e800812400 14580       3       com.android.utils.XmlUtils::toXmlTextValue (65 bytes)
Event: 186.531 Thread 0x000001e800812400 nmethod 14580 0x000001e86a01ca10 code [0x000001e86a01cce0, 0x000001e86a01dad8]
Event: 186.537 Thread 0x000001e800812400 14581 %     3       com.google.common.base.CharMatcher::countIn @ 4 (39 bytes)
Event: 186.538 Thread 0x000001e800812400 nmethod 14581% 0x000001e869fd7910 code [0x000001e869fd7ae0, 0x000001e869fd7fc8]
Event: 186.539 Thread 0x000001e800812400 14582       2       java.lang.StringUTF16::lastIndexOf (47 bytes)
Event: 186.540 Thread 0x000001e800812400 nmethod 14582 0x000001e869d03c90 code [0x000001e869d03e40, 0x000001e869d04028]

GC Heap History (20 events):
Event: 26.193 GC heap after
{Heap after GC invocations=36 (full 0):
 garbage-first heap   total 182272K, used 74725K [0x0000000080000000, 0x0000000100000000)
  region size 1024K, 9 young (9216K), 9 survivors (9216K)
 Metaspace       used 89978K, committed 90624K, reserved 1130496K
  class space    used 12257K, committed 12544K, reserved 1048576K
}
Event: 29.224 GC heap before
{Heap before GC invocations=36 (full 0):
 garbage-first heap   total 182272K, used 142309K [0x0000000080000000, 0x0000000100000000)
  region size 1024K, 75 young (76800K), 9 survivors (9216K)
 Metaspace       used 92822K, committed 93504K, reserved 1130496K
  class space    used 12627K, committed 12928K, reserved 1048576K
}
Event: 29.254 GC heap after
{Heap after GC invocations=37 (full 0):
 garbage-first heap   total 182272K, used 83552K [0x0000000080000000, 0x0000000100000000)
  region size 1024K, 9 young (9216K), 9 survivors (9216K)
 Metaspace       used 92822K, committed 93504K, reserved 1130496K
  class space    used 12627K, committed 12928K, reserved 1048576K
}
Event: 31.809 GC heap before
{Heap before GC invocations=37 (full 0):
 garbage-first heap   total 182272K, used 141920K [0x0000000080000000, 0x0000000100000000)
  region size 1024K, 67 young (68608K), 9 survivors (9216K)
 Metaspace       used 94615K, committed 95296K, reserved 1138688K
  class space    used 12922K, committed 13248K, reserved 1048576K
}
Event: 31.837 GC heap after
{Heap after GC invocations=38 (full 0):
 garbage-first heap   total 182272K, used 90240K [0x0000000080000000, 0x0000000100000000)
  region size 1024K, 7 young (7168K), 7 survivors (7168K)
 Metaspace       used 94615K, committed 95296K, reserved 1138688K
  class space    used 12922K, committed 13248K, reserved 1048576K
}
Event: 33.036 GC heap before
{Heap before GC invocations=38 (full 0):
 garbage-first heap   total 182272K, used 144512K [0x0000000080000000, 0x0000000100000000)
  region size 1024K, 61 young (62464K), 7 survivors (7168K)
 Metaspace       used 95400K, committed 96000K, reserved 1138688K
  class space    used 12977K, committed 13248K, reserved 1048576K
}
Event: 33.059 GC heap after
{Heap after GC invocations=39 (full 0):
 garbage-first heap   total 182272K, used 94970K [0x0000000080000000, 0x0000000100000000)
  region size 1024K, 5 young (5120K), 5 survivors (5120K)
 Metaspace       used 95400K, committed 96000K, reserved 1138688K
  class space    used 12977K, committed 13248K, reserved 1048576K
}
Event: 34.356 GC heap before
{Heap before GC invocations=40 (full 0):
 garbage-first heap   total 182272K, used 146170K [0x0000000080000000, 0x0000000100000000)
  region size 1024K, 56 young (57344K), 5 survivors (5120K)
 Metaspace       used 95707K, committed 96320K, reserved 1138688K
  class space    used 13002K, committed 13312K, reserved 1048576K
}
Event: 34.371 GC heap after
{Heap after GC invocations=41 (full 0):
 garbage-first heap   total 182272K, used 98088K [0x0000000080000000, 0x0000000100000000)
  region size 1024K, 4 young (4096K), 4 survivors (4096K)
 Metaspace       used 95707K, committed 96320K, reserved 1138688K
  class space    used 13002K, committed 13312K, reserved 1048576K
}
Event: 34.401 GC heap before
{Heap before GC invocations=41 (full 0):
 garbage-first heap   total 182272K, used 101160K [0x0000000080000000, 0x0000000100000000)
  region size 1024K, 8 young (8192K), 4 survivors (4096K)
 Metaspace       used 95707K, committed 96320K, reserved 1138688K
  class space    used 13002K, committed 13312K, reserved 1048576K
}
Event: 34.426 GC heap after
{Heap after GC invocations=42 (full 0):
 garbage-first heap   total 182272K, used 98012K [0x0000000080000000, 0x0000000100000000)
  region size 1024K, 1 young (1024K), 1 survivors (1024K)
 Metaspace       used 95707K, committed 96320K, reserved 1138688K
  class space    used 13002K, committed 13312K, reserved 1048576K
}
Event: 153.571 GC heap before
{Heap before GC invocations=42 (full 0):
 garbage-first heap   total 182272K, used 172764K [0x0000000080000000, 0x0000000100000000)
  region size 1024K, 45 young (46080K), 1 survivors (1024K)
 Metaspace       used 100674K, committed 101376K, reserved 1138688K
  class space    used 13626K, committed 13952K, reserved 1048576K
}
Event: 153.596 GC heap after
{Heap after GC invocations=43 (full 0):
 garbage-first heap   total 182272K, used 100758K [0x0000000080000000, 0x0000000100000000)
  region size 1024K, 4 young (4096K), 4 survivors (4096K)
 Metaspace       used 100674K, committed 101376K, reserved 1138688K
  class space    used 13626K, committed 13952K, reserved 1048576K
}
Event: 184.385 GC heap before
{Heap before GC invocations=44 (full 0):
 garbage-first heap   total 182272K, used 148886K [0x0000000080000000, 0x0000000100000000)
  region size 1024K, 52 young (53248K), 4 survivors (4096K)
 Metaspace       used 101154K, committed 101888K, reserved 1138688K
  class space    used 13649K, committed 14016K, reserved 1048576K
}
Event: 184.405 GC heap after
{Heap after GC invocations=45 (full 0):
 garbage-first heap   total 182272K, used 105666K [0x0000000080000000, 0x0000000100000000)
  region size 1024K, 7 young (7168K), 7 survivors (7168K)
 Metaspace       used 101154K, committed 101888K, reserved 1138688K
  class space    used 13649K, committed 14016K, reserved 1048576K
}
Event: 184.439 GC heap before
{Heap before GC invocations=45 (full 0):
 garbage-first heap   total 182272K, used 106690K [0x0000000080000000, 0x0000000100000000)
  region size 1024K, 8 young (8192K), 7 survivors (7168K)
 Metaspace       used 101168K, committed 101888K, reserved 1138688K
  class space    used 13649K, committed 14016K, reserved 1048576K
}
Event: 184.458 GC heap after
{Heap after GC invocations=46 (full 0):
 garbage-first heap   total 182272K, used 105764K [0x0000000080000000, 0x0000000100000000)
  region size 1024K, 1 young (1024K), 1 survivors (1024K)
 Metaspace       used 101168K, committed 101888K, reserved 1138688K
  class space    used 13649K, committed 14016K, reserved 1048576K
}
Event: 185.971 GC heap before
{Heap before GC invocations=46 (full 0):
 garbage-first heap   total 182272K, used 150820K [0x0000000080000000, 0x0000000100000000)
  region size 1024K, 44 young (45056K), 1 survivors (1024K)
 Metaspace       used 103832K, committed 104576K, reserved 1146880K
  class space    used 13974K, committed 14336K, reserved 1048576K
}
Event: 185.999 GC heap after
{Heap after GC invocations=47 (full 0):
 garbage-first heap   total 182272K, used 123792K [0x0000000080000000, 0x0000000100000000)
  region size 1024K, 6 young (6144K), 6 survivors (6144K)
 Metaspace       used 103832K, committed 104576K, reserved 1146880K
  class space    used 13974K, committed 14336K, reserved 1048576K
}
Event: 186.540 GC heap before
{Heap before GC invocations=47 (full 0):
 garbage-first heap   total 182272K, used 141200K [0x0000000080000000, 0x0000000100000000)
  region size 1024K, 25 young (25600K), 6 survivors (6144K)
 Metaspace       used 104231K, committed 105024K, reserved 1146880K
  class space    used 14008K, committed 14400K, reserved 1048576K
}

Dll operation events (2 events):
Event: 0.015 Loaded shared library C:\Program Files\Android\Android Studio\jbr\bin\java.dll
Event: 0.701 Loaded shared library C:\Program Files\Android\Android Studio\jbr\bin\verify.dll

Deoptimization events (20 events):
Event: 186.355 Thread 0x000001e8013ab9c0 DEOPT PACKING pc=0x000001e871130c70 sp=0x000000df59ffa7b0
Event: 186.355 Thread 0x000001e8013ab9c0 DEOPT UNPACKING pc=0x000001e8708d69a3 sp=0x000000df59ffa6a8 mode 2
Event: 186.356 Thread 0x000001e8013ab9c0 Uncommon trap: trap_request=0xffffff45 fr.pc=0x000001e8714d0bb4 relative=0x0000000000000114
Event: 186.356 Thread 0x000001e8013ab9c0 Uncommon trap: reason=unstable_if action=reinterpret pc=0x000001e8714d0bb4 method=org.apache.xerces.dom.DeferredDocumentImpl.clearChunkIndex([[III)I @ 3 c2
Event: 186.356 Thread 0x000001e8013ab9c0 DEOPT PACKING pc=0x000001e8714d0bb4 sp=0x000000df59ffa6f0
Event: 186.356 Thread 0x000001e8013ab9c0 DEOPT UNPACKING pc=0x000001e8708d69a3 sp=0x000000df59ffa698 mode 2
Event: 186.410 Thread 0x000001e8013ab9c0 Uncommon trap: trap_request=0xffffff76 fr.pc=0x000001e87114b474 relative=0x00000000000004d4
Event: 186.410 Thread 0x000001e8013ab9c0 Uncommon trap: reason=predicate action=maybe_recompile pc=0x000001e87114b474 method=org.apache.xerces.dom.NamedNodeMapImpl.findNamePoint(Ljava/lang/String;Ljava/lang/String;)I @ 126 c2
Event: 186.410 Thread 0x000001e8013ab9c0 DEOPT PACKING pc=0x000001e87114b474 sp=0x000000df59ffa7c0
Event: 186.410 Thread 0x000001e8013ab9c0 DEOPT UNPACKING pc=0x000001e8708d69a3 sp=0x000000df59ffa760 mode 2
Event: 186.504 Thread 0x000001e8013ab9c0 DEOPT PACKING pc=0x000001e86a3e111b sp=0x000000df59ffa540
Event: 186.504 Thread 0x000001e8013ab9c0 DEOPT UNPACKING pc=0x000001e8708d7143 sp=0x000000df59ff9a00 mode 0
Event: 186.512 Thread 0x000001e8013ab9c0 Uncommon trap: trap_request=0xffffff45 fr.pc=0x000001e871545070 relative=0x0000000000000150
Event: 186.512 Thread 0x000001e8013ab9c0 Uncommon trap: reason=unstable_if action=reinterpret pc=0x000001e871545070 method=org.apache.xerces.dom.DeferredDocumentImpl.clearChunkIndex([[III)I @ 47 c2
Event: 186.512 Thread 0x000001e8013ab9c0 DEOPT PACKING pc=0x000001e871545070 sp=0x000000df59ffa880
Event: 186.512 Thread 0x000001e8013ab9c0 DEOPT UNPACKING pc=0x000001e8708d69a3 sp=0x000000df59ffa778 mode 2
Event: 186.522 Thread 0x000001e8013ab9c0 DEOPT PACKING pc=0x000001e869d25160 sp=0x000000df59ffa610
Event: 186.522 Thread 0x000001e8013ab9c0 DEOPT UNPACKING pc=0x000001e8708d7143 sp=0x000000df59ff9b20 mode 0
Event: 186.531 Thread 0x000001e8013ab9c0 DEOPT PACKING pc=0x000001e869d5e340 sp=0x000000df59ffa280
Event: 186.531 Thread 0x000001e8013ab9c0 DEOPT UNPACKING pc=0x000001e8708d7143 sp=0x000000df59ff9790 mode 0

Classes unloaded (0 events):
No events

Classes redefined (0 events):
No events

Internal exceptions (20 events):
Event: 35.576 Thread 0x000001e803385230 Implicit null exception at 0x000001e8710fe303 to 0x000001e8710fe4c0
Event: 35.704 Thread 0x000001e8033813a0 Exception <a 'java/lang/NoSuchMethodError'{0x0000000089496d40}: 'java.lang.Object java.lang.invoke.Invokers$Holder.invoke_MT(java.lang.Object, java.lang.Object, java.lang.Object)'> (0x0000000089496d40) 
thrown [s\src\hotspot\share\interpreter\linkResolver.cpp, line 771]
Event: 36.196 Thread 0x000001e803385230 Implicit null exception at 0x000001e8714d0b10 to 0x000001e8714d0c78
Event: 36.273 Thread 0x000001e8033813a0 Exception <a 'java/lang/NoSuchMethodError'{0x000000008906c670}: 'java.lang.Object java.lang.invoke.DirectMethodHandle$Holder.invokeVirtual(java.lang.Object, java.lang.Object, int)'> (0x000000008906c670) 
thrown [s\src\hotspot\share\interpreter\linkResolver.cpp, line 771]
Event: 36.301 Thread 0x000001e8033813a0 Exception <a 'java/lang/NoSuchMethodError'{0x00000000890feff0}: 'void java.lang.invoke.DirectMethodHandle$Holder.invokeStatic(java.lang.Object, java.lang.Object, java.lang.Object, int)'> (0x00000000890feff0) 
thrown [s\src\hotspot\share\interpreter\linkResolver.cpp, line 771]
Event: 36.436 Thread 0x000001e8013ae510 Exception <a 'sun/nio/fs/WindowsException'{0x0000000088ee4750}> (0x0000000088ee4750) 
thrown [s\src\hotspot\share\prims\jni.cpp, line 517]
Event: 36.436 Thread 0x000001e8013ae510 Exception <a 'sun/nio/fs/WindowsException'{0x0000000088ee4b90}> (0x0000000088ee4b90) 
thrown [s\src\hotspot\share\prims\jni.cpp, line 517]
Event: 36.438 Thread 0x000001e8013ae510 Exception <a 'sun/nio/fs/WindowsException'{0x0000000088ef2950}> (0x0000000088ef2950) 
thrown [s\src\hotspot\share\prims\jni.cpp, line 517]
Event: 36.622 Thread 0x000001e8013ae510 Implicit null exception at 0x000001e87146330f to 0x000001e87146335c
Event: 182.989 Thread 0x000001e803380060 Implicit null exception at 0x000001e871493cba to 0x000001e871494268
Event: 184.010 Thread 0x000001e803380060 Exception <a 'sun/nio/fs/WindowsException'{0x0000000088e1a190}> (0x0000000088e1a190) 
thrown [s\src\hotspot\share\prims\jni.cpp, line 517]
Event: 184.468 Thread 0x000001e803380060 Exception <a 'sun/nio/fs/WindowsException'{0x000000008b131078}> (0x000000008b131078) 
thrown [s\src\hotspot\share\prims\jni.cpp, line 517]
Event: 184.483 Thread 0x000001e803380060 Exception <a 'sun/nio/fs/WindowsException'{0x000000008b1ce428}> (0x000000008b1ce428) 
thrown [s\src\hotspot\share\prims\jni.cpp, line 517]
Event: 184.483 Thread 0x000001e803380060 Exception <a 'sun/nio/fs/WindowsException'{0x000000008b1cf7f8}> (0x000000008b1cf7f8) 
thrown [s\src\hotspot\share\prims\jni.cpp, line 517]
Event: 184.483 Thread 0x000001e803380060 Exception <a 'sun/nio/fs/WindowsException'{0x000000008b1d0c18}> (0x000000008b1d0c18) 
thrown [s\src\hotspot\share\prims\jni.cpp, line 517]
Event: 184.484 Thread 0x000001e803380060 Exception <a 'sun/nio/fs/WindowsException'{0x000000008b1d2038}> (0x000000008b1d2038) 
thrown [s\src\hotspot\share\prims\jni.cpp, line 517]
Event: 184.637 Thread 0x000001e8013ad1d0 Exception <a 'sun/nio/fs/WindowsException'{0x000000008abce8b8}> (0x000000008abce8b8) 
thrown [s\src\hotspot\share\prims\jni.cpp, line 517]
Event: 184.841 Thread 0x000001e8013ad1d0 Exception <a 'sun/nio/fs/WindowsException'{0x000000008a394700}> (0x000000008a394700) 
thrown [s\src\hotspot\share\prims\jni.cpp, line 517]
Event: 184.841 Thread 0x000001e8013ad1d0 Exception <a 'sun/nio/fs/WindowsException'{0x000000008a394d88}> (0x000000008a394d88) 
thrown [s\src\hotspot\share\prims\jni.cpp, line 517]
Event: 186.356 Thread 0x000001e8013ab9c0 Implicit null exception at 0x000001e8714d0ada to 0x000001e8714d0b9c

VM Operations (20 events):
Event: 184.405 Executing VM operation: G1CollectForAllocation done
Event: 184.439 Executing VM operation: G1CollectForAllocation
Event: 184.458 Executing VM operation: G1CollectForAllocation done
Event: 184.715 Executing VM operation: ICBufferFull
Event: 184.715 Executing VM operation: ICBufferFull done
Event: 185.513 Executing VM operation: HandshakeAllThreads
Event: 185.513 Executing VM operation: HandshakeAllThreads done
Event: 185.513 Executing VM operation: HandshakeAllThreads
Event: 185.513 Executing VM operation: HandshakeAllThreads done
Event: 185.561 Executing VM operation: HandshakeAllThreads
Event: 185.563 Executing VM operation: HandshakeAllThreads done
Event: 185.614 Executing VM operation: HandshakeAllThreads
Event: 185.615 Executing VM operation: HandshakeAllThreads done
Event: 185.650 Executing VM operation: ICBufferFull
Event: 185.650 Executing VM operation: ICBufferFull done
Event: 185.918 Executing VM operation: HandshakeAllThreads
Event: 185.918 Executing VM operation: HandshakeAllThreads done
Event: 185.971 Executing VM operation: G1CollectForAllocation
Event: 185.999 Executing VM operation: G1CollectForAllocation done
Event: 186.540 Executing VM operation: G1TryInitiateConcMark

Events (20 events):
Event: 185.643 Thread 0x000001e8008154f0 flushing nmethod 0x000001e86ab71d90
Event: 185.643 Thread 0x000001e8008154f0 flushing nmethod 0x000001e86ab72290
Event: 185.643 Thread 0x000001e8008154f0 flushing nmethod 0x000001e86ab78090
Event: 185.643 Thread 0x000001e8008154f0 flushing nmethod 0x000001e86ab78990
Event: 185.643 Thread 0x000001e8008154f0 flushing nmethod 0x000001e86ab7e590
Event: 185.643 Thread 0x000001e8008154f0 flushing nmethod 0x000001e86ab86310
Event: 185.643 Thread 0x000001e8008154f0 flushing nmethod 0x000001e86ab8f710
Event: 185.643 Thread 0x000001e8008154f0 flushing nmethod 0x000001e86ab91d10
Event: 185.643 Thread 0x000001e8008154f0 flushing nmethod 0x000001e86ab9b710
Event: 185.643 Thread 0x000001e8008154f0 flushing nmethod 0x000001e86aba3d90
Event: 185.907 loading class java/util/stream/Nodes$IntFixedNodeBuilder
Event: 185.907 loading class java/util/stream/Node$Builder$OfInt
Event: 185.909 loading class java/util/stream/Node$Builder$OfInt done
Event: 185.909 loading class java/util/stream/Nodes$IntArrayNode
Event: 185.909 loading class java/util/stream/Nodes$IntArrayNode done
Event: 185.909 loading class java/util/stream/Nodes$IntFixedNodeBuilder done
Event: 186.082 loading class java/util/concurrent/ConcurrentLinkedDeque
Event: 186.083 loading class java/util/concurrent/ConcurrentLinkedDeque done
Event: 186.083 loading class java/util/concurrent/ConcurrentLinkedDeque$Node
Event: 186.083 loading class java/util/concurrent/ConcurrentLinkedDeque$Node done


Dynamic libraries:
0x00007ff64e1f0000 - 0x00007ff64e1fa000 	C:\Program Files\Android\Android Studio\jbr\bin\java.exe
0x00007ffe79590000 - 0x00007ffe79788000 	C:\Windows\SYSTEM32\ntdll.dll
0x00007ffe79490000 - 0x00007ffe7954d000 	C:\Windows\System32\KERNEL32.DLL
0x00007ffe76e40000 - 0x00007ffe77136000 	C:\Windows\System32\KERNELBASE.dll
0x00007ffe76c70000 - 0x00007ffe76d70000 	C:\Windows\System32\ucrtbase.dll
0x00007ffe5c4c0000 - 0x00007ffe5c4d7000 	C:\Program Files\Android\Android Studio\jbr\bin\jli.dll
0x00007ffe5c480000 - 0x00007ffe5c49b000 	C:\Program Files\Android\Android Studio\jbr\bin\VCRUNTIME140.dll
0x00007ffe787a0000 - 0x00007ffe7893e000 	C:\Windows\System32\USER32.dll
0x00007ffe66730000 - 0x00007ffe669ca000 	C:\Windows\WinSxS\amd64_microsoft.windows.common-controls_6595b64144ccf1df_6.0.19041.1110_none_60b5254171f9507e\COMCTL32.dll
0x00007ffe76e10000 - 0x00007ffe76e32000 	C:\Windows\System32\win32u.dll
0x00007ffe78650000 - 0x00007ffe786ee000 	C:\Windows\System32\msvcrt.dll
0x00007ffe78b60000 - 0x00007ffe78b8c000 	C:\Windows\System32\GDI32.dll
0x00007ffe77250000 - 0x00007ffe7736a000 	C:\Windows\System32\gdi32full.dll
0x00007ffe76d70000 - 0x00007ffe76e0d000 	C:\Windows\System32\msvcp_win.dll
0x00007ffe789c0000 - 0x00007ffe789f0000 	C:\Windows\System32\IMM32.DLL
0x00007ffe5d4c0000 - 0x00007ffe5d4cc000 	C:\Program Files\Android\Android Studio\jbr\bin\vcruntime140_1.dll
0x00007ffe51ac0000 - 0x00007ffe51b4d000 	C:\Program Files\Android\Android Studio\jbr\bin\msvcp140.dll
0x00007ffe20d70000 - 0x00007ffe219de000 	C:\Program Files\Android\Android Studio\jbr\bin\server\jvm.dll
0x00007ffe77a00000 - 0x00007ffe77aae000 	C:\Windows\System32\ADVAPI32.dll
0x00007ffe775f0000 - 0x00007ffe7768c000 	C:\Windows\System32\sechost.dll
0x00007ffe77cc0000 - 0x00007ffe77de6000 	C:\Windows\System32\RPCRT4.dll
0x00007ffe69760000 - 0x00007ffe69787000 	C:\Windows\SYSTEM32\WINMM.dll
0x00007ffe66b10000 - 0x00007ffe66b19000 	C:\Windows\SYSTEM32\WSOCK32.dll
0x00007ffe69ea0000 - 0x00007ffe69eaa000 	C:\Windows\SYSTEM32\VERSION.dll
0x00007ffe78a00000 - 0x00007ffe78a6b000 	C:\Windows\System32\WS2_32.dll
0x00007ffe74ce0000 - 0x00007ffe74cf2000 	C:\Windows\SYSTEM32\kernel.appcore.dll
0x00007ffe647b0000 - 0x00007ffe647ba000 	C:\Program Files\Android\Android Studio\jbr\bin\jimage.dll
0x00007ffe60280000 - 0x00007ffe60464000 	C:\Windows\SYSTEM32\DBGHELP.DLL
0x00007ffe60200000 - 0x00007ffe60234000 	C:\Windows\SYSTEM32\dbgcore.DLL
0x00007ffe771c0000 - 0x00007ffe77242000 	C:\Windows\System32\bcryptPrimitives.dll
0x00007ffe5c990000 - 0x00007ffe5c9b5000 	C:\Program Files\Android\Android Studio\jbr\bin\java.dll
0x00007ffe5e470000 - 0x00007ffe5e488000 	C:\Program Files\Android\Android Studio\jbr\bin\zip.dll
0x00007ffe78d40000 - 0x00007ffe79485000 	C:\Windows\System32\SHELL32.dll
0x00007ffe74d00000 - 0x00007ffe7549b000 	C:\Windows\SYSTEM32\windows.storage.dll
0x00007ffe77690000 - 0x00007ffe779e4000 	C:\Windows\System32\combase.dll
0x00007ffe76640000 - 0x00007ffe7666e000 	C:\Windows\SYSTEM32\Wldp.dll
0x00007ffe77f20000 - 0x00007ffe77fcd000 	C:\Windows\System32\SHCORE.dll
0x00007ffe78cc0000 - 0x00007ffe78d15000 	C:\Windows\System32\shlwapi.dll
0x00007ffe76ba0000 - 0x00007ffe76bc5000 	C:\Windows\SYSTEM32\profapi.dll
0x00007ffe5c840000 - 0x00007ffe5c859000 	C:\Program Files\Android\Android Studio\jbr\bin\net.dll
0x00007ffe6ac40000 - 0x00007ffe6ad4a000 	C:\Windows\SYSTEM32\WINHTTP.dll
0x00007ffe763a0000 - 0x00007ffe7640a000 	C:\Windows\system32\mswsock.dll
0x00007ffe5c820000 - 0x00007ffe5c836000 	C:\Program Files\Android\Android Studio\jbr\bin\nio.dll
0x00007ffe63030000 - 0x00007ffe63040000 	C:\Program Files\Android\Android Studio\jbr\bin\verify.dll
0x00007ffe5b450000 - 0x00007ffe5b477000 	C:\Users\refrizar.dwiardito\.gradle\native\68d5fa5c4cc2d200863cafc0d521ce42e7d3e7ee720ec0a83991735586a16f82\windows-amd64\native-platform.dll
0x00007ffe45920000 - 0x00007ffe45a64000 	C:\Users\refrizar.dwiardito\.gradle\native\e376f236ea51e6404a007f0833ffe2c6e607c4080706a723a18a27aeea778392\windows-amd64\native-platform-file-events.dll
0x00007ffe62c50000 - 0x00007ffe62c59000 	C:\Program Files\Android\Android Studio\jbr\bin\management.dll
0x00007ffe60dc0000 - 0x00007ffe60dcb000 	C:\Program Files\Android\Android Studio\jbr\bin\management_ext.dll
0x00007ffe77df0000 - 0x00007ffe77df8000 	C:\Windows\System32\PSAPI.DLL
0x00007ffe765a0000 - 0x00007ffe765b8000 	C:\Windows\SYSTEM32\CRYPTSP.dll
0x00007ffe75c50000 - 0x00007ffe75c84000 	C:\Windows\system32\rsaenh.dll
0x00007ffe77190000 - 0x00007ffe771b7000 	C:\Windows\System32\bcrypt.dll
0x00007ffe76b60000 - 0x00007ffe76b8e000 	C:\Windows\SYSTEM32\USERENV.dll
0x00007ffe76590000 - 0x00007ffe7659c000 	C:\Windows\SYSTEM32\CRYPTBASE.dll
0x00007ffe76090000 - 0x00007ffe760cb000 	C:\Windows\SYSTEM32\IPHLPAPI.DLL
0x00007ffe789f0000 - 0x00007ffe789f8000 	C:\Windows\System32\NSI.dll
0x00007ffe6d4a0000 - 0x00007ffe6d4b7000 	C:\Windows\SYSTEM32\dhcpcsvc6.DLL
0x00007ffe6ba50000 - 0x00007ffe6ba6d000 	C:\Windows\SYSTEM32\dhcpcsvc.DLL
0x00007ffe760d0000 - 0x00007ffe7619a000 	C:\Windows\SYSTEM32\DNSAPI.dll
0x00007ffe60c20000 - 0x00007ffe60c27000 	C:\Windows\system32\wshunix.dll
0x00007ffe5c860000 - 0x00007ffe5c877000 	C:\Windows\system32\napinsp.dll
0x00007ffe5c600000 - 0x00007ffe5c61b000 	C:\Windows\system32\pnrpnsp.dll
0x00007ffe6f470000 - 0x00007ffe6f485000 	C:\Windows\system32\wshbth.dll
0x00007ffe71f80000 - 0x00007ffe71f9d000 	C:\Windows\system32\NLAapi.dll
0x00007ffe5c5e0000 - 0x00007ffe5c5f2000 	C:\Windows\System32\winrnr.dll
0x00007ffe6b100000 - 0x00007ffe6b10a000 	C:\Windows\System32\rasadhlp.dll
0x00007ffe6a270000 - 0x00007ffe6a2f2000 	C:\Windows\System32\fwpuclnt.dll

dbghelp: loaded successfully - version: 4.0.5 - missing functions: none
symbol engine: initialized successfully - sym options: 0x614 - pdb path: .;C:\Program Files\Android\Android Studio\jbr\bin;C:\Windows\SYSTEM32;C:\Windows\WinSxS\amd64_microsoft.windows.common-controls_6595b64144ccf1df_6.0.19041.1110_none_60b5254171f9507e;C:\Program Files\Android\Android Studio\jbr\bin\server;C:\Users\refrizar.dwiardito\.gradle\native\68d5fa5c4cc2d200863cafc0d521ce42e7d3e7ee720ec0a83991735586a16f82\windows-amd64;C:\Users\refrizar.dwiardito\.gradle\native\e376f236ea51e6404a007f0833ffe2c6e607c4080706a723a18a27aeea778392\windows-amd64

VM Arguments:
jvm_args: --add-opens=java.base/java.util=ALL-UNNAMED --add-opens=java.base/java.lang=ALL-UNNAMED --add-opens=java.base/java.lang.invoke=ALL-UNNAMED --add-opens=java.prefs/java.util.prefs=ALL-UNNAMED --add-opens=java.base/java.nio.charset=ALL-UNNAMED --add-opens=java.base/java.net=ALL-UNNAMED --add-opens=java.base/java.util.concurrent.atomic=ALL-UNNAMED -Xmx2048m -Dfile.encoding=UTF-8 -Duser.country=US -Duser.language=en -Duser.variant 
java_command: org.gradle.launcher.daemon.bootstrap.GradleDaemon 8.0
java_class_path (initial): C:\Users\refrizar.dwiardito\.gradle\wrapper\dists\gradle-8.0-bin\ca5e32bp14vu59qr306oxotwh\gradle-8.0\lib\gradle-launcher-8.0.jar
Launcher Type: SUN_STANDARD

[Global flags]
     intx CICompilerCount                          = 3                                         {product} {ergonomic}
     uint ConcGCThreads                            = 1                                         {product} {ergonomic}
     uint G1ConcRefinementThreads                  = 4                                         {product} {ergonomic}
   size_t G1HeapRegionSize                         = 1048576                                   {product} {ergonomic}
    uintx GCDrainStackTargetSize                   = 64                                        {product} {ergonomic}
   size_t InitialHeapSize                          = 134217728                                 {product} {ergonomic}
   size_t MarkStackSize                            = 4194304                                   {product} {ergonomic}
   size_t MaxHeapSize                              = 2147483648                                {product} {command line}
   size_t MaxNewSize                               = 1287651328                                {product} {ergonomic}
   size_t MinHeapDeltaBytes                        = 1048576                                   {product} {ergonomic}
   size_t MinHeapSize                              = 8388608                                   {product} {ergonomic}
    uintx NonNMethodCodeHeapSize                   = 5832780                                {pd product} {ergonomic}
    uintx NonProfiledCodeHeapSize                  = 122912730                              {pd product} {ergonomic}
    uintx ProfiledCodeHeapSize                     = 122912730                              {pd product} {ergonomic}
    uintx ReservedCodeCacheSize                    = 251658240                              {pd product} {ergonomic}
     bool SegmentedCodeCache                       = true                                      {product} {ergonomic}
   size_t SoftMaxHeapSize                          = 2147483648                             {manageable} {ergonomic}
     bool UseCompressedClassPointers               = true                           {product lp64_product} {ergonomic}
     bool UseCompressedOops                        = true                           {product lp64_product} {ergonomic}
     bool UseG1GC                                  = true                                      {product} {ergonomic}
     bool UseLargePagesIndividualAllocation        = false                                  {pd product} {ergonomic}

Logging:
Log output configuration:
 #0: stdout all=warning uptime,level,tags
 #1: stderr all=off uptime,level,tags

Environment Variables:
JAVA_HOME=C:\Users\refrizar.dwiardito\.jdks\openjdk-21
PATH=C:\Program Files\Common Files\Oracle\Java\javapath;C:\Windows\system32;C:\Windows;C:\Windows\System32\Wbem;C:\Windows\System32\WindowsPowerShell\v1.0\;C:\Windows\System32\OpenSSH\;C:\Program Files\mingw-w64\x86_64-8.1.0-posix-seh-rt_v6-rev0\mingw64\bin;C:\Users\refrizar.dwiardito\AppData\Local\Programs\Python\Python310\Scripts;C:\Users\refrizar.dwiardito\.jdks\openjdk-21\bin;C:\Program Files\PuTTY\;C:\Program Files\gradle-8.3\bin;C:\Program Files\Git\cmd;C:\Users\refrizar.dwiardito\AppData\Local\Programs\Python\Python310\Scripts\;C:\Users\refrizar.dwiardito\AppData\Local\Programs\Python\Python310\;C:\Users\refrizar.dwiardito\AppData\Local\Microsoft\WindowsApps;;C:\Users\refrizar.dwiardito\AppData\Local\Programs\Microsoft VS Code\bin
USERNAME=refrizar.dwiardito
OS=Windows_NT
PROCESSOR_IDENTIFIER=Intel64 Family 6 Model 61 Stepping 4, GenuineIntel
TMP=C:\Users\REFRIZ~1.DWI\AppData\Local\Temp
TEMP=C:\Users\REFRIZ~1.DWI\AppData\Local\Temp


JNI global refs:
JNI global refs: 26, weak refs: 26

JNI global refs memory usage: 843, weak refs: 841


---------------  S Y S T E M  ---------------

OS:
 Windows 10 , 64 bit Build 19041 (10.0.19041.3393)
OS uptime: 0 days 4:08 hours

CPU: total 4 (initial active 4) (2 cores per cpu, 2 threads per core) family 6 model 61 stepping 4 microcode 0x2f, cx8, cmov, fxsr, ht, mmx, 3dnowpref, sse, sse2, sse3, ssse3, sse4.1, sse4.2, popcnt, lzcnt, tsc, tscinvbit, avx, avx2, aes, erms, clmul, bmi1, bmi2, adx, fma, vzeroupper, clflush

Memory: 4k page, system-wide physical 8083M (589M free)
TotalPageFile size 8083M (AvailPageFile size 110M)
current process WorkingSet (physical memory assigned to process): 445M, peak: 453M
current process commit charge ("private bytes"): 471M, peak: 739M

vm_info: OpenJDK 64-Bit Server VM (17.0.6+0-b2043.56-10027231) for windows-amd64 JRE (17.0.6+0-b2043.56-10027231), built on Apr 28 2023 00:43:19 by "androidbuild" with MS VC++ 16.10 / 16.11 (VS2019)

END.
