#
# There is insufficient memory for the Java Runtime Environment to continue.
# Native memory allocation (mmap) failed to map 227540992 bytes for G1 virtual space
# Possible reasons:
#   The system is out of physical RAM or swap space
#   The process is running with CompressedOops enabled, and the Java Heap may be blocking the growth of the native heap
# Possible solutions:
#   Reduce memory load on the system
#   Increase physical memory or swap space
#   Check if swap backing store is full
#   Decrease Java heap size (-Xmx/-Xms)
#   Decrease number of Java threads
#   Decrease Java thread stack sizes (-Xss)
#   Set larger code cache with -XX:ReservedCodeCacheSize=
#   JVM is running with Unscaled Compressed Oops mode in which the Java heap is
#     placed in the first 4GB address space. The Java Heap base address is the
#     maximum limit for the native heap growth. Please use -XX:HeapBaseMinAddress
#     to set the Java Heap base and to place the Java Heap above 4GB virtual address.
# This output file may be truncated or incomplete.
#
#  Out of Memory Error (os_windows.cpp:3769), pid=9456, tid=9024
#
# JRE version: OpenJDK Runtime Environment (17.0.6) (build 17.0.6+0-b2043.56-10027231)
# Java VM: OpenJDK 64-Bit Server VM (17.0.6+0-b2043.56-10027231, mixed mode, tiered, compressed oops, compressed class ptrs, g1 gc, windows-amd64)
# No core dump will be written. Minidumps are not enabled by default on client versions of Windows
#

---------------  S U M M A R Y ------------

Command Line: --add-opens=java.base/java.util=ALL-UNNAMED --add-opens=java.base/java.lang=ALL-UNNAMED --add-opens=java.base/java.lang.invoke=ALL-UNNAMED --add-opens=java.prefs/java.util.prefs=ALL-UNNAMED --add-opens=java.base/java.nio.charset=ALL-UNNAMED --add-opens=java.base/java.net=ALL-UNNAMED --add-opens=java.base/java.util.concurrent.atomic=ALL-UNNAMED -Xmx2048m -Dfile.encoding=UTF-8 -Duser.country=US -Duser.language=en -Duser.variant org.gradle.launcher.daemon.bootstrap.GradleDaemon 8.0

Host: Intel(R) Core(TM) i5-5200U CPU @ 2.20GHz, 4 cores, 7G,  Windows 10 , 64 bit Build 19041 (10.0.19041.3393)
Time: Sun Oct  8 06:27:39 2023 SE Asia Standard Time elapsed time: 36.363233 seconds (0d 0h 0m 36s)

---------------  T H R E A D  ---------------

Current thread (0x00000226f7bf6660):  VMThread "VM Thread" [stack: 0x000000fb45400000,0x000000fb45500000] [id=9024]

Stack: [0x000000fb45400000,0x000000fb45500000]
Native frames: (J=compiled Java code, j=interpreted, Vv=VM code, C=native code)
V  [jvm.dll+0x683c9a]
V  [jvm.dll+0x8427a4]
V  [jvm.dll+0x843f9e]
V  [jvm.dll+0x844603]
V  [jvm.dll+0x249b75]
V  [jvm.dll+0x680b69]
V  [jvm.dll+0x67505a]
V  [jvm.dll+0x309acb]
V  [jvm.dll+0x310f86]
V  [jvm.dll+0x3608ee]
V  [jvm.dll+0x360b1f]
V  [jvm.dll+0x2dfbf8]
V  [jvm.dll+0x2ddec4]
V  [jvm.dll+0x2dd4cc]
V  [jvm.dll+0x321f3b]
V  [jvm.dll+0x848ccb]
V  [jvm.dll+0x849a04]
V  [jvm.dll+0x849f1d]
V  [jvm.dll+0x84a2f4]
V  [jvm.dll+0x84a3c0]
V  [jvm.dll+0x7f274a]
V  [jvm.dll+0x682ad5]
C  [ucrtbase.dll+0x21bb2]
C  [KERNEL32.DLL+0x17344]
C  [ntdll.dll+0x526b1]

VM_Operation (0x000000fb48ffd3e0): G1CollectForAllocation, mode: safepoint, requested by thread 0x00000226fa09bd90


---------------  P R O C E S S  ---------------

Threads class SMR info:
_java_thread_list=0x00000226815d0ed0, length=92, elements={
0x00000226dc47cff0, 0x00000226f7bc4d40, 0x00000226f7bc5ac0, 0x00000226f8800080,
0x00000226f8802a50, 0x00000226f8804320, 0x00000226f8804be0, 0x00000226f8808d80,
0x00000226f8809730, 0x00000226f880c820, 0x00000226f8994120, 0x00000226f8994a00,
0x00000226fb24d800, 0x00000226fac6aff0, 0x00000226f9ec1bf0, 0x00000226fac0a9e0,
0x00000226fb702fd0, 0x00000226f9722860, 0x00000226faeeabd0, 0x00000226f96aaf80,
0x00000226f96ad130, 0x00000226f96ae470, 0x00000226f96ad600, 0x00000226f96ae940,
0x00000226f96ac790, 0x00000226f96ab920, 0x00000226f96abdf0, 0x00000226f96adad0,
0x00000226f96acc60, 0x00000226fd3956a0, 0x00000226fd3969e0, 0x00000226fd390e70,
0x00000226fd394d00, 0x00000226fd396eb0, 0x00000226fd3939c0, 0x00000226fd392680,
0x00000226fd390000, 0x00000226fd392b50, 0x00000226fd391340, 0x00000226fd3904d0,
0x00000226fd3909a0, 0x00000226fd3951d0, 0x00000226fd391810, 0x00000226fd391ce0,
0x00000226fd394830, 0x00000226fa0a05c0, 0x00000226fa099710, 0x00000226fa099be0,
0x00000226fa09e410, 0x00000226fa098d70, 0x00000226fa09b8c0, 0x00000226fa099240,
0x00000226fa09a0b0, 0x00000226fa09bd90, 0x00000226fa09a580, 0x00000226fa09aa50,
0x00000226fa09cc00, 0x00000226fa09d5a0, 0x00000226fa0a00f0, 0x00000226fa09edb0,
0x00000226fa09c260, 0x00000226fa09af20, 0x00000226fa09f750, 0x00000226fa09f280,
0x00000226fa09b3f0, 0x00000226fa09c730, 0x00000226fa09d0d0, 0x00000226fa09da70,
0x00000226fa09df40, 0x00000226fa09e8e0, 0x00000226fa09fc20, 0x00000226fb171360,
0x00000226fb173510, 0x00000226fb171830, 0x00000226fb1751f0, 0x00000226fb172b70,
0x00000226fb1756c0, 0x00000226fb174850, 0x00000226fb170020, 0x00000226fb1739e0,
0x00000226fb170e90, 0x00000226fb176530, 0x00000226817b83f0, 0x00000226817b88c0,
0x00000226817b6240, 0x00000226817b70b0, 0x00000226817b8d90, 0x00000226fb913310,
0x00000226817b9260, 0x00000226817b9730, 0x00000226817bb410, 0x00000226817bb8e0
}

Java Threads: ( => current thread )
  0x00000226dc47cff0 JavaThread "main" [_thread_blocked, id=6836, stack(0x000000fb44e00000,0x000000fb44f00000)]
  0x00000226f7bc4d40 JavaThread "Reference Handler" daemon [_thread_blocked, id=7072, stack(0x000000fb45500000,0x000000fb45600000)]
  0x00000226f7bc5ac0 JavaThread "Finalizer" daemon [_thread_blocked, id=7684, stack(0x000000fb45600000,0x000000fb45700000)]
  0x00000226f8800080 JavaThread "Signal Dispatcher" daemon [_thread_blocked, id=9888, stack(0x000000fb45700000,0x000000fb45800000)]
  0x00000226f8802a50 JavaThread "Attach Listener" daemon [_thread_blocked, id=10636, stack(0x000000fb45800000,0x000000fb45900000)]
  0x00000226f8804320 JavaThread "Service Thread" daemon [_thread_blocked, id=2832, stack(0x000000fb45900000,0x000000fb45a00000)]
  0x00000226f8804be0 JavaThread "Monitor Deflation Thread" daemon [_thread_blocked, id=1884, stack(0x000000fb45a00000,0x000000fb45b00000)]
  0x00000226f8808d80 JavaThread "C2 CompilerThread0" daemon [_thread_blocked, id=5984, stack(0x000000fb45b00000,0x000000fb45c00000)]
  0x00000226f8809730 JavaThread "C1 CompilerThread0" daemon [_thread_blocked, id=11456, stack(0x000000fb45c00000,0x000000fb45d00000)]
  0x00000226f880c820 JavaThread "Sweeper thread" daemon [_thread_blocked, id=12544, stack(0x000000fb45d00000,0x000000fb45e00000)]
  0x00000226f8994120 JavaThread "Common-Cleaner" daemon [_thread_blocked, id=12784, stack(0x000000fb45e00000,0x000000fb45f00000)]
  0x00000226f8994a00 JavaThread "Notification Thread" daemon [_thread_blocked, id=7444, stack(0x000000fb45f00000,0x000000fb46000000)]
  0x00000226fb24d800 JavaThread "Daemon health stats" [_thread_blocked, id=2792, stack(0x000000fb46500000,0x000000fb46600000)]
  0x00000226fac6aff0 JavaThread "Incoming local TCP Connector on port 65489" [_thread_in_native, id=9916, stack(0x000000fb46100000,0x000000fb46200000)]
  0x00000226f9ec1bf0 JavaThread "Daemon periodic checks" [_thread_blocked, id=8188, stack(0x000000fb46600000,0x000000fb46700000)]
  0x00000226fac0a9e0 JavaThread "Daemon" [_thread_blocked, id=13240, stack(0x000000fb46700000,0x000000fb46800000)]
  0x00000226fb702fd0 JavaThread "Handler for socket connection from /127.0.0.1:65489 to /127.0.0.1:65490" [_thread_in_native, id=9656, stack(0x000000fb46800000,0x000000fb46900000)]
  0x00000226f9722860 JavaThread "Cancel handler" [_thread_blocked, id=7760, stack(0x000000fb46900000,0x000000fb46a00000)]
  0x00000226faeeabd0 JavaThread "Daemon worker" [_thread_blocked, id=3044, stack(0x000000fb46a00000,0x000000fb46b00000)]
  0x00000226f96aaf80 JavaThread "Asynchronous log dispatcher for DefaultDaemonConnection: socket connection from /127.0.0.1:65489 to /127.0.0.1:65490" [_thread_blocked, id=7208, stack(0x000000fb46b00000,0x000000fb46c00000)]
  0x00000226f96ad130 JavaThread "Stdin handler" [_thread_blocked, id=11580, stack(0x000000fb46c00000,0x000000fb46d00000)]
  0x00000226f96ae470 JavaThread "Daemon client event forwarder" [_thread_blocked, id=12620, stack(0x000000fb46d00000,0x000000fb46e00000)]
  0x00000226f96ad600 JavaThread "Cache worker for journal cache (C:\Users\refrizar.dwiardito\.gradle\caches\journal-1)" [_thread_blocked, id=10372, stack(0x000000fb46e00000,0x000000fb46f00000)]
  0x00000226f96ae940 JavaThread "File lock request listener" [_thread_in_native, id=12520, stack(0x000000fb46f00000,0x000000fb47000000)]
  0x00000226f96ac790 JavaThread "Cache worker for file hash cache (C:\Users\refrizar.dwiardito\.gradle\caches\8.0\fileHashes)" [_thread_blocked, id=4792, stack(0x000000fb47100000,0x000000fb47200000)]
  0x00000226f96ab920 JavaThread "File watcher server" daemon [_thread_blocked, id=5644, stack(0x000000fb47200000,0x000000fb47300000)]
  0x00000226f96abdf0 JavaThread "File watcher consumer" daemon [_thread_blocked, id=124, stack(0x000000fb47300000,0x000000fb47400000)]
  0x00000226f96adad0 JavaThread "Cache worker for checksums cache (C:\Users\refrizar.dwiardito\AndroidStudioProjects\BelajarAndroid\.gradle\8.0\checksums)" [_thread_blocked, id=8180, stack(0x000000fb47400000,0x000000fb47500000)]
  0x00000226f96acc60 JavaThread "Cache worker for cache directory md-rule (C:\Users\refrizar.dwiardito\.gradle\caches\8.0\md-rule)" [_thread_blocked, id=8684, stack(0x000000fb47500000,0x000000fb47600000)]
  0x00000226fd3956a0 JavaThread "Cache worker for file content cache (C:\Users\refrizar.dwiardito\.gradle\caches\8.0\fileContent)" [_thread_blocked, id=1920, stack(0x000000fb47600000,0x000000fb47700000)]
  0x00000226fd3969e0 JavaThread "Cache worker for file hash cache (C:\Users\refrizar.dwiardito\AndroidStudioProjects\BelajarAndroid\.gradle\8.0\fileHashes)" [_thread_blocked, id=9684, stack(0x000000fb47700000,0x000000fb47800000)]
  0x00000226fd390e70 JavaThread "Cache worker for cache directory md-supplier (C:\Users\refrizar.dwiardito\.gradle\caches\8.0\md-supplier)" [_thread_blocked, id=12576, stack(0x000000fb47800000,0x000000fb47900000)]
  0x00000226fd394d00 JavaThread "Cache worker for execution history cache (C:\Users\refrizar.dwiardito\.gradle\caches\8.0\executionHistory)" [_thread_blocked, id=3984, stack(0x000000fb47900000,0x000000fb47a00000)]
  0x00000226fd396eb0 JavaThread "jar transforms" [_thread_blocked, id=13012, stack(0x000000fb47a00000,0x000000fb47b00000)]
  0x00000226fd3939c0 JavaThread "jar transforms Thread 2" [_thread_blocked, id=9016, stack(0x000000fb47b00000,0x000000fb47c00000)]
  0x00000226fd392680 JavaThread "Cache worker for kotlin-dsl (C:\Users\refrizar.dwiardito\.gradle\caches\8.0\kotlin-dsl)" [_thread_blocked, id=5840, stack(0x000000fb47d00000,0x000000fb47e00000)]
  0x00000226fd390000 JavaThread "jar transforms Thread 3" [_thread_blocked, id=11628, stack(0x000000fb47e00000,0x000000fb47f00000)]
  0x00000226fd392b50 JavaThread "jar transforms Thread 4" [_thread_blocked, id=11460, stack(0x000000fb47f00000,0x000000fb48000000)]
  0x00000226fd391340 JavaThread "Cache worker for dependencies-accessors (C:\Users\refrizar.dwiardito\AndroidStudioProjects\BelajarAndroid\.gradle\8.0\dependencies-accessors)" [_thread_blocked, id=9356, stack(0x000000fb48000000,0x000000fb48100000)]
  0x00000226fd3904d0 JavaThread "Cache worker for Build Output Cleanup Cache (C:\Users\refrizar.dwiardito\AndroidStudioProjects\BelajarAndroid\.gradle\buildOutputCleanup)" [_thread_blocked, id=11260, stack(0x000000fb48100000,0x000000fb48200000)]
  0x00000226fd3909a0 JavaThread "Unconstrained build operations" [_thread_blocked, id=916, stack(0x000000fb48200000,0x000000fb48300000)]
  0x00000226fd3951d0 JavaThread "Unconstrained build operations Thread 2" [_thread_blocked, id=8760, stack(0x000000fb48300000,0x000000fb48400000)]
  0x00000226fd391810 JavaThread "Unconstrained build operations Thread 3" [_thread_blocked, id=13120, stack(0x000000fb48400000,0x000000fb48500000)]
  0x00000226fd391ce0 JavaThread "Unconstrained build operations Thread 4" [_thread_blocked, id=5556, stack(0x000000fb48500000,0x000000fb48600000)]
  0x00000226fd394830 JavaThread "Unconstrained build operations Thread 5" [_thread_blocked, id=4888, stack(0x000000fb48600000,0x000000fb48700000)]
  0x00000226fa0a05c0 JavaThread "Unconstrained build operations Thread 6" [_thread_blocked, id=11356, stack(0x000000fb48700000,0x000000fb48800000)]
  0x00000226fa099710 JavaThread "Unconstrained build operations Thread 7" [_thread_blocked, id=2440, stack(0x000000fb48800000,0x000000fb48900000)]
  0x00000226fa099be0 JavaThread "Unconstrained build operations Thread 8" [_thread_blocked, id=7332, stack(0x000000fb48900000,0x000000fb48a00000)]
  0x00000226fa09e410 JavaThread "Unconstrained build operations Thread 9" [_thread_blocked, id=13020, stack(0x000000fb48a00000,0x000000fb48b00000)]
  0x00000226fa098d70 JavaThread "Unconstrained build operations Thread 10" [_thread_blocked, id=7248, stack(0x000000fb48b00000,0x000000fb48c00000)]
  0x00000226fa09b8c0 JavaThread "Unconstrained build operations Thread 11" [_thread_blocked, id=8324, stack(0x000000fb48c00000,0x000000fb48d00000)]
  0x00000226fa099240 JavaThread "Unconstrained build operations Thread 12" [_thread_blocked, id=792, stack(0x000000fb48d00000,0x000000fb48e00000)]
  0x00000226fa09a0b0 JavaThread "Unconstrained build operations Thread 13" [_thread_blocked, id=2716, stack(0x000000fb48e00000,0x000000fb48f00000)]
  0x00000226fa09bd90 JavaThread "Unconstrained build operations Thread 14" [_thread_blocked, id=5768, stack(0x000000fb48f00000,0x000000fb49000000)]
  0x00000226fa09a580 JavaThread "Unconstrained build operations Thread 15" [_thread_blocked, id=6516, stack(0x000000fb49000000,0x000000fb49100000)]
  0x00000226fa09aa50 JavaThread "Unconstrained build operations Thread 16" [_thread_blocked, id=2908, stack(0x000000fb49100000,0x000000fb49200000)]
  0x00000226fa09cc00 JavaThread "Unconstrained build operations Thread 17" [_thread_blocked, id=4132, stack(0x000000fb49200000,0x000000fb49300000)]
  0x00000226fa09d5a0 JavaThread "Unconstrained build operations Thread 18" [_thread_blocked, id=11216, stack(0x000000fb49300000,0x000000fb49400000)]
  0x00000226fa0a00f0 JavaThread "Unconstrained build operations Thread 19" [_thread_blocked, id=7096, stack(0x000000fb49400000,0x000000fb49500000)]
  0x00000226fa09edb0 JavaThread "Unconstrained build operations Thread 20" [_thread_blocked, id=8820, stack(0x000000fb49500000,0x000000fb49600000)]
  0x00000226fa09c260 JavaThread "Unconstrained build operations Thread 21" [_thread_blocked, id=5032, stack(0x000000fb49600000,0x000000fb49700000)]
  0x00000226fa09af20 JavaThread "Unconstrained build operations Thread 22" [_thread_blocked, id=9968, stack(0x000000fb49700000,0x000000fb49800000)]
  0x00000226fa09f750 JavaThread "Unconstrained build operations Thread 23" [_thread_blocked, id=6488, stack(0x000000fb49800000,0x000000fb49900000)]
  0x00000226fa09f280 JavaThread "Unconstrained build operations Thread 24" [_thread_blocked, id=11600, stack(0x000000fb49900000,0x000000fb49a00000)]
  0x00000226fa09b3f0 JavaThread "Unconstrained build operations Thread 25" [_thread_blocked, id=12816, stack(0x000000fb49a00000,0x000000fb49b00000)]
  0x00000226fa09c730 JavaThread "Unconstrained build operations Thread 26" [_thread_blocked, id=7088, stack(0x000000fb49b00000,0x000000fb49c00000)]
  0x00000226fa09d0d0 JavaThread "Unconstrained build operations Thread 27" [_thread_blocked, id=10124, stack(0x000000fb49c00000,0x000000fb49d00000)]
  0x00000226fa09da70 JavaThread "Unconstrained build operations Thread 28" [_thread_blocked, id=4324, stack(0x000000fb49d00000,0x000000fb49e00000)]
  0x00000226fa09df40 JavaThread "Unconstrained build operations Thread 29" [_thread_blocked, id=12540, stack(0x000000fb49e00000,0x000000fb49f00000)]
  0x00000226fa09e8e0 JavaThread "Unconstrained build operations Thread 30" [_thread_blocked, id=244, stack(0x000000fb49f00000,0x000000fb4a000000)]
  0x00000226fa09fc20 JavaThread "Unconstrained build operations Thread 31" [_thread_blocked, id=12044, stack(0x000000fb4a000000,0x000000fb4a100000)]
  0x00000226fb171360 JavaThread "Unconstrained build operations Thread 32" [_thread_blocked, id=12632, stack(0x000000fb4a100000,0x000000fb4a200000)]
  0x00000226fb173510 JavaThread "Unconstrained build operations Thread 33" [_thread_blocked, id=9808, stack(0x000000fb4a200000,0x000000fb4a300000)]
  0x00000226fb171830 JavaThread "Unconstrained build operations Thread 34" [_thread_blocked, id=7516, stack(0x000000fb4a300000,0x000000fb4a400000)]
  0x00000226fb1751f0 JavaThread "Unconstrained build operations Thread 35" [_thread_blocked, id=2496, stack(0x000000fb4a400000,0x000000fb4a500000)]
  0x00000226fb172b70 JavaThread "Unconstrained build operations Thread 36" [_thread_blocked, id=9664, stack(0x000000fb4a500000,0x000000fb4a600000)]
  0x00000226fb1756c0 JavaThread "Unconstrained build operations Thread 37" [_thread_blocked, id=7080, stack(0x000000fb4a600000,0x000000fb4a700000)]
  0x00000226fb174850 JavaThread "Unconstrained build operations Thread 38" [_thread_blocked, id=7244, stack(0x000000fb4a700000,0x000000fb4a800000)]
  0x00000226fb170020 JavaThread "Unconstrained build operations Thread 39" [_thread_blocked, id=13144, stack(0x000000fb4a800000,0x000000fb4a900000)]
  0x00000226fb1739e0 JavaThread "Unconstrained build operations Thread 40" [_thread_blocked, id=9524, stack(0x000000fb4a900000,0x000000fb4aa00000)]
  0x00000226fb170e90 JavaThread "build event listener" [_thread_blocked, id=7792, stack(0x000000fb4aa00000,0x000000fb4ab00000)]
  0x00000226fb176530 JavaThread "Memory manager" [_thread_blocked, id=12452, stack(0x000000fb4ab00000,0x000000fb4ac00000)]
  0x00000226817b83f0 JavaThread "included builds" [_thread_blocked, id=6152, stack(0x000000fb4ac00000,0x000000fb4ad00000)]
  0x00000226817b88c0 JavaThread "Execution worker" [_thread_blocked, id=9144, stack(0x000000fb4ad00000,0x000000fb4ae00000)]
  0x00000226817b6240 JavaThread "Execution worker Thread 2" [_thread_blocked, id=11508, stack(0x000000fb4ae00000,0x000000fb4af00000)]
  0x00000226817b70b0 JavaThread "Execution worker Thread 3" [_thread_blocked, id=7300, stack(0x000000fb4af00000,0x000000fb4b000000)]
  0x00000226817b8d90 JavaThread "Cache worker for execution history cache (C:\Users\refrizar.dwiardito\AndroidStudioProjects\BelajarAndroid\.gradle\8.0\executionHistory)" [_thread_blocked, id=7524, stack(0x000000fb4b000000,0x000000fb4b100000)]
  0x00000226fb913310 JavaThread "C2 CompilerThread1" daemon [_thread_blocked, id=13160, stack(0x000000fb47000000,0x000000fb47100000)]
  0x00000226817b9260 JavaThread "WorkerExecutor Queue" [_thread_blocked, id=7616, stack(0x000000fb4b200000,0x000000fb4b300000)]
  0x00000226817b9730 JavaThread "WorkerExecutor Queue Thread 2" [_thread_blocked, id=10200, stack(0x000000fb4b300000,0x000000fb4b400000)]
  0x00000226817bb410 JavaThread "WorkerExecutor Queue Thread 3" [_thread_blocked, id=1780, stack(0x000000fb4b400000,0x000000fb4b500000)]
  0x00000226817bb8e0 JavaThread "WorkerExecutor Queue Thread 4" [_thread_blocked, id=11832, stack(0x000000fb4b500000,0x000000fb4b600000)]

Other Threads:
=>0x00000226f7bf6660 VMThread "VM Thread" [stack: 0x000000fb45400000,0x000000fb45500000] [id=9024]
  0x00000226f7bdf070 WatcherThread [stack: 0x000000fb46000000,0x000000fb46100000] [id=6656]
  0x00000226de676f70 GCTaskThread "GC Thread#0" [stack: 0x000000fb44f00000,0x000000fb45000000] [id=6668]
  0x00000226f93378f0 GCTaskThread "GC Thread#1" [stack: 0x000000fb46200000,0x000000fb46300000] [id=10100]
  0x00000226f916e800 GCTaskThread "GC Thread#2" [stack: 0x000000fb46300000,0x000000fb46400000] [id=1476]
  0x00000226f94f8e50 GCTaskThread "GC Thread#3" [stack: 0x000000fb46400000,0x000000fb46500000] [id=684]
  0x00000226de688dd0 ConcurrentGCThread "G1 Main Marker" [stack: 0x000000fb45000000,0x000000fb45100000] [id=2976]
  0x00000226de689e90 ConcurrentGCThread "G1 Conc#0" [stack: 0x000000fb45100000,0x000000fb45200000] [id=6828]
  0x00000226f7a340b0 ConcurrentGCThread "G1 Refine#0" [stack: 0x000000fb45200000,0x000000fb45300000] [id=6980]
  0x00000226fdaa3c80 ConcurrentGCThread "G1 Refine#1" [stack: 0x000000fb47c00000,0x000000fb47d00000] [id=556]
  0x0000022680afed30 ConcurrentGCThread "G1 Refine#2" [stack: 0x000000fb4b100000,0x000000fb4b200000] [id=3656]
  0x00000226f7a35790 ConcurrentGCThread "G1 Service" [stack: 0x000000fb45300000,0x000000fb45400000] [id=6416]

Threads with active compile tasks:
C2 CompilerThread0    36438 14220       4       com.sun.xml.internal.stream.events.XMLEventAllocatorImpl::fillAttributes (103 bytes)
C2 CompilerThread1    36439 14260   !   4       com.google.common.cache.LocalCache::processPendingNotifications (47 bytes)

VM state: at safepoint (normal execution)

VM Mutex/Monitor currently owned by a thread:  ([mutex/lock_event])
[0x00000226de618480] Threads_lock - owner thread: 0x00000226f7bf6660
[0x00000226de618bd0] Heap_lock - owner thread: 0x00000226fa09bd90

Heap address: 0x0000000080000000, size: 2048 MB, Compressed Oops mode: 32-bit

CDS archive(s) not mapped
Compressed class space mapped at: 0x0000000100000000-0x0000000140000000, reserved size: 1073741824
Narrow klass base: 0x0000000000000000, Narrow klass shift: 3, Narrow klass range: 0x140000000

GC Precious Log:
 CPUs: 4 total, 4 available
 Memory: 8083M
 Large Page Support: Disabled
 NUMA Support: Disabled
 Compressed Oops: Enabled (32-bit)
 Heap Region Size: 1M
 Heap Min Capacity: 8M
 Heap Initial Capacity: 128M
 Heap Max Capacity: 2G
 Pre-touch: Disabled
 Parallel Workers: 4
 Concurrent Workers: 1
 Concurrent Refinement Workers: 4
 Periodic GC: Disabled

Heap:
 garbage-first heap   total 222208K, used 134050K [0x0000000080000000, 0x0000000100000000)
  region size 1024K, 4 young (4096K), 4 survivors (4096K)
 Metaspace       used 105959K, committed 106624K, reserved 1146880K
  class space    used 14006K, committed 14336K, reserved 1048576K

Heap Regions: E=young(eden), S=young(survivor), O=old, HS=humongous(starts), HC=humongous(continues), CS=collection set, F=free, OA=open archive, CA=closed archive, TAMS=top-at-mark-start (previous, next)
|   0|0x0000000080000000, 0x0000000080100000, 0x0000000080100000|100%| O|  |TAMS 0x0000000080100000, 0x0000000080000000| Untracked 
|   1|0x0000000080100000, 0x0000000080200000, 0x0000000080200000|100%| O|  |TAMS 0x0000000080200000, 0x0000000080100000| Untracked 
|   2|0x0000000080200000, 0x0000000080300000, 0x0000000080300000|100%|HS|  |TAMS 0x0000000080300000, 0x0000000080200000| Complete 
|   3|0x0000000080300000, 0x0000000080400000, 0x0000000080400000|100%|HC|  |TAMS 0x0000000080400000, 0x0000000080300000| Complete 
|   4|0x0000000080400000, 0x0000000080500000, 0x0000000080500000|100%|HC|  |TAMS 0x0000000080500000, 0x0000000080400000| Complete 
|   5|0x0000000080500000, 0x0000000080600000, 0x0000000080600000|100%|HC|  |TAMS 0x0000000080600000, 0x0000000080500000| Complete 
|   6|0x0000000080600000, 0x0000000080700000, 0x0000000080700000|100%| O|  |TAMS 0x0000000080700000, 0x0000000080600000| Untracked 
|   7|0x0000000080700000, 0x0000000080800000, 0x0000000080800000|100%| O|  |TAMS 0x0000000080800000, 0x0000000080700000| Untracked 
|   8|0x0000000080800000, 0x0000000080900000, 0x0000000080900000|100%| O|  |TAMS 0x0000000080900000, 0x0000000080800000| Untracked 
|   9|0x0000000080900000, 0x0000000080a00000, 0x0000000080a00000|100%| O|  |TAMS 0x0000000080a00000, 0x0000000080900000| Untracked 
|  10|0x0000000080a00000, 0x0000000080b00000, 0x0000000080b00000|100%| O|  |TAMS 0x0000000080b00000, 0x0000000080a00000| Untracked 
|  11|0x0000000080b00000, 0x0000000080c00000, 0x0000000080c00000|100%| O|  |TAMS 0x0000000080c00000, 0x0000000080b00000| Untracked 
|  12|0x0000000080c00000, 0x0000000080d00000, 0x0000000080d00000|100%| O|  |TAMS 0x0000000080d00000, 0x0000000080c00000| Untracked 
|  13|0x0000000080d00000, 0x0000000080e00000, 0x0000000080e00000|100%| O|  |TAMS 0x0000000080e00000, 0x0000000080d00000| Untracked 
|  14|0x0000000080e00000, 0x0000000080f00000, 0x0000000080f00000|100%| O|  |TAMS 0x0000000080f00000, 0x0000000080e00000| Untracked 
|  15|0x0000000080f00000, 0x0000000081000000, 0x0000000081000000|100%| O|  |TAMS 0x0000000081000000, 0x0000000080f00000| Untracked 
|  16|0x0000000081000000, 0x0000000081100000, 0x0000000081100000|100%| O|  |TAMS 0x0000000081100000, 0x0000000081000000| Untracked 
|  17|0x0000000081100000, 0x0000000081200000, 0x0000000081200000|100%| O|  |TAMS 0x0000000081200000, 0x0000000081100000| Untracked 
|  18|0x0000000081200000, 0x0000000081300000, 0x0000000081300000|100%| O|  |TAMS 0x0000000081300000, 0x0000000081200000| Untracked 
|  19|0x0000000081300000, 0x0000000081400000, 0x0000000081400000|100%| O|  |TAMS 0x0000000081400000, 0x0000000081300000| Untracked 
|  20|0x0000000081400000, 0x0000000081500000, 0x0000000081500000|100%| O|  |TAMS 0x0000000081500000, 0x0000000081400000| Untracked 
|  21|0x0000000081500000, 0x0000000081600000, 0x0000000081600000|100%| O|  |TAMS 0x0000000081600000, 0x0000000081500000| Untracked 
|  22|0x0000000081600000, 0x0000000081700000, 0x0000000081700000|100%| O|  |TAMS 0x0000000081700000, 0x0000000081600000| Untracked 
|  23|0x0000000081700000, 0x0000000081800000, 0x0000000081800000|100%| O|  |TAMS 0x0000000081700000, 0x0000000081700000| Untracked 
|  24|0x0000000081800000, 0x0000000081900000, 0x0000000081900000|100%| O|  |TAMS 0x0000000081800000, 0x0000000081800000| Untracked 
|  25|0x0000000081900000, 0x0000000081a00000, 0x0000000081a00000|100%| O|  |TAMS 0x0000000081a00000, 0x0000000081900000| Untracked 
|  26|0x0000000081a00000, 0x0000000081b00000, 0x0000000081b00000|100%| O|  |TAMS 0x0000000081b00000, 0x0000000081a00000| Untracked 
|  27|0x0000000081b00000, 0x0000000081c00000, 0x0000000081c00000|100%| O|  |TAMS 0x0000000081c00000, 0x0000000081b00000| Untracked 
|  28|0x0000000081c00000, 0x0000000081d00000, 0x0000000081d00000|100%| O|  |TAMS 0x0000000081d00000, 0x0000000081c00000| Untracked 
|  29|0x0000000081d00000, 0x0000000081e00000, 0x0000000081e00000|100%| O|  |TAMS 0x0000000081e00000, 0x0000000081d00000| Untracked 
|  30|0x0000000081e00000, 0x0000000081f00000, 0x0000000081f00000|100%| O|  |TAMS 0x0000000081f00000, 0x0000000081e00000| Untracked 
|  31|0x0000000081f00000, 0x0000000082000000, 0x0000000082000000|100%| O|  |TAMS 0x0000000082000000, 0x0000000081f00000| Untracked 
|  32|0x0000000082000000, 0x0000000082100000, 0x0000000082100000|100%|HS|  |TAMS 0x0000000082100000, 0x0000000082000000| Complete 
|  33|0x0000000082100000, 0x0000000082200000, 0x0000000082200000|100%|HS|  |TAMS 0x0000000082200000, 0x0000000082100000| Complete 
|  34|0x0000000082200000, 0x0000000082300000, 0x0000000082300000|100%|HS|  |TAMS 0x0000000082300000, 0x0000000082200000| Complete 
|  35|0x0000000082300000, 0x0000000082400000, 0x0000000082400000|100%|HC|  |TAMS 0x0000000082400000, 0x0000000082300000| Complete 
|  36|0x0000000082400000, 0x0000000082500000, 0x0000000082500000|100%| O|  |TAMS 0x0000000082500000, 0x0000000082400000| Untracked 
|  37|0x0000000082500000, 0x0000000082600000, 0x0000000082600000|100%| O|  |TAMS 0x0000000082600000, 0x0000000082500000| Untracked 
|  38|0x0000000082600000, 0x0000000082700000, 0x0000000082700000|100%| O|  |TAMS 0x0000000082700000, 0x0000000082600000| Untracked 
|  39|0x0000000082700000, 0x0000000082800000, 0x0000000082800000|100%|HS|  |TAMS 0x0000000082800000, 0x0000000082700000| Complete 
|  40|0x0000000082800000, 0x0000000082900000, 0x0000000082900000|100%|HS|  |TAMS 0x0000000082900000, 0x0000000082800000| Complete 
|  41|0x0000000082900000, 0x0000000082a00000, 0x0000000082a00000|100%|HC|  |TAMS 0x0000000082a00000, 0x0000000082900000| Complete 
|  42|0x0000000082a00000, 0x0000000082b00000, 0x0000000082b00000|100%|HC|  |TAMS 0x0000000082b00000, 0x0000000082a00000| Complete 
|  43|0x0000000082b00000, 0x0000000082c00000, 0x0000000082c00000|100%|HC|  |TAMS 0x0000000082c00000, 0x0000000082b00000| Complete 
|  44|0x0000000082c00000, 0x0000000082d00000, 0x0000000082d00000|100%| O|  |TAMS 0x0000000082d00000, 0x0000000082c00000| Untracked 
|  45|0x0000000082d00000, 0x0000000082e00000, 0x0000000082e00000|100%| O|  |TAMS 0x0000000082e00000, 0x0000000082d00000| Untracked 
|  46|0x0000000082e00000, 0x0000000082f00000, 0x0000000082f00000|100%| O|  |TAMS 0x0000000082f00000, 0x0000000082e00000| Untracked 
|  47|0x0000000082f00000, 0x0000000083000000, 0x0000000083000000|100%| O|  |TAMS 0x0000000083000000, 0x0000000082f00000| Untracked 
|  48|0x0000000083000000, 0x0000000083100000, 0x0000000083100000|100%| O|  |TAMS 0x0000000083100000, 0x0000000083000000| Untracked 
|  49|0x0000000083100000, 0x0000000083200000, 0x0000000083200000|100%| O|  |TAMS 0x0000000083200000, 0x0000000083100000| Untracked 
|  50|0x0000000083200000, 0x0000000083300000, 0x0000000083300000|100%| O|  |TAMS 0x0000000083300000, 0x0000000083200000| Untracked 
|  51|0x0000000083300000, 0x0000000083400000, 0x0000000083400000|100%| O|  |TAMS 0x0000000083400000, 0x0000000083300000| Untracked 
|  52|0x0000000083400000, 0x0000000083500000, 0x0000000083500000|100%| O|  |TAMS 0x0000000083500000, 0x0000000083400000| Untracked 
|  53|0x0000000083500000, 0x0000000083600000, 0x0000000083600000|100%| O|  |TAMS 0x0000000083600000, 0x0000000083500000| Untracked 
|  54|0x0000000083600000, 0x0000000083700000, 0x0000000083700000|100%| O|  |TAMS 0x0000000083700000, 0x0000000083600000| Untracked 
|  55|0x0000000083700000, 0x0000000083800000, 0x0000000083800000|100%| O|  |TAMS 0x0000000083800000, 0x0000000083700000| Untracked 
|  56|0x0000000083800000, 0x0000000083900000, 0x0000000083900000|100%| O|  |TAMS 0x0000000083900000, 0x0000000083800000| Untracked 
|  57|0x0000000083900000, 0x0000000083a00000, 0x0000000083a00000|100%| O|  |TAMS 0x0000000083a00000, 0x0000000083900000| Untracked 
|  58|0x0000000083a00000, 0x0000000083b00000, 0x0000000083b00000|100%| O|  |TAMS 0x0000000083b00000, 0x0000000083a00000| Untracked 
|  59|0x0000000083b00000, 0x0000000083c00000, 0x0000000083c00000|100%| O|  |TAMS 0x0000000083c00000, 0x0000000083b00000| Untracked 
|  60|0x0000000083c00000, 0x0000000083d00000, 0x0000000083d00000|100%| O|  |TAMS 0x0000000083d00000, 0x0000000083c00000| Untracked 
|  61|0x0000000083d00000, 0x0000000083e00000, 0x0000000083e00000|100%| O|  |TAMS 0x0000000083e00000, 0x0000000083d00000| Untracked 
|  62|0x0000000083e00000, 0x0000000083f00000, 0x0000000083f00000|100%| O|  |TAMS 0x0000000083f00000, 0x0000000083e00000| Untracked 
|  63|0x0000000083f00000, 0x0000000084000000, 0x0000000084000000|100%| O|  |TAMS 0x0000000083f8dc00, 0x0000000083f00000| Untracked 
|  64|0x0000000084000000, 0x0000000084100000, 0x0000000084100000|100%| O|  |TAMS 0x0000000084000000, 0x0000000084000000| Untracked 
|  65|0x0000000084100000, 0x0000000084200000, 0x0000000084200000|100%| O|  |TAMS 0x0000000084100000, 0x0000000084100000| Untracked 
|  66|0x0000000084200000, 0x0000000084300000, 0x0000000084300000|100%| O|  |TAMS 0x0000000084200000, 0x0000000084200000| Untracked 
|  67|0x0000000084300000, 0x0000000084400000, 0x0000000084400000|100%| O|  |TAMS 0x0000000084300000, 0x0000000084300000| Untracked 
|  68|0x0000000084400000, 0x0000000084500000, 0x0000000084500000|100%| O|  |TAMS 0x0000000084400000, 0x0000000084400000| Untracked 
|  69|0x0000000084500000, 0x0000000084600000, 0x0000000084600000|100%| O|  |TAMS 0x0000000084500000, 0x0000000084500000| Untracked 
|  70|0x0000000084600000, 0x0000000084700000, 0x0000000084700000|100%| O|  |TAMS 0x0000000084600000, 0x0000000084600000| Untracked 
|  71|0x0000000084700000, 0x0000000084800000, 0x0000000084800000|100%| O|  |TAMS 0x0000000084700000, 0x0000000084700000| Untracked 
|  72|0x0000000084800000, 0x0000000084900000, 0x0000000084900000|100%| O|  |TAMS 0x0000000084800000, 0x0000000084800000| Untracked 
|  73|0x0000000084900000, 0x0000000084a00000, 0x0000000084a00000|100%| O|  |TAMS 0x0000000084900000, 0x0000000084900000| Untracked 
|  74|0x0000000084a00000, 0x0000000084b00000, 0x0000000084b00000|100%| O|  |TAMS 0x0000000084a00000, 0x0000000084a00000| Untracked 
|  75|0x0000000084b00000, 0x0000000084c00000, 0x0000000084c00000|100%| O|  |TAMS 0x0000000084b00000, 0x0000000084b00000| Untracked 
|  76|0x0000000084c00000, 0x0000000084d00000, 0x0000000084d00000|100%| O|  |TAMS 0x0000000084c00000, 0x0000000084c00000| Untracked 
|  77|0x0000000084d00000, 0x0000000084e00000, 0x0000000084e00000|100%| O|  |TAMS 0x0000000084d00000, 0x0000000084d00000| Untracked 
|  78|0x0000000084e00000, 0x0000000084f00000, 0x0000000084f00000|100%| O|  |TAMS 0x0000000084e00000, 0x0000000084e00000| Untracked 
|  79|0x0000000084f00000, 0x0000000085000000, 0x0000000085000000|100%| O|  |TAMS 0x0000000084f00000, 0x0000000084f00000| Untracked 
|  80|0x0000000085000000, 0x0000000085100000, 0x0000000085100000|100%| O|  |TAMS 0x0000000085000000, 0x0000000085000000| Untracked 
|  81|0x0000000085100000, 0x0000000085200000, 0x0000000085200000|100%| O|  |TAMS 0x0000000085100000, 0x0000000085100000| Untracked 
|  82|0x0000000085200000, 0x0000000085300000, 0x0000000085300000|100%| O|  |TAMS 0x0000000085200000, 0x0000000085200000| Untracked 
|  83|0x0000000085300000, 0x0000000085400000, 0x0000000085400000|100%| O|  |TAMS 0x0000000085300000, 0x0000000085300000| Untracked 
|  84|0x0000000085400000, 0x0000000085500000, 0x0000000085500000|100%| O|  |TAMS 0x0000000085400000, 0x0000000085400000| Untracked 
|  85|0x0000000085500000, 0x0000000085600000, 0x0000000085600000|100%| O|  |TAMS 0x0000000085500000, 0x0000000085500000| Untracked 
|  86|0x0000000085600000, 0x0000000085700000, 0x0000000085700000|100%| O|  |TAMS 0x0000000085600000, 0x0000000085600000| Untracked 
|  87|0x0000000085700000, 0x0000000085800000, 0x0000000085800000|100%| O|  |TAMS 0x0000000085700000, 0x0000000085700000| Untracked 
|  88|0x0000000085800000, 0x0000000085900000, 0x0000000085900000|100%| O|  |TAMS 0x0000000085800000, 0x0000000085800000| Untracked 
|  89|0x0000000085900000, 0x0000000085a00000, 0x0000000085a00000|100%|HS|  |TAMS 0x0000000085900000, 0x0000000085900000| Complete 
|  90|0x0000000085a00000, 0x0000000085b00000, 0x0000000085b00000|100%|HC|  |TAMS 0x0000000085a00000, 0x0000000085a00000| Complete 
|  91|0x0000000085b00000, 0x0000000085c00000, 0x0000000085c00000|100%| O|  |TAMS 0x0000000085b00000, 0x0000000085b00000| Untracked 
|  92|0x0000000085c00000, 0x0000000085d00000, 0x0000000085d00000|100%| O|  |TAMS 0x0000000085c00000, 0x0000000085c00000| Untracked 
|  93|0x0000000085d00000, 0x0000000085e00000, 0x0000000085e00000|100%| O|  |TAMS 0x0000000085d00000, 0x0000000085d00000| Untracked 
|  94|0x0000000085e00000, 0x0000000085eaa000, 0x0000000085f00000| 66%| O|  |TAMS 0x0000000085e00000, 0x0000000085e00000| Untracked 
|  95|0x0000000085f00000, 0x0000000085f00000, 0x0000000086000000|  0%| F|  |TAMS 0x0000000085f00000, 0x0000000085f00000| Untracked 
|  96|0x0000000086000000, 0x0000000086000000, 0x0000000086100000|  0%| F|  |TAMS 0x0000000086000000, 0x0000000086000000| Untracked 
|  97|0x0000000086100000, 0x0000000086200000, 0x0000000086200000|100%| O|  |TAMS 0x0000000086100000, 0x0000000086100000| Untracked 
|  98|0x0000000086200000, 0x0000000086300000, 0x0000000086300000|100%| O|  |TAMS 0x0000000086200000, 0x0000000086200000| Untracked 
|  99|0x0000000086300000, 0x0000000086400000, 0x0000000086400000|100%| O|  |TAMS 0x0000000086300000, 0x0000000086300000| Untracked 
| 100|0x0000000086400000, 0x0000000086500000, 0x0000000086500000|100%| O|  |TAMS 0x0000000086400000, 0x0000000086400000| Untracked 
| 101|0x0000000086500000, 0x0000000086600000, 0x0000000086600000|100%| O|  |TAMS 0x0000000086500000, 0x0000000086500000| Untracked 
| 102|0x0000000086600000, 0x0000000086700000, 0x0000000086700000|100%| O|  |TAMS 0x0000000086600000, 0x0000000086600000| Untracked 
| 103|0x0000000086700000, 0x0000000086800000, 0x0000000086800000|100%| O|  |TAMS 0x0000000086700000, 0x0000000086700000| Untracked 
| 104|0x0000000086800000, 0x0000000086900000, 0x0000000086900000|100%| O|  |TAMS 0x0000000086800000, 0x0000000086800000| Untracked 
| 105|0x0000000086900000, 0x0000000086a00000, 0x0000000086a00000|100%| O|  |TAMS 0x0000000086900000, 0x0000000086900000| Untracked 
| 106|0x0000000086a00000, 0x0000000086b00000, 0x0000000086b00000|100%| O|  |TAMS 0x0000000086a00000, 0x0000000086a00000| Untracked 
| 107|0x0000000086b00000, 0x0000000086c00000, 0x0000000086c00000|100%| O|  |TAMS 0x0000000086b00000, 0x0000000086b00000| Untracked 
| 108|0x0000000086c00000, 0x0000000086d00000, 0x0000000086d00000|100%| O|  |TAMS 0x0000000086c00000, 0x0000000086c00000| Untracked 
| 109|0x0000000086d00000, 0x0000000086e00000, 0x0000000086e00000|100%| O|  |TAMS 0x0000000086d00000, 0x0000000086d00000| Untracked 
| 110|0x0000000086e00000, 0x0000000086f00000, 0x0000000086f00000|100%| O|  |TAMS 0x0000000086e00000, 0x0000000086e00000| Untracked 
| 111|0x0000000086f00000, 0x0000000087000000, 0x0000000087000000|100%| O|  |TAMS 0x0000000086f00000, 0x0000000086f00000| Untracked 
| 112|0x0000000087000000, 0x0000000087100000, 0x0000000087100000|100%| O|  |TAMS 0x0000000087000000, 0x0000000087000000| Untracked 
| 113|0x0000000087100000, 0x0000000087200000, 0x0000000087200000|100%| O|  |TAMS 0x0000000087100000, 0x0000000087100000| Untracked 
| 114|0x0000000087200000, 0x0000000087300000, 0x0000000087300000|100%| O|  |TAMS 0x0000000087200000, 0x0000000087200000| Untracked 
| 115|0x0000000087300000, 0x0000000087300000, 0x0000000087400000|  0%| F|  |TAMS 0x0000000087300000, 0x0000000087300000| Untracked 
| 116|0x0000000087400000, 0x0000000087400000, 0x0000000087500000|  0%| F|  |TAMS 0x0000000087400000, 0x0000000087400000| Untracked 
| 117|0x0000000087500000, 0x0000000087500000, 0x0000000087600000|  0%| F|  |TAMS 0x0000000087500000, 0x0000000087500000| Untracked 
| 118|0x0000000087600000, 0x0000000087600000, 0x0000000087700000|  0%| F|  |TAMS 0x0000000087600000, 0x0000000087600000| Untracked 
| 119|0x0000000087700000, 0x0000000087700000, 0x0000000087800000|  0%| F|  |TAMS 0x0000000087700000, 0x0000000087700000| Untracked 
| 120|0x0000000087800000, 0x0000000087800000, 0x0000000087900000|  0%| F|  |TAMS 0x0000000087800000, 0x0000000087800000| Untracked 
| 121|0x0000000087900000, 0x0000000087900000, 0x0000000087a00000|  0%| F|  |TAMS 0x0000000087900000, 0x0000000087900000| Untracked 
| 122|0x0000000087a00000, 0x0000000087a00000, 0x0000000087b00000|  0%| F|  |TAMS 0x0000000087a00000, 0x0000000087a00000| Untracked 
| 123|0x0000000087b00000, 0x0000000087b00000, 0x0000000087c00000|  0%| F|  |TAMS 0x0000000087b00000, 0x0000000087b00000| Untracked 
| 124|0x0000000087c00000, 0x0000000087c00000, 0x0000000087d00000|  0%| F|  |TAMS 0x0000000087c00000, 0x0000000087c00000| Untracked 
| 125|0x0000000087d00000, 0x0000000087d00000, 0x0000000087e00000|  0%| F|  |TAMS 0x0000000087d00000, 0x0000000087d00000| Untracked 
| 126|0x0000000087e00000, 0x0000000087f00000, 0x0000000087f00000|100%| O|  |TAMS 0x0000000087e00000, 0x0000000087e00000| Untracked 
| 127|0x0000000087f00000, 0x0000000088000000, 0x0000000088000000|100%| O|  |TAMS 0x0000000087f00000, 0x0000000087f00000| Untracked 
| 128|0x0000000088000000, 0x0000000088100000, 0x0000000088100000|100%| O|  |TAMS 0x0000000088000000, 0x0000000088000000| Untracked 
| 129|0x0000000088100000, 0x0000000088200000, 0x0000000088200000|100%| O|  |TAMS 0x0000000088100000, 0x0000000088100000| Untracked 
| 130|0x0000000088200000, 0x0000000088200000, 0x0000000088300000|  0%| F|  |TAMS 0x0000000088200000, 0x0000000088200000| Untracked 
| 131|0x0000000088300000, 0x0000000088300000, 0x0000000088400000|  0%| F|  |TAMS 0x0000000088300000, 0x0000000088300000| Untracked 
| 132|0x0000000088400000, 0x0000000088400000, 0x0000000088500000|  0%| F|  |TAMS 0x0000000088400000, 0x0000000088400000| Untracked 
| 133|0x0000000088500000, 0x0000000088500000, 0x0000000088600000|  0%| F|  |TAMS 0x0000000088500000, 0x0000000088500000| Untracked 
| 134|0x0000000088600000, 0x0000000088700000, 0x0000000088700000|100%| O|  |TAMS 0x0000000088600000, 0x0000000088600000| Untracked 
| 135|0x0000000088700000, 0x0000000088800000, 0x0000000088800000|100%| O|  |TAMS 0x0000000088700000, 0x0000000088700000| Untracked 
| 136|0x0000000088800000, 0x0000000088900000, 0x0000000088900000|100%| O|  |TAMS 0x0000000088800000, 0x0000000088800000| Untracked 
| 137|0x0000000088900000, 0x0000000088a00000, 0x0000000088a00000|100%| O|  |TAMS 0x0000000088900000, 0x0000000088900000| Untracked 
| 138|0x0000000088a00000, 0x0000000088b00000, 0x0000000088b00000|100%| O|  |TAMS 0x0000000088a00000, 0x0000000088a00000| Untracked 
| 139|0x0000000088b00000, 0x0000000088c00000, 0x0000000088c00000|100%| O|  |TAMS 0x0000000088b00000, 0x0000000088b00000| Untracked 
| 140|0x0000000088c00000, 0x0000000088c00000, 0x0000000088d00000|  0%| F|  |TAMS 0x0000000088c00000, 0x0000000088c00000| Untracked 
| 141|0x0000000088d00000, 0x0000000088d00000, 0x0000000088e00000|  0%| F|  |TAMS 0x0000000088d00000, 0x0000000088d00000| Untracked 
| 142|0x0000000088e00000, 0x0000000088e00000, 0x0000000088f00000|  0%| F|  |TAMS 0x0000000088e00000, 0x0000000088e00000| Untracked 
| 143|0x0000000088f00000, 0x0000000088f00000, 0x0000000089000000|  0%| F|  |TAMS 0x0000000088f00000, 0x0000000088f00000| Untracked 
| 144|0x0000000089000000, 0x0000000089000000, 0x0000000089100000|  0%| F|  |TAMS 0x0000000089000000, 0x0000000089000000| Untracked 
| 145|0x0000000089100000, 0x0000000089100000, 0x0000000089200000|  0%| F|  |TAMS 0x0000000089100000, 0x0000000089100000| Untracked 
| 146|0x0000000089200000, 0x0000000089200000, 0x0000000089300000|  0%| F|  |TAMS 0x0000000089200000, 0x0000000089200000| Untracked 
| 147|0x0000000089300000, 0x0000000089300000, 0x0000000089400000|  0%| F|  |TAMS 0x0000000089300000, 0x0000000089300000| Untracked 
| 148|0x0000000089400000, 0x0000000089400000, 0x0000000089500000|  0%| F|  |TAMS 0x0000000089400000, 0x0000000089400000| Untracked 
| 149|0x0000000089500000, 0x0000000089500000, 0x0000000089600000|  0%| F|  |TAMS 0x0000000089500000, 0x0000000089500000| Untracked 
| 150|0x0000000089600000, 0x0000000089600000, 0x0000000089700000|  0%| F|  |TAMS 0x0000000089600000, 0x0000000089600000| Untracked 
| 151|0x0000000089700000, 0x0000000089700000, 0x0000000089800000|  0%| F|  |TAMS 0x0000000089700000, 0x0000000089700000| Untracked 
| 152|0x0000000089800000, 0x0000000089800000, 0x0000000089900000|  0%| F|  |TAMS 0x0000000089800000, 0x0000000089800000| Untracked 
| 153|0x0000000089900000, 0x0000000089900000, 0x0000000089a00000|  0%| F|  |TAMS 0x0000000089900000, 0x0000000089900000| Untracked 
| 154|0x0000000089a00000, 0x0000000089a00000, 0x0000000089b00000|  0%| F|  |TAMS 0x0000000089a00000, 0x0000000089a00000| Untracked 
| 155|0x0000000089b00000, 0x0000000089b00000, 0x0000000089c00000|  0%| F|  |TAMS 0x0000000089b00000, 0x0000000089b00000| Untracked 
| 156|0x0000000089c00000, 0x0000000089c00000, 0x0000000089d00000|  0%| F|  |TAMS 0x0000000089c00000, 0x0000000089c00000| Untracked 
| 157|0x0000000089d00000, 0x0000000089d00000, 0x0000000089e00000|  0%| F|  |TAMS 0x0000000089d00000, 0x0000000089d00000| Untracked 
| 158|0x0000000089e00000, 0x0000000089e3e950, 0x0000000089f00000| 24%| S|CS|TAMS 0x0000000089e00000, 0x0000000089e00000| Complete 
| 159|0x0000000089f00000, 0x000000008a000000, 0x000000008a000000|100%| S|CS|TAMS 0x0000000089f00000, 0x0000000089f00000| Complete 
| 160|0x000000008a000000, 0x000000008a100000, 0x000000008a100000|100%| S|CS|TAMS 0x000000008a000000, 0x000000008a000000| Complete 
| 161|0x000000008a100000, 0x000000008a200000, 0x000000008a200000|100%| S|CS|TAMS 0x000000008a100000, 0x000000008a100000| Complete 
| 162|0x000000008a200000, 0x000000008a200000, 0x000000008a300000|  0%| F|  |TAMS 0x000000008a200000, 0x000000008a200000| Untracked 
| 163|0x000000008a300000, 0x000000008a300000, 0x000000008a400000|  0%| F|  |TAMS 0x000000008a300000, 0x000000008a300000| Untracked 
| 164|0x000000008a400000, 0x000000008a400000, 0x000000008a500000|  0%| F|  |TAMS 0x000000008a400000, 0x000000008a400000| Untracked 
| 165|0x000000008a500000, 0x000000008a500000, 0x000000008a600000|  0%| F|  |TAMS 0x000000008a500000, 0x000000008a500000| Untracked 
| 166|0x000000008a600000, 0x000000008a600000, 0x000000008a700000|  0%| F|  |TAMS 0x000000008a600000, 0x000000008a600000| Untracked 
| 167|0x000000008a700000, 0x000000008a700000, 0x000000008a800000|  0%| F|  |TAMS 0x000000008a700000, 0x000000008a700000| Untracked 
| 168|0x000000008a800000, 0x000000008a800000, 0x000000008a900000|  0%| F|  |TAMS 0x000000008a800000, 0x000000008a800000| Untracked 
| 169|0x000000008a900000, 0x000000008a900000, 0x000000008aa00000|  0%| F|  |TAMS 0x000000008a900000, 0x000000008a900000| Untracked 
| 170|0x000000008aa00000, 0x000000008aa00000, 0x000000008ab00000|  0%| F|  |TAMS 0x000000008aa00000, 0x000000008aa00000| Untracked 
| 171|0x000000008ab00000, 0x000000008ab00000, 0x000000008ac00000|  0%| F|  |TAMS 0x000000008ab00000, 0x000000008ab00000| Untracked 
| 172|0x000000008ac00000, 0x000000008ac00000, 0x000000008ad00000|  0%| F|  |TAMS 0x000000008ac00000, 0x000000008ac00000| Untracked 
| 173|0x000000008ad00000, 0x000000008ad00000, 0x000000008ae00000|  0%| F|  |TAMS 0x000000008ad00000, 0x000000008ad00000| Untracked 
| 174|0x000000008ae00000, 0x000000008ae00000, 0x000000008af00000|  0%| F|  |TAMS 0x000000008ae00000, 0x000000008ae00000| Untracked 
| 175|0x000000008af00000, 0x000000008af00000, 0x000000008b000000|  0%| F|  |TAMS 0x000000008af00000, 0x000000008af00000| Untracked 
| 176|0x000000008b000000, 0x000000008b000000, 0x000000008b100000|  0%| F|  |TAMS 0x000000008b000000, 0x000000008b000000| Untracked 
| 177|0x000000008b100000, 0x000000008b100000, 0x000000008b200000|  0%| F|  |TAMS 0x000000008b100000, 0x000000008b100000| Untracked 
| 178|0x000000008b200000, 0x000000008b200000, 0x000000008b300000|  0%| F|  |TAMS 0x000000008b200000, 0x000000008b200000| Untracked 
| 179|0x000000008b300000, 0x000000008b300000, 0x000000008b400000|  0%| F|  |TAMS 0x000000008b300000, 0x000000008b300000| Untracked 
| 180|0x000000008b400000, 0x000000008b400000, 0x000000008b500000|  0%| F|  |TAMS 0x000000008b400000, 0x000000008b400000| Untracked 
| 181|0x000000008b500000, 0x000000008b500000, 0x000000008b600000|  0%| F|  |TAMS 0x000000008b500000, 0x000000008b500000| Untracked 
| 182|0x000000008b600000, 0x000000008b600000, 0x000000008b700000|  0%| F|  |TAMS 0x000000008b600000, 0x000000008b600000| Untracked 
| 183|0x000000008b700000, 0x000000008b700000, 0x000000008b800000|  0%| F|  |TAMS 0x000000008b700000, 0x000000008b700000| Untracked 
| 184|0x000000008b800000, 0x000000008b800000, 0x000000008b900000|  0%| F|  |TAMS 0x000000008b800000, 0x000000008b800000| Untracked 
| 185|0x000000008b900000, 0x000000008b900000, 0x000000008ba00000|  0%| F|  |TAMS 0x000000008b900000, 0x000000008b900000| Untracked 
| 186|0x000000008ba00000, 0x000000008ba00000, 0x000000008bb00000|  0%| F|  |TAMS 0x000000008ba00000, 0x000000008ba00000| Untracked 
| 187|0x000000008bb00000, 0x000000008bb00000, 0x000000008bc00000|  0%| F|  |TAMS 0x000000008bb00000, 0x000000008bb00000| Untracked 
| 188|0x000000008bc00000, 0x000000008bc00000, 0x000000008bd00000|  0%| F|  |TAMS 0x000000008bc00000, 0x000000008bc00000| Untracked 
| 189|0x000000008bd00000, 0x000000008bd00000, 0x000000008be00000|  0%| F|  |TAMS 0x000000008bd00000, 0x000000008bd00000| Untracked 
| 190|0x000000008be00000, 0x000000008be00000, 0x000000008bf00000|  0%| F|  |TAMS 0x000000008be00000, 0x000000008be00000| Untracked 
| 191|0x000000008bf00000, 0x000000008bf00000, 0x000000008c000000|  0%| F|  |TAMS 0x000000008bf00000, 0x000000008bf00000| Untracked 
| 192|0x000000008c000000, 0x000000008c000000, 0x000000008c100000|  0%| F|  |TAMS 0x000000008c000000, 0x000000008c000000| Untracked 
| 193|0x000000008c100000, 0x000000008c100000, 0x000000008c200000|  0%| F|  |TAMS 0x000000008c100000, 0x000000008c100000| Untracked 
| 194|0x000000008c200000, 0x000000008c200000, 0x000000008c300000|  0%| F|  |TAMS 0x000000008c200000, 0x000000008c200000| Untracked 
| 195|0x000000008c300000, 0x000000008c300000, 0x000000008c400000|  0%| F|  |TAMS 0x000000008c300000, 0x000000008c300000| Untracked 
| 196|0x000000008c400000, 0x000000008c400000, 0x000000008c500000|  0%| F|  |TAMS 0x000000008c400000, 0x000000008c400000| Untracked 
| 197|0x000000008c500000, 0x000000008c500000, 0x000000008c600000|  0%| F|  |TAMS 0x000000008c500000, 0x000000008c500000| Untracked 
| 198|0x000000008c600000, 0x000000008c600000, 0x000000008c700000|  0%| F|  |TAMS 0x000000008c600000, 0x000000008c600000| Untracked 
| 199|0x000000008c700000, 0x000000008c700000, 0x000000008c800000|  0%| F|  |TAMS 0x000000008c700000, 0x000000008c700000| Untracked 
| 200|0x000000008c800000, 0x000000008c800000, 0x000000008c900000|  0%| F|  |TAMS 0x000000008c800000, 0x000000008c800000| Untracked 
| 201|0x000000008c900000, 0x000000008c900000, 0x000000008ca00000|  0%| F|  |TAMS 0x000000008c900000, 0x000000008c900000| Untracked 
| 202|0x000000008ca00000, 0x000000008ca00000, 0x000000008cb00000|  0%| F|  |TAMS 0x000000008ca00000, 0x000000008ca00000| Untracked 
| 203|0x000000008cb00000, 0x000000008cb00000, 0x000000008cc00000|  0%| F|  |TAMS 0x000000008cb00000, 0x000000008cb00000| Untracked 
| 204|0x000000008cc00000, 0x000000008cc00000, 0x000000008cd00000|  0%| F|  |TAMS 0x000000008cc00000, 0x000000008cc00000| Untracked 
| 205|0x000000008cd00000, 0x000000008cd00000, 0x000000008ce00000|  0%| F|  |TAMS 0x000000008cd00000, 0x000000008cd00000| Untracked 
| 206|0x000000008ce00000, 0x000000008ce00000, 0x000000008cf00000|  0%| F|  |TAMS 0x000000008ce00000, 0x000000008ce00000| Untracked 
| 207|0x000000008cf00000, 0x000000008cf00000, 0x000000008d000000|  0%| F|  |TAMS 0x000000008cf00000, 0x000000008cf00000| Untracked 
| 208|0x000000008d000000, 0x000000008d000000, 0x000000008d100000|  0%| F|  |TAMS 0x000000008d000000, 0x000000008d000000| Untracked 
| 209|0x000000008d100000, 0x000000008d100000, 0x000000008d200000|  0%| F|  |TAMS 0x000000008d100000, 0x000000008d100000| Untracked 
| 210|0x000000008d200000, 0x000000008d200000, 0x000000008d300000|  0%| F|  |TAMS 0x000000008d200000, 0x000000008d200000| Untracked 
| 211|0x000000008d300000, 0x000000008d300000, 0x000000008d400000|  0%| F|  |TAMS 0x000000008d300000, 0x000000008d300000| Untracked 
|2043|0x00000000ffb00000, 0x00000000ffc00000, 0x00000000ffc00000|100%| O|  |TAMS 0x00000000ffb00000, 0x00000000ffb00000| Untracked 
|2044|0x00000000ffc00000, 0x00000000ffd00000, 0x00000000ffd00000|100%| O|  |TAMS 0x00000000ffc00000, 0x00000000ffc00000| Untracked 
|2045|0x00000000ffd00000, 0x00000000ffe00000, 0x00000000ffe00000|100%| O|  |TAMS 0x00000000ffd00000, 0x00000000ffd00000| Untracked 
|2046|0x00000000ffe00000, 0x00000000fff00000, 0x00000000fff00000|100%| O|  |TAMS 0x00000000ffe00000, 0x00000000ffe00000| Untracked 
|2047|0x00000000fff00000, 0x0000000100000000, 0x0000000100000000|100%| O|  |TAMS 0x00000000fff00000, 0x00000000fff00000| Untracked 

Card table byte_map: [0x00000226f0ef0000,0x00000226f12f0000] _byte_map_base: 0x00000226f0af0000

Marking Bits (Prev, Next): (CMBitMap*) 0x00000226de6784e0, (CMBitMap*) 0x00000226de6784a0
 Prev Bits: [0x00000226f36f0000, 0x00000226f56f0000)
 Next Bits: [0x00000226f16f0000, 0x00000226f36f0000)

Polling page: 0x00000226dc5d0000

Metaspace:

Usage:
  Non-class:     89.80 MB used.
      Class:     13.68 MB used.
       Both:    103.48 MB used.

Virtual space:
  Non-class space:       96.00 MB reserved,      90.12 MB ( 94%) committed,  12 nodes.
      Class space:        1.00 GB reserved,      14.00 MB (  1%) committed,  1 nodes.
             Both:        1.09 GB reserved,     104.12 MB (  9%) committed. 

Chunk freelists:
   Non-Class:  1.39 MB
       Class:  2.03 MB
        Both:  3.42 MB

MaxMetaspaceSize: unlimited
CompressedClassSpaceSize: 1.00 GB
Initial GC threshold: 21.00 MB
Current GC threshold: 127.00 MB
CDS: off
MetaspaceReclaimPolicy: balanced
 - commit_granule_bytes: 65536.
 - commit_granule_words: 8192.
 - virtual_space_node_default_size: 1048576.
 - enlarge_chunks_in_place: 1.
 - new_chunks_are_fully_committed: 0.
 - uncommit_free_chunks: 1.
 - use_allocation_guard: 0.
 - handle_deallocations: 1.


Internal statistics:

num_allocs_failed_limit: 6.
num_arena_births: 1076.
num_arena_deaths: 0.
num_vsnodes_births: 13.
num_vsnodes_deaths: 0.
num_space_committed: 1664.
num_space_uncommitted: 0.
num_chunks_returned_to_freelist: 6.
num_chunks_taken_from_freelist: 4994.
num_chunk_merges: 6.
num_chunk_splits: 3339.
num_chunks_enlarged: 2297.
num_purges: 0.
num_inconsistent_stats: 0.

CodeHeap 'non-profiled nmethods': size=120000Kb used=7057Kb max_used=7250Kb free=112942Kb
 bounds [0x00000226e95c0000, 0x00000226e9ce0000, 0x00000226f0af0000]
CodeHeap 'profiled nmethods': size=120000Kb used=23804Kb max_used=24326Kb free=96195Kb
 bounds [0x00000226e1af0000, 0x00000226e32d0000, 0x00000226e9020000]
CodeHeap 'non-nmethods': size=5760Kb used=2402Kb max_used=2460Kb free=3357Kb
 bounds [0x00000226e9020000, 0x00000226e9290000, 0x00000226e95c0000]
 total_blobs=12806 nmethods=11866 adapters=852
 compilation: enabled
              stopped_count=0, restarted_count=0
 full_count=0

Compilation events (20 events):
Event: 36.249 Thread 0x00000226f8809730 14259       3       org.gradle.internal.work.DefaultWorkerLeaseService::containsProjectLocks (40 bytes)
Event: 36.249 Thread 0x00000226f8809730 nmethod 14259 0x00000226e2e41e90 code [0x00000226e2e42080, 0x00000226e2e426c8]
Event: 36.249 Thread 0x00000226f8809730 14258       3       org.gradle.internal.work.DefaultWorkerLeaseService::acquireLocks (42 bytes)
Event: 36.250 Thread 0x00000226f8809730 nmethod 14258 0x00000226e2e41510 code [0x00000226e2e41720, 0x00000226e2e41c38]
Event: 36.267 Thread 0x00000226f8809730 14261       3       org.gradle.internal.snapshot.PathUtil$$Lambda$348/0x00000001004be588::compare (12 bytes)
Event: 36.268 Thread 0x00000226f8809730 nmethod 14261 0x00000226e2e40f10 code [0x00000226e2e410c0, 0x00000226e2e41428]
Event: 36.272 Thread 0x00000226f8809730 14263       3       com.google.protobuf.CodedOutputStream::newInstance (8 bytes)
Event: 36.273 Thread 0x00000226fb913310 nmethod 14230 0x00000226e9bd6c90 code [0x00000226e9bd6e80, 0x00000226e9bd7bd8]
Event: 36.273 Thread 0x00000226f8809730 nmethod 14263 0x00000226e30a5b10 code [0x00000226e30a5ce0, 0x00000226e30a6098]
Event: 36.273 Thread 0x00000226fb913310 14262       4       org.gradle.internal.snapshot.VfsRelativePath::lengthOfCommonPrefix (173 bytes)
Event: 36.275 Thread 0x00000226f8809730 14264       3       org.gradle.internal.execution.history.changes.InputValueChanges::<init> (131 bytes)
Event: 36.278 Thread 0x00000226f8809730 nmethod 14264 0x00000226e30a3210 code [0x00000226e30a3580, 0x00000226e30a5288]
Event: 36.292 Thread 0x00000226f8809730 14265       3       com.google.protobuf.CodedOutputStream$OutputStreamEncoder::flush (12 bytes)
Event: 36.292 Thread 0x00000226f8809730 nmethod 14265 0x00000226e30a2c90 code [0x00000226e30a2e40, 0x00000226e30a30c8]
Event: 36.325 Thread 0x00000226f8809730 14266       1       com.android.aaptcompiler.ResourceCompilerOptions::getPartialRFile (5 bytes)
Event: 36.325 Thread 0x00000226f8809730 nmethod 14266 0x00000226e9bc1510 code [0x00000226e9bc16a0, 0x00000226e9bc1778]
Event: 36.328 Thread 0x00000226fb913310 nmethod 14262 0x00000226e9bd5090 code [0x00000226e9bd52a0, 0x00000226e9bd6298]
Event: 36.329 Thread 0x00000226fb913310 14260   !   4       com.google.common.cache.LocalCache::processPendingNotifications (47 bytes)
Event: 36.337 Thread 0x00000226f8809730 14268       3       org.gradle.internal.snapshot.impl.ImplementationSnapshotSerializer$Impl$1::readAdditionalData (24 bytes)
Event: 36.338 Thread 0x00000226f8809730 nmethod 14268 0x00000226e30a2310 code [0x00000226e30a24e0, 0x00000226e30a29c8]

GC Heap History (20 events):
Event: 17.045 GC heap after
{Heap after GC invocations=28 (full 0):
 garbage-first heap   total 128000K, used 64520K [0x0000000080000000, 0x0000000100000000)
  region size 1024K, 1 young (1024K), 1 survivors (1024K)
 Metaspace       used 74337K, committed 74944K, reserved 1114112K
  class space    used 9864K, committed 10176K, reserved 1048576K
}
Event: 17.861 GC heap before
{Heap before GC invocations=28 (full 0):
 garbage-first heap   total 128000K, used 100360K [0x0000000080000000, 0x0000000100000000)
  region size 1024K, 36 young (36864K), 1 survivors (1024K)
 Metaspace       used 76828K, committed 77440K, reserved 1122304K
  class space    used 10197K, committed 10496K, reserved 1048576K
}
Event: 17.869 GC heap after
{Heap after GC invocations=29 (full 0):
 garbage-first heap   total 217088K, used 66518K [0x0000000080000000, 0x0000000100000000)
  region size 1024K, 3 young (3072K), 3 survivors (3072K)
 Metaspace       used 76828K, committed 77440K, reserved 1122304K
  class space    used 10197K, committed 10496K, reserved 1048576K
}
Event: 20.688 GC heap before
{Heap before GC invocations=30 (full 0):
 garbage-first heap   total 217088K, used 158678K [0x0000000080000000, 0x0000000100000000)
  region size 1024K, 93 young (95232K), 3 survivors (3072K)
 Metaspace       used 86573K, committed 87168K, reserved 1130496K
  class space    used 11765K, committed 12032K, reserved 1048576K
}
Event: 20.706 GC heap after
{Heap after GC invocations=31 (full 0):
 garbage-first heap   total 217088K, used 72735K [0x0000000080000000, 0x0000000100000000)
  region size 1024K, 9 young (9216K), 9 survivors (9216K)
 Metaspace       used 86573K, committed 87168K, reserved 1130496K
  class space    used 11765K, committed 12032K, reserved 1048576K
}
Event: 20.732 GC heap before
{Heap before GC invocations=31 (full 0):
 garbage-first heap   total 217088K, used 73759K [0x0000000080000000, 0x0000000100000000)
  region size 1024K, 10 young (10240K), 9 survivors (9216K)
 Metaspace       used 86745K, committed 87360K, reserved 1130496K
  class space    used 11793K, committed 12096K, reserved 1048576K
}
Event: 20.748 GC heap after
{Heap after GC invocations=32 (full 0):
 garbage-first heap   total 217088K, used 73234K [0x0000000080000000, 0x0000000100000000)
  region size 1024K, 1 young (1024K), 1 survivors (1024K)
 Metaspace       used 86745K, committed 87360K, reserved 1130496K
  class space    used 11793K, committed 12096K, reserved 1048576K
}
Event: 22.797 GC heap before
{Heap before GC invocations=32 (full 0):
 garbage-first heap   total 217088K, used 168466K [0x0000000080000000, 0x0000000100000000)
  region size 1024K, 94 young (96256K), 1 survivors (1024K)
 Metaspace       used 92866K, committed 93504K, reserved 1130496K
  class space    used 12636K, committed 12928K, reserved 1048576K
}
Event: 22.819 GC heap after
{Heap after GC invocations=33 (full 0):
 garbage-first heap   total 217088K, used 83474K [0x0000000080000000, 0x0000000100000000)
  region size 1024K, 11 young (11264K), 11 survivors (11264K)
 Metaspace       used 92866K, committed 93504K, reserved 1130496K
  class space    used 12636K, committed 12928K, reserved 1048576K
}
Event: 25.750 GC heap before
{Heap before GC invocations=33 (full 0):
 garbage-first heap   total 217088K, used 167442K [0x0000000080000000, 0x0000000100000000)
  region size 1024K, 93 young (95232K), 11 survivors (11264K)
 Metaspace       used 98184K, committed 98944K, reserved 1138688K
  class space    used 13327K, committed 13696K, reserved 1048576K
}
Event: 25.780 GC heap after
{Heap after GC invocations=34 (full 0):
 garbage-first heap   total 217088K, used 90958K [0x0000000080000000, 0x0000000100000000)
  region size 1024K, 8 young (8192K), 8 survivors (8192K)
 Metaspace       used 98184K, committed 98944K, reserved 1138688K
  class space    used 13327K, committed 13696K, reserved 1048576K
}
Event: 31.565 GC heap before
{Heap before GC invocations=34 (full 0):
 garbage-first heap   total 217088K, used 187214K [0x0000000080000000, 0x0000000100000000)
  region size 1024K, 86 young (88064K), 8 survivors (8192K)
 Metaspace       used 99308K, committed 100032K, reserved 1138688K
  class space    used 13390K, committed 13760K, reserved 1048576K
}
Event: 31.618 GC heap after
{Heap after GC invocations=35 (full 0):
 garbage-first heap   total 222208K, used 118191K [0x0000000080000000, 0x0000000100000000)
  region size 1024K, 11 young (11264K), 11 survivors (11264K)
 Metaspace       used 99308K, committed 100032K, reserved 1138688K
  class space    used 13390K, committed 13760K, reserved 1048576K
}
Event: 33.067 GC heap before
{Heap before GC invocations=35 (full 0):
 garbage-first heap   total 222208K, used 187823K [0x0000000080000000, 0x0000000100000000)
  region size 1024K, 63 young (64512K), 11 survivors (11264K)
 Metaspace       used 100895K, committed 101632K, reserved 1138688K
  class space    used 13576K, committed 13888K, reserved 1048576K
}
Event: 33.096 GC heap after
{Heap after GC invocations=36 (full 0):
 garbage-first heap   total 222208K, used 125940K [0x0000000080000000, 0x0000000100000000)
  region size 1024K, 7 young (7168K), 7 survivors (7168K)
 Metaspace       used 100895K, committed 101632K, reserved 1138688K
  class space    used 13576K, committed 13888K, reserved 1048576K
}
Event: 34.289 GC heap before
{Heap before GC invocations=36 (full 0):
 garbage-first heap   total 222208K, used 175092K [0x0000000080000000, 0x0000000100000000)
  region size 1024K, 56 young (57344K), 7 survivors (7168K)
 Metaspace       used 103947K, committed 104640K, reserved 1146880K
  class space    used 13835K, committed 14144K, reserved 1048576K
}
Event: 34.310 GC heap after
{Heap after GC invocations=37 (full 0):
 garbage-first heap   total 222208K, used 131503K [0x0000000080000000, 0x0000000100000000)
  region size 1024K, 6 young (6144K), 6 survivors (6144K)
 Metaspace       used 103947K, committed 104640K, reserved 1146880K
  class space    used 13835K, committed 14144K, reserved 1048576K
}
Event: 34.977 GC heap before
{Heap before GC invocations=37 (full 0):
 garbage-first heap   total 222208K, used 179631K [0x0000000080000000, 0x0000000100000000)
  region size 1024K, 53 young (54272K), 6 survivors (6144K)
 Metaspace       used 104476K, committed 105216K, reserved 1146880K
  class space    used 13874K, committed 14208K, reserved 1048576K
}
Event: 34.989 GC heap after
{Heap after GC invocations=38 (full 0):
 garbage-first heap   total 222208K, used 132563K [0x0000000080000000, 0x0000000100000000)
  region size 1024K, 2 young (2048K), 2 survivors (2048K)
 Metaspace       used 104476K, committed 105216K, reserved 1146880K
  class space    used 13874K, committed 14208K, reserved 1048576K
}
Event: 36.341 GC heap before
{Heap before GC invocations=38 (full 0):
 garbage-first heap   total 222208K, used 180691K [0x0000000080000000, 0x0000000100000000)
  region size 1024K, 50 young (51200K), 2 survivors (2048K)
 Metaspace       used 105959K, committed 106624K, reserved 1146880K
  class space    used 14006K, committed 14336K, reserved 1048576K
}

Dll operation events (2 events):
Event: 0.011 Loaded shared library C:\Program Files\Android\Android Studio\jbr\bin\java.dll
Event: 0.761 Loaded shared library C:\Program Files\Android\Android Studio\jbr\bin\verify.dll

Deoptimization events (20 events):
Event: 35.989 Thread 0x00000226817b70b0 Uncommon trap: trap_request=0xffffff45 fr.pc=0x00000226e9b5f5b0 relative=0x00000000000007d0
Event: 35.989 Thread 0x00000226817b70b0 Uncommon trap: reason=unstable_if action=reinterpret pc=0x00000226e9b5f5b0 method=org.gradle.internal.snapshot.PathUtil.equalChars(CCLorg/gradle/internal/snapshot/CaseSensitivity;)Z @ 40 c2
Event: 35.989 Thread 0x00000226817b70b0 DEOPT PACKING pc=0x00000226e9b5f5b0 sp=0x000000fb4affc1a0
Event: 35.989 Thread 0x00000226817b70b0 DEOPT UNPACKING pc=0x00000226e90769a3 sp=0x000000fb4affc058 mode 2
Event: 35.996 Thread 0x00000226817b70b0 Uncommon trap: trap_request=0xffffffc6 fr.pc=0x00000226e97dcb84 relative=0x00000000000000e4
Event: 35.998 Thread 0x00000226817b70b0 Uncommon trap: reason=bimorphic_or_optimized_type_check action=maybe_recompile pc=0x00000226e97dcb84 method=com.google.common.collect.RegularImmutableMap.checkNoConflictInKeyBucket(Ljava/lang/Object;Ljava/lang/Object;Lcom/google/common/collect/ImmutableMa
Event: 35.999 Thread 0x00000226817b70b0 DEOPT PACKING pc=0x00000226e97dcb84 sp=0x000000fb4affcce0
Event: 35.999 Thread 0x00000226817b70b0 DEOPT UNPACKING pc=0x00000226e90769a3 sp=0x000000fb4affcc78 mode 2
Event: 36.057 Thread 0x00000226fd394d00 Uncommon trap: trap_request=0xffffffd6 fr.pc=0x00000226e9a559b0 relative=0x0000000000000df0
Event: 36.057 Thread 0x00000226fd394d00 Uncommon trap: reason=array_check action=maybe_recompile pc=0x00000226e9a559b0 method=com.google.common.collect.RegularImmutableMap.fromEntryArrayCheckingBucketOverflow(I[Ljava/util/Map$Entry;Z)Lcom/google/common/collect/ImmutableMap; @ 216 c2
Event: 36.057 Thread 0x00000226fd394d00 DEOPT PACKING pc=0x00000226e9a559b0 sp=0x000000fb479fe3a0
Event: 36.057 Thread 0x00000226fd394d00 DEOPT UNPACKING pc=0x00000226e90769a3 sp=0x000000fb479fe268 mode 2
Event: 36.057 Thread 0x00000226fd394d00 Uncommon trap: trap_request=0xffffffd6 fr.pc=0x00000226e9a559b0 relative=0x0000000000000df0
Event: 36.059 Thread 0x00000226fd394d00 Uncommon trap: reason=array_check action=maybe_recompile pc=0x00000226e9a559b0 method=com.google.common.collect.RegularImmutableMap.fromEntryArrayCheckingBucketOverflow(I[Ljava/util/Map$Entry;Z)Lcom/google/common/collect/ImmutableMap; @ 216 c2
Event: 36.059 Thread 0x00000226fd394d00 DEOPT PACKING pc=0x00000226e9a559b0 sp=0x000000fb479fe3a0
Event: 36.059 Thread 0x00000226fd394d00 DEOPT UNPACKING pc=0x00000226e90769a3 sp=0x000000fb479fe268 mode 2
Event: 36.185 Thread 0x00000226817b70b0 Uncommon trap: trap_request=0xffffffc6 fr.pc=0x00000226e97dcb84 relative=0x00000000000000e4
Event: 36.185 Thread 0x00000226817b70b0 Uncommon trap: reason=bimorphic_or_optimized_type_check action=maybe_recompile pc=0x00000226e97dcb84 method=com.google.common.collect.RegularImmutableMap.checkNoConflictInKeyBucket(Ljava/lang/Object;Ljava/lang/Object;Lcom/google/common/collect/ImmutableMa
Event: 36.185 Thread 0x00000226817b70b0 DEOPT PACKING pc=0x00000226e97dcb84 sp=0x000000fb4affcce0
Event: 36.185 Thread 0x00000226817b70b0 DEOPT UNPACKING pc=0x00000226e90769a3 sp=0x000000fb4affcc78 mode 2

Classes unloaded (0 events):
No events

Classes redefined (0 events):
No events

Internal exceptions (20 events):
Event: 23.169 Thread 0x00000226fb170e90 Exception <a 'java/lang/NoSuchMethodError'{0x000000008c7df328}: static Lcom/android/buildanalyzer/common/AndroidGradlePluginAttributionData$BuildInfo;.<clinit>()V> (0x000000008c7df328) 
thrown [s\src\hotspot\share\prims\jni.cpp, line 1108]
Event: 23.172 Thread 0x00000226f96ae470 Exception <a 'java/lang/NoSuchMethodError'{0x000000008c7f42b8}: static Lorg/gradle/internal/build/event/types/DefaultTaskSkippedResult;.<clinit>()V> (0x000000008c7f42b8) 
thrown [s\src\hotspot\share\prims\jni.cpp, line 1108]
Event: 23.191 Thread 0x00000226fb170e90 Exception <a 'java/lang/NoSuchMethodError'{0x000000008c6050c0}: static Lcom/android/buildanalyzer/common/AndroidGradlePluginAttributionData$JavaInfo;.<clinit>()V> (0x000000008c6050c0) 
thrown [s\src\hotspot\share\prims\jni.cpp, line 1108]
Event: 23.199 Thread 0x00000226fb170e90 Exception <a 'java/lang/NoSuchMethodError'{0x000000008c626fc0}: static [Ljava/lang/String;.<clinit>()V> (0x000000008c626fc0) 
thrown [s\src\hotspot\share\prims\jni.cpp, line 1108]
Event: 23.202 Thread 0x00000226fb170e90 Exception <a 'java/lang/NoSuchMethodError'{0x000000008c6357e8}: static Lcom/android/buildanalyzer/common/AndroidGradlePluginAttributionData$TaskInfo;.<clinit>()V> (0x000000008c6357e8) 
thrown [s\src\hotspot\share\prims\jni.cpp, line 1108]
Event: 23.203 Thread 0x00000226fb170e90 Exception <a 'java/lang/NoSuchMethodError'{0x000000008c642218}: static Lcom/android/buildanalyzer/common/AndroidGradlePluginAttributionData$TaskCategoryInfo;.<clinit>()V> (0x000000008c642218) 
thrown [s\src\hotspot\share\prims\jni.cpp, line 1108]
Event: 23.220 Thread 0x00000226fb170e90 Exception <a 'java/lang/NoSuchMethodError'{0x000000008c695b88}: 'void java.lang.invoke.DirectMethodHandle$Holder.invokeSpecial(java.lang.Object, java.lang.Object, java.lang.Object, int)'> (0x000000008c695b88) 
thrown [s\src\hotspot\share\interpreter\linkResolver.cpp, line 771]
Event: 23.453 Thread 0x00000226817b83f0 Exception <a 'java/lang/NoSuchMethodError'{0x000000008c043b70}: 'void java.lang.invoke.DirectMethodHandle$Holder.invokeStatic(java.lang.Object, java.lang.Object, java.lang.Object, java.lang.Object, int, java.lang.Object, java.lang.Object)'> (0x000000008c043b70) 
thrown [s\src\hotspot\share\interpreter\linkResolver.cpp, line 771]
Event: 23.481 Thread 0x00000226fd391ce0 Exception <a 'java/lang/NoSuchMethodError'{0x000000008bd0cc60}: 'java.lang.Object java.lang.invoke.DirectMethodHandle$Holder.invokeSpecialIFC(java.lang.Object, java.lang.Object, java.lang.Object)'> (0x000000008bd0cc60) 
thrown [s\src\hotspot\share\interpreter\linkResolver.cpp, line 771]
Event: 23.481 Thread 0x00000226fd391810 Exception <a 'java/lang/NoSuchMethodError'{0x000000008bd19350}: 'java.lang.Object java.lang.invoke.DirectMethodHandle$Holder.invokeSpecialIFC(java.lang.Object, java.lang.Object, java.lang.Object)'> (0x000000008bd19350) 
thrown [s\src\hotspot\share\interpreter\linkResolver.cpp, line 771]
Event: 24.671 Thread 0x00000226817b83f0 Exception <a 'java/lang/NoSuchMethodError'{0x000000008907dcc0}: 'void java.lang.invoke.DirectMethodHandle$Holder.invokeVirtual(java.lang.Object, java.lang.Object)'> (0x000000008907dcc0) 
thrown [s\src\hotspot\share\interpreter\linkResolver.cpp, line 771]
Event: 32.415 Thread 0x00000226817b83f0 Implicit null exception at 0x00000226e9bf9c25 to 0x00000226e9c002bc
Event: 32.511 Thread 0x00000226817b83f0 Exception <a 'java/lang/NoSuchMethodError'{0x000000008bf107b8}: static Lcom/android/ide/common/resources/CompileResourceRequest;.<clinit>()V> (0x000000008bf107b8) 
thrown [s\src\hotspot\share\prims\jni.cpp, line 1108]
Event: 32.517 Thread 0x00000226817b83f0 Exception <a 'java/lang/NoSuchMethodError'{0x000000008bf4a340}: static Ljava/lang/Object;.<clinit>()V> (0x000000008bf4a340) 
thrown [s\src\hotspot\share\prims\jni.cpp, line 1108]
Event: 32.519 Thread 0x00000226817b83f0 Exception <a 'java/lang/NoSuchMethodError'{0x000000008bf5d630}: static Ljava/lang/Object;.<clinit>()V> (0x000000008bf5d630) 
thrown [s\src\hotspot\share\prims\jni.cpp, line 1108]
Event: 32.522 Thread 0x00000226817b83f0 Exception <a 'java/lang/NoSuchMethodError'{0x000000008bf707a8}: static Ljava/lang/Object;.<clinit>()V> (0x000000008bf707a8) 
thrown [s\src\hotspot\share\prims\jni.cpp, line 1108]
Event: 32.550 Thread 0x00000226817b83f0 Exception <a 'java/lang/NoSuchMethodError'{0x000000008bef19c8}: static Lkotlin/InitializedLazyImpl;.<clinit>()V> (0x000000008bef19c8) 
thrown [s\src\hotspot\share\prims\jni.cpp, line 1108]
Event: 32.591 Thread 0x00000226817b83f0 Exception <a 'java/lang/NoSuchMethodError'{0x000000008bba84d8}: static [Ljava/lang/Object;.<clinit>()V> (0x000000008bba84d8) 
thrown [s\src\hotspot\share\prims\jni.cpp, line 1108]
Event: 36.007 Thread 0x00000226817b70b0 Exception <a 'sun/nio/fs/WindowsException'{0x000000008b2449c8}> (0x000000008b2449c8) 
thrown [s\src\hotspot\share\prims\jni.cpp, line 517]
Event: 36.020 Thread 0x00000226817b70b0 Exception <a 'java/lang/NoSuchMethodError'{0x000000008b2c1e60}: 'int java.lang.invoke.DirectMethodHandle$Holder.invokeSpecial(java.lang.Object, java.lang.Object, java.lang.Object, java.lang.Object, java.lang.Object)'> (0x000000008b2c1e60) 
thrown [s\src\hotspot\share\interpreter\linkResolver.cpp, line 771]

VM Operations (20 events):
Event: 35.231 Executing VM operation: ICBufferFull done
Event: 35.236 Executing VM operation: HandshakeAllThreads
Event: 35.278 Executing VM operation: HandshakeAllThreads done
Event: 35.582 Executing VM operation: HandshakeAllThreads
Event: 35.582 Executing VM operation: HandshakeAllThreads done
Event: 35.624 Executing VM operation: HandshakeAllThreads
Event: 35.624 Executing VM operation: HandshakeAllThreads done
Event: 35.733 Executing VM operation: ICBufferFull
Event: 35.733 Executing VM operation: ICBufferFull done
Event: 35.733 Executing VM operation: ICBufferFull
Event: 35.733 Executing VM operation: ICBufferFull done
Event: 35.982 Executing VM operation: HandshakeAllThreads
Event: 35.982 Executing VM operation: HandshakeAllThreads done
Event: 35.985 Executing VM operation: HandshakeAllThreads
Event: 35.985 Executing VM operation: HandshakeAllThreads done
Event: 36.017 Executing VM operation: HandshakeAllThreads
Event: 36.017 Executing VM operation: HandshakeAllThreads done
Event: 36.081 Executing VM operation: ICBufferFull
Event: 36.083 Executing VM operation: ICBufferFull done
Event: 36.341 Executing VM operation: G1CollectForAllocation

Events (20 events):
Event: 35.306 Thread 0x00000226f880c820 flushing nmethod 0x00000226e31fed10
Event: 35.306 Thread 0x00000226f880c820 flushing nmethod 0x00000226e320c290
Event: 35.306 Thread 0x00000226f880c820 flushing nmethod 0x00000226e320cf90
Event: 35.306 Thread 0x00000226f880c820 flushing nmethod 0x00000226e3228d10
Event: 35.446 loading class java/util/zip/ZipInputStream
Event: 35.446 loading class java/util/zip/ZipInputStream done
Event: 35.464 loading class java/nio/file/FileChannelLinesSpliterator
Event: 35.464 loading class java/nio/file/FileChannelLinesSpliterator done
Event: 35.466 loading class java/util/stream/Streams$1
Event: 35.466 loading class java/util/stream/Streams$1 done
Event: 35.479 loading class java/nio/file/FileChannelLinesSpliterator$1
Event: 35.479 loading class java/nio/file/FileChannelLinesSpliterator$1 done
Event: 35.594 loading class java/net/HttpURLConnection
Event: 35.595 loading class java/net/HttpURLConnection done
Event: 35.595 loading class sun/net/ProgressMonitor
Event: 35.596 loading class sun/net/ProgressMonitor done
Event: 35.596 loading class sun/net/DefaultProgressMeteringPolicy
Event: 35.596 loading class sun/net/ProgressMeteringPolicy
Event: 35.596 loading class sun/net/ProgressMeteringPolicy done
Event: 35.596 loading class sun/net/DefaultProgressMeteringPolicy done


Dynamic libraries:
0x00007ff64e1f0000 - 0x00007ff64e1fa000 	C:\Program Files\Android\Android Studio\jbr\bin\java.exe
0x00007ffe79590000 - 0x00007ffe79788000 	C:\Windows\SYSTEM32\ntdll.dll
0x00007ffe79490000 - 0x00007ffe7954d000 	C:\Windows\System32\KERNEL32.DLL
0x00007ffe76e40000 - 0x00007ffe77136000 	C:\Windows\System32\KERNELBASE.dll
0x00007ffe76c70000 - 0x00007ffe76d70000 	C:\Windows\System32\ucrtbase.dll
0x00007ffe5c480000 - 0x00007ffe5c49b000 	C:\Program Files\Android\Android Studio\jbr\bin\VCRUNTIME140.dll
0x00007ffe5c4c0000 - 0x00007ffe5c4d7000 	C:\Program Files\Android\Android Studio\jbr\bin\jli.dll
0x00007ffe787a0000 - 0x00007ffe7893e000 	C:\Windows\System32\USER32.dll
0x00007ffe76e10000 - 0x00007ffe76e32000 	C:\Windows\System32\win32u.dll
0x00007ffe66730000 - 0x00007ffe669ca000 	C:\Windows\WinSxS\amd64_microsoft.windows.common-controls_6595b64144ccf1df_6.0.19041.1110_none_60b5254171f9507e\COMCTL32.dll
0x00007ffe78b60000 - 0x00007ffe78b8c000 	C:\Windows\System32\GDI32.dll
0x00007ffe78650000 - 0x00007ffe786ee000 	C:\Windows\System32\msvcrt.dll
0x00007ffe77250000 - 0x00007ffe7736a000 	C:\Windows\System32\gdi32full.dll
0x00007ffe76d70000 - 0x00007ffe76e0d000 	C:\Windows\System32\msvcp_win.dll
0x00007ffe789c0000 - 0x00007ffe789f0000 	C:\Windows\System32\IMM32.DLL
0x00007ffe5d4c0000 - 0x00007ffe5d4cc000 	C:\Program Files\Android\Android Studio\jbr\bin\vcruntime140_1.dll
0x00007ffe51ac0000 - 0x00007ffe51b4d000 	C:\Program Files\Android\Android Studio\jbr\bin\msvcp140.dll
0x00007ffe20d70000 - 0x00007ffe219de000 	C:\Program Files\Android\Android Studio\jbr\bin\server\jvm.dll
0x00007ffe77a00000 - 0x00007ffe77aae000 	C:\Windows\System32\ADVAPI32.dll
0x00007ffe775f0000 - 0x00007ffe7768c000 	C:\Windows\System32\sechost.dll
0x00007ffe77cc0000 - 0x00007ffe77de6000 	C:\Windows\System32\RPCRT4.dll
0x00007ffe66b10000 - 0x00007ffe66b19000 	C:\Windows\SYSTEM32\WSOCK32.dll
0x00007ffe69760000 - 0x00007ffe69787000 	C:\Windows\SYSTEM32\WINMM.dll
0x00007ffe78a00000 - 0x00007ffe78a6b000 	C:\Windows\System32\WS2_32.dll
0x00007ffe69ea0000 - 0x00007ffe69eaa000 	C:\Windows\SYSTEM32\VERSION.dll
0x00007ffe74ce0000 - 0x00007ffe74cf2000 	C:\Windows\SYSTEM32\kernel.appcore.dll
0x00007ffe647b0000 - 0x00007ffe647ba000 	C:\Program Files\Android\Android Studio\jbr\bin\jimage.dll
0x00007ffe60280000 - 0x00007ffe60464000 	C:\Windows\SYSTEM32\DBGHELP.DLL
0x00007ffe60200000 - 0x00007ffe60234000 	C:\Windows\SYSTEM32\dbgcore.DLL
0x00007ffe771c0000 - 0x00007ffe77242000 	C:\Windows\System32\bcryptPrimitives.dll
0x00007ffe5c990000 - 0x00007ffe5c9b5000 	C:\Program Files\Android\Android Studio\jbr\bin\java.dll
0x00007ffe5e470000 - 0x00007ffe5e488000 	C:\Program Files\Android\Android Studio\jbr\bin\zip.dll
0x00007ffe78d40000 - 0x00007ffe79485000 	C:\Windows\System32\SHELL32.dll
0x00007ffe74d00000 - 0x00007ffe7549b000 	C:\Windows\SYSTEM32\windows.storage.dll
0x00007ffe77690000 - 0x00007ffe779e4000 	C:\Windows\System32\combase.dll
0x00007ffe76640000 - 0x00007ffe7666e000 	C:\Windows\SYSTEM32\Wldp.dll
0x00007ffe77f20000 - 0x00007ffe77fcd000 	C:\Windows\System32\SHCORE.dll
0x00007ffe78cc0000 - 0x00007ffe78d15000 	C:\Windows\System32\shlwapi.dll
0x00007ffe76ba0000 - 0x00007ffe76bc5000 	C:\Windows\SYSTEM32\profapi.dll
0x00007ffe5c840000 - 0x00007ffe5c859000 	C:\Program Files\Android\Android Studio\jbr\bin\net.dll
0x00007ffe6ac40000 - 0x00007ffe6ad4a000 	C:\Windows\SYSTEM32\WINHTTP.dll
0x00007ffe763a0000 - 0x00007ffe7640a000 	C:\Windows\system32\mswsock.dll
0x00007ffe5c820000 - 0x00007ffe5c836000 	C:\Program Files\Android\Android Studio\jbr\bin\nio.dll
0x00007ffe63030000 - 0x00007ffe63040000 	C:\Program Files\Android\Android Studio\jbr\bin\verify.dll
0x00007ffe5b450000 - 0x00007ffe5b477000 	C:\Users\refrizar.dwiardito\.gradle\native\68d5fa5c4cc2d200863cafc0d521ce42e7d3e7ee720ec0a83991735586a16f82\windows-amd64\native-platform.dll
0x00007ffe48180000 - 0x00007ffe482c4000 	C:\Users\refrizar.dwiardito\.gradle\native\e376f236ea51e6404a007f0833ffe2c6e607c4080706a723a18a27aeea778392\windows-amd64\native-platform-file-events.dll
0x00007ffe62c50000 - 0x00007ffe62c59000 	C:\Program Files\Android\Android Studio\jbr\bin\management.dll
0x00007ffe60dc0000 - 0x00007ffe60dcb000 	C:\Program Files\Android\Android Studio\jbr\bin\management_ext.dll
0x00007ffe77df0000 - 0x00007ffe77df8000 	C:\Windows\System32\PSAPI.DLL
0x00007ffe765a0000 - 0x00007ffe765b8000 	C:\Windows\SYSTEM32\CRYPTSP.dll
0x00007ffe75c50000 - 0x00007ffe75c84000 	C:\Windows\system32\rsaenh.dll
0x00007ffe77190000 - 0x00007ffe771b7000 	C:\Windows\System32\bcrypt.dll
0x00007ffe76b60000 - 0x00007ffe76b8e000 	C:\Windows\SYSTEM32\USERENV.dll
0x00007ffe76590000 - 0x00007ffe7659c000 	C:\Windows\SYSTEM32\CRYPTBASE.dll
0x00007ffe76090000 - 0x00007ffe760cb000 	C:\Windows\SYSTEM32\IPHLPAPI.DLL
0x00007ffe789f0000 - 0x00007ffe789f8000 	C:\Windows\System32\NSI.dll
0x00007ffe6d4a0000 - 0x00007ffe6d4b7000 	C:\Windows\SYSTEM32\dhcpcsvc6.DLL
0x00007ffe6ba50000 - 0x00007ffe6ba6d000 	C:\Windows\SYSTEM32\dhcpcsvc.DLL
0x00007ffe760d0000 - 0x00007ffe7619a000 	C:\Windows\SYSTEM32\DNSAPI.dll
0x00007ffe60c20000 - 0x00007ffe60c27000 	C:\Windows\system32\wshunix.dll
0x00007ffe5c860000 - 0x00007ffe5c877000 	C:\Windows\system32\napinsp.dll
0x00007ffe5c600000 - 0x00007ffe5c61b000 	C:\Windows\system32\pnrpnsp.dll
0x00007ffe6f470000 - 0x00007ffe6f485000 	C:\Windows\system32\wshbth.dll
0x00007ffe71f80000 - 0x00007ffe71f9d000 	C:\Windows\system32\NLAapi.dll
0x00007ffe5c5e0000 - 0x00007ffe5c5f2000 	C:\Windows\System32\winrnr.dll
0x00007ffe6b100000 - 0x00007ffe6b10a000 	C:\Windows\System32\rasadhlp.dll
0x00007ffe6a270000 - 0x00007ffe6a2f2000 	C:\Windows\System32\fwpuclnt.dll
0x00007ffe75d70000 - 0x00007ffe75da3000 	C:\Windows\SYSTEM32\ntmarta.dll

dbghelp: loaded successfully - version: 4.0.5 - missing functions: none
symbol engine: initialized successfully - sym options: 0x614 - pdb path: .;C:\Program Files\Android\Android Studio\jbr\bin;C:\Windows\SYSTEM32;C:\Windows\WinSxS\amd64_microsoft.windows.common-controls_6595b64144ccf1df_6.0.19041.1110_none_60b5254171f9507e;C:\Program Files\Android\Android Studio\jbr\bin\server;C:\Users\refrizar.dwiardito\.gradle\native\68d5fa5c4cc2d200863cafc0d521ce42e7d3e7ee720ec0a83991735586a16f82\windows-amd64;C:\Users\refrizar.dwiardito\.gradle\native\e376f236ea51e6404a007f0833ffe2c6e607c4080706a723a18a27aeea778392\windows-amd64

VM Arguments:
jvm_args: --add-opens=java.base/java.util=ALL-UNNAMED --add-opens=java.base/java.lang=ALL-UNNAMED --add-opens=java.base/java.lang.invoke=ALL-UNNAMED --add-opens=java.prefs/java.util.prefs=ALL-UNNAMED --add-opens=java.base/java.nio.charset=ALL-UNNAMED --add-opens=java.base/java.net=ALL-UNNAMED --add-opens=java.base/java.util.concurrent.atomic=ALL-UNNAMED -Xmx2048m -Dfile.encoding=UTF-8 -Duser.country=US -Duser.language=en -Duser.variant 
java_command: org.gradle.launcher.daemon.bootstrap.GradleDaemon 8.0
java_class_path (initial): C:\Users\refrizar.dwiardito\.gradle\wrapper\dists\gradle-8.0-bin\ca5e32bp14vu59qr306oxotwh\gradle-8.0\lib\gradle-launcher-8.0.jar
Launcher Type: SUN_STANDARD

[Global flags]
     intx CICompilerCount                          = 3                                         {product} {ergonomic}
     uint ConcGCThreads                            = 1                                         {product} {ergonomic}
     uint G1ConcRefinementThreads                  = 4                                         {product} {ergonomic}
   size_t G1HeapRegionSize                         = 1048576                                   {product} {ergonomic}
    uintx GCDrainStackTargetSize                   = 64                                        {product} {ergonomic}
   size_t InitialHeapSize                          = 134217728                                 {product} {ergonomic}
   size_t MarkStackSize                            = 4194304                                   {product} {ergonomic}
   size_t MaxHeapSize                              = 2147483648                                {product} {command line}
   size_t MaxNewSize                               = 1287651328                                {product} {ergonomic}
   size_t MinHeapDeltaBytes                        = 1048576                                   {product} {ergonomic}
   size_t MinHeapSize                              = 8388608                                   {product} {ergonomic}
    uintx NonNMethodCodeHeapSize                   = 5832780                                {pd product} {ergonomic}
    uintx NonProfiledCodeHeapSize                  = 122912730                              {pd product} {ergonomic}
    uintx ProfiledCodeHeapSize                     = 122912730                              {pd product} {ergonomic}
    uintx ReservedCodeCacheSize                    = 251658240                              {pd product} {ergonomic}
     bool SegmentedCodeCache                       = true                                      {product} {ergonomic}
   size_t SoftMaxHeapSize                          = 2147483648                             {manageable} {ergonomic}
     bool UseCompressedClassPointers               = true                           {product lp64_product} {ergonomic}
     bool UseCompressedOops                        = true                           {product lp64_product} {ergonomic}
     bool UseG1GC                                  = true                                      {product} {ergonomic}
     bool UseLargePagesIndividualAllocation        = false                                  {pd product} {ergonomic}

Logging:
Log output configuration:
 #0: stdout all=warning uptime,level,tags
 #1: stderr all=off uptime,level,tags

Environment Variables:
JAVA_HOME=C:\Users\refrizar.dwiardito\.jdks\openjdk-21
PATH=C:\Program Files\Common Files\Oracle\Java\javapath;C:\Windows\system32;C:\Windows;C:\Windows\System32\Wbem;C:\Windows\System32\WindowsPowerShell\v1.0\;C:\Windows\System32\OpenSSH\;C:\Program Files\mingw-w64\x86_64-8.1.0-posix-seh-rt_v6-rev0\mingw64\bin;C:\Users\refrizar.dwiardito\AppData\Local\Programs\Python\Python310\Scripts;C:\Users\refrizar.dwiardito\.jdks\openjdk-21\bin;C:\Program Files\PuTTY\;C:\Program Files\gradle-8.3\bin;C:\Program Files\Git\cmd;C:\Users\refrizar.dwiardito\AppData\Local\Programs\Python\Python310\Scripts\;C:\Users\refrizar.dwiardito\AppData\Local\Programs\Python\Python310\;C:\Users\refrizar.dwiardito\AppData\Local\Microsoft\WindowsApps;;C:\Users\refrizar.dwiardito\AppData\Local\Programs\Microsoft VS Code\bin
USERNAME=refrizar.dwiardito
OS=Windows_NT
PROCESSOR_IDENTIFIER=Intel64 Family 6 Model 61 Stepping 4, GenuineIntel
TMP=C:\Users\REFRIZ~1.DWI\AppData\Local\Temp
TEMP=C:\Users\REFRIZ~1.DWI\AppData\Local\Temp


JNI global refs:
JNI global refs: 25, weak refs: 1

JNI global refs memory usage: 843, weak refs: 841


---------------  S Y S T E M  ---------------

OS:
 Windows 10 , 64 bit Build 19041 (10.0.19041.3393)
OS uptime: 0 days 4:09 hours

CPU: total 4 (initial active 4) (2 cores per cpu, 2 threads per core) family 6 model 61 stepping 4 microcode 0x2f, cx8, cmov, fxsr, ht, mmx, 3dnowpref, sse, sse2, sse3, ssse3, sse4.1, sse4.2, popcnt, lzcnt, tsc, tscinvbit, avx, avx2, aes, erms, clmul, bmi1, bmi2, adx, fma, vzeroupper, clflush

Memory: 4k page, system-wide physical 8083M (685M free)
TotalPageFile size 8083M (AvailPageFile size 217M)
current process WorkingSet (physical memory assigned to process): 484M, peak: 502M
current process commit charge ("private bytes"): 512M, peak: 729M

vm_info: OpenJDK 64-Bit Server VM (17.0.6+0-b2043.56-10027231) for windows-amd64 JRE (17.0.6+0-b2043.56-10027231), built on Apr 28 2023 00:43:19 by "androidbuild" with MS VC++ 16.10 / 16.11 (VS2019)

END.
