#
# There is insufficient memory for the Java Runtime Environment to continue.
# Native memory allocation (mmap) failed to map 224395264 bytes for G1 virtual space
# Possible reasons:
#   The system is out of physical RAM or swap space
#   The process is running with CompressedOops enabled, and the Java Heap may be blocking the growth of the native heap
# Possible solutions:
#   Reduce memory load on the system
#   Increase physical memory or swap space
#   Check if swap backing store is full
#   Decrease Java heap size (-Xmx/-Xms)
#   Decrease number of Java threads
#   Decrease Java thread stack sizes (-Xss)
#   Set larger code cache with -XX:ReservedCodeCacheSize=
#   JVM is running with Unscaled Compressed Oops mode in which the Java heap is
#     placed in the first 4GB address space. The Java Heap base address is the
#     maximum limit for the native heap growth. Please use -XX:HeapBaseMinAddress
#     to set the Java Heap base and to place the Java Heap above 4GB virtual address.
# This output file may be truncated or incomplete.
#
#  Out of Memory Error (os_windows.cpp:3769), pid=12880, tid=6844
#
# JRE version: OpenJDK Runtime Environment (17.0.6) (build 17.0.6+0-b2043.56-10027231)
# Java VM: OpenJDK 64-Bit Server VM (17.0.6+0-b2043.56-10027231, mixed mode, tiered, compressed oops, compressed class ptrs, g1 gc, windows-amd64)
# No core dump will be written. Minidumps are not enabled by default on client versions of Windows
#

---------------  S U M M A R Y ------------

Command Line: --add-opens=java.base/java.util=ALL-UNNAMED --add-opens=java.base/java.lang=ALL-UNNAMED --add-opens=java.base/java.lang.invoke=ALL-UNNAMED --add-opens=java.prefs/java.util.prefs=ALL-UNNAMED --add-opens=java.base/java.nio.charset=ALL-UNNAMED --add-opens=java.base/java.net=ALL-UNNAMED --add-opens=java.base/java.util.concurrent.atomic=ALL-UNNAMED -Xmx2048m -Dfile.encoding=UTF-8 -Duser.country=US -Duser.language=en -Duser.variant org.gradle.launcher.daemon.bootstrap.GradleDaemon 8.0

Host: Intel(R) Core(TM) i5-5200U CPU @ 2.20GHz, 4 cores, 7G,  Windows 10 , 64 bit Build 19041 (10.0.19041.3393)
Time: Sun Oct  8 06:28:54 2023 SE Asia Standard Time elapsed time: 31.496227 seconds (0d 0h 0m 31s)

---------------  T H R E A D  ---------------

Current thread (0x00000169a58ba410):  VMThread "VM Thread" [stack: 0x00000038df000000,0x00000038df100000] [id=6844]

Stack: [0x00000038df000000,0x00000038df100000]
Native frames: (J=compiled Java code, j=interpreted, Vv=VM code, C=native code)
V  [jvm.dll+0x683c9a]
V  [jvm.dll+0x8427a4]
V  [jvm.dll+0x843f9e]
V  [jvm.dll+0x844603]
V  [jvm.dll+0x249b75]
V  [jvm.dll+0x680b69]
V  [jvm.dll+0x67505a]
V  [jvm.dll+0x309acb]
V  [jvm.dll+0x310f86]
V  [jvm.dll+0x3608ee]
V  [jvm.dll+0x360b1f]
V  [jvm.dll+0x2dfbf8]
V  [jvm.dll+0x2ddec4]
V  [jvm.dll+0x2dd4cc]
V  [jvm.dll+0x321f3b]
V  [jvm.dll+0x848ccb]
V  [jvm.dll+0x849a04]
V  [jvm.dll+0x849f1d]
V  [jvm.dll+0x84a2f4]
V  [jvm.dll+0x84a3c0]
V  [jvm.dll+0x7f274a]
V  [jvm.dll+0x682ad5]
C  [ucrtbase.dll+0x21bb2]
C  [KERNEL32.DLL+0x17344]
C  [ntdll.dll+0x526b1]

VM_Operation (0x00000038e4ffcaa0): G1CollectForAllocation, mode: safepoint, requested by thread 0x00000169aefbfe60


---------------  P R O C E S S  ---------------

Threads class SMR info:
_java_thread_list=0x00000169a8f36b40, length=92, elements={
0x000001698a2cd6b0, 0x00000169a6433260, 0x00000169a58bdd00, 0x00000169a643c090,
0x00000169a643fa70, 0x00000169a6441340, 0x00000169a6441c00, 0x00000169a58a5a30,
0x00000169a58a63e0, 0x00000169a645c800, 0x00000169a65fc020, 0x00000169a65fcd00,
0x00000169a7794b70, 0x00000169a68430a0, 0x00000169a72ca370, 0x00000169a90e85a0,
0x00000169a911fda0, 0x00000169a77e36f0, 0x00000169a77e4a30, 0x00000169a77e1ee0,
0x00000169a77e1540, 0x00000169a77e23b0, 0x00000169a77e1a10, 0x00000169a77e2880,
0x00000169a77e2d50, 0x00000169a77e3220, 0x00000169a77e1070, 0x00000169a77e4090,
0x00000169a9749320, 0x00000169a97484b0, 0x00000169a9747fe0, 0x00000169a9746300,
0x00000169a97467d0, 0x00000169a974a660, 0x00000169a9746ca0, 0x00000169a974a190,
0x00000169a974b4d0, 0x00000169a9747640, 0x00000169a974c340, 0x00000169a9748e50,
0x00000169a6910850, 0x00000169a6912530, 0x00000169a690d830, 0x00000169a6911b90,
0x00000169a6912ed0, 0x00000169a69116c0, 0x00000169a6912a00, 0x00000169a6910d20,
0x00000169a69133a0, 0x00000169a6914210, 0x00000169a690dd00, 0x00000169a6912060,
0x00000169a6913870, 0x00000169a69111f0, 0x00000169a6913d40, 0x00000169a69146e0,
0x00000169a6914bb0, 0x00000169a690feb0, 0x00000169a6910380, 0x00000169a690d360,
0x00000169a690e1d0, 0x00000169a690e6a0, 0x00000169a690eb70, 0x00000169a690f040,
0x00000169a690f510, 0x00000169a690f9e0, 0x00000169ab8c12e0, 0x00000169ab8c0e10,
0x00000169ab8badd0, 0x00000169ab8be790, 0x00000169ab8bb2a0, 0x00000169ab8c17b0,
0x00000169ab8bec60, 0x00000169ab8ba900, 0x00000169ab8bf130, 0x00000169ab8bcab0,
0x00000169ab8bfad0, 0x00000169ab8bddf0, 0x00000169ab8bbc40, 0x00000169ab8bf600,
0x00000169ab8bc110, 0x00000169ab8c0940, 0x00000169aefc3350, 0x00000169aefc2010,
0x00000169aefc1670, 0x00000169aefc11a0, 0x00000169aefc3820, 0x00000169a923a2f0,
0x00000169aefbfe60, 0x00000169aefbc970, 0x00000169aefbdcb0, 0x00000169aefbf4c0
}

Java Threads: ( => current thread )
  0x000001698a2cd6b0 JavaThread "main" [_thread_blocked, id=120, stack(0x00000038dea00000,0x00000038deb00000)]
  0x00000169a6433260 JavaThread "Reference Handler" daemon [_thread_blocked, id=11856, stack(0x00000038df100000,0x00000038df200000)]
  0x00000169a58bdd00 JavaThread "Finalizer" daemon [_thread_blocked, id=5420, stack(0x00000038df200000,0x00000038df300000)]
  0x00000169a643c090 JavaThread "Signal Dispatcher" daemon [_thread_blocked, id=5548, stack(0x00000038df300000,0x00000038df400000)]
  0x00000169a643fa70 JavaThread "Attach Listener" daemon [_thread_blocked, id=7520, stack(0x00000038df400000,0x00000038df500000)]
  0x00000169a6441340 JavaThread "Service Thread" daemon [_thread_blocked, id=2136, stack(0x00000038df500000,0x00000038df600000)]
  0x00000169a6441c00 JavaThread "Monitor Deflation Thread" daemon [_thread_blocked, id=2432, stack(0x00000038df600000,0x00000038df700000)]
  0x00000169a58a5a30 JavaThread "C2 CompilerThread0" daemon [_thread_blocked, id=9108, stack(0x00000038df700000,0x00000038df800000)]
  0x00000169a58a63e0 JavaThread "C1 CompilerThread0" daemon [_thread_blocked, id=5976, stack(0x00000038df800000,0x00000038df900000)]
  0x00000169a645c800 JavaThread "Sweeper thread" daemon [_thread_blocked, id=8208, stack(0x00000038df900000,0x00000038dfa00000)]
  0x00000169a65fc020 JavaThread "Common-Cleaner" daemon [_thread_blocked, id=11336, stack(0x00000038dfa00000,0x00000038dfb00000)]
  0x00000169a65fcd00 JavaThread "Notification Thread" daemon [_thread_blocked, id=8096, stack(0x00000038dfb00000,0x00000038dfc00000)]
  0x00000169a7794b70 JavaThread "Daemon health stats" [_thread_blocked, id=6560, stack(0x00000038e0100000,0x00000038e0200000)]
  0x00000169a68430a0 JavaThread "Incoming local TCP Connector on port 65516" [_thread_in_native, id=4908, stack(0x00000038dff00000,0x00000038e0000000)]
  0x00000169a72ca370 JavaThread "Daemon periodic checks" [_thread_blocked, id=616, stack(0x00000038e0200000,0x00000038e0300000)]
  0x00000169a90e85a0 JavaThread "Daemon" [_thread_blocked, id=7828, stack(0x00000038e0400000,0x00000038e0500000)]
  0x00000169a911fda0 JavaThread "Handler for socket connection from /127.0.0.1:65516 to /127.0.0.1:65517" [_thread_in_native, id=5528, stack(0x00000038e0500000,0x00000038e0600000)]
  0x00000169a77e36f0 JavaThread "Cancel handler" [_thread_blocked, id=10208, stack(0x00000038e0600000,0x00000038e0700000)]
  0x00000169a77e4a30 JavaThread "Daemon worker" [_thread_blocked, id=10312, stack(0x00000038e0700000,0x00000038e0800000)]
  0x00000169a77e1ee0 JavaThread "Asynchronous log dispatcher for DefaultDaemonConnection: socket connection from /127.0.0.1:65516 to /127.0.0.1:65517" [_thread_blocked, id=9312, stack(0x00000038e0800000,0x00000038e0900000)]
  0x00000169a77e1540 JavaThread "Stdin handler" [_thread_blocked, id=8108, stack(0x00000038e0900000,0x00000038e0a00000)]
  0x00000169a77e23b0 JavaThread "Daemon client event forwarder" [_thread_blocked, id=7416, stack(0x00000038e0a00000,0x00000038e0b00000)]
  0x00000169a77e1a10 JavaThread "Cache worker for journal cache (C:\Users\refrizar.dwiardito\.gradle\caches\journal-1)" [_thread_blocked, id=8748, stack(0x00000038e0b00000,0x00000038e0c00000)]
  0x00000169a77e2880 JavaThread "File lock request listener" [_thread_in_native, id=12292, stack(0x00000038e0c00000,0x00000038e0d00000)]
  0x00000169a77e2d50 JavaThread "Cache worker for file hash cache (C:\Users\refrizar.dwiardito\.gradle\caches\8.0\fileHashes)" [_thread_blocked, id=10644, stack(0x00000038e0d00000,0x00000038e0e00000)]
  0x00000169a77e3220 JavaThread "File watcher server" daemon [_thread_blocked, id=13184, stack(0x00000038e0e00000,0x00000038e0f00000)]
  0x00000169a77e1070 JavaThread "File watcher consumer" daemon [_thread_blocked, id=8556, stack(0x00000038e0f00000,0x00000038e1000000)]
  0x00000169a77e4090 JavaThread "Cache worker for checksums cache (C:\Users\refrizar.dwiardito\AndroidStudioProjects\BelajarAndroid\.gradle\8.0\checksums)" [_thread_blocked, id=2816, stack(0x00000038e1000000,0x00000038e1100000)]
  0x00000169a9749320 JavaThread "Cache worker for cache directory md-rule (C:\Users\refrizar.dwiardito\.gradle\caches\8.0\md-rule)" [_thread_blocked, id=11316, stack(0x00000038e1100000,0x00000038e1200000)]
  0x00000169a97484b0 JavaThread "Cache worker for file content cache (C:\Users\refrizar.dwiardito\.gradle\caches\8.0\fileContent)" [_thread_blocked, id=6556, stack(0x00000038e1200000,0x00000038e1300000)]
  0x00000169a9747fe0 JavaThread "Cache worker for file hash cache (C:\Users\refrizar.dwiardito\AndroidStudioProjects\BelajarAndroid\.gradle\8.0\fileHashes)" [_thread_blocked, id=7924, stack(0x00000038e1300000,0x00000038e1400000)]
  0x00000169a9746300 JavaThread "Cache worker for cache directory md-supplier (C:\Users\refrizar.dwiardito\.gradle\caches\8.0\md-supplier)" [_thread_blocked, id=4468, stack(0x00000038e1400000,0x00000038e1500000)]
  0x00000169a97467d0 JavaThread "Cache worker for execution history cache (C:\Users\refrizar.dwiardito\.gradle\caches\8.0\executionHistory)" [_thread_blocked, id=2408, stack(0x00000038e1500000,0x00000038e1600000)]
  0x00000169a974a660 JavaThread "jar transforms" [_thread_blocked, id=7844, stack(0x00000038e1600000,0x00000038e1700000)]
  0x00000169a9746ca0 JavaThread "jar transforms Thread 2" [_thread_blocked, id=1016, stack(0x00000038e1700000,0x00000038e1800000)]
  0x00000169a974a190 JavaThread "Cache worker for kotlin-dsl (C:\Users\refrizar.dwiardito\.gradle\caches\8.0\kotlin-dsl)" [_thread_blocked, id=1316, stack(0x00000038e1800000,0x00000038e1900000)]
  0x00000169a974b4d0 JavaThread "jar transforms Thread 3" [_thread_blocked, id=10736, stack(0x00000038e1900000,0x00000038e1a00000)]
  0x00000169a9747640 JavaThread "jar transforms Thread 4" [_thread_blocked, id=4112, stack(0x00000038e1a00000,0x00000038e1b00000)]
  0x00000169a974c340 JavaThread "Cache worker for dependencies-accessors (C:\Users\refrizar.dwiardito\AndroidStudioProjects\BelajarAndroid\.gradle\8.0\dependencies-accessors)" [_thread_blocked, id=12764, stack(0x00000038e1b00000,0x00000038e1c00000)]
  0x00000169a9748e50 JavaThread "Cache worker for Build Output Cleanup Cache (C:\Users\refrizar.dwiardito\AndroidStudioProjects\BelajarAndroid\.gradle\buildOutputCleanup)" [_thread_blocked, id=1136, stack(0x00000038e1c00000,0x00000038e1d00000)]
  0x00000169a6910850 JavaThread "Unconstrained build operations" [_thread_blocked, id=5764, stack(0x00000038e1d00000,0x00000038e1e00000)]
  0x00000169a6912530 JavaThread "Unconstrained build operations Thread 2" [_thread_blocked, id=11780, stack(0x00000038e1e00000,0x00000038e1f00000)]
  0x00000169a690d830 JavaThread "Unconstrained build operations Thread 3" [_thread_blocked, id=8432, stack(0x00000038e1f00000,0x00000038e2000000)]
  0x00000169a6911b90 JavaThread "Unconstrained build operations Thread 4" [_thread_blocked, id=1928, stack(0x00000038e2000000,0x00000038e2100000)]
  0x00000169a6912ed0 JavaThread "Unconstrained build operations Thread 5" [_thread_blocked, id=3208, stack(0x00000038e2100000,0x00000038e2200000)]
  0x00000169a69116c0 JavaThread "Unconstrained build operations Thread 6" [_thread_blocked, id=3016, stack(0x00000038e2200000,0x00000038e2300000)]
  0x00000169a6912a00 JavaThread "Unconstrained build operations Thread 7" [_thread_blocked, id=7960, stack(0x00000038e2300000,0x00000038e2400000)]
  0x00000169a6910d20 JavaThread "Unconstrained build operations Thread 8" [_thread_blocked, id=1372, stack(0x00000038e2400000,0x00000038e2500000)]
  0x00000169a69133a0 JavaThread "Unconstrained build operations Thread 9" [_thread_blocked, id=13244, stack(0x00000038e2500000,0x00000038e2600000)]
  0x00000169a6914210 JavaThread "Unconstrained build operations Thread 10" [_thread_blocked, id=11936, stack(0x00000038e2600000,0x00000038e2700000)]
  0x00000169a690dd00 JavaThread "Unconstrained build operations Thread 11" [_thread_blocked, id=12100, stack(0x00000038e2700000,0x00000038e2800000)]
  0x00000169a6912060 JavaThread "Unconstrained build operations Thread 12" [_thread_blocked, id=9964, stack(0x00000038e2800000,0x00000038e2900000)]
  0x00000169a6913870 JavaThread "Unconstrained build operations Thread 13" [_thread_blocked, id=11956, stack(0x00000038e2900000,0x00000038e2a00000)]
  0x00000169a69111f0 JavaThread "Unconstrained build operations Thread 14" [_thread_blocked, id=7264, stack(0x00000038e2a00000,0x00000038e2b00000)]
  0x00000169a6913d40 JavaThread "Unconstrained build operations Thread 15" [_thread_blocked, id=608, stack(0x00000038e2b00000,0x00000038e2c00000)]
  0x00000169a69146e0 JavaThread "Unconstrained build operations Thread 16" [_thread_blocked, id=5836, stack(0x00000038e2c00000,0x00000038e2d00000)]
  0x00000169a6914bb0 JavaThread "Unconstrained build operations Thread 17" [_thread_blocked, id=11672, stack(0x00000038e2d00000,0x00000038e2e00000)]
  0x00000169a690feb0 JavaThread "Unconstrained build operations Thread 18" [_thread_blocked, id=7740, stack(0x00000038e2e00000,0x00000038e2f00000)]
  0x00000169a6910380 JavaThread "Unconstrained build operations Thread 19" [_thread_blocked, id=13224, stack(0x00000038e2f00000,0x00000038e3000000)]
  0x00000169a690d360 JavaThread "Unconstrained build operations Thread 20" [_thread_blocked, id=4304, stack(0x00000038e3000000,0x00000038e3100000)]
  0x00000169a690e1d0 JavaThread "Unconstrained build operations Thread 21" [_thread_blocked, id=12944, stack(0x00000038e3100000,0x00000038e3200000)]
  0x00000169a690e6a0 JavaThread "Unconstrained build operations Thread 22" [_thread_blocked, id=4092, stack(0x00000038e3200000,0x00000038e3300000)]
  0x00000169a690eb70 JavaThread "Unconstrained build operations Thread 23" [_thread_blocked, id=12224, stack(0x00000038e3300000,0x00000038e3400000)]
  0x00000169a690f040 JavaThread "Unconstrained build operations Thread 24" [_thread_blocked, id=12876, stack(0x00000038e3400000,0x00000038e3500000)]
  0x00000169a690f510 JavaThread "Unconstrained build operations Thread 25" [_thread_blocked, id=9448, stack(0x00000038e3500000,0x00000038e3600000)]
  0x00000169a690f9e0 JavaThread "Unconstrained build operations Thread 26" [_thread_blocked, id=1888, stack(0x00000038e3600000,0x00000038e3700000)]
  0x00000169ab8c12e0 JavaThread "Unconstrained build operations Thread 27" [_thread_blocked, id=11412, stack(0x00000038e3700000,0x00000038e3800000)]
  0x00000169ab8c0e10 JavaThread "Unconstrained build operations Thread 28" [_thread_blocked, id=12748, stack(0x00000038e3800000,0x00000038e3900000)]
  0x00000169ab8badd0 JavaThread "Unconstrained build operations Thread 29" [_thread_blocked, id=5284, stack(0x00000038e3900000,0x00000038e3a00000)]
  0x00000169ab8be790 JavaThread "Unconstrained build operations Thread 30" [_thread_blocked, id=3228, stack(0x00000038e3a00000,0x00000038e3b00000)]
  0x00000169ab8bb2a0 JavaThread "Unconstrained build operations Thread 31" [_thread_blocked, id=9804, stack(0x00000038e3b00000,0x00000038e3c00000)]
  0x00000169ab8c17b0 JavaThread "Unconstrained build operations Thread 32" [_thread_blocked, id=7504, stack(0x00000038e3c00000,0x00000038e3d00000)]
  0x00000169ab8bec60 JavaThread "Unconstrained build operations Thread 33" [_thread_blocked, id=7612, stack(0x00000038e3d00000,0x00000038e3e00000)]
  0x00000169ab8ba900 JavaThread "Unconstrained build operations Thread 34" [_thread_blocked, id=11276, stack(0x00000038e3e00000,0x00000038e3f00000)]
  0x00000169ab8bf130 JavaThread "Unconstrained build operations Thread 35" [_thread_blocked, id=12088, stack(0x00000038e3f00000,0x00000038e4000000)]
  0x00000169ab8bcab0 JavaThread "Unconstrained build operations Thread 36" [_thread_blocked, id=4428, stack(0x00000038e4000000,0x00000038e4100000)]
  0x00000169ab8bfad0 JavaThread "Unconstrained build operations Thread 37" [_thread_blocked, id=7968, stack(0x00000038e4100000,0x00000038e4200000)]
  0x00000169ab8bddf0 JavaThread "Unconstrained build operations Thread 38" [_thread_blocked, id=9340, stack(0x00000038e4200000,0x00000038e4300000)]
  0x00000169ab8bbc40 JavaThread "Unconstrained build operations Thread 39" [_thread_blocked, id=9304, stack(0x00000038e4300000,0x00000038e4400000)]
  0x00000169ab8bf600 JavaThread "Unconstrained build operations Thread 40" [_thread_blocked, id=3416, stack(0x00000038e4400000,0x00000038e4500000)]
  0x00000169ab8bc110 JavaThread "build event listener" [_thread_blocked, id=6872, stack(0x00000038e4500000,0x00000038e4600000)]
  0x00000169ab8c0940 JavaThread "Memory manager" [_thread_blocked, id=2368, stack(0x00000038e4600000,0x00000038e4700000)]
  0x00000169aefc3350 JavaThread "included builds" [_thread_blocked, id=6584, stack(0x00000038e4900000,0x00000038e4a00000)]
  0x00000169aefc2010 JavaThread "Execution worker" [_thread_blocked, id=8580, stack(0x00000038e4a00000,0x00000038e4b00000)]
  0x00000169aefc1670 JavaThread "Execution worker Thread 2" [_thread_blocked, id=9948, stack(0x00000038e4b00000,0x00000038e4c00000)]
  0x00000169aefc11a0 JavaThread "Execution worker Thread 3" [_thread_blocked, id=7956, stack(0x00000038e4c00000,0x00000038e4d00000)]
  0x00000169aefc3820 JavaThread "Cache worker for execution history cache (C:\Users\refrizar.dwiardito\AndroidStudioProjects\BelajarAndroid\.gradle\8.0\executionHistory)" [_thread_blocked, id=6596, stack(0x00000038e4d00000,0x00000038e4e00000)]
  0x00000169a923a2f0 JavaThread "C2 CompilerThread1" daemon [_thread_blocked, id=2460, stack(0x00000038e0300000,0x00000038e0400000)]
  0x00000169aefbfe60 JavaThread "WorkerExecutor Queue" [_thread_blocked, id=10280, stack(0x00000038e4f00000,0x00000038e5000000)]
  0x00000169aefbc970 JavaThread "WorkerExecutor Queue Thread 2" [_thread_blocked, id=9868, stack(0x00000038e5000000,0x00000038e5100000)]
  0x00000169aefbdcb0 JavaThread "WorkerExecutor Queue Thread 3" [_thread_blocked, id=804, stack(0x00000038e5100000,0x00000038e5200000)]
  0x00000169aefbf4c0 JavaThread "WorkerExecutor Queue Thread 4" [_thread_blocked, id=9088, stack(0x00000038e5200000,0x00000038e5300000)]

Other Threads:
=>0x00000169a58ba410 VMThread "VM Thread" [stack: 0x00000038df000000,0x00000038df100000] [id=6844]
  0x000001698c33b0b0 WatcherThread [stack: 0x00000038dfc00000,0x00000038dfd00000] [id=11072]
  0x000001698c3178c0 GCTaskThread "GC Thread#0" [stack: 0x00000038deb00000,0x00000038dec00000] [id=12564]
  0x00000169a69d21b0 GCTaskThread "GC Thread#1" [stack: 0x00000038dfd00000,0x00000038dfe00000] [id=8160]
  0x00000169a6c96790 GCTaskThread "GC Thread#2" [stack: 0x00000038dfe00000,0x00000038dff00000] [id=11764]
  0x00000169a69fc7a0 GCTaskThread "GC Thread#3" [stack: 0x00000038e0000000,0x00000038e0100000] [id=8384]
  0x000001698c329ec0 ConcurrentGCThread "G1 Main Marker" [stack: 0x00000038dec00000,0x00000038ded00000] [id=3116]
  0x000001698c32a7e0 ConcurrentGCThread "G1 Conc#0" [stack: 0x00000038ded00000,0x00000038dee00000] [id=3876]
  0x000001698c38e210 ConcurrentGCThread "G1 Refine#0" [stack: 0x00000038dee00000,0x00000038def00000] [id=8652]
  0x00000169a74a9310 ConcurrentGCThread "G1 Refine#1" [stack: 0x00000038e4700000,0x00000038e4800000] [id=13128]
  0x00000169a74a95f0 ConcurrentGCThread "G1 Refine#2" [stack: 0x00000038e4800000,0x00000038e4900000] [id=9648]
  0x00000169a74a9e90 ConcurrentGCThread "G1 Refine#3" [stack: 0x00000038e4e00000,0x00000038e4f00000] [id=12336]
  0x000001698c38eb40 ConcurrentGCThread "G1 Service" [stack: 0x00000038def00000,0x00000038df000000] [id=768]

Threads with active compile tasks:
C2 CompilerThread0    31537 12785   !   4       java.io.ObjectInputStream::readSerialData (549 bytes)
C2 CompilerThread1    31537 13011       4       com.android.aaptcompiler.XmlStringBuilder::append (376 bytes)

VM state: at safepoint (normal execution)

VM Mutex/Monitor currently owned by a thread:  ([mutex/lock_event])
[0x000001698c2b9260] Threads_lock - owner thread: 0x00000169a58ba410
[0x000001698c2ba190] Heap_lock - owner thread: 0x00000169aefbfe60

Heap address: 0x0000000080000000, size: 2048 MB, Compressed Oops mode: 32-bit

CDS archive(s) not mapped
Compressed class space mapped at: 0x0000000100000000-0x0000000140000000, reserved size: 1073741824
Narrow klass base: 0x0000000000000000, Narrow klass shift: 3, Narrow klass range: 0x140000000

GC Precious Log:
 CPUs: 4 total, 4 available
 Memory: 8083M
 Large Page Support: Disabled
 NUMA Support: Disabled
 Compressed Oops: Enabled (32-bit)
 Heap Region Size: 1M
 Heap Min Capacity: 8M
 Heap Initial Capacity: 128M
 Heap Max Capacity: 2G
 Pre-touch: Disabled
 Parallel Workers: 4
 Concurrent Workers: 1
 Concurrent Refinement Workers: 4
 Periodic GC: Disabled

Heap:
 garbage-first heap   total 219136K, used 128873K [0x0000000080000000, 0x0000000100000000)
  region size 1024K, 1 young (1024K), 1 survivors (1024K)
 Metaspace       used 103660K, committed 104384K, reserved 1146880K
  class space    used 13786K, committed 14144K, reserved 1048576K

Heap Regions: E=young(eden), S=young(survivor), O=old, HS=humongous(starts), HC=humongous(continues), CS=collection set, F=free, OA=open archive, CA=closed archive, TAMS=top-at-mark-start (previous, next)
|   0|0x0000000080000000, 0x0000000080100000, 0x0000000080100000|100%| O|  |TAMS 0x0000000080100000, 0x0000000080000000| Untracked 
|   1|0x0000000080100000, 0x0000000080200000, 0x0000000080200000|100%| O|  |TAMS 0x0000000080200000, 0x0000000080100000| Untracked 
|   2|0x0000000080200000, 0x0000000080300000, 0x0000000080300000|100%|HS|  |TAMS 0x0000000080300000, 0x0000000080200000| Complete 
|   3|0x0000000080300000, 0x0000000080400000, 0x0000000080400000|100%|HC|  |TAMS 0x0000000080400000, 0x0000000080300000| Complete 
|   4|0x0000000080400000, 0x0000000080500000, 0x0000000080500000|100%|HC|  |TAMS 0x0000000080500000, 0x0000000080400000| Complete 
|   5|0x0000000080500000, 0x0000000080600000, 0x0000000080600000|100%|HC|  |TAMS 0x0000000080600000, 0x0000000080500000| Complete 
|   6|0x0000000080600000, 0x0000000080700000, 0x0000000080700000|100%| O|  |TAMS 0x0000000080700000, 0x0000000080600000| Untracked 
|   7|0x0000000080700000, 0x0000000080800000, 0x0000000080800000|100%| O|  |TAMS 0x0000000080800000, 0x0000000080700000| Untracked 
|   8|0x0000000080800000, 0x0000000080900000, 0x0000000080900000|100%| O|  |TAMS 0x0000000080900000, 0x0000000080800000| Untracked 
|   9|0x0000000080900000, 0x0000000080a00000, 0x0000000080a00000|100%| O|  |TAMS 0x0000000080a00000, 0x0000000080900000| Untracked 
|  10|0x0000000080a00000, 0x0000000080b00000, 0x0000000080b00000|100%| O|  |TAMS 0x0000000080b00000, 0x0000000080a00000| Untracked 
|  11|0x0000000080b00000, 0x0000000080c00000, 0x0000000080c00000|100%| O|  |TAMS 0x0000000080c00000, 0x0000000080b00000| Untracked 
|  12|0x0000000080c00000, 0x0000000080d00000, 0x0000000080d00000|100%| O|  |TAMS 0x0000000080d00000, 0x0000000080c00000| Untracked 
|  13|0x0000000080d00000, 0x0000000080e00000, 0x0000000080e00000|100%| O|  |TAMS 0x0000000080e00000, 0x0000000080d00000| Untracked 
|  14|0x0000000080e00000, 0x0000000080f00000, 0x0000000080f00000|100%| O|  |TAMS 0x0000000080f00000, 0x0000000080e00000| Untracked 
|  15|0x0000000080f00000, 0x0000000081000000, 0x0000000081000000|100%| O|  |TAMS 0x0000000081000000, 0x0000000080f00000| Untracked 
|  16|0x0000000081000000, 0x0000000081100000, 0x0000000081100000|100%| O|  |TAMS 0x0000000081100000, 0x0000000081000000| Untracked 
|  17|0x0000000081100000, 0x0000000081200000, 0x0000000081200000|100%| O|  |TAMS 0x0000000081200000, 0x0000000081100000| Untracked 
|  18|0x0000000081200000, 0x0000000081300000, 0x0000000081300000|100%| O|  |TAMS 0x0000000081300000, 0x0000000081200000| Untracked 
|  19|0x0000000081300000, 0x0000000081400000, 0x0000000081400000|100%| O|  |TAMS 0x0000000081400000, 0x0000000081300000| Untracked 
|  20|0x0000000081400000, 0x0000000081500000, 0x0000000081500000|100%| O|  |TAMS 0x0000000081500000, 0x0000000081400000| Untracked 
|  21|0x0000000081500000, 0x0000000081600000, 0x0000000081600000|100%| O|  |TAMS 0x0000000081600000, 0x0000000081500000| Untracked 
|  22|0x0000000081600000, 0x0000000081700000, 0x0000000081700000|100%| O|  |TAMS 0x0000000081700000, 0x0000000081600000| Untracked 
|  23|0x0000000081700000, 0x0000000081800000, 0x0000000081800000|100%| O|  |TAMS 0x0000000081800000, 0x0000000081700000| Untracked 
|  24|0x0000000081800000, 0x0000000081900000, 0x0000000081900000|100%| O|  |TAMS 0x0000000081900000, 0x0000000081800000| Untracked 
|  25|0x0000000081900000, 0x0000000081a00000, 0x0000000081a00000|100%| O|  |TAMS 0x0000000081a00000, 0x0000000081900000| Untracked 
|  26|0x0000000081a00000, 0x0000000081b00000, 0x0000000081b00000|100%| O|  |TAMS 0x0000000081b00000, 0x0000000081a00000| Untracked 
|  27|0x0000000081b00000, 0x0000000081c00000, 0x0000000081c00000|100%| O|  |TAMS 0x0000000081c00000, 0x0000000081b00000| Untracked 
|  28|0x0000000081c00000, 0x0000000081d00000, 0x0000000081d00000|100%| O|  |TAMS 0x0000000081d00000, 0x0000000081c00000| Untracked 
|  29|0x0000000081d00000, 0x0000000081e00000, 0x0000000081e00000|100%| O|  |TAMS 0x0000000081e00000, 0x0000000081d00000| Untracked 
|  30|0x0000000081e00000, 0x0000000081f00000, 0x0000000081f00000|100%|HS|  |TAMS 0x0000000081f00000, 0x0000000081e00000| Complete 
|  31|0x0000000081f00000, 0x0000000082000000, 0x0000000082000000|100%|HS|  |TAMS 0x0000000082000000, 0x0000000081f00000| Complete 
|  32|0x0000000082000000, 0x0000000082100000, 0x0000000082100000|100%|HS|  |TAMS 0x0000000082100000, 0x0000000082000000| Complete 
|  33|0x0000000082100000, 0x0000000082200000, 0x0000000082200000|100%|HC|  |TAMS 0x0000000082200000, 0x0000000082100000| Complete 
|  34|0x0000000082200000, 0x0000000082300000, 0x0000000082300000|100%|HS|  |TAMS 0x0000000082300000, 0x0000000082200000| Complete 
|  35|0x0000000082300000, 0x0000000082400000, 0x0000000082400000|100%|HS|  |TAMS 0x0000000082400000, 0x0000000082300000| Complete 
|  36|0x0000000082400000, 0x0000000082500000, 0x0000000082500000|100%|HC|  |TAMS 0x0000000082500000, 0x0000000082400000| Complete 
|  37|0x0000000082500000, 0x0000000082600000, 0x0000000082600000|100%|HC|  |TAMS 0x0000000082600000, 0x0000000082500000| Complete 
|  38|0x0000000082600000, 0x0000000082700000, 0x0000000082700000|100%|HC|  |TAMS 0x0000000082700000, 0x0000000082600000| Complete 
|  39|0x0000000082700000, 0x0000000082800000, 0x0000000082800000|100%| O|  |TAMS 0x0000000082800000, 0x0000000082700000| Untracked 
|  40|0x0000000082800000, 0x0000000082900000, 0x0000000082900000|100%| O|  |TAMS 0x0000000082900000, 0x0000000082800000| Untracked 
|  41|0x0000000082900000, 0x0000000082a00000, 0x0000000082a00000|100%| O|  |TAMS 0x0000000082a00000, 0x0000000082900000| Untracked 
|  42|0x0000000082a00000, 0x0000000082b00000, 0x0000000082b00000|100%| O|  |TAMS 0x0000000082b00000, 0x0000000082a00000| Untracked 
|  43|0x0000000082b00000, 0x0000000082c00000, 0x0000000082c00000|100%| O|  |TAMS 0x0000000082c00000, 0x0000000082b00000| Untracked 
|  44|0x0000000082c00000, 0x0000000082d00000, 0x0000000082d00000|100%| O|  |TAMS 0x0000000082d00000, 0x0000000082c00000| Untracked 
|  45|0x0000000082d00000, 0x0000000082e00000, 0x0000000082e00000|100%| O|  |TAMS 0x0000000082e00000, 0x0000000082d00000| Untracked 
|  46|0x0000000082e00000, 0x0000000082f00000, 0x0000000082f00000|100%| O|  |TAMS 0x0000000082f00000, 0x0000000082e00000| Untracked 
|  47|0x0000000082f00000, 0x0000000083000000, 0x0000000083000000|100%| O|  |TAMS 0x0000000083000000, 0x0000000082f00000| Untracked 
|  48|0x0000000083000000, 0x0000000083100000, 0x0000000083100000|100%| O|  |TAMS 0x0000000083100000, 0x0000000083000000| Untracked 
|  49|0x0000000083100000, 0x0000000083200000, 0x0000000083200000|100%| O|  |TAMS 0x0000000083200000, 0x0000000083100000| Untracked 
|  50|0x0000000083200000, 0x0000000083300000, 0x0000000083300000|100%| O|  |TAMS 0x0000000083300000, 0x0000000083200000| Untracked 
|  51|0x0000000083300000, 0x0000000083400000, 0x0000000083400000|100%| O|  |TAMS 0x0000000083400000, 0x0000000083300000| Untracked 
|  52|0x0000000083400000, 0x0000000083500000, 0x0000000083500000|100%| O|  |TAMS 0x0000000083500000, 0x0000000083400000| Untracked 
|  53|0x0000000083500000, 0x0000000083600000, 0x0000000083600000|100%| O|  |TAMS 0x0000000083600000, 0x0000000083500000| Untracked 
|  54|0x0000000083600000, 0x0000000083700000, 0x0000000083700000|100%| O|  |TAMS 0x0000000083700000, 0x0000000083600000| Untracked 
|  55|0x0000000083700000, 0x0000000083800000, 0x0000000083800000|100%| O|  |TAMS 0x0000000083800000, 0x0000000083700000| Untracked 
|  56|0x0000000083800000, 0x0000000083900000, 0x0000000083900000|100%| O|  |TAMS 0x0000000083900000, 0x0000000083800000| Untracked 
|  57|0x0000000083900000, 0x0000000083a00000, 0x0000000083a00000|100%| O|  |TAMS 0x0000000083a00000, 0x0000000083900000| Untracked 
|  58|0x0000000083a00000, 0x0000000083b00000, 0x0000000083b00000|100%| O|  |TAMS 0x0000000083b00000, 0x0000000083a00000| Untracked 
|  59|0x0000000083b00000, 0x0000000083c00000, 0x0000000083c00000|100%| O|  |TAMS 0x0000000083c00000, 0x0000000083b00000| Untracked 
|  60|0x0000000083c00000, 0x0000000083d00000, 0x0000000083d00000|100%| O|  |TAMS 0x0000000083d00000, 0x0000000083c00000| Untracked 
|  61|0x0000000083d00000, 0x0000000083e00000, 0x0000000083e00000|100%| O|  |TAMS 0x0000000083e00000, 0x0000000083d00000| Untracked 
|  62|0x0000000083e00000, 0x0000000083f00000, 0x0000000083f00000|100%| O|  |TAMS 0x0000000083f00000, 0x0000000083e00000| Untracked 
|  63|0x0000000083f00000, 0x0000000084000000, 0x0000000084000000|100%| O|  |TAMS 0x0000000084000000, 0x0000000083f00000| Untracked 
|  64|0x0000000084000000, 0x0000000084100000, 0x0000000084100000|100%| O|  |TAMS 0x0000000084100000, 0x0000000084000000| Untracked 
|  65|0x0000000084100000, 0x0000000084200000, 0x0000000084200000|100%| O|  |TAMS 0x0000000084200000, 0x0000000084100000| Untracked 
|  66|0x0000000084200000, 0x0000000084300000, 0x0000000084300000|100%| O|  |TAMS 0x0000000084300000, 0x0000000084200000| Untracked 
|  67|0x0000000084300000, 0x0000000084400000, 0x0000000084400000|100%| O|  |TAMS 0x0000000084400000, 0x0000000084300000| Untracked 
|  68|0x0000000084400000, 0x0000000084500000, 0x0000000084500000|100%| O|  |TAMS 0x0000000084500000, 0x0000000084400000| Untracked 
|  69|0x0000000084500000, 0x0000000084600000, 0x0000000084600000|100%| O|  |TAMS 0x0000000084600000, 0x0000000084500000| Untracked 
|  70|0x0000000084600000, 0x0000000084700000, 0x0000000084700000|100%| O|  |TAMS 0x0000000084700000, 0x0000000084600000| Untracked 
|  71|0x0000000084700000, 0x0000000084800000, 0x0000000084800000|100%| O|  |TAMS 0x0000000084800000, 0x0000000084700000| Untracked 
|  72|0x0000000084800000, 0x0000000084900000, 0x0000000084900000|100%| O|  |TAMS 0x0000000084900000, 0x0000000084800000| Untracked 
|  73|0x0000000084900000, 0x0000000084a00000, 0x0000000084a00000|100%| O|  |TAMS 0x0000000084a00000, 0x0000000084900000| Untracked 
|  74|0x0000000084a00000, 0x0000000084b00000, 0x0000000084b00000|100%| O|  |TAMS 0x0000000084b00000, 0x0000000084a00000| Untracked 
|  75|0x0000000084b00000, 0x0000000084c00000, 0x0000000084c00000|100%| O|  |TAMS 0x0000000084c00000, 0x0000000084b00000| Untracked 
|  76|0x0000000084c00000, 0x0000000084d00000, 0x0000000084d00000|100%| O|  |TAMS 0x0000000084d00000, 0x0000000084c00000| Untracked 
|  77|0x0000000084d00000, 0x0000000084e00000, 0x0000000084e00000|100%| O|  |TAMS 0x0000000084e00000, 0x0000000084d00000| Untracked 
|  78|0x0000000084e00000, 0x0000000084f00000, 0x0000000084f00000|100%| O|  |TAMS 0x0000000084f00000, 0x0000000084e00000| Untracked 
|  79|0x0000000084f00000, 0x0000000085000000, 0x0000000085000000|100%| O|  |TAMS 0x0000000085000000, 0x0000000084f00000| Untracked 
|  80|0x0000000085000000, 0x0000000085100000, 0x0000000085100000|100%| O|  |TAMS 0x0000000085100000, 0x0000000085000000| Untracked 
|  81|0x0000000085100000, 0x0000000085200000, 0x0000000085200000|100%| O|  |TAMS 0x0000000085200000, 0x0000000085100000| Untracked 
|  82|0x0000000085200000, 0x0000000085300000, 0x0000000085300000|100%| O|  |TAMS 0x0000000085200000, 0x0000000085200000| Untracked 
|  83|0x0000000085300000, 0x0000000085400000, 0x0000000085400000|100%| O|  |TAMS 0x0000000085400000, 0x0000000085300000| Untracked 
|  84|0x0000000085400000, 0x0000000085500000, 0x0000000085500000|100%| O|  |TAMS 0x0000000085500000, 0x0000000085400000| Untracked 
|  85|0x0000000085500000, 0x0000000085600000, 0x0000000085600000|100%| O|  |TAMS 0x0000000085600000, 0x0000000085500000| Untracked 
|  86|0x0000000085600000, 0x0000000085700000, 0x0000000085700000|100%| O|  |TAMS 0x0000000085700000, 0x0000000085600000| Untracked 
|  87|0x0000000085700000, 0x0000000085800000, 0x0000000085800000|100%| O|  |TAMS 0x0000000085800000, 0x0000000085700000| Untracked 
|  88|0x0000000085800000, 0x0000000085900000, 0x0000000085900000|100%| O|  |TAMS 0x0000000085900000, 0x0000000085800000| Untracked 
|  89|0x0000000085900000, 0x0000000085a00000, 0x0000000085a00000|100%| O|  |TAMS 0x0000000085a00000, 0x0000000085900000| Untracked 
|  90|0x0000000085a00000, 0x0000000085b00000, 0x0000000085b00000|100%| O|  |TAMS 0x0000000085b00000, 0x0000000085a00000| Untracked 
|  91|0x0000000085b00000, 0x0000000085c00000, 0x0000000085c00000|100%| O|  |TAMS 0x0000000085c00000, 0x0000000085b00000| Untracked 
|  92|0x0000000085c00000, 0x0000000085d00000, 0x0000000085d00000|100%| O|  |TAMS 0x0000000085d00000, 0x0000000085c00000| Untracked 
|  93|0x0000000085d00000, 0x0000000085e00000, 0x0000000085e00000|100%| O|  |TAMS 0x0000000085e00000, 0x0000000085d00000| Untracked 
|  94|0x0000000085e00000, 0x0000000085f00000, 0x0000000085f00000|100%| O|  |TAMS 0x0000000085f00000, 0x0000000085e00000| Untracked 
|  95|0x0000000085f00000, 0x0000000086000000, 0x0000000086000000|100%|HS|  |TAMS 0x0000000086000000, 0x0000000085f00000| Complete 
|  96|0x0000000086000000, 0x0000000086100000, 0x0000000086100000|100%|HC|  |TAMS 0x0000000086100000, 0x0000000086000000| Complete 
|  97|0x0000000086100000, 0x0000000086200000, 0x0000000086200000|100%| O|  |TAMS 0x0000000086200000, 0x0000000086100000| Untracked 
|  98|0x0000000086200000, 0x0000000086300000, 0x0000000086300000|100%| O|  |TAMS 0x0000000086300000, 0x0000000086200000| Untracked 
|  99|0x0000000086300000, 0x0000000086300000, 0x0000000086400000|  0%| F|  |TAMS 0x0000000086300000, 0x0000000086300000| Untracked 
| 100|0x0000000086400000, 0x0000000086500000, 0x0000000086500000|100%| O|  |TAMS 0x0000000086400000, 0x0000000086400000| Untracked 
| 101|0x0000000086500000, 0x0000000086600000, 0x0000000086600000|100%| O|  |TAMS 0x0000000086500000, 0x0000000086500000| Untracked 
| 102|0x0000000086600000, 0x0000000086700000, 0x0000000086700000|100%| O|  |TAMS 0x0000000086600000, 0x0000000086600000| Untracked 
| 103|0x0000000086700000, 0x0000000086800000, 0x0000000086800000|100%| O|  |TAMS 0x0000000086700000, 0x0000000086700000| Untracked 
| 104|0x0000000086800000, 0x0000000086900000, 0x0000000086900000|100%| O|  |TAMS 0x0000000086800000, 0x0000000086800000| Untracked 
| 105|0x0000000086900000, 0x0000000086a00000, 0x0000000086a00000|100%| O|  |TAMS 0x0000000086a00000, 0x0000000086900000| Untracked 
| 106|0x0000000086a00000, 0x0000000086b00000, 0x0000000086b00000|100%| O|  |TAMS 0x0000000086b00000, 0x0000000086a00000| Untracked 
| 107|0x0000000086b00000, 0x0000000086c00000, 0x0000000086c00000|100%| O|  |TAMS 0x0000000086c00000, 0x0000000086b00000| Untracked 
| 108|0x0000000086c00000, 0x0000000086d00000, 0x0000000086d00000|100%| O|  |TAMS 0x0000000086d00000, 0x0000000086c00000| Untracked 
| 109|0x0000000086d00000, 0x0000000086e00000, 0x0000000086e00000|100%| O|  |TAMS 0x0000000086e00000, 0x0000000086d00000| Untracked 
| 110|0x0000000086e00000, 0x0000000086f00000, 0x0000000086f00000|100%| O|  |TAMS 0x0000000086f00000, 0x0000000086e00000| Untracked 
| 111|0x0000000086f00000, 0x0000000087000000, 0x0000000087000000|100%| O|  |TAMS 0x0000000087000000, 0x0000000086f00000| Untracked 
| 112|0x0000000087000000, 0x0000000087100000, 0x0000000087100000|100%| O|  |TAMS 0x0000000087100000, 0x0000000087000000| Untracked 
| 113|0x0000000087100000, 0x0000000087200000, 0x0000000087200000|100%| O|  |TAMS 0x0000000087200000, 0x0000000087100000| Untracked 
| 114|0x0000000087200000, 0x0000000087300000, 0x0000000087300000|100%| O|  |TAMS 0x0000000087300000, 0x0000000087200000| Untracked 
| 115|0x0000000087300000, 0x0000000087400000, 0x0000000087400000|100%| O|  |TAMS 0x0000000087400000, 0x0000000087300000| Untracked 
| 116|0x0000000087400000, 0x0000000087500000, 0x0000000087500000|100%| O|  |TAMS 0x0000000087500000, 0x0000000087400000| Untracked 
| 117|0x0000000087500000, 0x0000000087600000, 0x0000000087600000|100%| O|  |TAMS 0x0000000087600000, 0x0000000087500000| Untracked 
| 118|0x0000000087600000, 0x0000000087700000, 0x0000000087700000|100%| O|  |TAMS 0x0000000087600000, 0x0000000087600000| Untracked 
| 119|0x0000000087700000, 0x0000000087800000, 0x0000000087800000|100%| O|  |TAMS 0x0000000087700000, 0x0000000087700000| Untracked 
| 120|0x0000000087800000, 0x00000000878dd000, 0x0000000087900000| 86%| O|  |TAMS 0x0000000087800000, 0x0000000087800000| Untracked 
| 121|0x0000000087900000, 0x0000000087900000, 0x0000000087a00000|  0%| F|  |TAMS 0x0000000087900000, 0x0000000087900000| Untracked 
| 122|0x0000000087a00000, 0x0000000087a00000, 0x0000000087b00000|  0%| F|  |TAMS 0x0000000087a00000, 0x0000000087a00000| Untracked 
| 123|0x0000000087b00000, 0x0000000087b00000, 0x0000000087c00000|  0%| F|  |TAMS 0x0000000087b00000, 0x0000000087b00000| Untracked 
| 124|0x0000000087c00000, 0x0000000087c00000, 0x0000000087d00000|  0%| F|  |TAMS 0x0000000087c00000, 0x0000000087c00000| Untracked 
| 125|0x0000000087d00000, 0x0000000087d00000, 0x0000000087e00000|  0%| F|  |TAMS 0x0000000087d00000, 0x0000000087d00000| Untracked 
| 126|0x0000000087e00000, 0x0000000087e00000, 0x0000000087f00000|  0%| F|  |TAMS 0x0000000087e00000, 0x0000000087e00000| Untracked 
| 127|0x0000000087f00000, 0x0000000087f00000, 0x0000000088000000|  0%| F|  |TAMS 0x0000000087f00000, 0x0000000087f00000| Untracked 
| 128|0x0000000088000000, 0x0000000088000000, 0x0000000088100000|  0%| F|  |TAMS 0x0000000088000000, 0x0000000088000000| Untracked 
| 129|0x0000000088100000, 0x0000000088100000, 0x0000000088200000|  0%| F|  |TAMS 0x0000000088100000, 0x0000000088100000| Untracked 
| 130|0x0000000088200000, 0x0000000088200000, 0x0000000088300000|  0%| F|  |TAMS 0x0000000088200000, 0x0000000088200000| Untracked 
| 131|0x0000000088300000, 0x0000000088300000, 0x0000000088400000|  0%| F|  |TAMS 0x0000000088300000, 0x0000000088300000| Untracked 
| 132|0x0000000088400000, 0x0000000088400000, 0x0000000088500000|  0%| F|  |TAMS 0x0000000088400000, 0x0000000088400000| Untracked 
| 133|0x0000000088500000, 0x0000000088500000, 0x0000000088600000|  0%| F|  |TAMS 0x0000000088500000, 0x0000000088500000| Untracked 
| 134|0x0000000088600000, 0x0000000088600000, 0x0000000088700000|  0%| F|  |TAMS 0x0000000088600000, 0x0000000088600000| Untracked 
| 135|0x0000000088700000, 0x0000000088700000, 0x0000000088800000|  0%| F|  |TAMS 0x0000000088700000, 0x0000000088700000| Untracked 
| 136|0x0000000088800000, 0x0000000088800000, 0x0000000088900000|  0%| F|  |TAMS 0x0000000088800000, 0x0000000088800000| Untracked 
| 137|0x0000000088900000, 0x0000000088900000, 0x0000000088a00000|  0%| F|  |TAMS 0x0000000088900000, 0x0000000088900000| Untracked 
| 138|0x0000000088a00000, 0x0000000088a00000, 0x0000000088b00000|  0%| F|  |TAMS 0x0000000088a00000, 0x0000000088a00000| Untracked 
| 139|0x0000000088b00000, 0x0000000088b00000, 0x0000000088c00000|  0%| F|  |TAMS 0x0000000088b00000, 0x0000000088b00000| Untracked 
| 140|0x0000000088c00000, 0x0000000088c00000, 0x0000000088d00000|  0%| F|  |TAMS 0x0000000088c00000, 0x0000000088c00000| Untracked 
| 141|0x0000000088d00000, 0x0000000088d00000, 0x0000000088e00000|  0%| F|  |TAMS 0x0000000088d00000, 0x0000000088d00000| Untracked 
| 142|0x0000000088e00000, 0x0000000088e00000, 0x0000000088f00000|  0%| F|  |TAMS 0x0000000088e00000, 0x0000000088e00000| Untracked 
| 143|0x0000000088f00000, 0x0000000088f00000, 0x0000000089000000|  0%| F|  |TAMS 0x0000000088f00000, 0x0000000088f00000| Untracked 
| 144|0x0000000089000000, 0x0000000089000000, 0x0000000089100000|  0%| F|  |TAMS 0x0000000089000000, 0x0000000089000000| Untracked 
| 145|0x0000000089100000, 0x0000000089100000, 0x0000000089200000|  0%| F|  |TAMS 0x0000000089100000, 0x0000000089100000| Untracked 
| 146|0x0000000089200000, 0x0000000089200000, 0x0000000089300000|  0%| F|  |TAMS 0x0000000089200000, 0x0000000089200000| Untracked 
| 147|0x0000000089300000, 0x0000000089300000, 0x0000000089400000|  0%| F|  |TAMS 0x0000000089300000, 0x0000000089300000| Untracked 
| 148|0x0000000089400000, 0x0000000089400000, 0x0000000089500000|  0%| F|  |TAMS 0x0000000089400000, 0x0000000089400000| Untracked 
| 149|0x0000000089500000, 0x0000000089500000, 0x0000000089600000|  0%| F|  |TAMS 0x0000000089500000, 0x0000000089500000| Untracked 
| 150|0x0000000089600000, 0x0000000089600000, 0x0000000089700000|  0%| F|  |TAMS 0x0000000089600000, 0x0000000089600000| Untracked 
| 151|0x0000000089700000, 0x0000000089700000, 0x0000000089800000|  0%| F|  |TAMS 0x0000000089700000, 0x0000000089700000| Untracked 
| 152|0x0000000089800000, 0x0000000089800000, 0x0000000089900000|  0%| F|  |TAMS 0x0000000089800000, 0x0000000089800000| Untracked 
| 153|0x0000000089900000, 0x0000000089900000, 0x0000000089a00000|  0%| F|  |TAMS 0x0000000089900000, 0x0000000089900000| Untracked 
| 154|0x0000000089a00000, 0x0000000089a00000, 0x0000000089b00000|  0%| F|  |TAMS 0x0000000089a00000, 0x0000000089a00000| Untracked 
| 155|0x0000000089b00000, 0x0000000089b00000, 0x0000000089c00000|  0%| F|  |TAMS 0x0000000089b00000, 0x0000000089b00000| Untracked 
| 156|0x0000000089c00000, 0x0000000089c00000, 0x0000000089d00000|  0%| F|  |TAMS 0x0000000089c00000, 0x0000000089c00000| Untracked 
| 157|0x0000000089d00000, 0x0000000089d00000, 0x0000000089e00000|  0%| F|  |TAMS 0x0000000089d00000, 0x0000000089d00000| Untracked 
| 158|0x0000000089e00000, 0x0000000089e00000, 0x0000000089f00000|  0%| F|  |TAMS 0x0000000089e00000, 0x0000000089e00000| Untracked 
| 159|0x0000000089f00000, 0x0000000089f00000, 0x000000008a000000|  0%| F|  |TAMS 0x0000000089f00000, 0x0000000089f00000| Untracked 
| 160|0x000000008a000000, 0x000000008a000000, 0x000000008a100000|  0%| F|  |TAMS 0x000000008a000000, 0x000000008a000000| Untracked 
| 161|0x000000008a100000, 0x000000008a100000, 0x000000008a200000|  0%| F|  |TAMS 0x000000008a100000, 0x000000008a100000| Untracked 
| 162|0x000000008a200000, 0x000000008a200000, 0x000000008a300000|  0%| F|  |TAMS 0x000000008a200000, 0x000000008a200000| Untracked 
| 163|0x000000008a300000, 0x000000008a300000, 0x000000008a400000|  0%| F|  |TAMS 0x000000008a300000, 0x000000008a300000| Untracked 
| 164|0x000000008a400000, 0x000000008a400000, 0x000000008a500000|  0%| F|  |TAMS 0x000000008a400000, 0x000000008a400000| Untracked 
| 165|0x000000008a500000, 0x000000008a500000, 0x000000008a600000|  0%| F|  |TAMS 0x000000008a500000, 0x000000008a500000| Untracked 
| 166|0x000000008a600000, 0x000000008a600000, 0x000000008a700000|  0%| F|  |TAMS 0x000000008a600000, 0x000000008a600000| Untracked 
| 167|0x000000008a700000, 0x000000008a700000, 0x000000008a800000|  0%| F|  |TAMS 0x000000008a700000, 0x000000008a700000| Untracked 
| 168|0x000000008a800000, 0x000000008a800000, 0x000000008a900000|  0%| F|  |TAMS 0x000000008a800000, 0x000000008a800000| Untracked 
| 169|0x000000008a900000, 0x000000008a900000, 0x000000008aa00000|  0%| F|  |TAMS 0x000000008a900000, 0x000000008a900000| Untracked 
| 170|0x000000008aa00000, 0x000000008aa00000, 0x000000008ab00000|  0%| F|  |TAMS 0x000000008aa00000, 0x000000008aa00000| Untracked 
| 171|0x000000008ab00000, 0x000000008ab00000, 0x000000008ac00000|  0%| F|  |TAMS 0x000000008ab00000, 0x000000008ab00000| Untracked 
| 172|0x000000008ac00000, 0x000000008ac00000, 0x000000008ad00000|  0%| F|  |TAMS 0x000000008ac00000, 0x000000008ac00000| Untracked 
| 173|0x000000008ad00000, 0x000000008ad00000, 0x000000008ae00000|  0%| F|  |TAMS 0x000000008ad00000, 0x000000008ad00000| Untracked 
| 174|0x000000008ae00000, 0x000000008ae00000, 0x000000008af00000|  0%| F|  |TAMS 0x000000008ae00000, 0x000000008ae00000| Untracked 
| 175|0x000000008af00000, 0x000000008af00000, 0x000000008b000000|  0%| F|  |TAMS 0x000000008af00000, 0x000000008af00000| Untracked 
| 176|0x000000008b000000, 0x000000008b000000, 0x000000008b100000|  0%| F|  |TAMS 0x000000008b000000, 0x000000008b000000| Untracked 
| 177|0x000000008b100000, 0x000000008b100000, 0x000000008b200000|  0%| F|  |TAMS 0x000000008b100000, 0x000000008b100000| Untracked 
| 178|0x000000008b200000, 0x000000008b200000, 0x000000008b300000|  0%| F|  |TAMS 0x000000008b200000, 0x000000008b200000| Untracked 
| 179|0x000000008b300000, 0x000000008b300000, 0x000000008b400000|  0%| F|  |TAMS 0x000000008b300000, 0x000000008b300000| Untracked 
| 180|0x000000008b400000, 0x000000008b400000, 0x000000008b500000|  0%| F|  |TAMS 0x000000008b400000, 0x000000008b400000| Untracked 
| 181|0x000000008b500000, 0x000000008b500000, 0x000000008b600000|  0%| F|  |TAMS 0x000000008b500000, 0x000000008b500000| Untracked 
| 182|0x000000008b600000, 0x000000008b600000, 0x000000008b700000|  0%| F|  |TAMS 0x000000008b600000, 0x000000008b600000| Untracked 
| 183|0x000000008b700000, 0x000000008b700000, 0x000000008b800000|  0%| F|  |TAMS 0x000000008b700000, 0x000000008b700000| Untracked 
| 184|0x000000008b800000, 0x000000008b800000, 0x000000008b900000|  0%| F|  |TAMS 0x000000008b800000, 0x000000008b800000| Untracked 
| 185|0x000000008b900000, 0x000000008b900000, 0x000000008ba00000|  0%| F|  |TAMS 0x000000008b900000, 0x000000008b900000| Untracked 
| 186|0x000000008ba00000, 0x000000008ba00000, 0x000000008bb00000|  0%| F|  |TAMS 0x000000008ba00000, 0x000000008ba00000| Untracked 
| 187|0x000000008bb00000, 0x000000008bb00000, 0x000000008bc00000|  0%| F|  |TAMS 0x000000008bb00000, 0x000000008bb00000| Untracked 
| 188|0x000000008bc00000, 0x000000008bc00000, 0x000000008bd00000|  0%| F|  |TAMS 0x000000008bc00000, 0x000000008bc00000| Untracked 
| 189|0x000000008bd00000, 0x000000008bd00000, 0x000000008be00000|  0%| F|  |TAMS 0x000000008bd00000, 0x000000008bd00000| Untracked 
| 190|0x000000008be00000, 0x000000008be00000, 0x000000008bf00000|  0%| F|  |TAMS 0x000000008be00000, 0x000000008be00000| Untracked 
| 191|0x000000008bf00000, 0x000000008bf00000, 0x000000008c000000|  0%| F|  |TAMS 0x000000008bf00000, 0x000000008bf00000| Untracked 
| 192|0x000000008c000000, 0x000000008c000000, 0x000000008c100000|  0%| F|  |TAMS 0x000000008c000000, 0x000000008c000000| Untracked 
| 193|0x000000008c100000, 0x000000008c100000, 0x000000008c200000|  0%| F|  |TAMS 0x000000008c100000, 0x000000008c100000| Untracked 
| 194|0x000000008c200000, 0x000000008c200000, 0x000000008c300000|  0%| F|  |TAMS 0x000000008c200000, 0x000000008c200000| Untracked 
| 195|0x000000008c300000, 0x000000008c300000, 0x000000008c400000|  0%| F|  |TAMS 0x000000008c300000, 0x000000008c300000| Untracked 
| 196|0x000000008c400000, 0x000000008c400000, 0x000000008c500000|  0%| F|  |TAMS 0x000000008c400000, 0x000000008c400000| Untracked 
| 197|0x000000008c500000, 0x000000008c500000, 0x000000008c600000|  0%| F|  |TAMS 0x000000008c500000, 0x000000008c500000| Untracked 
| 198|0x000000008c600000, 0x000000008c600000, 0x000000008c700000|  0%| F|  |TAMS 0x000000008c600000, 0x000000008c600000| Untracked 
| 199|0x000000008c700000, 0x000000008c700000, 0x000000008c800000|  0%| F|  |TAMS 0x000000008c700000, 0x000000008c700000| Untracked 
| 200|0x000000008c800000, 0x000000008c800000, 0x000000008c900000|  0%| F|  |TAMS 0x000000008c800000, 0x000000008c800000| Untracked 
| 201|0x000000008c900000, 0x000000008c900000, 0x000000008ca00000|  0%| F|  |TAMS 0x000000008c900000, 0x000000008c900000| Untracked 
| 202|0x000000008ca00000, 0x000000008ca00000, 0x000000008cb00000|  0%| F|  |TAMS 0x000000008ca00000, 0x000000008ca00000| Untracked 
| 203|0x000000008cb00000, 0x000000008cbfd7a0, 0x000000008cc00000| 99%| S|CS|TAMS 0x000000008cb00000, 0x000000008cb00000| Complete 
| 204|0x000000008cc00000, 0x000000008cc00000, 0x000000008cd00000|  0%| F|  |TAMS 0x000000008cc00000, 0x000000008cc00000| Untracked 
| 205|0x000000008cd00000, 0x000000008cd00000, 0x000000008ce00000|  0%| F|  |TAMS 0x000000008cd00000, 0x000000008cd00000| Untracked 
| 206|0x000000008ce00000, 0x000000008ce00000, 0x000000008cf00000|  0%| F|  |TAMS 0x000000008ce00000, 0x000000008ce00000| Untracked 
| 207|0x000000008cf00000, 0x000000008cf00000, 0x000000008d000000|  0%| F|  |TAMS 0x000000008cf00000, 0x000000008cf00000| Untracked 
| 208|0x000000008d000000, 0x000000008d000000, 0x000000008d100000|  0%| F|  |TAMS 0x000000008d000000, 0x000000008d000000| Untracked 
|2043|0x00000000ffb00000, 0x00000000ffc00000, 0x00000000ffc00000|100%| O|  |TAMS 0x00000000ffc00000, 0x00000000ffb00000| Untracked 
|2044|0x00000000ffc00000, 0x00000000ffd00000, 0x00000000ffd00000|100%| O|  |TAMS 0x00000000ffd00000, 0x00000000ffc00000| Untracked 
|2045|0x00000000ffd00000, 0x00000000ffe00000, 0x00000000ffe00000|100%| O|  |TAMS 0x00000000ffe00000, 0x00000000ffd00000| Untracked 
|2046|0x00000000ffe00000, 0x00000000fff00000, 0x00000000fff00000|100%| O|  |TAMS 0x00000000fff00000, 0x00000000ffe00000| Untracked 
|2047|0x00000000fff00000, 0x0000000100000000, 0x0000000100000000|100%| O|  |TAMS 0x0000000100000000, 0x00000000fff00000| Untracked 

Card table byte_map: [0x000001699eb90000,0x000001699ef90000] _byte_map_base: 0x000001699e790000

Marking Bits (Prev, Next): (CMBitMap*) 0x000001698c318df0, (CMBitMap*) 0x000001698c318e30
 Prev Bits: [0x000001699f390000, 0x00000169a1390000)
 Next Bits: [0x00000169a1390000, 0x00000169a3390000)

Polling page: 0x000001698a140000

Metaspace:

Usage:
  Non-class:     87.77 MB used.
      Class:     13.46 MB used.
       Both:    101.23 MB used.

Virtual space:
  Non-class space:       96.00 MB reserved,      88.12 MB ( 92%) committed,  12 nodes.
      Class space:        1.00 GB reserved,      13.81 MB (  1%) committed,  1 nodes.
             Both:        1.09 GB reserved,     101.94 MB (  9%) committed. 

Chunk freelists:
   Non-Class:  3.28 MB
       Class:  2.17 MB
        Both:  5.45 MB

MaxMetaspaceSize: unlimited
CompressedClassSpaceSize: 1.00 GB
Initial GC threshold: 21.00 MB
Current GC threshold: 165.31 MB
CDS: off
MetaspaceReclaimPolicy: balanced
 - commit_granule_bytes: 65536.
 - commit_granule_words: 8192.
 - virtual_space_node_default_size: 1048576.
 - enlarge_chunks_in_place: 1.
 - new_chunks_are_fully_committed: 0.
 - uncommit_free_chunks: 1.
 - use_allocation_guard: 0.
 - handle_deallocations: 1.


Internal statistics:

num_allocs_failed_limit: 9.
num_arena_births: 1062.
num_arena_deaths: 6.
num_vsnodes_births: 13.
num_vsnodes_deaths: 0.
num_space_committed: 1629.
num_space_uncommitted: 0.
num_chunks_returned_to_freelist: 16.
num_chunks_taken_from_freelist: 4904.
num_chunk_merges: 7.
num_chunk_splits: 3259.
num_chunks_enlarged: 2228.
num_purges: 2.
num_inconsistent_stats: 0.

CodeHeap 'non-profiled nmethods': size=120000Kb used=6427Kb max_used=6427Kb free=113572Kb
 bounds [0x0000016997260000, 0x00000169978b0000, 0x000001699e790000]
CodeHeap 'profiled nmethods': size=120000Kb used=22394Kb max_used=22394Kb free=97605Kb
 bounds [0x000001698f790000, 0x0000016990d70000, 0x0000016996cc0000]
CodeHeap 'non-nmethods': size=5760Kb used=2404Kb max_used=2457Kb free=3355Kb
 bounds [0x0000016996cc0000, 0x0000016996f30000, 0x0000016997260000]
 total_blobs=12356 nmethods=11419 adapters=849
 compilation: enabled
              stopped_count=0, restarted_count=0
 full_count=0

Compilation events (20 events):
Event: 31.448 Thread 0x00000169a923a2f0 13107       4       java.lang.String::<init> (74 bytes)
Event: 31.448 Thread 0x00000169a58a63e0 nmethod 13111 0x0000016990d6b190 code [0x0000016990d6b340, 0x0000016990d6b488]
Event: 31.452 Thread 0x00000169a58a63e0 13113 %     3       com.sun.org.apache.xerces.internal.impl.XMLEntityScanner::normalizeNewlines @ 77 (498 bytes)
Event: 31.454 Thread 0x00000169a58a63e0 nmethod 13113% 0x0000016990d6b510 code [0x0000016990d6b780, 0x0000016990d6c5c8]
Event: 31.457 Thread 0x00000169a923a2f0 nmethod 13107 0x00000169978a5190 code [0x00000169978a5320, 0x00000169978a5918]
Event: 31.457 Thread 0x00000169a923a2f0 13110       4       java.lang.StringUTF16::compress (20 bytes)
Event: 31.457 Thread 0x00000169a58a63e0 13115       2       jdk.xml.internal.SecuritySupport::getSystemProperty (13 bytes)
Event: 31.458 Thread 0x00000169a58a63e0 nmethod 13115 0x0000016990d6ca90 code [0x0000016990d6cc60, 0x0000016990d6ce68]
Event: 31.458 Thread 0x00000169a58a63e0 13116       2       jdk.xml.internal.SecuritySupport$$Lambda$808/0x0000000100576438::<init> (10 bytes)
Event: 31.458 Thread 0x00000169a58a63e0 nmethod 13116 0x0000016990d6d010 code [0x0000016990d6d1a0, 0x0000016990d6d2f8]
Event: 31.458 Thread 0x00000169a58a63e0 13117       2       com.sun.org.apache.xerces.internal.impl.XMLDocumentFragmentScannerImpl::scanContent (171 bytes)
Event: 31.459 Thread 0x00000169a923a2f0 nmethod 13110 0x00000169978a5a90 code [0x00000169978a5c20, 0x00000169978a5e58]
Event: 31.459 Thread 0x00000169a58a63e0 nmethod 13117 0x0000016990d6d390 code [0x0000016990d6d5e0, 0x0000016990d6da58]
Event: 31.459 Thread 0x00000169a923a2f0 13114       4       java.lang.String::<init> (14 bytes)
Event: 31.469 Thread 0x00000169a923a2f0 nmethod 13114 0x00000169978a5f10 code [0x00000169978a60a0, 0x00000169978a6778]
Event: 31.469 Thread 0x00000169a923a2f0 13112       4       com.sun.org.apache.xerces.internal.util.NamespaceSupport::getURI (38 bytes)
Event: 31.474 Thread 0x00000169a923a2f0 nmethod 13112 0x00000169978a6a10 code [0x00000169978a6b80, 0x00000169978a6d38]
Event: 31.474 Thread 0x00000169a923a2f0 13011       4       com.android.aaptcompiler.XmlStringBuilder::append (376 bytes)
Event: 31.477 Thread 0x00000169a58a63e0 13120       2       com.android.aapt.Resources$CompoundValue::getSerializedSize (165 bytes)
Event: 31.479 Thread 0x00000169a58a63e0 nmethod 13120 0x0000016990d6dd90 code [0x0000016990d6e040, 0x0000016990d6e6e8]

GC Heap History (20 events):
Event: 19.980 GC heap after
{Heap after GC invocations=24 (full 0):
 garbage-first heap   total 168960K, used 71580K [0x0000000080000000, 0x0000000100000000)
  region size 1024K, 9 young (9216K), 9 survivors (9216K)
 Metaspace       used 85199K, committed 85824K, reserved 1130496K
  class space    used 11567K, committed 11840K, reserved 1048576K
}
Event: 21.587 GC heap before
{Heap before GC invocations=24 (full 0):
 garbage-first heap   total 168960K, used 130972K [0x0000000080000000, 0x0000000100000000)
  region size 1024K, 67 young (68608K), 9 survivors (9216K)
 Metaspace       used 91703K, committed 92352K, reserved 1130496K
  class space    used 12493K, committed 12800K, reserved 1048576K
}
Event: 21.610 GC heap after
{Heap after GC invocations=25 (full 0):
 garbage-first heap   total 168960K, used 76113K [0x0000000080000000, 0x0000000100000000)
  region size 1024K, 9 young (9216K), 9 survivors (9216K)
 Metaspace       used 91703K, committed 92352K, reserved 1130496K
  class space    used 12493K, committed 12800K, reserved 1048576K
}
Event: 22.565 GC heap before
{Heap before GC invocations=25 (full 0):
 garbage-first heap   total 168960K, used 133457K [0x0000000080000000, 0x0000000100000000)
  region size 1024K, 65 young (66560K), 9 survivors (9216K)
 Metaspace       used 92860K, committed 93504K, reserved 1130496K
  class space    used 12640K, committed 12928K, reserved 1048576K
}
Event: 22.598 GC heap after
{Heap after GC invocations=26 (full 0):
 garbage-first heap   total 168960K, used 84537K [0x0000000080000000, 0x0000000100000000)
  region size 1024K, 9 young (9216K), 9 survivors (9216K)
 Metaspace       used 92860K, committed 93504K, reserved 1130496K
  class space    used 12640K, committed 12928K, reserved 1048576K
}
Event: 23.830 GC heap before
{Heap before GC invocations=26 (full 0):
 garbage-first heap   total 168960K, used 132665K [0x0000000080000000, 0x0000000100000000)
  region size 1024K, 57 young (58368K), 9 survivors (9216K)
 Metaspace       used 94698K, committed 95296K, reserved 1138688K
  class space    used 12962K, committed 13248K, reserved 1048576K
}
Event: 23.857 GC heap after
{Heap after GC invocations=27 (full 0):
 garbage-first heap   total 168960K, used 90905K [0x0000000080000000, 0x0000000100000000)
  region size 1024K, 6 young (6144K), 6 survivors (6144K)
 Metaspace       used 94698K, committed 95296K, reserved 1138688K
  class space    used 12962K, committed 13248K, reserved 1048576K
}
Event: 24.920 GC heap before
{Heap before GC invocations=27 (full 0):
 garbage-first heap   total 168960K, used 116505K [0x0000000080000000, 0x0000000100000000)
  region size 1024K, 33 young (33792K), 6 survivors (6144K)
 Metaspace       used 95348K, committed 96064K, reserved 1138688K
  class space    used 13054K, committed 13376K, reserved 1048576K
}
Event: 24.944 GC heap after
{Heap after GC invocations=28 (full 0):
 garbage-first heap   total 202752K, used 92524K [0x0000000080000000, 0x0000000100000000)
  region size 1024K, 3 young (3072K), 3 survivors (3072K)
 Metaspace       used 95348K, committed 96064K, reserved 1138688K
  class space    used 13054K, committed 13376K, reserved 1048576K
}
Event: 26.611 GC heap before
{Heap before GC invocations=28 (full 0):
 garbage-first heap   total 202752K, used 122220K [0x0000000080000000, 0x0000000100000000)
  region size 1024K, 33 young (33792K), 3 survivors (3072K)
 Metaspace       used 98573K, committed 99328K, reserved 1138688K
  class space    used 13356K, committed 13760K, reserved 1048576K
}
Event: 26.626 GC heap after
{Heap after GC invocations=29 (full 0):
 garbage-first heap   total 202752K, used 96949K [0x0000000080000000, 0x0000000100000000)
  region size 1024K, 7 young (7168K), 7 survivors (7168K)
 Metaspace       used 98573K, committed 99328K, reserved 1138688K
  class space    used 13356K, committed 13760K, reserved 1048576K
}
Event: 28.778 GC heap before
{Heap before GC invocations=30 (full 0):
 garbage-first heap   total 202752K, used 178869K [0x0000000080000000, 0x0000000100000000)
  region size 1024K, 71 young (72704K), 7 survivors (7168K)
 Metaspace       used 99358K, committed 100032K, reserved 1138688K
  class space    used 13423K, committed 13760K, reserved 1048576K
}
Event: 28.826 GC heap after
{Heap after GC invocations=31 (full 0):
 garbage-first heap   total 207872K, used 119421K [0x0000000080000000, 0x0000000100000000)
  region size 1024K, 9 young (9216K), 9 survivors (9216K)
 Metaspace       used 99358K, committed 100032K, reserved 1138688K
  class space    used 13423K, committed 13760K, reserved 1048576K
}
Event: 28.865 GC heap before
{Heap before GC invocations=31 (full 0):
 garbage-first heap   total 207872K, used 120445K [0x0000000080000000, 0x0000000100000000)
  region size 1024K, 10 young (10240K), 9 survivors (9216K)
 Metaspace       used 99358K, committed 100032K, reserved 1138688K
  class space    used 13423K, committed 13760K, reserved 1048576K
}
Event: 28.889 GC heap after
{Heap after GC invocations=32 (full 0):
 garbage-first heap   total 207872K, used 120832K [0x0000000080000000, 0x0000000100000000)
  region size 1024K, 1 young (1024K), 1 survivors (1024K)
 Metaspace       used 99358K, committed 100032K, reserved 1138688K
  class space    used 13423K, committed 13760K, reserved 1048576K
}
Event: 29.955 GC heap before
{Heap before GC invocations=32 (full 0):
 garbage-first heap   total 207872K, used 183296K [0x0000000080000000, 0x0000000100000000)
  region size 1024K, 45 young (46080K), 1 survivors (1024K)
 Metaspace       used 99911K, committed 100608K, reserved 1138688K
  class space    used 13479K, committed 13824K, reserved 1048576K
}
Event: 29.964 GC heap after
{Heap after GC invocations=33 (full 0):
 garbage-first heap   total 207872K, used 124574K [0x0000000080000000, 0x0000000100000000)
  region size 1024K, 5 young (5120K), 5 survivors (5120K)
 Metaspace       used 99911K, committed 100608K, reserved 1138688K
  class space    used 13479K, committed 13824K, reserved 1048576K
}
Event: 31.366 GC heap before
{Heap before GC invocations=34 (full 0):
 garbage-first heap   total 219136K, used 166558K [0x0000000080000000, 0x0000000100000000)
  region size 1024K, 47 young (48128K), 5 survivors (5120K)
 Metaspace       used 103639K, committed 104384K, reserved 1146880K
  class space    used 13786K, committed 14144K, reserved 1048576K
}
Event: 31.383 GC heap after
{Heap after GC invocations=35 (full 0):
 garbage-first heap   total 219136K, used 129200K [0x0000000080000000, 0x0000000100000000)
  region size 1024K, 5 young (5120K), 5 survivors (5120K)
 Metaspace       used 103639K, committed 104384K, reserved 1146880K
  class space    used 13786K, committed 14144K, reserved 1048576K
}
Event: 31.484 GC heap before
{Heap before GC invocations=35 (full 0):
 garbage-first heap   total 219136K, used 134320K [0x0000000080000000, 0x0000000100000000)
  region size 1024K, 10 young (10240K), 5 survivors (5120K)
 Metaspace       used 103660K, committed 104384K, reserved 1146880K
  class space    used 13786K, committed 14144K, reserved 1048576K
}

Dll operation events (2 events):
Event: 0.009 Loaded shared library C:\Program Files\Android\Android Studio\jbr\bin\java.dll
Event: 0.810 Loaded shared library C:\Program Files\Android\Android Studio\jbr\bin\verify.dll

Deoptimization events (20 events):
Event: 30.741 Thread 0x00000169aefbfe60 DEOPT PACKING pc=0x00000169974a3d58 sp=0x00000038e4ffce80
Event: 30.741 Thread 0x00000169aefbfe60 DEOPT UNPACKING pc=0x0000016996d169a3 sp=0x00000038e4ffcda0 mode 2
Event: 30.790 Thread 0x00000169aefbfe60 DEOPT PACKING pc=0x0000016990bcda84 sp=0x00000038e4ffd150
Event: 30.790 Thread 0x00000169aefbfe60 DEOPT UNPACKING pc=0x0000016996d17143 sp=0x00000038e4ffc618 mode 0
Event: 30.815 Thread 0x00000169aefbfe60 DEOPT PACKING pc=0x0000016990bf3b4d sp=0x00000038e4ffd0d0
Event: 30.815 Thread 0x00000169aefbfe60 DEOPT UNPACKING pc=0x0000016996d17143 sp=0x00000038e4ffc5c0 mode 0
Event: 30.835 Thread 0x00000169aefbfe60 DEOPT PACKING pc=0x0000016990bcee0b sp=0x00000038e4ffd3d0
Event: 30.835 Thread 0x00000169aefbfe60 DEOPT UNPACKING pc=0x0000016996d17143 sp=0x00000038e4ffc860 mode 0
Event: 30.950 Thread 0x00000169aefbfe60 DEOPT PACKING pc=0x0000016990bd9665 sp=0x00000038e4ffd350
Event: 30.950 Thread 0x00000169aefbfe60 DEOPT UNPACKING pc=0x0000016996d17143 sp=0x00000038e4ffc818 mode 0
Event: 31.184 Thread 0x00000169aefbfe60 DEOPT PACKING pc=0x0000016990ca1cef sp=0x00000038e4ffca60
Event: 31.184 Thread 0x00000169aefbfe60 DEOPT UNPACKING pc=0x0000016996d17143 sp=0x00000038e4ffbfb0 mode 0
Event: 31.189 Thread 0x00000169aefbfe60 DEOPT PACKING pc=0x0000016990cefbd7 sp=0x00000038e4ffd020
Event: 31.189 Thread 0x00000169aefbfe60 DEOPT UNPACKING pc=0x0000016996d17143 sp=0x00000038e4ffc548 mode 0
Event: 31.229 Thread 0x00000169aefbf4c0 DEOPT PACKING pc=0x0000016990cd8413 sp=0x00000038e52fd020
Event: 31.229 Thread 0x00000169aefbf4c0 DEOPT UNPACKING pc=0x0000016996d17143 sp=0x00000038e52fc4f0 mode 0
Event: 31.251 Thread 0x00000169aefbdcb0 DEOPT PACKING pc=0x0000016990cda91b sp=0x00000038e51fce20
Event: 31.251 Thread 0x00000169aefbdcb0 DEOPT UNPACKING pc=0x0000016996d17143 sp=0x00000038e51fc378 mode 0
Event: 31.343 Thread 0x00000169aefbc970 DEOPT PACKING pc=0x0000016990bf1d87 sp=0x00000038e50fd280
Event: 31.343 Thread 0x00000169aefbc970 DEOPT UNPACKING pc=0x0000016996d17143 sp=0x00000038e50fc760 mode 0

Classes unloaded (3 events):
Event: 26.942 Thread 0x00000169a58ba410 Unloading class 0x0000000100d04c00 'java/lang/invoke/LambdaForm$DMH+0x0000000100d04c00'
Event: 26.942 Thread 0x00000169a58ba410 Unloading class 0x0000000100d04000 'java/lang/invoke/LambdaForm$DMH+0x0000000100d04000'
Event: 26.942 Thread 0x00000169a58ba410 Unloading class 0x0000000100d04800 'java/lang/invoke/LambdaForm$DMH+0x0000000100d04800'

Classes redefined (0 events):
No events

Internal exceptions (20 events):
Event: 25.299 Thread 0x00000169aefc11a0 Exception <a 'sun/nio/fs/WindowsException'{0x000000008c2675e0}> (0x000000008c2675e0) 
thrown [s\src\hotspot\share\prims\jni.cpp, line 517]
Event: 25.300 Thread 0x00000169aefc11a0 Exception <a 'sun/nio/fs/WindowsException'{0x000000008c2692c0}> (0x000000008c2692c0) 
thrown [s\src\hotspot\share\prims\jni.cpp, line 517]
Event: 25.301 Thread 0x00000169aefc11a0 Exception <a 'sun/nio/fs/WindowsException'{0x000000008c269780}> (0x000000008c269780) 
thrown [s\src\hotspot\share\prims\jni.cpp, line 517]
Event: 25.302 Thread 0x00000169aefc11a0 Exception <a 'sun/nio/fs/WindowsException'{0x000000008c26ca40}> (0x000000008c26ca40) 
thrown [s\src\hotspot\share\prims\jni.cpp, line 517]
Event: 25.302 Thread 0x00000169aefc11a0 Exception <a 'sun/nio/fs/WindowsException'{0x000000008c26cf70}> (0x000000008c26cf70) 
thrown [s\src\hotspot\share\prims\jni.cpp, line 517]
Event: 25.303 Thread 0x00000169aefc11a0 Exception <a 'sun/nio/fs/WindowsException'{0x000000008c26ec50}> (0x000000008c26ec50) 
thrown [s\src\hotspot\share\prims\jni.cpp, line 517]
Event: 25.303 Thread 0x00000169aefc11a0 Exception <a 'sun/nio/fs/WindowsException'{0x000000008c26f110}> (0x000000008c26f110) 
thrown [s\src\hotspot\share\prims\jni.cpp, line 517]
Event: 25.304 Thread 0x00000169aefc11a0 Exception <a 'sun/nio/fs/WindowsException'{0x000000008c272368}> (0x000000008c272368) 
thrown [s\src\hotspot\share\prims\jni.cpp, line 517]
Event: 25.304 Thread 0x00000169aefc11a0 Exception <a 'sun/nio/fs/WindowsException'{0x000000008c272868}> (0x000000008c272868) 
thrown [s\src\hotspot\share\prims\jni.cpp, line 517]
Event: 25.525 Thread 0x00000169aefc11a0 Exception <a 'sun/nio/fs/WindowsException'{0x000000008c274540}> (0x000000008c274540) 
thrown [s\src\hotspot\share\prims\jni.cpp, line 517]
Event: 25.525 Thread 0x00000169aefc11a0 Exception <a 'sun/nio/fs/WindowsException'{0x000000008c2749e8}> (0x000000008c2749e8) 
thrown [s\src\hotspot\share\prims\jni.cpp, line 517]
Event: 25.526 Thread 0x00000169aefc11a0 Exception <a 'sun/nio/fs/WindowsException'{0x000000008c2766b0}> (0x000000008c2766b0) 
thrown [s\src\hotspot\share\prims\jni.cpp, line 517]
Event: 25.526 Thread 0x00000169aefc11a0 Exception <a 'sun/nio/fs/WindowsException'{0x000000008c276b20}> (0x000000008c276b20) 
thrown [s\src\hotspot\share\prims\jni.cpp, line 517]
Event: 27.795 Thread 0x00000169aefc11a0 Implicit null exception at 0x0000016997521234 to 0x0000016997521920
Event: 29.674 Thread 0x00000169aefc11a0 Exception <a 'java/lang/NoSuchMethodError'{0x000000008b3c3e60}: static Lcom/android/ide/common/resources/CompileResourceRequest;.<clinit>()V> (0x000000008b3c3e60) 
thrown [s\src\hotspot\share\prims\jni.cpp, line 1108]
Event: 29.680 Thread 0x00000169aefc11a0 Exception <a 'java/lang/NoSuchMethodError'{0x000000008b3fa770}: static Ljava/lang/Object;.<clinit>()V> (0x000000008b3fa770) 
thrown [s\src\hotspot\share\prims\jni.cpp, line 1108]
Event: 29.682 Thread 0x00000169aefc11a0 Exception <a 'java/lang/NoSuchMethodError'{0x000000008b20ca78}: static Ljava/lang/Object;.<clinit>()V> (0x000000008b20ca78) 
thrown [s\src\hotspot\share\prims\jni.cpp, line 1108]
Event: 29.686 Thread 0x00000169aefc11a0 Exception <a 'java/lang/NoSuchMethodError'{0x000000008b21e160}: static Ljava/lang/Object;.<clinit>()V> (0x000000008b21e160) 
thrown [s\src\hotspot\share\prims\jni.cpp, line 1108]
Event: 29.718 Thread 0x00000169aefc11a0 Exception <a 'java/lang/NoSuchMethodError'{0x000000008b19ce48}: static Lkotlin/InitializedLazyImpl;.<clinit>()V> (0x000000008b19ce48) 
thrown [s\src\hotspot\share\prims\jni.cpp, line 1108]
Event: 29.759 Thread 0x00000169aefc11a0 Exception <a 'java/lang/NoSuchMethodError'{0x000000008ae4e1d8}: static [Ljava/lang/Object;.<clinit>()V> (0x000000008ae4e1d8) 
thrown [s\src\hotspot\share\prims\jni.cpp, line 1108]

VM Operations (20 events):
Event: 27.732 Executing VM operation: HandshakeAllThreads done
Event: 28.603 Executing VM operation: ICBufferFull
Event: 28.604 Executing VM operation: ICBufferFull done
Event: 28.778 Executing VM operation: G1CollectForAllocation
Event: 28.827 Executing VM operation: G1CollectForAllocation done
Event: 28.865 Executing VM operation: G1CollectForAllocation
Event: 28.889 Executing VM operation: G1CollectForAllocation done
Event: 29.903 Executing VM operation: Cleanup
Event: 29.939 Executing VM operation: Cleanup done
Event: 29.955 Executing VM operation: G1CollectForAllocation
Event: 29.976 Executing VM operation: G1CollectForAllocation done
Event: 30.406 Executing VM operation: G1Concurrent
Event: 30.429 Executing VM operation: G1Concurrent done
Event: 30.513 Executing VM operation: HandshakeAllThreads
Event: 30.520 Executing VM operation: HandshakeAllThreads done
Event: 30.622 Executing VM operation: G1Concurrent
Event: 30.628 Executing VM operation: G1Concurrent done
Event: 31.366 Executing VM operation: G1CollectForAllocation
Event: 31.383 Executing VM operation: G1CollectForAllocation done
Event: 31.484 Executing VM operation: G1CollectForAllocation

Events (20 events):
Event: 30.120 loading class com/sun/org/apache/xerces/internal/util/NamespaceSupport$Prefixes
Event: 30.120 loading class com/sun/org/apache/xerces/internal/util/NamespaceSupport$Prefixes done
Event: 30.121 loading class com/sun/xml/internal/stream/events/CharacterEvent
Event: 30.121 loading class javax/xml/stream/events/Characters
Event: 30.121 loading class javax/xml/stream/events/Characters done
Event: 30.121 loading class com/sun/xml/internal/stream/events/CharacterEvent done
Event: 30.134 loading class com/sun/xml/internal/stream/events/EndElementEvent
Event: 30.136 loading class java/util/Spliterators$2Adapter
Event: 30.136 loading class java/util/PrimitiveIterator$OfInt
Event: 30.136 loading class java/util/PrimitiveIterator
Event: 30.136 loading class java/util/PrimitiveIterator done
Event: 30.136 loading class java/util/PrimitiveIterator$OfInt done
Event: 30.136 loading class java/util/Spliterators$2Adapter done
Event: 30.137 loading class javax/xml/stream/events/EndElement
Event: 30.137 loading class javax/xml/stream/events/EndElement done
Event: 30.137 loading class com/sun/xml/internal/stream/events/EndElementEvent done
Event: 30.148 loading class java/lang/StringUTF16$CodePointsSpliterator
Event: 30.149 loading class java/lang/StringUTF16$CodePointsSpliterator done
Event: 30.889 loading class java/nio/charset/UnsupportedCharsetException
Event: 30.889 loading class java/nio/charset/UnsupportedCharsetException done


Dynamic libraries:
0x00007ff64e1f0000 - 0x00007ff64e1fa000 	C:\Program Files\Android\Android Studio\jbr\bin\java.exe
0x00007ffe79590000 - 0x00007ffe79788000 	C:\Windows\SYSTEM32\ntdll.dll
0x00007ffe79490000 - 0x00007ffe7954d000 	C:\Windows\System32\KERNEL32.DLL
0x00007ffe76e40000 - 0x00007ffe77136000 	C:\Windows\System32\KERNELBASE.dll
0x00007ffe76c70000 - 0x00007ffe76d70000 	C:\Windows\System32\ucrtbase.dll
0x00007ffe5c480000 - 0x00007ffe5c49b000 	C:\Program Files\Android\Android Studio\jbr\bin\VCRUNTIME140.dll
0x00007ffe5c4c0000 - 0x00007ffe5c4d7000 	C:\Program Files\Android\Android Studio\jbr\bin\jli.dll
0x00007ffe787a0000 - 0x00007ffe7893e000 	C:\Windows\System32\USER32.dll
0x00007ffe76e10000 - 0x00007ffe76e32000 	C:\Windows\System32\win32u.dll
0x00007ffe78b60000 - 0x00007ffe78b8c000 	C:\Windows\System32\GDI32.dll
0x00007ffe66730000 - 0x00007ffe669ca000 	C:\Windows\WinSxS\amd64_microsoft.windows.common-controls_6595b64144ccf1df_6.0.19041.1110_none_60b5254171f9507e\COMCTL32.dll
0x00007ffe77250000 - 0x00007ffe7736a000 	C:\Windows\System32\gdi32full.dll
0x00007ffe76d70000 - 0x00007ffe76e0d000 	C:\Windows\System32\msvcp_win.dll
0x00007ffe78650000 - 0x00007ffe786ee000 	C:\Windows\System32\msvcrt.dll
0x00007ffe789c0000 - 0x00007ffe789f0000 	C:\Windows\System32\IMM32.DLL
0x00007ffe5d4c0000 - 0x00007ffe5d4cc000 	C:\Program Files\Android\Android Studio\jbr\bin\vcruntime140_1.dll
0x00007ffe51ac0000 - 0x00007ffe51b4d000 	C:\Program Files\Android\Android Studio\jbr\bin\msvcp140.dll
0x00007ffe20d70000 - 0x00007ffe219de000 	C:\Program Files\Android\Android Studio\jbr\bin\server\jvm.dll
0x00007ffe77a00000 - 0x00007ffe77aae000 	C:\Windows\System32\ADVAPI32.dll
0x00007ffe775f0000 - 0x00007ffe7768c000 	C:\Windows\System32\sechost.dll
0x00007ffe77cc0000 - 0x00007ffe77de6000 	C:\Windows\System32\RPCRT4.dll
0x00007ffe66b10000 - 0x00007ffe66b19000 	C:\Windows\SYSTEM32\WSOCK32.dll
0x00007ffe69760000 - 0x00007ffe69787000 	C:\Windows\SYSTEM32\WINMM.dll
0x00007ffe78a00000 - 0x00007ffe78a6b000 	C:\Windows\System32\WS2_32.dll
0x00007ffe69ea0000 - 0x00007ffe69eaa000 	C:\Windows\SYSTEM32\VERSION.dll
0x00007ffe74ce0000 - 0x00007ffe74cf2000 	C:\Windows\SYSTEM32\kernel.appcore.dll
0x00007ffe647b0000 - 0x00007ffe647ba000 	C:\Program Files\Android\Android Studio\jbr\bin\jimage.dll
0x00007ffe60280000 - 0x00007ffe60464000 	C:\Windows\SYSTEM32\DBGHELP.DLL
0x00007ffe60200000 - 0x00007ffe60234000 	C:\Windows\SYSTEM32\dbgcore.DLL
0x00007ffe771c0000 - 0x00007ffe77242000 	C:\Windows\System32\bcryptPrimitives.dll
0x00007ffe5c990000 - 0x00007ffe5c9b5000 	C:\Program Files\Android\Android Studio\jbr\bin\java.dll
0x00007ffe5e470000 - 0x00007ffe5e488000 	C:\Program Files\Android\Android Studio\jbr\bin\zip.dll
0x00007ffe78d40000 - 0x00007ffe79485000 	C:\Windows\System32\SHELL32.dll
0x00007ffe74d00000 - 0x00007ffe7549b000 	C:\Windows\SYSTEM32\windows.storage.dll
0x00007ffe77690000 - 0x00007ffe779e4000 	C:\Windows\System32\combase.dll
0x00007ffe76640000 - 0x00007ffe7666e000 	C:\Windows\SYSTEM32\Wldp.dll
0x00007ffe77f20000 - 0x00007ffe77fcd000 	C:\Windows\System32\SHCORE.dll
0x00007ffe78cc0000 - 0x00007ffe78d15000 	C:\Windows\System32\shlwapi.dll
0x00007ffe76ba0000 - 0x00007ffe76bc5000 	C:\Windows\SYSTEM32\profapi.dll
0x00007ffe5c840000 - 0x00007ffe5c859000 	C:\Program Files\Android\Android Studio\jbr\bin\net.dll
0x00007ffe6ac40000 - 0x00007ffe6ad4a000 	C:\Windows\SYSTEM32\WINHTTP.dll
0x00007ffe763a0000 - 0x00007ffe7640a000 	C:\Windows\system32\mswsock.dll
0x00007ffe5c820000 - 0x00007ffe5c836000 	C:\Program Files\Android\Android Studio\jbr\bin\nio.dll
0x00007ffe63030000 - 0x00007ffe63040000 	C:\Program Files\Android\Android Studio\jbr\bin\verify.dll
0x00007ffe5b450000 - 0x00007ffe5b477000 	C:\Users\refrizar.dwiardito\.gradle\native\68d5fa5c4cc2d200863cafc0d521ce42e7d3e7ee720ec0a83991735586a16f82\windows-amd64\native-platform.dll
0x00007ffe48180000 - 0x00007ffe482c4000 	C:\Users\refrizar.dwiardito\.gradle\native\e376f236ea51e6404a007f0833ffe2c6e607c4080706a723a18a27aeea778392\windows-amd64\native-platform-file-events.dll
0x00007ffe62c50000 - 0x00007ffe62c59000 	C:\Program Files\Android\Android Studio\jbr\bin\management.dll
0x00007ffe60dc0000 - 0x00007ffe60dcb000 	C:\Program Files\Android\Android Studio\jbr\bin\management_ext.dll
0x00007ffe77df0000 - 0x00007ffe77df8000 	C:\Windows\System32\PSAPI.DLL
0x00007ffe765a0000 - 0x00007ffe765b8000 	C:\Windows\SYSTEM32\CRYPTSP.dll
0x00007ffe75c50000 - 0x00007ffe75c84000 	C:\Windows\system32\rsaenh.dll
0x00007ffe77190000 - 0x00007ffe771b7000 	C:\Windows\System32\bcrypt.dll
0x00007ffe76b60000 - 0x00007ffe76b8e000 	C:\Windows\SYSTEM32\USERENV.dll
0x00007ffe76590000 - 0x00007ffe7659c000 	C:\Windows\SYSTEM32\CRYPTBASE.dll
0x00007ffe76090000 - 0x00007ffe760cb000 	C:\Windows\SYSTEM32\IPHLPAPI.DLL
0x00007ffe789f0000 - 0x00007ffe789f8000 	C:\Windows\System32\NSI.dll
0x00007ffe6d4a0000 - 0x00007ffe6d4b7000 	C:\Windows\SYSTEM32\dhcpcsvc6.DLL
0x00007ffe6ba50000 - 0x00007ffe6ba6d000 	C:\Windows\SYSTEM32\dhcpcsvc.DLL
0x00007ffe760d0000 - 0x00007ffe7619a000 	C:\Windows\SYSTEM32\DNSAPI.dll
0x00007ffe60c20000 - 0x00007ffe60c27000 	C:\Windows\system32\wshunix.dll
0x00007ffe5c860000 - 0x00007ffe5c877000 	C:\Windows\system32\napinsp.dll
0x00007ffe5c600000 - 0x00007ffe5c61b000 	C:\Windows\system32\pnrpnsp.dll
0x00007ffe6f470000 - 0x00007ffe6f485000 	C:\Windows\system32\wshbth.dll
0x00007ffe71f80000 - 0x00007ffe71f9d000 	C:\Windows\system32\NLAapi.dll
0x00007ffe5c5e0000 - 0x00007ffe5c5f2000 	C:\Windows\System32\winrnr.dll
0x00007ffe6b100000 - 0x00007ffe6b10a000 	C:\Windows\System32\rasadhlp.dll
0x00007ffe6a270000 - 0x00007ffe6a2f2000 	C:\Windows\System32\fwpuclnt.dll

dbghelp: loaded successfully - version: 4.0.5 - missing functions: none
symbol engine: initialized successfully - sym options: 0x614 - pdb path: .;C:\Program Files\Android\Android Studio\jbr\bin;C:\Windows\SYSTEM32;C:\Windows\WinSxS\amd64_microsoft.windows.common-controls_6595b64144ccf1df_6.0.19041.1110_none_60b5254171f9507e;C:\Program Files\Android\Android Studio\jbr\bin\server;C:\Users\refrizar.dwiardito\.gradle\native\68d5fa5c4cc2d200863cafc0d521ce42e7d3e7ee720ec0a83991735586a16f82\windows-amd64;C:\Users\refrizar.dwiardito\.gradle\native\e376f236ea51e6404a007f0833ffe2c6e607c4080706a723a18a27aeea778392\windows-amd64

VM Arguments:
jvm_args: --add-opens=java.base/java.util=ALL-UNNAMED --add-opens=java.base/java.lang=ALL-UNNAMED --add-opens=java.base/java.lang.invoke=ALL-UNNAMED --add-opens=java.prefs/java.util.prefs=ALL-UNNAMED --add-opens=java.base/java.nio.charset=ALL-UNNAMED --add-opens=java.base/java.net=ALL-UNNAMED --add-opens=java.base/java.util.concurrent.atomic=ALL-UNNAMED -Xmx2048m -Dfile.encoding=UTF-8 -Duser.country=US -Duser.language=en -Duser.variant 
java_command: org.gradle.launcher.daemon.bootstrap.GradleDaemon 8.0
java_class_path (initial): C:\Users\refrizar.dwiardito\.gradle\wrapper\dists\gradle-8.0-bin\ca5e32bp14vu59qr306oxotwh\gradle-8.0\lib\gradle-launcher-8.0.jar
Launcher Type: SUN_STANDARD

[Global flags]
     intx CICompilerCount                          = 3                                         {product} {ergonomic}
     uint ConcGCThreads                            = 1                                         {product} {ergonomic}
     uint G1ConcRefinementThreads                  = 4                                         {product} {ergonomic}
   size_t G1HeapRegionSize                         = 1048576                                   {product} {ergonomic}
    uintx GCDrainStackTargetSize                   = 64                                        {product} {ergonomic}
   size_t InitialHeapSize                          = 134217728                                 {product} {ergonomic}
   size_t MarkStackSize                            = 4194304                                   {product} {ergonomic}
   size_t MaxHeapSize                              = 2147483648                                {product} {command line}
   size_t MaxNewSize                               = 1287651328                                {product} {ergonomic}
   size_t MinHeapDeltaBytes                        = 1048576                                   {product} {ergonomic}
   size_t MinHeapSize                              = 8388608                                   {product} {ergonomic}
    uintx NonNMethodCodeHeapSize                   = 5832780                                {pd product} {ergonomic}
    uintx NonProfiledCodeHeapSize                  = 122912730                              {pd product} {ergonomic}
    uintx ProfiledCodeHeapSize                     = 122912730                              {pd product} {ergonomic}
    uintx ReservedCodeCacheSize                    = 251658240                              {pd product} {ergonomic}
     bool SegmentedCodeCache                       = true                                      {product} {ergonomic}
   size_t SoftMaxHeapSize                          = 2147483648                             {manageable} {ergonomic}
     bool UseCompressedClassPointers               = true                           {product lp64_product} {ergonomic}
     bool UseCompressedOops                        = true                           {product lp64_product} {ergonomic}
     bool UseG1GC                                  = true                                      {product} {ergonomic}
     bool UseLargePagesIndividualAllocation        = false                                  {pd product} {ergonomic}

Logging:
Log output configuration:
 #0: stdout all=warning uptime,level,tags
 #1: stderr all=off uptime,level,tags

Environment Variables:
JAVA_HOME=C:\Users\refrizar.dwiardito\.jdks\openjdk-21
PATH=C:\Program Files\Common Files\Oracle\Java\javapath;C:\Windows\system32;C:\Windows;C:\Windows\System32\Wbem;C:\Windows\System32\WindowsPowerShell\v1.0\;C:\Windows\System32\OpenSSH\;C:\Program Files\mingw-w64\x86_64-8.1.0-posix-seh-rt_v6-rev0\mingw64\bin;C:\Users\refrizar.dwiardito\AppData\Local\Programs\Python\Python310\Scripts;C:\Users\refrizar.dwiardito\.jdks\openjdk-21\bin;C:\Program Files\PuTTY\;C:\Program Files\gradle-8.3\bin;C:\Program Files\Git\cmd;C:\Users\refrizar.dwiardito\AppData\Local\Programs\Python\Python310\Scripts\;C:\Users\refrizar.dwiardito\AppData\Local\Programs\Python\Python310\;C:\Users\refrizar.dwiardito\AppData\Local\Microsoft\WindowsApps;;C:\Users\refrizar.dwiardito\AppData\Local\Programs\Microsoft VS Code\bin
USERNAME=refrizar.dwiardito
OS=Windows_NT
PROCESSOR_IDENTIFIER=Intel64 Family 6 Model 61 Stepping 4, GenuineIntel
TMP=C:\Users\REFRIZ~1.DWI\AppData\Local\Temp
TEMP=C:\Users\REFRIZ~1.DWI\AppData\Local\Temp


JNI global refs:
JNI global refs: 25, weak refs: 2

JNI global refs memory usage: 843, weak refs: 841


---------------  S Y S T E M  ---------------

OS:
 Windows 10 , 64 bit Build 19041 (10.0.19041.3393)
OS uptime: 0 days 4:10 hours

CPU: total 4 (initial active 4) (2 cores per cpu, 2 threads per core) family 6 model 61 stepping 4 microcode 0x2f, cx8, cmov, fxsr, ht, mmx, 3dnowpref, sse, sse2, sse3, ssse3, sse4.1, sse4.2, popcnt, lzcnt, tsc, tscinvbit, avx, avx2, aes, erms, clmul, bmi1, bmi2, adx, fma, vzeroupper, clflush

Memory: 4k page, system-wide physical 8083M (665M free)
TotalPageFile size 8083M (AvailPageFile size 206M)
current process WorkingSet (physical memory assigned to process): 491M, peak: 494M
current process commit charge ("private bytes"): 517M, peak: 731M

vm_info: OpenJDK 64-Bit Server VM (17.0.6+0-b2043.56-10027231) for windows-amd64 JRE (17.0.6+0-b2043.56-10027231), built on Apr 28 2023 00:43:19 by "androidbuild" with MS VC++ 16.10 / 16.11 (VS2019)

END.
