#
# There is insufficient memory for the Java Runtime Environment to continue.
# Native memory allocation (mmap) failed to map 277872640 bytes for G1 virtual space
# Possible reasons:
#   The system is out of physical RAM or swap space
#   The process is running with CompressedOops enabled, and the Java Heap may be blocking the growth of the native heap
# Possible solutions:
#   Reduce memory load on the system
#   Increase physical memory or swap space
#   Check if swap backing store is full
#   Decrease Java heap size (-Xmx/-Xms)
#   Decrease number of Java threads
#   Decrease Java thread stack sizes (-Xss)
#   Set larger code cache with -XX:ReservedCodeCacheSize=
#   JVM is running with Unscaled Compressed Oops mode in which the Java heap is
#     placed in the first 4GB address space. The Java Heap base address is the
#     maximum limit for the native heap growth. Please use -XX:HeapBaseMinAddress
#     to set the Java Heap base and to place the Java Heap above 4GB virtual address.
# This output file may be truncated or incomplete.
#
#  Out of Memory Error (os_windows.cpp:3769), pid=4688, tid=3128
#
# JRE version: OpenJDK Runtime Environment (17.0.6) (build 17.0.6+0-b2043.56-10027231)
# Java VM: OpenJDK 64-Bit Server VM (17.0.6+0-b2043.56-10027231, mixed mode, tiered, compressed oops, compressed class ptrs, g1 gc, windows-amd64)
# No core dump will be written. Minidumps are not enabled by default on client versions of Windows
#

---------------  S U M M A R Y ------------

Command Line: --add-opens=java.base/java.util=ALL-UNNAMED --add-opens=java.base/java.lang=ALL-UNNAMED --add-opens=java.base/java.lang.invoke=ALL-UNNAMED --add-opens=java.prefs/java.util.prefs=ALL-UNNAMED --add-opens=java.base/java.nio.charset=ALL-UNNAMED --add-opens=java.base/java.net=ALL-UNNAMED --add-opens=java.base/java.util.concurrent.atomic=ALL-UNNAMED -Xmx2048m -Dfile.encoding=UTF-8 -Duser.country=US -Duser.language=en -Duser.variant org.gradle.launcher.daemon.bootstrap.GradleDaemon 8.0

Host: Intel(R) Core(TM) i5-5200U CPU @ 2.20GHz, 4 cores, 7G,  Windows 10 , 64 bit Build 19041 (10.0.19041.3393)
Time: Sun Oct  8 06:22:54 2023 SE Asia Standard Time elapsed time: 568.246022 seconds (0d 0h 9m 28s)

---------------  T H R E A D  ---------------

Current thread (0x000002407b8c6720):  VMThread "VM Thread" [stack: 0x000000c8d4700000,0x000000c8d4800000] [id=3128]

Stack: [0x000000c8d4700000,0x000000c8d4800000]
Native frames: (J=compiled Java code, j=interpreted, Vv=VM code, C=native code)
V  [jvm.dll+0x683c9a]
V  [jvm.dll+0x8427a4]
V  [jvm.dll+0x843f9e]
V  [jvm.dll+0x844603]
V  [jvm.dll+0x249b75]
V  [jvm.dll+0x680b69]
V  [jvm.dll+0x67505a]
V  [jvm.dll+0x309acb]
V  [jvm.dll+0x310f86]
V  [jvm.dll+0x3608ee]
V  [jvm.dll+0x360b1f]
V  [jvm.dll+0x2dfbf8]
V  [jvm.dll+0x2ddec4]
V  [jvm.dll+0x2dd4cc]
V  [jvm.dll+0x322261]
V  [jvm.dll+0x848ccb]
V  [jvm.dll+0x849a04]
V  [jvm.dll+0x849f1d]
V  [jvm.dll+0x84a2f4]
V  [jvm.dll+0x84a3c0]
V  [jvm.dll+0x7f274a]
V  [jvm.dll+0x682ad5]
C  [ucrtbase.dll+0x21bb2]
C  [KERNEL32.DLL+0x17344]
C  [ntdll.dll+0x526b1]

VM_Operation (0x000000c8daefeca0): G1TryInitiateConcMark, mode: safepoint, requested by thread 0x000002407d562910


---------------  P R O C E S S  ---------------

Threads class SMR info:
_java_thread_list=0x00000240116ce5e0, length=101, elements={
0x00000240712eb7f0, 0x000002407b893aa0, 0x000002407b894820, 0x000002407b8b2f80,
0x000002407b8e1400, 0x000002407b8e30d0, 0x000002407b8e3990, 0x000002407b8e7b30,
0x000002407b8e84e0, 0x000002407b8e95c0, 0x000002407c580e40, 0x000002407c581720,
0x000002407df38030, 0x000002407d8c9140, 0x000002407f11e120, 0x000002407eee4f30,
0x000002407eee5da0, 0x000002407eee3bf0, 0x000002407eee3250, 0x000002407f45a820,
0x000002407f459010, 0x000002407f45acf0, 0x000002407f458b40, 0x000002407f456990,
0x000002407f458670, 0x000002407f455b20, 0x000002407f4564c0, 0x000002407f6b9190,
0x000002407f459e80, 0x0000024011bd8050, 0x0000024011bd4b60, 0x0000024011bd3cf0,
0x000002407d562910, 0x000002407d561100, 0x000002407d5632b0, 0x000002407d564ac0,
0x000002407d567610, 0x000002407d5667a0, 0x000002407d5615d0, 0x000002407d565930,
0x000002407d561aa0, 0x000002407d567ae0, 0x000002407d565e00, 0x000002407d562440,
0x000002407d562de0, 0x000002407d567fb0, 0x000002407d564f90, 0x000002407d5662d0,
0x000002407d561f70, 0x000002407d563780, 0x000002407d563c50, 0x000002407d568950,
0x000002407d564120, 0x000002407d566c70, 0x000002407d567140, 0x000002407d5645f0,
0x000002407d565460, 0x000002400f2444d0, 0x000002400f2449a0, 0x000002400f246b50,
0x000002400f247020, 0x000002400f246680, 0x000002400f24a9e0, 0x000002400f24a510,
0x000002400f24b380, 0x000002400f248d00, 0x000002400f245340, 0x000002400f248830,
0x000002400f249b70, 0x000002400f2491d0, 0x000002400f245810, 0x000002400f24b850,
0x000002400f2474f0, 0x000002400f247e90, 0x000002400f2479c0, 0x000002400f2496a0,
0x000002400f24a040, 0x000002400f244000, 0x000002400f245ce0, 0x000002400f2461b0,
0x0000024011bd5500, 0x0000024011bd8520, 0x0000024011bd71e0, 0x0000024011bd24e0,
0x0000024011bd3350, 0x0000024011bd89f0, 0x0000024011bd29b0, 0x0000024011bd59d0,
0x0000024011bd8ec0, 0x0000024011bd9390, 0x0000024011bd9860, 0x0000024011bd2e80,
0x0000024011bd3820, 0x0000024011bd41c0, 0x0000024011bd6370, 0x0000024011bd5ea0,
0x0000024011bd6840, 0x000002407f6b7e50, 0x000002407f6b57d0, 0x000002407f6b27b0,
0x000002407f6b6b10
}

Java Threads: ( => current thread )
  0x00000240712eb7f0 JavaThread "main" [_thread_blocked, id=11556, stack(0x000000c8d4100000,0x000000c8d4200000)]
  0x000002407b893aa0 JavaThread "Reference Handler" daemon [_thread_blocked, id=12560, stack(0x000000c8d4800000,0x000000c8d4900000)]
  0x000002407b894820 JavaThread "Finalizer" daemon [_thread_blocked, id=12056, stack(0x000000c8d4900000,0x000000c8d4a00000)]
  0x000002407b8b2f80 JavaThread "Signal Dispatcher" daemon [_thread_blocked, id=11692, stack(0x000000c8d4a00000,0x000000c8d4b00000)]
  0x000002407b8e1400 JavaThread "Attach Listener" daemon [_thread_blocked, id=2880, stack(0x000000c8d4b00000,0x000000c8d4c00000)]
  0x000002407b8e30d0 JavaThread "Service Thread" daemon [_thread_blocked, id=9284, stack(0x000000c8d4c00000,0x000000c8d4d00000)]
  0x000002407b8e3990 JavaThread "Monitor Deflation Thread" daemon [_thread_blocked, id=9204, stack(0x000000c8d4d00000,0x000000c8d4e00000)]
  0x000002407b8e7b30 JavaThread "C2 CompilerThread0" daemon [_thread_blocked, id=6652, stack(0x000000c8d4e00000,0x000000c8d4f00000)]
  0x000002407b8e84e0 JavaThread "C1 CompilerThread0" daemon [_thread_blocked, id=9168, stack(0x000000c8d4f00000,0x000000c8d5000000)]
  0x000002407b8e95c0 JavaThread "Sweeper thread" daemon [_thread_blocked, id=1328, stack(0x000000c8d5000000,0x000000c8d5100000)]
  0x000002407c580e40 JavaThread "Common-Cleaner" daemon [_thread_blocked, id=12280, stack(0x000000c8d5100000,0x000000c8d5200000)]
  0x000002407c581720 JavaThread "Notification Thread" daemon [_thread_blocked, id=13288, stack(0x000000c8d5200000,0x000000c8d5300000)]
  0x000002407df38030 JavaThread "Daemon health stats" [_thread_blocked, id=4452, stack(0x000000c8d5800000,0x000000c8d5900000)]
  0x000002407d8c9140 JavaThread "Incoming local TCP Connector on port 65401" [_thread_in_native, id=9296, stack(0x000000c8d5400000,0x000000c8d5500000)]
  0x000002407f11e120 JavaThread "Daemon periodic checks" [_thread_blocked, id=7068, stack(0x000000c8d5900000,0x000000c8d5a00000)]
  0x000002407eee4f30 JavaThread "Cache worker for journal cache (C:\Users\refrizar.dwiardito\.gradle\caches\journal-1)" [_thread_blocked, id=5924, stack(0x000000c8d6100000,0x000000c8d6200000)]
  0x000002407eee5da0 JavaThread "File lock request listener" [_thread_in_native, id=8792, stack(0x000000c8d6200000,0x000000c8d6300000)]
  0x000002407eee3bf0 JavaThread "Cache worker for file hash cache (C:\Users\refrizar.dwiardito\.gradle\caches\8.0\fileHashes)" [_thread_blocked, id=2672, stack(0x000000c8d6300000,0x000000c8d6400000)]
  0x000002407eee3250 JavaThread "File watcher server" daemon [_thread_blocked, id=8824, stack(0x000000c8d6400000,0x000000c8d6500000)]
  0x000002407f45a820 JavaThread "File watcher consumer" daemon [_thread_blocked, id=3200, stack(0x000000c8d6500000,0x000000c8d6600000)]
  0x000002407f459010 JavaThread "Cache worker for file content cache (C:\Users\refrizar.dwiardito\.gradle\caches\8.0\fileContent)" [_thread_blocked, id=2788, stack(0x000000c8d6800000,0x000000c8d6900000)]
  0x000002407f45acf0 JavaThread "Cache worker for execution history cache (C:\Users\refrizar.dwiardito\.gradle\caches\8.0\executionHistory)" [_thread_blocked, id=1252, stack(0x000000c8d6b00000,0x000000c8d6c00000)]
  0x000002407f458b40 JavaThread "jar transforms" [_thread_blocked, id=3392, stack(0x000000c8d6c00000,0x000000c8d6d00000)]
  0x000002407f456990 JavaThread "jar transforms Thread 2" [_thread_blocked, id=9716, stack(0x000000c8d6d00000,0x000000c8d6e00000)]
  0x000002407f458670 JavaThread "Cache worker for kotlin-dsl (C:\Users\refrizar.dwiardito\.gradle\caches\8.0\kotlin-dsl)" [_thread_blocked, id=108, stack(0x000000c8d6f00000,0x000000c8d7000000)]
  0x000002407f455b20 JavaThread "jar transforms Thread 3" [_thread_blocked, id=7736, stack(0x000000c8d7000000,0x000000c8d7100000)]
  0x000002407f4564c0 JavaThread "jar transforms Thread 4" [_thread_blocked, id=892, stack(0x000000c8d6e00000,0x000000c8d6f00000)]
  0x000002407f6b9190 JavaThread "Memory manager" [_thread_blocked, id=12068, stack(0x000000c8da000000,0x000000c8da100000)]
  0x000002407f459e80 JavaThread "RMI Scheduler(0)" daemon [_thread_blocked, id=12900, stack(0x000000c8d3e00000,0x000000c8d3f00000)]
  0x0000024011bd8050 JavaThread "RMI GC Daemon" daemon [_thread_blocked, id=552, stack(0x000000c8d4000000,0x000000c8d4100000)]
  0x0000024011bd4b60 JavaThread "RMI TCP Accept-0" daemon [_thread_in_native, id=7896, stack(0x000000c8da600000,0x000000c8da700000)]
  0x0000024011bd3cf0 JavaThread "RMI Reaper" [_thread_blocked, id=2968, stack(0x000000c8da700000,0x000000c8da800000)]
  0x000002407d562910 JavaThread "ForkJoinPool.commonPool-worker-5" daemon [_thread_blocked, id=11220, stack(0x000000c8dae00000,0x000000c8daf00000)]
  0x000002407d561100 JavaThread "Daemon Thread 3" [_thread_blocked, id=1760, stack(0x000000c8d3f00000,0x000000c8d4000000)]
  0x000002407d5632b0 JavaThread "Handler for socket connection from /127.0.0.1:65401 to /127.0.0.1:65466" [_thread_in_native, id=12128, stack(0x000000c8d5a00000,0x000000c8d5b00000)]
  0x000002407d564ac0 JavaThread "Cancel handler" [_thread_blocked, id=5408, stack(0x000000c8d5b00000,0x000000c8d5c00000)]
  0x000002407d567610 JavaThread "Daemon worker Thread 3" [_thread_blocked, id=11572, stack(0x000000c8d5c00000,0x000000c8d5d00000)]
  0x000002407d5667a0 JavaThread "Asynchronous log dispatcher for DefaultDaemonConnection: socket connection from /127.0.0.1:65401 to /127.0.0.1:65466" [_thread_blocked, id=12024, stack(0x000000c8d5d00000,0x000000c8d5e00000)]
  0x000002407d5615d0 JavaThread "Stdin handler" [_thread_blocked, id=11664, stack(0x000000c8d5e00000,0x000000c8d5f00000)]
  0x000002407d565930 JavaThread "Daemon client event forwarder" [_thread_blocked, id=7860, stack(0x000000c8d5f00000,0x000000c8d6000000)]
  0x000002407d561aa0 JavaThread "Cache worker for checksums cache (C:\Users\refrizar.dwiardito\AndroidStudioProjects\BelajarAndroid\.gradle\8.0\checksums)" [_thread_blocked, id=10220, stack(0x000000c8d6600000,0x000000c8d6700000)]
  0x000002407d567ae0 JavaThread "Cache worker for cache directory md-rule (C:\Users\refrizar.dwiardito\.gradle\caches\8.0\md-rule)" [_thread_blocked, id=8504, stack(0x000000c8d6700000,0x000000c8d6800000)]
  0x000002407d565e00 JavaThread "Cache worker for file hash cache (C:\Users\refrizar.dwiardito\AndroidStudioProjects\BelajarAndroid\.gradle\8.0\fileHashes)" [_thread_blocked, id=8844, stack(0x000000c8d6900000,0x000000c8d6a00000)]
  0x000002407d562440 JavaThread "Cache worker for cache directory md-supplier (C:\Users\refrizar.dwiardito\.gradle\caches\8.0\md-supplier)" [_thread_blocked, id=8720, stack(0x000000c8d6a00000,0x000000c8d6b00000)]
  0x000002407d562de0 JavaThread "Cache worker for dependencies-accessors (C:\Users\refrizar.dwiardito\AndroidStudioProjects\BelajarAndroid\.gradle\8.0\dependencies-accessors)" [_thread_blocked, id=8076, stack(0x000000c8d7100000,0x000000c8d7200000)]
  0x000002407d567fb0 JavaThread "Cache worker for Build Output Cleanup Cache (C:\Users\refrizar.dwiardito\AndroidStudioProjects\BelajarAndroid\.gradle\buildOutputCleanup)" [_thread_blocked, id=11228, stack(0x000000c8d7200000,0x000000c8d7300000)]
  0x000002407d564f90 JavaThread "Unconstrained build operations" [_thread_blocked, id=1536, stack(0x000000c8d7300000,0x000000c8d7400000)]
  0x000002407d5662d0 JavaThread "Unconstrained build operations Thread 2" [_thread_blocked, id=5220, stack(0x000000c8d7400000,0x000000c8d7500000)]
  0x000002407d561f70 JavaThread "Unconstrained build operations Thread 3" [_thread_blocked, id=3880, stack(0x000000c8d7500000,0x000000c8d7600000)]
  0x000002407d563780 JavaThread "Unconstrained build operations Thread 4" [_thread_blocked, id=2840, stack(0x000000c8d7600000,0x000000c8d7700000)]
  0x000002407d563c50 JavaThread "Unconstrained build operations Thread 5" [_thread_blocked, id=11772, stack(0x000000c8d7700000,0x000000c8d7800000)]
  0x000002407d568950 JavaThread "Unconstrained build operations Thread 6" [_thread_blocked, id=12604, stack(0x000000c8d7800000,0x000000c8d7900000)]
  0x000002407d564120 JavaThread "Unconstrained build operations Thread 7" [_thread_blocked, id=13140, stack(0x000000c8d7900000,0x000000c8d7a00000)]
  0x000002407d566c70 JavaThread "Unconstrained build operations Thread 8" [_thread_blocked, id=4180, stack(0x000000c8d7a00000,0x000000c8d7b00000)]
  0x000002407d567140 JavaThread "Unconstrained build operations Thread 9" [_thread_blocked, id=6196, stack(0x000000c8d7b00000,0x000000c8d7c00000)]
  0x000002407d5645f0 JavaThread "Unconstrained build operations Thread 10" [_thread_blocked, id=1768, stack(0x000000c8d7c00000,0x000000c8d7d00000)]
  0x000002407d565460 JavaThread "Unconstrained build operations Thread 11" [_thread_blocked, id=7564, stack(0x000000c8d7d00000,0x000000c8d7e00000)]
  0x000002400f2444d0 JavaThread "Unconstrained build operations Thread 12" [_thread_blocked, id=12060, stack(0x000000c8d7e00000,0x000000c8d7f00000)]
  0x000002400f2449a0 JavaThread "Unconstrained build operations Thread 13" [_thread_blocked, id=12444, stack(0x000000c8d7f00000,0x000000c8d8000000)]
  0x000002400f246b50 JavaThread "Unconstrained build operations Thread 14" [_thread_blocked, id=10212, stack(0x000000c8d8000000,0x000000c8d8100000)]
  0x000002400f247020 JavaThread "Unconstrained build operations Thread 15" [_thread_blocked, id=4436, stack(0x000000c8d8100000,0x000000c8d8200000)]
  0x000002400f246680 JavaThread "Unconstrained build operations Thread 16" [_thread_blocked, id=1296, stack(0x000000c8d8200000,0x000000c8d8300000)]
  0x000002400f24a9e0 JavaThread "Unconstrained build operations Thread 17" [_thread_blocked, id=12644, stack(0x000000c8d8300000,0x000000c8d8400000)]
  0x000002400f24a510 JavaThread "Unconstrained build operations Thread 18" [_thread_blocked, id=1896, stack(0x000000c8d8400000,0x000000c8d8500000)]
  0x000002400f24b380 JavaThread "Unconstrained build operations Thread 19" [_thread_blocked, id=8700, stack(0x000000c8d8500000,0x000000c8d8600000)]
  0x000002400f248d00 JavaThread "Unconstrained build operations Thread 20" [_thread_blocked, id=2260, stack(0x000000c8d8600000,0x000000c8d8700000)]
  0x000002400f245340 JavaThread "Unconstrained build operations Thread 21" [_thread_blocked, id=12824, stack(0x000000c8d8700000,0x000000c8d8800000)]
  0x000002400f248830 JavaThread "Unconstrained build operations Thread 22" [_thread_blocked, id=5872, stack(0x000000c8d8800000,0x000000c8d8900000)]
  0x000002400f249b70 JavaThread "Unconstrained build operations Thread 23" [_thread_blocked, id=12152, stack(0x000000c8d8900000,0x000000c8d8a00000)]
  0x000002400f2491d0 JavaThread "Unconstrained build operations Thread 24" [_thread_blocked, id=12720, stack(0x000000c8d8a00000,0x000000c8d8b00000)]
  0x000002400f245810 JavaThread "Unconstrained build operations Thread 25" [_thread_blocked, id=3528, stack(0x000000c8d8b00000,0x000000c8d8c00000)]
  0x000002400f24b850 JavaThread "Unconstrained build operations Thread 26" [_thread_blocked, id=7668, stack(0x000000c8d8c00000,0x000000c8d8d00000)]
  0x000002400f2474f0 JavaThread "Unconstrained build operations Thread 27" [_thread_blocked, id=8464, stack(0x000000c8d8d00000,0x000000c8d8e00000)]
  0x000002400f247e90 JavaThread "Unconstrained build operations Thread 28" [_thread_blocked, id=12284, stack(0x000000c8d8e00000,0x000000c8d8f00000)]
  0x000002400f2479c0 JavaThread "Unconstrained build operations Thread 29" [_thread_blocked, id=1652, stack(0x000000c8d8f00000,0x000000c8d9000000)]
  0x000002400f2496a0 JavaThread "Unconstrained build operations Thread 30" [_thread_blocked, id=7872, stack(0x000000c8d9000000,0x000000c8d9100000)]
  0x000002400f24a040 JavaThread "Unconstrained build operations Thread 31" [_thread_blocked, id=4916, stack(0x000000c8d9100000,0x000000c8d9200000)]
  0x000002400f244000 JavaThread "Unconstrained build operations Thread 32" [_thread_blocked, id=7756, stack(0x000000c8d9200000,0x000000c8d9300000)]
  0x000002400f245ce0 JavaThread "Unconstrained build operations Thread 33" [_thread_blocked, id=12508, stack(0x000000c8d9300000,0x000000c8d9400000)]
  0x000002400f2461b0 JavaThread "Unconstrained build operations Thread 34" [_thread_blocked, id=8216, stack(0x000000c8d9400000,0x000000c8d9500000)]
  0x0000024011bd5500 JavaThread "Unconstrained build operations Thread 35" [_thread_blocked, id=3456, stack(0x000000c8d9500000,0x000000c8d9600000)]
  0x0000024011bd8520 JavaThread "Unconstrained build operations Thread 36" [_thread_blocked, id=11288, stack(0x000000c8d9600000,0x000000c8d9700000)]
  0x0000024011bd71e0 JavaThread "Unconstrained build operations Thread 37" [_thread_blocked, id=13292, stack(0x000000c8d9700000,0x000000c8d9800000)]
  0x0000024011bd24e0 JavaThread "Unconstrained build operations Thread 38" [_thread_blocked, id=4760, stack(0x000000c8d9800000,0x000000c8d9900000)]
  0x0000024011bd3350 JavaThread "Unconstrained build operations Thread 39" [_thread_blocked, id=6620, stack(0x000000c8d9900000,0x000000c8d9a00000)]
  0x0000024011bd89f0 JavaThread "Unconstrained build operations Thread 40" [_thread_blocked, id=2160, stack(0x000000c8d9a00000,0x000000c8d9b00000)]
  0x0000024011bd29b0 JavaThread "build event listener" [_thread_blocked, id=11804, stack(0x000000c8d9b00000,0x000000c8d9c00000)]
  0x0000024011bd59d0 JavaThread "included builds" [_thread_blocked, id=11448, stack(0x000000c8d9c00000,0x000000c8d9d00000)]
  0x0000024011bd8ec0 JavaThread "Execution worker" [_thread_blocked, id=12760, stack(0x000000c8d9d00000,0x000000c8d9e00000)]
  0x0000024011bd9390 JavaThread "Execution worker Thread 2" [_thread_blocked, id=12596, stack(0x000000c8d9e00000,0x000000c8d9f00000)]
  0x0000024011bd9860 JavaThread "Execution worker Thread 3" [_thread_blocked, id=7800, stack(0x000000c8d9f00000,0x000000c8da000000)]
  0x0000024011bd2e80 JavaThread "Cache worker for execution history cache (C:\Users\refrizar.dwiardito\AndroidStudioProjects\BelajarAndroid\.gradle\8.0\executionHistory)" [_thread_blocked, id=5808, stack(0x000000c8da100000,0x000000c8da200000)]
  0x0000024011bd3820 JavaThread "WorkerExecutor Queue" [_thread_blocked, id=2544, stack(0x000000c8d6000000,0x000000c8d6100000)]
  0x0000024011bd41c0 JavaThread "RMI RenewClean-[127.0.0.1:17385,org.jetbrains.kotlin.daemon.common.LoopbackNetworkInterface$ClientLoopbackSocketFactory@6430b0d5]" daemon [_thread_blocked, id=10092, stack(0x000000c8da300000,0x000000c8da400000)]
  0x0000024011bd6370 JavaThread "RMI TCP Connection(4)-127.0.0.1" daemon [_thread_in_native, id=9360, stack(0x000000c8da400000,0x000000c8da500000)]
  0x0000024011bd5ea0 JavaThread "RMI TCP Connection(5)-127.0.0.1" daemon [_thread_in_native, id=8772, stack(0x000000c8da500000,0x000000c8da600000)]
  0x0000024011bd6840 JavaThread "WorkerExecutor Queue Thread 2" [_thread_blocked, id=8732, stack(0x000000c8da800000,0x000000c8da900000)]
  0x000002407f6b7e50 JavaThread "WorkerExecutor Queue Thread 3" [_thread_blocked, id=11048, stack(0x000000c8da900000,0x000000c8daa00000)]
  0x000002407f6b57d0 JavaThread "WorkerExecutor Queue Thread 4" [_thread_blocked, id=5024, stack(0x000000c8daa00000,0x000000c8dab00000)]
  0x000002407f6b27b0 JavaThread "WorkerExecutor Queue Thread 5" [_thread_blocked, id=12396, stack(0x000000c8dab00000,0x000000c8dac00000)]
  0x000002407f6b6b10 JavaThread "ForkJoinPool.commonPool-worker-6" daemon [_thread_blocked, id=3728, stack(0x000000c8dac00000,0x000000c8dad00000)]

Other Threads:
=>0x000002407b8c6720 VMThread "VM Thread" [stack: 0x000000c8d4700000,0x000000c8d4800000] [id=3128]
  0x000002407b8eecc0 WatcherThread [stack: 0x000000c8d5300000,0x000000c8d5400000] [id=8228]
  0x0000024071346d20 GCTaskThread "GC Thread#0" [stack: 0x000000c8d4200000,0x000000c8d4300000] [id=11164]
  0x000002407ce9b510 GCTaskThread "GC Thread#1" [stack: 0x000000c8d5500000,0x000000c8d5600000] [id=12220]
  0x000002407ca7abe0 GCTaskThread "GC Thread#2" [stack: 0x000000c8d5600000,0x000000c8d5700000] [id=5912]
  0x000002407c624d30 GCTaskThread "GC Thread#3" [stack: 0x000000c8d5700000,0x000000c8d5800000] [id=7124]
  0x0000024071358b80 ConcurrentGCThread "G1 Main Marker" [stack: 0x000000c8d4300000,0x000000c8d4400000] [id=12228]
  0x0000024071359c40 ConcurrentGCThread "G1 Conc#0" [stack: 0x000000c8d4400000,0x000000c8d4500000] [id=2308]
  0x00000240713bd910 ConcurrentGCThread "G1 Refine#0" [stack: 0x000000c8d4500000,0x000000c8d4600000] [id=7040]
  0x0000024013c9e150 ConcurrentGCThread "G1 Refine#1" [stack: 0x000000c8da200000,0x000000c8da300000] [id=4124]
  0x00000240713be240 ConcurrentGCThread "G1 Service" [stack: 0x000000c8d4600000,0x000000c8d4700000] [id=4136]

Threads with active compile tasks:
C2 CompilerThread0   568503 18121       4       sun.nio.ch.Util$BufferCache::get (164 bytes)

VM state: at safepoint (normal execution)

VM Mutex/Monitor currently owned by a thread:  ([mutex/lock_event])
[0x00000240712e5ac0] Threads_lock - owner thread: 0x000002407b8c6720
[0x00000240712e6210] Heap_lock - owner thread: 0x000002407d562910

Heap address: 0x0000000080000000, size: 2048 MB, Compressed Oops mode: 32-bit

CDS archive(s) not mapped
Compressed class space mapped at: 0x0000000100000000-0x0000000140000000, reserved size: 1073741824
Narrow klass base: 0x0000000000000000, Narrow klass shift: 3, Narrow klass range: 0x140000000

GC Precious Log:
 CPUs: 4 total, 4 available
 Memory: 8083M
 Large Page Support: Disabled
 NUMA Support: Disabled
 Compressed Oops: Enabled (32-bit)
 Heap Region Size: 1M
 Heap Min Capacity: 8M
 Heap Initial Capacity: 128M
 Heap Max Capacity: 2G
 Pre-touch: Disabled
 Parallel Workers: 4
 Concurrent Workers: 1
 Concurrent Refinement Workers: 4
 Periodic GC: Disabled

Heap:
 garbage-first heap   total 271360K, used 129665K [0x0000000080000000, 0x0000000100000000)
  region size 1024K, 6 young (6144K), 6 survivors (6144K)
 Metaspace       used 131723K, committed 132736K, reserved 1163264K
  class space    used 17882K, committed 18368K, reserved 1048576K

Heap Regions: E=young(eden), S=young(survivor), O=old, HS=humongous(starts), HC=humongous(continues), CS=collection set, F=free, OA=open archive, CA=closed archive, TAMS=top-at-mark-start (previous, next)
|   0|0x0000000080000000, 0x0000000080100000, 0x0000000080100000|100%| O|  |TAMS 0x0000000080100000, 0x0000000080100000| Untracked 
|   1|0x0000000080100000, 0x0000000080200000, 0x0000000080200000|100%| O|  |TAMS 0x0000000080200000, 0x0000000080200000| Untracked 
|   2|0x0000000080200000, 0x0000000080300000, 0x0000000080300000|100%|HS|  |TAMS 0x0000000080300000, 0x0000000080300000| Complete 
|   3|0x0000000080300000, 0x0000000080400000, 0x0000000080400000|100%|HC|  |TAMS 0x0000000080400000, 0x0000000080400000| Complete 
|   4|0x0000000080400000, 0x0000000080500000, 0x0000000080500000|100%|HC|  |TAMS 0x0000000080500000, 0x0000000080500000| Complete 
|   5|0x0000000080500000, 0x0000000080600000, 0x0000000080600000|100%|HC|  |TAMS 0x0000000080600000, 0x0000000080600000| Complete 
|   6|0x0000000080600000, 0x0000000080700000, 0x0000000080700000|100%| O|  |TAMS 0x0000000080700000, 0x0000000080700000| Untracked 
|   7|0x0000000080700000, 0x0000000080800000, 0x0000000080800000|100%| O|  |TAMS 0x0000000080800000, 0x0000000080800000| Untracked 
|   8|0x0000000080800000, 0x0000000080900000, 0x0000000080900000|100%| O|  |TAMS 0x0000000080900000, 0x0000000080900000| Untracked 
|   9|0x0000000080900000, 0x0000000080a00000, 0x0000000080a00000|100%| O|  |TAMS 0x0000000080a00000, 0x0000000080a00000| Untracked 
|  10|0x0000000080a00000, 0x0000000080b00000, 0x0000000080b00000|100%| O|  |TAMS 0x0000000080b00000, 0x0000000080b00000| Untracked 
|  11|0x0000000080b00000, 0x0000000080c00000, 0x0000000080c00000|100%| O|  |TAMS 0x0000000080c00000, 0x0000000080c00000| Untracked 
|  12|0x0000000080c00000, 0x0000000080d00000, 0x0000000080d00000|100%| O|  |TAMS 0x0000000080d00000, 0x0000000080d00000| Untracked 
|  13|0x0000000080d00000, 0x0000000080e00000, 0x0000000080e00000|100%| O|  |TAMS 0x0000000080e00000, 0x0000000080e00000| Untracked 
|  14|0x0000000080e00000, 0x0000000080f00000, 0x0000000080f00000|100%| O|  |TAMS 0x0000000080f00000, 0x0000000080f00000| Untracked 
|  15|0x0000000080f00000, 0x0000000081000000, 0x0000000081000000|100%| O|  |TAMS 0x0000000081000000, 0x0000000081000000| Untracked 
|  16|0x0000000081000000, 0x0000000081100000, 0x0000000081100000|100%| O|  |TAMS 0x0000000081100000, 0x0000000081100000| Untracked 
|  17|0x0000000081100000, 0x0000000081200000, 0x0000000081200000|100%| O|  |TAMS 0x0000000081200000, 0x0000000081200000| Untracked 
|  18|0x0000000081200000, 0x0000000081300000, 0x0000000081300000|100%| O|  |TAMS 0x0000000081300000, 0x0000000081300000| Untracked 
|  19|0x0000000081300000, 0x0000000081400000, 0x0000000081400000|100%| O|  |TAMS 0x0000000081400000, 0x0000000081400000| Untracked 
|  20|0x0000000081400000, 0x0000000081500000, 0x0000000081500000|100%| O|  |TAMS 0x0000000081500000, 0x0000000081500000| Untracked 
|  21|0x0000000081500000, 0x0000000081600000, 0x0000000081600000|100%| O|  |TAMS 0x0000000081600000, 0x0000000081600000| Untracked 
|  22|0x0000000081600000, 0x0000000081700000, 0x0000000081700000|100%| O|  |TAMS 0x0000000081700000, 0x0000000081700000| Untracked 
|  23|0x0000000081700000, 0x0000000081700000, 0x0000000081800000|  0%| F|  |TAMS 0x0000000081700000, 0x0000000081700000| Untracked 
|  24|0x0000000081800000, 0x0000000081900000, 0x0000000081900000|100%| O|  |TAMS 0x0000000081900000, 0x0000000081900000| Untracked 
|  25|0x0000000081900000, 0x0000000081a00000, 0x0000000081a00000|100%| O|  |TAMS 0x0000000081a00000, 0x0000000081a00000| Untracked 
|  26|0x0000000081a00000, 0x0000000081b00000, 0x0000000081b00000|100%| O|  |TAMS 0x0000000081b00000, 0x0000000081b00000| Untracked 
|  27|0x0000000081b00000, 0x0000000081c00000, 0x0000000081c00000|100%| O|  |TAMS 0x0000000081c00000, 0x0000000081c00000| Untracked 
|  28|0x0000000081c00000, 0x0000000081d00000, 0x0000000081d00000|100%| O|  |TAMS 0x0000000081d00000, 0x0000000081d00000| Untracked 
|  29|0x0000000081d00000, 0x0000000081e00000, 0x0000000081e00000|100%| O|  |TAMS 0x0000000081e00000, 0x0000000081e00000| Untracked 
|  30|0x0000000081e00000, 0x0000000081f00000, 0x0000000081f00000|100%| O|  |TAMS 0x0000000081f00000, 0x0000000081f00000| Untracked 
|  31|0x0000000081f00000, 0x0000000082000000, 0x0000000082000000|100%| O|  |TAMS 0x0000000081f00000, 0x0000000082000000| Untracked 
|  32|0x0000000082000000, 0x0000000082100000, 0x0000000082100000|100%| O|  |TAMS 0x0000000082100000, 0x0000000082100000| Untracked 
|  33|0x0000000082100000, 0x0000000082200000, 0x0000000082200000|100%| O|  |TAMS 0x0000000082200000, 0x0000000082200000| Untracked 
|  34|0x0000000082200000, 0x0000000082300000, 0x0000000082300000|100%| O|  |TAMS 0x0000000082300000, 0x0000000082300000| Untracked 
|  35|0x0000000082300000, 0x0000000082400000, 0x0000000082400000|100%| O|  |TAMS 0x0000000082400000, 0x0000000082400000| Untracked 
|  36|0x0000000082400000, 0x0000000082500000, 0x0000000082500000|100%| O|  |TAMS 0x0000000082500000, 0x0000000082500000| Untracked 
|  37|0x0000000082500000, 0x0000000082600000, 0x0000000082600000|100%| O|  |TAMS 0x0000000082600000, 0x0000000082600000| Untracked 
|  38|0x0000000082600000, 0x0000000082700000, 0x0000000082700000|100%| O|  |TAMS 0x0000000082700000, 0x0000000082700000| Untracked 
|  39|0x0000000082700000, 0x0000000082800000, 0x0000000082800000|100%| O|  |TAMS 0x0000000082800000, 0x0000000082800000| Untracked 
|  40|0x0000000082800000, 0x0000000082900000, 0x0000000082900000|100%|HS|  |TAMS 0x0000000082900000, 0x0000000082900000| Complete 
|  41|0x0000000082900000, 0x0000000082a00000, 0x0000000082a00000|100%|HS|  |TAMS 0x0000000082a00000, 0x0000000082a00000| Complete 
|  42|0x0000000082a00000, 0x0000000082b00000, 0x0000000082b00000|100%|HS|  |TAMS 0x0000000082b00000, 0x0000000082b00000| Complete 
|  43|0x0000000082b00000, 0x0000000082c00000, 0x0000000082c00000|100%|HC|  |TAMS 0x0000000082c00000, 0x0000000082c00000| Complete 
|  44|0x0000000082c00000, 0x0000000082d00000, 0x0000000082d00000|100%|HS|  |TAMS 0x0000000082d00000, 0x0000000082d00000| Complete 
|  45|0x0000000082d00000, 0x0000000082e00000, 0x0000000082e00000|100%| O|  |TAMS 0x0000000082e00000, 0x0000000082e00000| Untracked 
|  46|0x0000000082e00000, 0x0000000082f00000, 0x0000000082f00000|100%|HS|  |TAMS 0x0000000082f00000, 0x0000000082f00000| Complete 
|  47|0x0000000082f00000, 0x0000000083000000, 0x0000000083000000|100%|HC|  |TAMS 0x0000000083000000, 0x0000000083000000| Complete 
|  48|0x0000000083000000, 0x0000000083100000, 0x0000000083100000|100%|HC|  |TAMS 0x0000000083100000, 0x0000000083100000| Complete 
|  49|0x0000000083100000, 0x0000000083200000, 0x0000000083200000|100%|HC|  |TAMS 0x0000000083200000, 0x0000000083200000| Complete 
|  50|0x0000000083200000, 0x0000000083300000, 0x0000000083300000|100%| O|  |TAMS 0x0000000083300000, 0x0000000083300000| Untracked 
|  51|0x0000000083300000, 0x0000000083400000, 0x0000000083400000|100%| O|  |TAMS 0x0000000083400000, 0x0000000083400000| Untracked 
|  52|0x0000000083400000, 0x0000000083500000, 0x0000000083500000|100%| O|  |TAMS 0x0000000083500000, 0x0000000083500000| Untracked 
|  53|0x0000000083500000, 0x0000000083600000, 0x0000000083600000|100%| O|  |TAMS 0x0000000083600000, 0x0000000083600000| Untracked 
|  54|0x0000000083600000, 0x0000000083700000, 0x0000000083700000|100%| O|  |TAMS 0x0000000083700000, 0x0000000083700000| Untracked 
|  55|0x0000000083700000, 0x0000000083800000, 0x0000000083800000|100%| O|  |TAMS 0x0000000083800000, 0x0000000083800000| Untracked 
|  56|0x0000000083800000, 0x0000000083900000, 0x0000000083900000|100%| O|  |TAMS 0x0000000083900000, 0x0000000083900000| Untracked 
|  57|0x0000000083900000, 0x0000000083a00000, 0x0000000083a00000|100%| O|  |TAMS 0x0000000083a00000, 0x0000000083a00000| Untracked 
|  58|0x0000000083a00000, 0x0000000083b00000, 0x0000000083b00000|100%| O|  |TAMS 0x0000000083b00000, 0x0000000083b00000| Untracked 
|  59|0x0000000083b00000, 0x0000000083c00000, 0x0000000083c00000|100%| O|  |TAMS 0x0000000083c00000, 0x0000000083c00000| Untracked 
|  60|0x0000000083c00000, 0x0000000083d00000, 0x0000000083d00000|100%| O|  |TAMS 0x0000000083d00000, 0x0000000083d00000| Untracked 
|  61|0x0000000083d00000, 0x0000000083e00000, 0x0000000083e00000|100%| O|  |TAMS 0x0000000083e00000, 0x0000000083e00000| Untracked 
|  62|0x0000000083e00000, 0x0000000083f00000, 0x0000000083f00000|100%| O|  |TAMS 0x0000000083f00000, 0x0000000083f00000| Untracked 
|  63|0x0000000083f00000, 0x0000000084000000, 0x0000000084000000|100%| O|  |TAMS 0x0000000084000000, 0x0000000084000000| Untracked 
|  64|0x0000000084000000, 0x0000000084100000, 0x0000000084100000|100%| O|  |TAMS 0x0000000084100000, 0x0000000084100000| Untracked 
|  65|0x0000000084100000, 0x0000000084200000, 0x0000000084200000|100%| O|  |TAMS 0x0000000084200000, 0x0000000084200000| Untracked 
|  66|0x0000000084200000, 0x0000000084300000, 0x0000000084300000|100%| O|  |TAMS 0x0000000084300000, 0x0000000084300000| Untracked 
|  67|0x0000000084300000, 0x0000000084400000, 0x0000000084400000|100%| O|  |TAMS 0x0000000084400000, 0x0000000084400000| Untracked 
|  68|0x0000000084400000, 0x0000000084500000, 0x0000000084500000|100%| O|  |TAMS 0x0000000084400000, 0x0000000084500000| Untracked 
|  69|0x0000000084500000, 0x0000000084600000, 0x0000000084600000|100%| O|  |TAMS 0x0000000084600000, 0x0000000084600000| Untracked 
|  70|0x0000000084600000, 0x0000000084700000, 0x0000000084700000|100%| O|  |TAMS 0x0000000084700000, 0x0000000084700000| Untracked 
|  71|0x0000000084700000, 0x0000000084800000, 0x0000000084800000|100%| O|  |TAMS 0x0000000084800000, 0x0000000084800000| Untracked 
|  72|0x0000000084800000, 0x0000000084900000, 0x0000000084900000|100%| O|  |TAMS 0x0000000084900000, 0x0000000084900000| Untracked 
|  73|0x0000000084900000, 0x0000000084a00000, 0x0000000084a00000|100%| O|  |TAMS 0x0000000084a00000, 0x0000000084a00000| Untracked 
|  74|0x0000000084a00000, 0x0000000084a00000, 0x0000000084b00000|  0%| F|  |TAMS 0x0000000084a00000, 0x0000000084a00000| Untracked 
|  75|0x0000000084b00000, 0x0000000084c00000, 0x0000000084c00000|100%| O|  |TAMS 0x0000000084c00000, 0x0000000084c00000| Untracked 
|  76|0x0000000084c00000, 0x0000000084d00000, 0x0000000084d00000|100%| O|  |TAMS 0x0000000084d00000, 0x0000000084d00000| Untracked 
|  77|0x0000000084d00000, 0x0000000084e00000, 0x0000000084e00000|100%| O|  |TAMS 0x0000000084e00000, 0x0000000084e00000| Untracked 
|  78|0x0000000084e00000, 0x0000000084f00000, 0x0000000084f00000|100%| O|  |TAMS 0x0000000084f00000, 0x0000000084f00000| Untracked 
|  79|0x0000000084f00000, 0x0000000085000000, 0x0000000085000000|100%| O|  |TAMS 0x0000000085000000, 0x0000000085000000| Untracked 
|  80|0x0000000085000000, 0x0000000085100000, 0x0000000085100000|100%| O|  |TAMS 0x0000000085100000, 0x0000000085100000| Untracked 
|  81|0x0000000085100000, 0x0000000085200000, 0x0000000085200000|100%| O|  |TAMS 0x0000000085200000, 0x0000000085200000| Untracked 
|  82|0x0000000085200000, 0x0000000085300000, 0x0000000085300000|100%| O|  |TAMS 0x0000000085300000, 0x0000000085300000| Untracked 
|  83|0x0000000085300000, 0x0000000085400000, 0x0000000085400000|100%| O|  |TAMS 0x0000000085400000, 0x0000000085400000| Untracked 
|  84|0x0000000085400000, 0x0000000085500000, 0x0000000085500000|100%| O|  |TAMS 0x0000000085500000, 0x0000000085500000| Untracked 
|  85|0x0000000085500000, 0x0000000085600000, 0x0000000085600000|100%| O|  |TAMS 0x0000000085600000, 0x0000000085600000| Untracked 
|  86|0x0000000085600000, 0x0000000085700000, 0x0000000085700000|100%| O|  |TAMS 0x0000000085700000, 0x0000000085700000| Untracked 
|  87|0x0000000085700000, 0x0000000085800000, 0x0000000085800000|100%| O|  |TAMS 0x0000000085800000, 0x0000000085800000| Untracked 
|  88|0x0000000085800000, 0x0000000085900000, 0x0000000085900000|100%| O|  |TAMS 0x0000000085900000, 0x0000000085900000| Untracked 
|  89|0x0000000085900000, 0x0000000085a00000, 0x0000000085a00000|100%| O|  |TAMS 0x0000000085a00000, 0x0000000085a00000| Untracked 
|  90|0x0000000085a00000, 0x0000000085b00000, 0x0000000085b00000|100%| O|  |TAMS 0x0000000085b00000, 0x0000000085b00000| Untracked 
|  91|0x0000000085b00000, 0x0000000085c00000, 0x0000000085c00000|100%| O|  |TAMS 0x0000000085c00000, 0x0000000085c00000| Untracked 
|  92|0x0000000085c00000, 0x0000000085d00000, 0x0000000085d00000|100%| O|  |TAMS 0x0000000085d00000, 0x0000000085d00000| Untracked 
|  93|0x0000000085d00000, 0x0000000085e00000, 0x0000000085e00000|100%| O|  |TAMS 0x0000000085e00000, 0x0000000085e00000| Untracked 
|  94|0x0000000085e00000, 0x0000000085f00000, 0x0000000085f00000|100%| O|  |TAMS 0x0000000085f00000, 0x0000000085f00000| Untracked 
|  95|0x0000000085f00000, 0x0000000086000000, 0x0000000086000000|100%| O|  |TAMS 0x0000000086000000, 0x0000000086000000| Untracked 
|  96|0x0000000086000000, 0x0000000086100000, 0x0000000086100000|100%| O|  |TAMS 0x0000000086100000, 0x0000000086100000| Untracked 
|  97|0x0000000086100000, 0x0000000086200000, 0x0000000086200000|100%| O|  |TAMS 0x0000000086200000, 0x0000000086200000| Untracked 
|  98|0x0000000086200000, 0x0000000086300000, 0x0000000086300000|100%| O|  |TAMS 0x0000000086300000, 0x0000000086300000| Untracked 
|  99|0x0000000086300000, 0x0000000086400000, 0x0000000086400000|100%| O|  |TAMS 0x0000000086400000, 0x0000000086400000| Untracked 
| 100|0x0000000086400000, 0x0000000086500000, 0x0000000086500000|100%| O|  |TAMS 0x0000000086500000, 0x0000000086500000| Untracked 
| 101|0x0000000086500000, 0x0000000086600000, 0x0000000086600000|100%| O|  |TAMS 0x0000000086600000, 0x0000000086600000| Untracked 
| 102|0x0000000086600000, 0x0000000086700000, 0x0000000086700000|100%| O|  |TAMS 0x0000000086600000, 0x0000000086700000| Untracked 
| 103|0x0000000086700000, 0x0000000086800000, 0x0000000086800000|100%| O|  |TAMS 0x0000000086800000, 0x0000000086800000| Untracked 
| 104|0x0000000086800000, 0x0000000086900000, 0x0000000086900000|100%| O|  |TAMS 0x0000000086900000, 0x0000000086900000| Untracked 
| 105|0x0000000086900000, 0x0000000086a00000, 0x0000000086a00000|100%| O|  |TAMS 0x0000000086a00000, 0x0000000086a00000| Untracked 
| 106|0x0000000086a00000, 0x0000000086b00000, 0x0000000086b00000|100%| O|  |TAMS 0x0000000086b00000, 0x0000000086b00000| Untracked 
| 107|0x0000000086b00000, 0x0000000086c00000, 0x0000000086c00000|100%| O|  |TAMS 0x0000000086c00000, 0x0000000086c00000| Untracked 
| 108|0x0000000086c00000, 0x0000000086d00000, 0x0000000086d00000|100%| O|  |TAMS 0x0000000086d00000, 0x0000000086d00000| Untracked 
| 109|0x0000000086d00000, 0x0000000086e00000, 0x0000000086e00000|100%| O|  |TAMS 0x0000000086d00000, 0x0000000086e00000| Untracked 
| 110|0x0000000086e00000, 0x0000000086f00000, 0x0000000086f00000|100%| O|  |TAMS 0x0000000086f00000, 0x0000000086f00000| Untracked 
| 111|0x0000000086f00000, 0x0000000087000000, 0x0000000087000000|100%| O|  |TAMS 0x0000000087000000, 0x0000000087000000| Untracked 
| 112|0x0000000087000000, 0x0000000087100000, 0x0000000087100000|100%| O|  |TAMS 0x0000000087100000, 0x0000000087100000| Untracked 
| 113|0x0000000087100000, 0x0000000087200000, 0x0000000087200000|100%| O|  |TAMS 0x0000000087200000, 0x0000000087200000| Untracked 
| 114|0x0000000087200000, 0x0000000087300000, 0x0000000087300000|100%| O|  |TAMS 0x0000000087300000, 0x0000000087300000| Untracked 
| 115|0x0000000087300000, 0x0000000087400000, 0x0000000087400000|100%| O|  |TAMS 0x0000000087400000, 0x0000000087400000| Untracked 
| 116|0x0000000087400000, 0x0000000087500000, 0x0000000087500000|100%| O|  |TAMS 0x0000000087500000, 0x0000000087500000| Untracked 
| 117|0x0000000087500000, 0x0000000087500000, 0x0000000087600000|  0%| F|  |TAMS 0x0000000087500000, 0x0000000087500000| Untracked 
| 118|0x0000000087600000, 0x0000000087700000, 0x0000000087700000|100%| O|  |TAMS 0x0000000087600000, 0x0000000087700000| Untracked 
| 119|0x0000000087700000, 0x0000000087800000, 0x0000000087800000|100%| O|  |TAMS 0x0000000087700000, 0x0000000087800000| Untracked 
| 120|0x0000000087800000, 0x000000008781fa00, 0x0000000087900000| 12%| O|  |TAMS 0x0000000087800000, 0x000000008781fa00| Untracked 
| 121|0x0000000087900000, 0x0000000087900000, 0x0000000087a00000|  0%| F|  |TAMS 0x0000000087900000, 0x0000000087900000| Untracked 
| 122|0x0000000087a00000, 0x0000000087a00000, 0x0000000087b00000|  0%| F|  |TAMS 0x0000000087a00000, 0x0000000087a00000| Untracked 
| 123|0x0000000087b00000, 0x0000000087b00000, 0x0000000087c00000|  0%| F|  |TAMS 0x0000000087b00000, 0x0000000087b00000| Untracked 
| 124|0x0000000087c00000, 0x0000000087c00000, 0x0000000087d00000|  0%| F|  |TAMS 0x0000000087c00000, 0x0000000087c00000| Untracked 
| 125|0x0000000087d00000, 0x0000000087d00000, 0x0000000087e00000|  0%| F|  |TAMS 0x0000000087d00000, 0x0000000087d00000| Untracked 
| 126|0x0000000087e00000, 0x0000000087e00000, 0x0000000087f00000|  0%| F|  |TAMS 0x0000000087e00000, 0x0000000087e00000| Untracked 
| 127|0x0000000087f00000, 0x0000000087f00000, 0x0000000088000000|  0%| F|  |TAMS 0x0000000087f00000, 0x0000000087f00000| Untracked 
| 128|0x0000000088000000, 0x0000000088000000, 0x0000000088100000|  0%| F|  |TAMS 0x0000000088000000, 0x0000000088000000| Untracked 
| 129|0x0000000088100000, 0x0000000088100000, 0x0000000088200000|  0%| F|  |TAMS 0x0000000088100000, 0x0000000088100000| Untracked 
| 130|0x0000000088200000, 0x0000000088200000, 0x0000000088300000|  0%| F|  |TAMS 0x0000000088200000, 0x0000000088200000| Untracked 
| 131|0x0000000088300000, 0x0000000088300000, 0x0000000088400000|  0%| F|  |TAMS 0x0000000088300000, 0x0000000088300000| Untracked 
| 132|0x0000000088400000, 0x0000000088500000, 0x0000000088500000|100%| O|  |TAMS 0x0000000088500000, 0x0000000088500000| Untracked 
| 133|0x0000000088500000, 0x0000000088500000, 0x0000000088600000|  0%| F|  |TAMS 0x0000000088500000, 0x0000000088500000| Untracked 
| 134|0x0000000088600000, 0x0000000088600000, 0x0000000088700000|  0%| F|  |TAMS 0x0000000088600000, 0x0000000088600000| Untracked 
| 135|0x0000000088700000, 0x0000000088700000, 0x0000000088800000|  0%| F|  |TAMS 0x0000000088700000, 0x0000000088700000| Untracked 
| 136|0x0000000088800000, 0x0000000088900000, 0x0000000088900000|100%| O|  |TAMS 0x0000000088900000, 0x0000000088900000| Untracked 
| 137|0x0000000088900000, 0x0000000088a00000, 0x0000000088a00000|100%| O|  |TAMS 0x0000000088a00000, 0x0000000088a00000| Untracked 
| 138|0x0000000088a00000, 0x0000000088a00000, 0x0000000088b00000|  0%| F|  |TAMS 0x0000000088a00000, 0x0000000088a00000| Untracked 
| 139|0x0000000088b00000, 0x0000000088b00000, 0x0000000088c00000|  0%| F|  |TAMS 0x0000000088b00000, 0x0000000088b00000| Untracked 
| 140|0x0000000088c00000, 0x0000000088c00000, 0x0000000088d00000|  0%| F|  |TAMS 0x0000000088c00000, 0x0000000088c00000| Untracked 
| 141|0x0000000088d00000, 0x0000000088d00000, 0x0000000088e00000|  0%| F|  |TAMS 0x0000000088d00000, 0x0000000088d00000| Untracked 
| 142|0x0000000088e00000, 0x0000000088e00000, 0x0000000088f00000|  0%| F|  |TAMS 0x0000000088e00000, 0x0000000088e00000| Untracked 
| 143|0x0000000088f00000, 0x0000000088f00000, 0x0000000089000000|  0%| F|  |TAMS 0x0000000088f00000, 0x0000000088f00000| Untracked 
| 144|0x0000000089000000, 0x0000000089000000, 0x0000000089100000|  0%| F|  |TAMS 0x0000000089000000, 0x0000000089000000| Untracked 
| 145|0x0000000089100000, 0x0000000089100000, 0x0000000089200000|  0%| F|  |TAMS 0x0000000089100000, 0x0000000089100000| Untracked 
| 146|0x0000000089200000, 0x0000000089200000, 0x0000000089300000|  0%| F|  |TAMS 0x0000000089200000, 0x0000000089200000| Untracked 
| 147|0x0000000089300000, 0x0000000089300000, 0x0000000089400000|  0%| F|  |TAMS 0x0000000089300000, 0x0000000089300000| Untracked 
| 148|0x0000000089400000, 0x0000000089400000, 0x0000000089500000|  0%| F|  |TAMS 0x0000000089400000, 0x0000000089400000| Untracked 
| 149|0x0000000089500000, 0x0000000089500000, 0x0000000089600000|  0%| F|  |TAMS 0x0000000089500000, 0x0000000089500000| Untracked 
| 150|0x0000000089600000, 0x0000000089600000, 0x0000000089700000|  0%| F|  |TAMS 0x0000000089600000, 0x0000000089600000| Untracked 
| 151|0x0000000089700000, 0x0000000089700000, 0x0000000089800000|  0%| F|  |TAMS 0x0000000089700000, 0x0000000089700000| Untracked 
| 152|0x0000000089800000, 0x0000000089800000, 0x0000000089900000|  0%| F|  |TAMS 0x0000000089800000, 0x0000000089800000| Untracked 
| 153|0x0000000089900000, 0x0000000089900000, 0x0000000089a00000|  0%| F|  |TAMS 0x0000000089900000, 0x0000000089900000| Untracked 
| 154|0x0000000089a00000, 0x0000000089b00000, 0x0000000089b00000|100%| O|  |TAMS 0x0000000089b00000, 0x0000000089b00000| Untracked 
| 155|0x0000000089b00000, 0x0000000089b00000, 0x0000000089c00000|  0%| F|  |TAMS 0x0000000089b00000, 0x0000000089b00000| Untracked 
| 156|0x0000000089c00000, 0x0000000089c00000, 0x0000000089d00000|  0%| F|  |TAMS 0x0000000089c00000, 0x0000000089c00000| Untracked 
| 157|0x0000000089d00000, 0x0000000089d00000, 0x0000000089e00000|  0%| F|  |TAMS 0x0000000089d00000, 0x0000000089d00000| Untracked 
| 158|0x0000000089e00000, 0x0000000089e00000, 0x0000000089f00000|  0%| F|  |TAMS 0x0000000089e00000, 0x0000000089e00000| Untracked 
| 159|0x0000000089f00000, 0x0000000089f00000, 0x000000008a000000|  0%| F|  |TAMS 0x0000000089f00000, 0x0000000089f00000| Untracked 
| 160|0x000000008a000000, 0x000000008a000000, 0x000000008a100000|  0%| F|  |TAMS 0x000000008a000000, 0x000000008a000000| Untracked 
| 161|0x000000008a100000, 0x000000008a100000, 0x000000008a200000|  0%| F|  |TAMS 0x000000008a100000, 0x000000008a100000| Untracked 
| 162|0x000000008a200000, 0x000000008a200000, 0x000000008a300000|  0%| F|  |TAMS 0x000000008a200000, 0x000000008a200000| Untracked 
| 163|0x000000008a300000, 0x000000008a300000, 0x000000008a400000|  0%| F|  |TAMS 0x000000008a300000, 0x000000008a300000| Untracked 
| 164|0x000000008a400000, 0x000000008a400000, 0x000000008a500000|  0%| F|  |TAMS 0x000000008a400000, 0x000000008a400000| Untracked 
| 165|0x000000008a500000, 0x000000008a500000, 0x000000008a600000|  0%| F|  |TAMS 0x000000008a500000, 0x000000008a500000| Untracked 
| 166|0x000000008a600000, 0x000000008a600000, 0x000000008a700000|  0%| F|  |TAMS 0x000000008a600000, 0x000000008a600000| Untracked 
| 167|0x000000008a700000, 0x000000008a700000, 0x000000008a800000|  0%| F|  |TAMS 0x000000008a700000, 0x000000008a700000| Untracked 
| 168|0x000000008a800000, 0x000000008a800000, 0x000000008a900000|  0%| F|  |TAMS 0x000000008a800000, 0x000000008a800000| Untracked 
| 169|0x000000008a900000, 0x000000008a900000, 0x000000008aa00000|  0%| F|  |TAMS 0x000000008a900000, 0x000000008a900000| Untracked 
| 170|0x000000008aa00000, 0x000000008aa00000, 0x000000008ab00000|  0%| F|  |TAMS 0x000000008aa00000, 0x000000008aa00000| Untracked 
| 171|0x000000008ab00000, 0x000000008ab00000, 0x000000008ac00000|  0%| F|  |TAMS 0x000000008ab00000, 0x000000008ab00000| Untracked 
| 172|0x000000008ac00000, 0x000000008ac00000, 0x000000008ad00000|  0%| F|  |TAMS 0x000000008ac00000, 0x000000008ac00000| Untracked 
| 173|0x000000008ad00000, 0x000000008ad00000, 0x000000008ae00000|  0%| F|  |TAMS 0x000000008ad00000, 0x000000008ad00000| Untracked 
| 174|0x000000008ae00000, 0x000000008ae00000, 0x000000008af00000|  0%| F|  |TAMS 0x000000008ae00000, 0x000000008ae00000| Untracked 
| 175|0x000000008af00000, 0x000000008af00000, 0x000000008b000000|  0%| F|  |TAMS 0x000000008af00000, 0x000000008af00000| Untracked 
| 176|0x000000008b000000, 0x000000008b000000, 0x000000008b100000|  0%| F|  |TAMS 0x000000008b000000, 0x000000008b000000| Untracked 
| 177|0x000000008b100000, 0x000000008b100000, 0x000000008b200000|  0%| F|  |TAMS 0x000000008b100000, 0x000000008b100000| Untracked 
| 178|0x000000008b200000, 0x000000008b200000, 0x000000008b300000|  0%| F|  |TAMS 0x000000008b200000, 0x000000008b200000| Untracked 
| 179|0x000000008b300000, 0x000000008b300000, 0x000000008b400000|  0%| F|  |TAMS 0x000000008b300000, 0x000000008b300000| Untracked 
| 180|0x000000008b400000, 0x000000008b400000, 0x000000008b500000|  0%| F|  |TAMS 0x000000008b400000, 0x000000008b400000| Untracked 
| 181|0x000000008b500000, 0x000000008b500000, 0x000000008b600000|  0%| F|  |TAMS 0x000000008b500000, 0x000000008b500000| Untracked 
| 182|0x000000008b600000, 0x000000008b600000, 0x000000008b700000|  0%| F|  |TAMS 0x000000008b600000, 0x000000008b600000| Untracked 
| 183|0x000000008b700000, 0x000000008b700000, 0x000000008b800000|  0%| F|  |TAMS 0x000000008b700000, 0x000000008b700000| Untracked 
| 184|0x000000008b800000, 0x000000008b800000, 0x000000008b900000|  0%| F|  |TAMS 0x000000008b800000, 0x000000008b800000| Untracked 
| 185|0x000000008b900000, 0x000000008b900000, 0x000000008ba00000|  0%| F|  |TAMS 0x000000008b900000, 0x000000008b900000| Untracked 
| 186|0x000000008ba00000, 0x000000008ba00000, 0x000000008bb00000|  0%| F|  |TAMS 0x000000008ba00000, 0x000000008ba00000| Untracked 
| 187|0x000000008bb00000, 0x000000008bb00000, 0x000000008bc00000|  0%| F|  |TAMS 0x000000008bb00000, 0x000000008bb00000| Untracked 
| 188|0x000000008bc00000, 0x000000008bc00000, 0x000000008bd00000|  0%| F|  |TAMS 0x000000008bc00000, 0x000000008bc00000| Untracked 
| 189|0x000000008bd00000, 0x000000008bd00000, 0x000000008be00000|  0%| F|  |TAMS 0x000000008bd00000, 0x000000008bd00000| Untracked 
| 190|0x000000008be00000, 0x000000008be00000, 0x000000008bf00000|  0%| F|  |TAMS 0x000000008be00000, 0x000000008be00000| Untracked 
| 191|0x000000008bf00000, 0x000000008bf00000, 0x000000008c000000|  0%| F|  |TAMS 0x000000008bf00000, 0x000000008bf00000| Untracked 
| 192|0x000000008c000000, 0x000000008c000000, 0x000000008c100000|  0%| F|  |TAMS 0x000000008c000000, 0x000000008c000000| Untracked 
| 193|0x000000008c100000, 0x000000008c100000, 0x000000008c200000|  0%| F|  |TAMS 0x000000008c100000, 0x000000008c100000| Untracked 
| 194|0x000000008c200000, 0x000000008c200000, 0x000000008c300000|  0%| F|  |TAMS 0x000000008c200000, 0x000000008c200000| Untracked 
| 195|0x000000008c300000, 0x000000008c300000, 0x000000008c400000|  0%| F|  |TAMS 0x000000008c300000, 0x000000008c300000| Untracked 
| 196|0x000000008c400000, 0x000000008c400000, 0x000000008c500000|  0%| F|  |TAMS 0x000000008c400000, 0x000000008c400000| Untracked 
| 197|0x000000008c500000, 0x000000008c500000, 0x000000008c600000|  0%| F|  |TAMS 0x000000008c500000, 0x000000008c500000| Untracked 
| 198|0x000000008c600000, 0x000000008c600000, 0x000000008c700000|  0%| F|  |TAMS 0x000000008c600000, 0x000000008c600000| Untracked 
| 199|0x000000008c700000, 0x000000008c700000, 0x000000008c800000|  0%| F|  |TAMS 0x000000008c700000, 0x000000008c700000| Untracked 
| 200|0x000000008c800000, 0x000000008c800000, 0x000000008c900000|  0%| F|  |TAMS 0x000000008c800000, 0x000000008c800000| Untracked 
| 201|0x000000008c900000, 0x000000008c900000, 0x000000008ca00000|  0%| F|  |TAMS 0x000000008c900000, 0x000000008c900000| Untracked 
| 202|0x000000008ca00000, 0x000000008ca00000, 0x000000008cb00000|  0%| F|  |TAMS 0x000000008ca00000, 0x000000008ca00000| Untracked 
| 203|0x000000008cb00000, 0x000000008cb00000, 0x000000008cc00000|  0%| F|  |TAMS 0x000000008cb00000, 0x000000008cb00000| Untracked 
| 204|0x000000008cc00000, 0x000000008cc00000, 0x000000008cd00000|  0%| F|  |TAMS 0x000000008cc00000, 0x000000008cc00000| Untracked 
| 205|0x000000008cd00000, 0x000000008cd00000, 0x000000008ce00000|  0%| F|  |TAMS 0x000000008cd00000, 0x000000008cd00000| Untracked 
| 206|0x000000008ce00000, 0x000000008ce00000, 0x000000008cf00000|  0%| F|  |TAMS 0x000000008ce00000, 0x000000008ce00000| Untracked 
| 207|0x000000008cf00000, 0x000000008cf00000, 0x000000008d000000|  0%| F|  |TAMS 0x000000008cf00000, 0x000000008cf00000| Untracked 
| 208|0x000000008d000000, 0x000000008d000000, 0x000000008d100000|  0%| F|  |TAMS 0x000000008d000000, 0x000000008d000000| Untracked 
| 209|0x000000008d100000, 0x000000008d100000, 0x000000008d200000|  0%| F|  |TAMS 0x000000008d100000, 0x000000008d100000| Untracked 
| 210|0x000000008d200000, 0x000000008d200000, 0x000000008d300000|  0%| F|  |TAMS 0x000000008d200000, 0x000000008d200000| Untracked 
| 211|0x000000008d300000, 0x000000008d300000, 0x000000008d400000|  0%| F|  |TAMS 0x000000008d300000, 0x000000008d300000| Untracked 
| 212|0x000000008d400000, 0x000000008d400000, 0x000000008d500000|  0%| F|  |TAMS 0x000000008d400000, 0x000000008d400000| Untracked 
| 213|0x000000008d500000, 0x000000008d500000, 0x000000008d600000|  0%| F|  |TAMS 0x000000008d500000, 0x000000008d500000| Untracked 
| 214|0x000000008d600000, 0x000000008d600000, 0x000000008d700000|  0%| F|  |TAMS 0x000000008d600000, 0x000000008d600000| Untracked 
| 215|0x000000008d700000, 0x000000008d700000, 0x000000008d800000|  0%| F|  |TAMS 0x000000008d700000, 0x000000008d700000| Untracked 
| 216|0x000000008d800000, 0x000000008d800000, 0x000000008d900000|  0%| F|  |TAMS 0x000000008d800000, 0x000000008d800000| Untracked 
| 217|0x000000008d900000, 0x000000008d980a90, 0x000000008da00000| 50%| S|CS|TAMS 0x000000008d900000, 0x000000008d900000| Complete 
| 218|0x000000008da00000, 0x000000008db00000, 0x000000008db00000|100%| S|CS|TAMS 0x000000008da00000, 0x000000008da00000| Complete 
| 219|0x000000008db00000, 0x000000008dc00000, 0x000000008dc00000|100%| S|CS|TAMS 0x000000008db00000, 0x000000008db00000| Complete 
| 220|0x000000008dc00000, 0x000000008dd00000, 0x000000008dd00000|100%| S|CS|TAMS 0x000000008dc00000, 0x000000008dc00000| Complete 
| 221|0x000000008dd00000, 0x000000008de00000, 0x000000008de00000|100%| S|CS|TAMS 0x000000008dd00000, 0x000000008dd00000| Complete 
| 222|0x000000008de00000, 0x000000008df00000, 0x000000008df00000|100%| S|CS|TAMS 0x000000008de00000, 0x000000008de00000| Complete 
| 223|0x000000008df00000, 0x000000008df00000, 0x000000008e000000|  0%| F|  |TAMS 0x000000008df00000, 0x000000008df00000| Untracked 
| 224|0x000000008e000000, 0x000000008e000000, 0x000000008e100000|  0%| F|  |TAMS 0x000000008e000000, 0x000000008e000000| Untracked 
| 225|0x000000008e100000, 0x000000008e100000, 0x000000008e200000|  0%| F|  |TAMS 0x000000008e100000, 0x000000008e100000| Untracked 
| 226|0x000000008e200000, 0x000000008e200000, 0x000000008e300000|  0%| F|  |TAMS 0x000000008e200000, 0x000000008e200000| Untracked 
| 227|0x000000008e300000, 0x000000008e300000, 0x000000008e400000|  0%| F|  |TAMS 0x000000008e300000, 0x000000008e300000| Untracked 
| 228|0x000000008e400000, 0x000000008e400000, 0x000000008e500000|  0%| F|  |TAMS 0x000000008e400000, 0x000000008e400000| Untracked 
| 229|0x000000008e500000, 0x000000008e500000, 0x000000008e600000|  0%| F|  |TAMS 0x000000008e500000, 0x000000008e500000| Untracked 
| 230|0x000000008e600000, 0x000000008e600000, 0x000000008e700000|  0%| F|  |TAMS 0x000000008e600000, 0x000000008e600000| Untracked 
| 231|0x000000008e700000, 0x000000008e700000, 0x000000008e800000|  0%| F|  |TAMS 0x000000008e700000, 0x000000008e700000| Untracked 
| 232|0x000000008e800000, 0x000000008e800000, 0x000000008e900000|  0%| F|  |TAMS 0x000000008e800000, 0x000000008e800000| Untracked 
| 233|0x000000008e900000, 0x000000008e900000, 0x000000008ea00000|  0%| F|  |TAMS 0x000000008e900000, 0x000000008e900000| Untracked 
| 234|0x000000008ea00000, 0x000000008ea00000, 0x000000008eb00000|  0%| F|  |TAMS 0x000000008ea00000, 0x000000008ea00000| Untracked 
| 235|0x000000008eb00000, 0x000000008eb00000, 0x000000008ec00000|  0%| F|  |TAMS 0x000000008eb00000, 0x000000008eb00000| Untracked 
| 236|0x000000008ec00000, 0x000000008ec00000, 0x000000008ed00000|  0%| F|  |TAMS 0x000000008ec00000, 0x000000008ec00000| Untracked 
| 237|0x000000008ed00000, 0x000000008ed00000, 0x000000008ee00000|  0%| F|  |TAMS 0x000000008ed00000, 0x000000008ed00000| Untracked 
| 238|0x000000008ee00000, 0x000000008ee00000, 0x000000008ef00000|  0%| F|  |TAMS 0x000000008ee00000, 0x000000008ee00000| Untracked 
| 239|0x000000008ef00000, 0x000000008ef00000, 0x000000008f000000|  0%| F|  |TAMS 0x000000008ef00000, 0x000000008ef00000| Untracked 
| 240|0x000000008f000000, 0x000000008f000000, 0x000000008f100000|  0%| F|  |TAMS 0x000000008f000000, 0x000000008f000000| Untracked 
| 241|0x000000008f100000, 0x000000008f100000, 0x000000008f200000|  0%| F|  |TAMS 0x000000008f100000, 0x000000008f100000| Untracked 
| 242|0x000000008f200000, 0x000000008f200000, 0x000000008f300000|  0%| F|  |TAMS 0x000000008f200000, 0x000000008f200000| Untracked 
| 243|0x000000008f300000, 0x000000008f300000, 0x000000008f400000|  0%| F|  |TAMS 0x000000008f300000, 0x000000008f300000| Untracked 
| 244|0x000000008f400000, 0x000000008f400000, 0x000000008f500000|  0%| F|  |TAMS 0x000000008f400000, 0x000000008f400000| Untracked 
| 245|0x000000008f500000, 0x000000008f500000, 0x000000008f600000|  0%| F|  |TAMS 0x000000008f500000, 0x000000008f500000| Untracked 
| 246|0x000000008f600000, 0x000000008f600000, 0x000000008f700000|  0%| F|  |TAMS 0x000000008f600000, 0x000000008f600000| Untracked 
| 247|0x000000008f700000, 0x000000008f700000, 0x000000008f800000|  0%| F|  |TAMS 0x000000008f700000, 0x000000008f700000| Untracked 
| 248|0x000000008f800000, 0x000000008f800000, 0x000000008f900000|  0%| F|  |TAMS 0x000000008f800000, 0x000000008f800000| Untracked 
| 249|0x000000008f900000, 0x000000008f900000, 0x000000008fa00000|  0%| F|  |TAMS 0x000000008f900000, 0x000000008f900000| Untracked 
| 250|0x000000008fa00000, 0x000000008fa00000, 0x000000008fb00000|  0%| F|  |TAMS 0x000000008fa00000, 0x000000008fa00000| Untracked 
| 251|0x000000008fb00000, 0x000000008fb00000, 0x000000008fc00000|  0%| F|  |TAMS 0x000000008fb00000, 0x000000008fb00000| Untracked 
| 252|0x000000008fc00000, 0x000000008fc00000, 0x000000008fd00000|  0%| F|  |TAMS 0x000000008fc00000, 0x000000008fc00000| Untracked 
| 253|0x000000008fd00000, 0x000000008fd00000, 0x000000008fe00000|  0%| F|  |TAMS 0x000000008fd00000, 0x000000008fd00000| Untracked 
| 254|0x000000008fe00000, 0x000000008fe00000, 0x000000008ff00000|  0%| F|  |TAMS 0x000000008fe00000, 0x000000008fe00000| Untracked 
| 255|0x000000008ff00000, 0x000000008ff00000, 0x0000000090000000|  0%| F|  |TAMS 0x000000008ff00000, 0x000000008ff00000| Untracked 
| 256|0x0000000090000000, 0x0000000090000000, 0x0000000090100000|  0%| F|  |TAMS 0x0000000090000000, 0x0000000090000000| Untracked 
| 257|0x0000000090100000, 0x0000000090100000, 0x0000000090200000|  0%| F|  |TAMS 0x0000000090100000, 0x0000000090100000| Untracked 
| 258|0x0000000090200000, 0x0000000090200000, 0x0000000090300000|  0%| F|  |TAMS 0x0000000090200000, 0x0000000090200000| Untracked 
| 259|0x0000000090300000, 0x0000000090300000, 0x0000000090400000|  0%| F|  |TAMS 0x0000000090300000, 0x0000000090300000| Untracked 
| 260|0x0000000090400000, 0x0000000090400000, 0x0000000090500000|  0%| F|  |TAMS 0x0000000090400000, 0x0000000090400000| Untracked 
| 261|0x0000000090500000, 0x0000000090500000, 0x0000000090600000|  0%| F|  |TAMS 0x0000000090500000, 0x0000000090500000| Untracked 
| 262|0x0000000090600000, 0x0000000090600000, 0x0000000090700000|  0%| F|  |TAMS 0x0000000090600000, 0x0000000090600000| Untracked 
| 263|0x0000000090700000, 0x0000000090700000, 0x0000000090800000|  0%| F|  |TAMS 0x0000000090700000, 0x0000000090700000| Untracked 
| 264|0x0000000090800000, 0x0000000090800000, 0x0000000090900000|  0%| F|  |TAMS 0x0000000090800000, 0x0000000090800000| Untracked 

Card table byte_map: [0x0000024074bc0000,0x0000024074fc0000] _byte_map_base: 0x00000240747c0000

Marking Bits (Prev, Next): (CMBitMap*) 0x0000024071348250, (CMBitMap*) 0x0000024071348290
 Prev Bits: [0x00000240753c0000, 0x00000240773c0000)
 Next Bits: [0x00000240773c0000, 0x00000240793c0000)

Polling page: 0x000002406f1a0000

Metaspace:

Usage:
  Non-class:    111.17 MB used.
      Class:     17.46 MB used.
       Both:    128.64 MB used.

Virtual space:
  Non-class space:      112.00 MB reserved,     111.69 MB (>99%) committed,  14 nodes.
      Class space:        1.00 GB reserved,      17.94 MB (  2%) committed,  1 nodes.
             Both:        1.11 GB reserved,     129.62 MB ( 11%) committed. 

Chunk freelists:
   Non-Class:  362.00 KB
       Class:  1.91 MB
        Both:  2.26 MB

MaxMetaspaceSize: unlimited
CompressedClassSpaceSize: 1.00 GB
Initial GC threshold: 21.00 MB
Current GC threshold: 214.62 MB
CDS: off
MetaspaceReclaimPolicy: balanced
 - commit_granule_bytes: 65536.
 - commit_granule_words: 8192.
 - virtual_space_node_default_size: 1048576.
 - enlarge_chunks_in_place: 1.
 - new_chunks_are_fully_committed: 0.
 - uncommit_free_chunks: 1.
 - use_allocation_guard: 0.
 - handle_deallocations: 1.


Internal statistics:

num_allocs_failed_limit: 6.
num_arena_births: 1636.
num_arena_deaths: 8.
num_vsnodes_births: 15.
num_vsnodes_deaths: 0.
num_space_committed: 2073.
num_space_uncommitted: 0.
num_chunks_returned_to_freelist: 15.
num_chunks_taken_from_freelist: 6643.
num_chunk_merges: 3.
num_chunk_splits: 4359.
num_chunks_enlarged: 2878.
num_purges: 6.
num_inconsistent_stats: 0.

CodeHeap 'non-profiled nmethods': size=120000Kb used=9681Kb max_used=9681Kb free=110318Kb
 bounds [0x0000024007ad0000, 0x0000024008450000, 0x000002400f000000]
CodeHeap 'profiled nmethods': size=120000Kb used=29608Kb max_used=29608Kb free=90391Kb
 bounds [0x0000024000000000, 0x0000024001cf0000, 0x0000024007530000]
CodeHeap 'non-nmethods': size=5760Kb used=2524Kb max_used=2561Kb free=3235Kb
 bounds [0x0000024007530000, 0x00000240077c0000, 0x0000024007ad0000]
 total_blobs=16074 nmethods=15009 adapters=975
 compilation: enabled
              stopped_count=0, restarted_count=0
 full_count=0

Compilation events (20 events):
Event: 568.184 Thread 0x000002407b8e84e0 nmethod 18117 0x0000024001cea890 code [0x0000024001ceaa40, 0x0000024001ceadb8]
Event: 568.184 Thread 0x000002407b8e84e0 18118       3       java.lang.StringConcatHelper::mix (11 bytes)
Event: 568.184 Thread 0x000002407b8e84e0 nmethod 18118 0x0000024001ceaf10 code [0x0000024001ceb0c0, 0x0000024001ceb338]
Event: 568.184 Thread 0x000002407b8e84e0 18119       3       java.lang.StringConcatHelper::prepend (22 bytes)
Event: 568.184 Thread 0x000002407b8e84e0 nmethod 18119 0x0000024001ceb490 code [0x0000024001ceb660, 0x0000024001ceb8e8]
Event: 568.190 Thread 0x000002407b8e7b30 18120       4       java.nio.MappedByteBuffer::limit (6 bytes)
Event: 568.191 Thread 0x000002407b8e7b30 nmethod 18120 0x0000024008444410 code [0x0000024008444580, 0x0000024008444678]
Event: 568.191 Thread 0x000002407b8e7b30 18121       4       sun.nio.ch.Util$BufferCache::get (164 bytes)
Event: 568.195 Thread 0x000002407b8e84e0 18123       3       net.rubygrapefruit.platform.internal.jni.AbstractFileEventFunctions$NativeFileWatcherCallback::queueEvent (39 bytes)
Event: 568.196 Thread 0x000002407b8e84e0 nmethod 18123 0x0000024001ceba10 code [0x0000024001cebc00, 0x0000024001cec138]
Event: 568.196 Thread 0x000002407b8e84e0 18124       3       org.gradle.internal.watch.registry.impl.DefaultFileWatcherRegistry$1::<init> (15 bytes)
Event: 568.196 Thread 0x000002407b8e84e0 nmethod 18124 0x0000024001cec310 code [0x0000024001cec4c0, 0x0000024001cec6d8]
Event: 568.196 Thread 0x000002407b8e84e0 18125       3       net.rubygrapefruit.platform.internal.jni.AbstractFileEventFunctions$ChangeEvent::handleEvent (15 bytes)
Event: 568.197 Thread 0x000002407b8e84e0 nmethod 18125 0x0000024001cec790 code [0x0000024001cec940, 0x0000024001cecae8]
Event: 568.197 Thread 0x000002407b8e84e0 18126       3       org.gradle.internal.watch.registry.impl.DefaultFileWatcherRegistry$1::handleChangeEvent (45 bytes)
Event: 568.198 Thread 0x000002407b8e84e0 nmethod 18126 0x0000024001cecc10 code [0x0000024001cece60, 0x0000024001ced7d8]
Event: 568.198 Thread 0x000002407b8e84e0 18127       3       org.gradle.internal.watch.registry.impl.DefaultFileWatcherRegistry$MutableFileWatchingStatistics::eventReceived (11 bytes)
Event: 568.198 Thread 0x000002407b8e84e0 nmethod 18127 0x0000024001cedc10 code [0x0000024001cedda0, 0x0000024001cedeb8]
Event: 568.198 Thread 0x000002407b8e84e0 18128       3       org.gradle.internal.watch.registry.impl.AbstractFileWatcherUpdater::triggerWatchProbe (11 bytes)
Event: 568.198 Thread 0x000002407b8e84e0 nmethod 18128 0x0000024001cedf90 code [0x0000024001cee140, 0x0000024001cee2c8]

GC Heap History (20 events):
Event: 444.768 GC heap after
{Heap after GC invocations=66 (full 0):
 garbage-first heap   total 191488K, used 112087K [0x0000000080000000, 0x0000000100000000)
  region size 1024K, 2 young (2048K), 2 survivors (2048K)
 Metaspace       used 124179K, committed 125120K, reserved 1163264K
  class space    used 17137K, committed 17600K, reserved 1048576K
}
Event: 446.902 GC heap before
{Heap before GC invocations=66 (full 0):
 garbage-first heap   total 191488K, used 155095K [0x0000000080000000, 0x0000000100000000)
  region size 1024K, 45 young (46080K), 2 survivors (2048K)
 Metaspace       used 124933K, committed 125760K, reserved 1163264K
  class space    used 17184K, committed 17600K, reserved 1048576K
}
Event: 446.917 GC heap after
{Heap after GC invocations=67 (full 0):
 garbage-first heap   total 191488K, used 117760K [0x0000000080000000, 0x0000000100000000)
  region size 1024K, 6 young (6144K), 6 survivors (6144K)
 Metaspace       used 124933K, committed 125760K, reserved 1163264K
  class space    used 17184K, committed 17600K, reserved 1048576K
}
Event: 448.637 GC heap before
{Heap before GC invocations=68 (full 0):
 garbage-first heap   total 208896K, used 158720K [0x0000000080000000, 0x0000000100000000)
  region size 1024K, 45 young (46080K), 6 survivors (6144K)
 Metaspace       used 127536K, committed 128384K, reserved 1163264K
  class space    used 17501K, committed 17920K, reserved 1048576K
}
Event: 448.675 GC heap after
{Heap after GC invocations=69 (full 0):
 garbage-first heap   total 208896K, used 134144K [0x0000000080000000, 0x0000000100000000)
  region size 1024K, 6 young (6144K), 6 survivors (6144K)
 Metaspace       used 127536K, committed 128384K, reserved 1163264K
  class space    used 17501K, committed 17920K, reserved 1048576K
}
Event: 448.743 GC heap before
{Heap before GC invocations=69 (full 0):
 garbage-first heap   total 208896K, used 138240K [0x0000000080000000, 0x0000000100000000)
  region size 1024K, 10 young (10240K), 6 survivors (6144K)
 Metaspace       used 127542K, committed 128384K, reserved 1163264K
  class space    used 17501K, committed 17920K, reserved 1048576K
}
Event: 448.769 GC heap after
{Heap after GC invocations=70 (full 0):
 garbage-first heap   total 208896K, used 137216K [0x0000000080000000, 0x0000000100000000)
  region size 1024K, 2 young (2048K), 2 survivors (2048K)
 Metaspace       used 127542K, committed 128384K, reserved 1163264K
  class space    used 17501K, committed 17920K, reserved 1048576K
}
Event: 448.817 GC heap before
{Heap before GC invocations=70 (full 0):
 garbage-first heap   total 208896K, used 139264K [0x0000000080000000, 0x0000000100000000)
  region size 1024K, 5 young (5120K), 2 survivors (2048K)
 Metaspace       used 127560K, committed 128448K, reserved 1163264K
  class space    used 17502K, committed 17920K, reserved 1048576K
}
Event: 448.832 GC heap after
{Heap after GC invocations=71 (full 0):
 garbage-first heap   total 208896K, used 141304K [0x0000000080000000, 0x0000000100000000)
  region size 1024K, 4 young (4096K), 4 survivors (4096K)
 Metaspace       used 127560K, committed 128448K, reserved 1163264K
  class space    used 17502K, committed 17920K, reserved 1048576K
}
Event: 450.591 GC heap before
{Heap before GC invocations=72 (full 0):
 garbage-first heap   total 271360K, used 176120K [0x0000000080000000, 0x0000000100000000)
  region size 1024K, 22 young (22528K), 4 survivors (4096K)
 Metaspace       used 129487K, committed 130304K, reserved 1163264K
  class space    used 17680K, committed 18048K, reserved 1048576K
}
Event: 450.609 GC heap after
{Heap after GC invocations=73 (full 0):
 garbage-first heap   total 271360K, used 142842K [0x0000000080000000, 0x0000000100000000)
  region size 1024K, 2 young (2048K), 2 survivors (2048K)
 Metaspace       used 129487K, committed 130304K, reserved 1163264K
  class space    used 17680K, committed 18048K, reserved 1048576K
}
Event: 451.425 GC heap before
{Heap before GC invocations=73 (full 0):
 garbage-first heap   total 271360K, used 153082K [0x0000000080000000, 0x0000000100000000)
  region size 1024K, 13 young (13312K), 2 survivors (2048K)
 Metaspace       used 130248K, committed 131072K, reserved 1163264K
  class space    used 17763K, committed 18176K, reserved 1048576K
}
Event: 451.435 GC heap after
{Heap after GC invocations=74 (full 0):
 garbage-first heap   total 271360K, used 140202K [0x0000000080000000, 0x0000000100000000)
  region size 1024K, 1 young (1024K), 1 survivors (1024K)
 Metaspace       used 130248K, committed 131072K, reserved 1163264K
  class space    used 17763K, committed 18176K, reserved 1048576K
}
Event: 473.406 GC heap before
{Heap before GC invocations=74 (full 0):
 garbage-first heap   total 271360K, used 186282K [0x0000000080000000, 0x0000000100000000)
  region size 1024K, 48 young (49152K), 1 survivors (1024K)
 Metaspace       used 130850K, committed 131776K, reserved 1163264K
  class space    used 17828K, committed 18304K, reserved 1048576K
}
Event: 473.420 GC heap after
{Heap after GC invocations=75 (full 0):
 garbage-first heap   total 271360K, used 143410K [0x0000000080000000, 0x0000000100000000)
  region size 1024K, 5 young (5120K), 5 survivors (5120K)
 Metaspace       used 130850K, committed 131776K, reserved 1163264K
  class space    used 17828K, committed 18304K, reserved 1048576K
}
Event: 561.136 GC heap before
{Heap before GC invocations=76 (full 0):
 garbage-first heap   total 271360K, used 193586K [0x0000000080000000, 0x0000000100000000)
  region size 1024K, 56 young (57344K), 5 survivors (5120K)
 Metaspace       used 131199K, committed 132096K, reserved 1163264K
  class space    used 17859K, committed 18304K, reserved 1048576K
}
Event: 561.151 GC heap after
{Heap after GC invocations=77 (full 0):
 garbage-first heap   total 271360K, used 131635K [0x0000000080000000, 0x0000000100000000)
  region size 1024K, 5 young (5120K), 5 survivors (5120K)
 Metaspace       used 131199K, committed 132096K, reserved 1163264K
  class space    used 17859K, committed 18304K, reserved 1048576K
}
Event: 561.368 GC heap before
{Heap before GC invocations=77 (full 0):
 garbage-first heap   total 271360K, used 139827K [0x0000000080000000, 0x0000000100000000)
  region size 1024K, 13 young (13312K), 5 survivors (5120K)
 Metaspace       used 131287K, committed 132224K, reserved 1163264K
  class space    used 17860K, committed 18304K, reserved 1048576K
}
Event: 561.388 GC heap after
{Heap after GC invocations=78 (full 0):
 garbage-first heap   total 271360K, used 126078K [0x0000000080000000, 0x0000000100000000)
  region size 1024K, 2 young (2048K), 2 survivors (2048K)
 Metaspace       used 131287K, committed 132224K, reserved 1163264K
  class space    used 17860K, committed 18304K, reserved 1048576K
}
Event: 568.200 GC heap before
{Heap before GC invocations=78 (full 0):
 garbage-first heap   total 271360K, used 164990K [0x0000000080000000, 0x0000000100000000)
  region size 1024K, 42 young (43008K), 2 survivors (2048K)
 Metaspace       used 131723K, committed 132736K, reserved 1163264K
  class space    used 17882K, committed 18368K, reserved 1048576K
}

Dll operation events (2 events):
Event: 0.081 Loaded shared library C:\Program Files\Android\Android Studio\jbr\bin\java.dll
Event: 1.052 Loaded shared library C:\Program Files\Android\Android Studio\jbr\bin\verify.dll

Deoptimization events (20 events):
Event: 568.109 Thread 0x000002407f6b57d0 Uncommon trap: trap_request=0xffffffde fr.pc=0x00000240080deca8 relative=0x0000000000000088
Event: 568.109 Thread 0x000002407f6b57d0 Uncommon trap: reason=class_check action=maybe_recompile pc=0x00000240080deca8 method=java.security.MessageDigest$Delegate.engineDigest([BII)I @ 7 c2
Event: 568.109 Thread 0x000002407f6b57d0 DEOPT PACKING pc=0x00000240080deca8 sp=0x000000c8daafccd0
Event: 568.109 Thread 0x000002407f6b57d0 DEOPT UNPACKING pc=0x00000240075869a3 sp=0x000000c8daafcbe8 mode 2
Event: 568.119 Thread 0x0000024011bd59d0 Uncommon trap: trap_request=0xffffffc6 fr.pc=0x00000240080a1a14 relative=0x00000000000002d4
Event: 568.119 Thread 0x0000024011bd59d0 Uncommon trap: reason=bimorphic_or_optimized_type_check action=maybe_recompile pc=0x00000240080a1a14 method=org.gradle.internal.snapshot.ChildMapFactory.childMapFromSorted(Ljava/util/List;)Lorg/gradle/internal/snapshot/ChildMap; @ 1 c2
Event: 568.119 Thread 0x0000024011bd59d0 DEOPT PACKING pc=0x00000240080a1a14 sp=0x000000c8d9cfce40
Event: 568.119 Thread 0x0000024011bd59d0 DEOPT UNPACKING pc=0x00000240075869a3 sp=0x000000c8d9cfce08 mode 2
Event: 568.143 Thread 0x000002407f6b7e50 DEOPT PACKING pc=0x00000240013130cb sp=0x000000c8da9fd770
Event: 568.143 Thread 0x000002407f6b7e50 DEOPT UNPACKING pc=0x0000024007587143 sp=0x000000c8da9fcc48 mode 0
Event: 568.166 Thread 0x000002407f6b7e50 DEOPT PACKING pc=0x00000240013130cb sp=0x000000c8da9fd700
Event: 568.166 Thread 0x000002407f6b7e50 DEOPT UNPACKING pc=0x0000024007587143 sp=0x000000c8da9fcbd8 mode 0
Event: 568.183 Thread 0x000002407f6b7e50 Uncommon trap: trap_request=0xffffffde fr.pc=0x0000024007f0d51c relative=0x0000000000000afc
Event: 568.183 Thread 0x000002407f6b7e50 Uncommon trap: reason=class_check action=maybe_recompile pc=0x0000024007f0d51c method=com.google.common.collect.ImmutableMap.copyOf(Ljava/lang/Iterable;)Lcom/google/common/collect/ImmutableMap; @ 50 c2
Event: 568.183 Thread 0x000002407f6b7e50 DEOPT PACKING pc=0x0000024007f0d51c sp=0x000000c8da9fe160
Event: 568.183 Thread 0x000002407f6b7e50 DEOPT UNPACKING pc=0x00000240075869a3 sp=0x000000c8da9fe0c8 mode 2
Event: 568.195 Thread 0x000002407f6b7e50 Uncommon trap: trap_request=0xffffffc6 fr.pc=0x00000240082e4ae4 relative=0x00000000000000c4
Event: 568.195 Thread 0x000002407f6b7e50 Uncommon trap: reason=bimorphic_or_optimized_type_check action=maybe_recompile pc=0x00000240082e4ae4 method=com.google.common.collect.TransformedIterator.hasNext()Z @ 4 c2
Event: 568.195 Thread 0x000002407f6b7e50 DEOPT PACKING pc=0x00000240082e4ae4 sp=0x000000c8da9fdfd0
Event: 568.195 Thread 0x000002407f6b7e50 DEOPT UNPACKING pc=0x00000240075869a3 sp=0x000000c8da9fdf70 mode 2

Classes unloaded (4 events):
Event: 53.999 Thread 0x000002407b8c6720 Unloading class 0x0000000100d94800 'java/lang/invoke/LambdaForm$DMH+0x0000000100d94800'
Event: 53.999 Thread 0x000002407b8c6720 Unloading class 0x0000000100d94000 'java/lang/invoke/LambdaForm$DMH+0x0000000100d94000'
Event: 59.802 Thread 0x000002407b8c6720 Unloading class 0x0000000100d9c400 'java/lang/invoke/LambdaForm$DMH+0x0000000100d9c400'
Event: 86.157 Thread 0x000002407b8c6720 Unloading class 0x0000000100eac000 'jdk/internal/reflect/GeneratedSerializationConstructorAccessor123'

Classes redefined (0 events):
No events

Internal exceptions (20 events):
Event: 560.886 Thread 0x000002407d567610 Exception <a 'sun/nio/fs/WindowsException'{0x000000008de00dc8}> (0x000000008de00dc8) 
thrown [s\src\hotspot\share\prims\jni.cpp, line 517]
Event: 561.276 Thread 0x000002407d567610 Exception <a 'sun/nio/fs/WindowsException'{0x00000000904abfd8}> (0x00000000904abfd8) 
thrown [s\src\hotspot\share\prims\jni.cpp, line 517]
Event: 561.296 Thread 0x000002407d567610 Exception <a 'sun/nio/fs/WindowsException'{0x000000009034ab28}> (0x000000009034ab28) 
thrown [s\src\hotspot\share\prims\jni.cpp, line 517]
Event: 561.296 Thread 0x000002407d567610 Exception <a 'sun/nio/fs/WindowsException'{0x000000009034bef8}> (0x000000009034bef8) 
thrown [s\src\hotspot\share\prims\jni.cpp, line 517]
Event: 561.296 Thread 0x000002407d567610 Exception <a 'sun/nio/fs/WindowsException'{0x000000009034d318}> (0x000000009034d318) 
thrown [s\src\hotspot\share\prims\jni.cpp, line 517]
Event: 561.296 Thread 0x000002407d567610 Exception <a 'sun/nio/fs/WindowsException'{0x000000009034e738}> (0x000000009034e738) 
thrown [s\src\hotspot\share\prims\jni.cpp, line 517]
Event: 561.532 Thread 0x0000024011bd59d0 Exception <a 'sun/nio/fs/WindowsException'{0x00000000906a2fa8}> (0x00000000906a2fa8) 
thrown [s\src\hotspot\share\prims\jni.cpp, line 517]
Event: 563.307 Thread 0x0000024011bd59d0 Exception <a 'sun/nio/fs/WindowsException'{0x000000008f18b580}> (0x000000008f18b580) 
thrown [s\src\hotspot\share\prims\jni.cpp, line 517]
Event: 563.374 Thread 0x0000024011bd41c0 Exception <a 'java/lang/InterruptedException'{0x000000008ee1db78}> (0x000000008ee1db78) 
thrown [s\src\hotspot\share\runtime\objectMonitor.cpp, line 1648]
Event: 563.490 Thread 0x0000024011bd59d0 Exception <a 'sun/nio/fs/WindowsException'{0x000000008eb723f0}> (0x000000008eb723f0) 
thrown [s\src\hotspot\share\prims\jni.cpp, line 517]
Event: 563.512 Thread 0x0000024011bd59d0 Exception <a 'sun/nio/fs/WindowsException'{0x000000008ea2d868}> (0x000000008ea2d868) 
thrown [s\src\hotspot\share\prims\jni.cpp, line 517]
Event: 567.798 Thread 0x0000024011bd59d0 Exception <a 'sun/nio/fs/WindowsException'{0x000000008e972ce0}> (0x000000008e972ce0) 
thrown [s\src\hotspot\share\prims\jni.cpp, line 517]
Event: 567.799 Thread 0x0000024011bd59d0 Exception <a 'sun/nio/fs/WindowsException'{0x000000008e974a48}> (0x000000008e974a48) 
thrown [s\src\hotspot\share\prims\jni.cpp, line 517]
Event: 567.799 Thread 0x0000024011bd59d0 Exception <a 'sun/nio/fs/WindowsException'{0x000000008e976650}> (0x000000008e976650) 
thrown [s\src\hotspot\share\prims\jni.cpp, line 517]
Event: 567.922 Thread 0x0000024011bd3820 Exception <a 'sun/nio/fs/WindowsException'{0x000000008e76eb70}> (0x000000008e76eb70) 
thrown [s\src\hotspot\share\prims\jni.cpp, line 517]
Event: 568.003 Thread 0x0000024011bd3820 Exception <a 'sun/nio/fs/WindowsException'{0x000000008e402ee0}> (0x000000008e402ee0) 
thrown [s\src\hotspot\share\prims\jni.cpp, line 517]
Event: 568.066 Thread 0x0000024011bd6840 Exception <a 'sun/nio/fs/WindowsException'{0x000000008e4af368}> (0x000000008e4af368) 
thrown [s\src\hotspot\share\prims\jni.cpp, line 517]
Event: 568.066 Thread 0x0000024011bd6840 Exception <a 'sun/nio/fs/WindowsException'{0x000000008e4af7b8}> (0x000000008e4af7b8) 
thrown [s\src\hotspot\share\prims\jni.cpp, line 517]
Event: 568.091 Thread 0x000002407f6b57d0 Exception <a 'sun/nio/fs/WindowsException'{0x000000008e4c85c0}> (0x000000008e4c85c0) 
thrown [s\src\hotspot\share\prims\jni.cpp, line 517]
Event: 568.109 Thread 0x000002407f6b57d0 Exception <a 'sun/nio/fs/WindowsException'{0x000000008e3a37b0}> (0x000000008e3a37b0) 
thrown [s\src\hotspot\share\prims\jni.cpp, line 517]

VM Operations (20 events):
Event: 475.653 Executing VM operation: Cleanup done
Event: 477.666 Executing VM operation: Cleanup
Event: 477.666 Executing VM operation: Cleanup done
Event: 550.695 Executing VM operation: Cleanup
Event: 550.695 Executing VM operation: Cleanup done
Event: 559.705 Executing VM operation: Cleanup
Event: 559.705 Executing VM operation: Cleanup done
Event: 560.706 Executing VM operation: Cleanup
Event: 560.718 Executing VM operation: Cleanup done
Event: 561.136 Executing VM operation: G1CollectForAllocation
Event: 561.152 Executing VM operation: G1CollectForAllocation done
Event: 561.368 Executing VM operation: G1CollectForAllocation
Event: 561.391 Executing VM operation: G1CollectForAllocation done
Event: 562.370 Executing VM operation: ICBufferFull
Event: 562.371 Executing VM operation: ICBufferFull done
Event: 563.371 Executing VM operation: Cleanup
Event: 563.372 Executing VM operation: Cleanup done
Event: 565.372 Executing VM operation: Cleanup
Event: 565.372 Executing VM operation: Cleanup done
Event: 568.199 Executing VM operation: G1TryInitiateConcMark

Events (20 events):
Event: 560.834 Thread 0x0000024011bd29b0 Thread added: 0x0000024011bd29b0
Event: 561.470 Thread 0x0000024011bd59d0 Thread added: 0x0000024011bd59d0
Event: 561.471 Thread 0x0000024011bd8ec0 Thread added: 0x0000024011bd8ec0
Event: 561.471 Thread 0x0000024011bd9390 Thread added: 0x0000024011bd9390
Event: 561.472 Thread 0x0000024011bd9860 Thread added: 0x0000024011bd9860
Event: 561.479 Thread 0x0000024011bd2e80 Thread added: 0x0000024011bd2e80
Event: 562.822 Thread 0x000002400f406720 Thread exited: 0x000002400f406720
Event: 563.288 Thread 0x0000024011bd3820 Thread added: 0x0000024011bd3820
Event: 563.359 Thread 0x0000024011bd41c0 Thread added: 0x0000024011bd41c0
Event: 563.393 Thread 0x0000024011bd6370 Thread added: 0x0000024011bd6370
Event: 563.408 Thread 0x000002400f4099c0 Thread added: 0x000002400f4099c0
Event: 565.224 Thread 0x000002400f4099c0 Thread exited: 0x000002400f4099c0
Event: 565.254 Thread 0x0000024011bd5ea0 Thread added: 0x0000024011bd5ea0
Event: 565.279 loading class java/rmi/server/Unreferenced
Event: 565.279 loading class java/rmi/server/Unreferenced done
Event: 567.913 Thread 0x0000024011bd6840 Thread added: 0x0000024011bd6840
Event: 567.914 Thread 0x000002407f6b7e50 Thread added: 0x000002407f6b7e50
Event: 567.915 Thread 0x000002407f6b57d0 Thread added: 0x000002407f6b57d0
Event: 567.919 Thread 0x000002407f6b27b0 Thread added: 0x000002407f6b27b0
Event: 568.199 Thread 0x000002407f6b6b10 Thread added: 0x000002407f6b6b10


Dynamic libraries:
0x00007ff64e1f0000 - 0x00007ff64e1fa000 	C:\Program Files\Android\Android Studio\jbr\bin\java.exe
0x00007ffe79590000 - 0x00007ffe79788000 	C:\Windows\SYSTEM32\ntdll.dll
0x00007ffe79490000 - 0x00007ffe7954d000 	C:\Windows\System32\KERNEL32.DLL
0x00007ffe76e40000 - 0x00007ffe77136000 	C:\Windows\System32\KERNELBASE.dll
0x00007ffe76c70000 - 0x00007ffe76d70000 	C:\Windows\System32\ucrtbase.dll
0x00007ffe5c4c0000 - 0x00007ffe5c4d7000 	C:\Program Files\Android\Android Studio\jbr\bin\jli.dll
0x00007ffe787a0000 - 0x00007ffe7893e000 	C:\Windows\System32\USER32.dll
0x00007ffe76e10000 - 0x00007ffe76e32000 	C:\Windows\System32\win32u.dll
0x00007ffe78b60000 - 0x00007ffe78b8c000 	C:\Windows\System32\GDI32.dll
0x00007ffe77250000 - 0x00007ffe7736a000 	C:\Windows\System32\gdi32full.dll
0x00007ffe76d70000 - 0x00007ffe76e0d000 	C:\Windows\System32\msvcp_win.dll
0x00007ffe66730000 - 0x00007ffe669ca000 	C:\Windows\WinSxS\amd64_microsoft.windows.common-controls_6595b64144ccf1df_6.0.19041.1110_none_60b5254171f9507e\COMCTL32.dll
0x00007ffe78650000 - 0x00007ffe786ee000 	C:\Windows\System32\msvcrt.dll
0x00007ffe5c480000 - 0x00007ffe5c49b000 	C:\Program Files\Android\Android Studio\jbr\bin\VCRUNTIME140.dll
0x00007ffe789c0000 - 0x00007ffe789f0000 	C:\Windows\System32\IMM32.DLL
0x00007ffe5d4c0000 - 0x00007ffe5d4cc000 	C:\Program Files\Android\Android Studio\jbr\bin\vcruntime140_1.dll
0x00007ffe51ac0000 - 0x00007ffe51b4d000 	C:\Program Files\Android\Android Studio\jbr\bin\msvcp140.dll
0x00007ffe20d70000 - 0x00007ffe219de000 	C:\Program Files\Android\Android Studio\jbr\bin\server\jvm.dll
0x00007ffe77a00000 - 0x00007ffe77aae000 	C:\Windows\System32\ADVAPI32.dll
0x00007ffe775f0000 - 0x00007ffe7768c000 	C:\Windows\System32\sechost.dll
0x00007ffe77cc0000 - 0x00007ffe77de6000 	C:\Windows\System32\RPCRT4.dll
0x00007ffe66b10000 - 0x00007ffe66b19000 	C:\Windows\SYSTEM32\WSOCK32.dll
0x00007ffe69ea0000 - 0x00007ffe69eaa000 	C:\Windows\SYSTEM32\VERSION.dll
0x00007ffe78a00000 - 0x00007ffe78a6b000 	C:\Windows\System32\WS2_32.dll
0x00007ffe69760000 - 0x00007ffe69787000 	C:\Windows\SYSTEM32\WINMM.dll
0x00007ffe74ce0000 - 0x00007ffe74cf2000 	C:\Windows\SYSTEM32\kernel.appcore.dll
0x00007ffe647b0000 - 0x00007ffe647ba000 	C:\Program Files\Android\Android Studio\jbr\bin\jimage.dll
0x00007ffe60280000 - 0x00007ffe60464000 	C:\Windows\SYSTEM32\DBGHELP.DLL
0x00007ffe60200000 - 0x00007ffe60234000 	C:\Windows\SYSTEM32\dbgcore.DLL
0x00007ffe771c0000 - 0x00007ffe77242000 	C:\Windows\System32\bcryptPrimitives.dll
0x00007ffe5c990000 - 0x00007ffe5c9b5000 	C:\Program Files\Android\Android Studio\jbr\bin\java.dll
0x00007ffe5e470000 - 0x00007ffe5e488000 	C:\Program Files\Android\Android Studio\jbr\bin\zip.dll
0x00007ffe78d40000 - 0x00007ffe79485000 	C:\Windows\System32\SHELL32.dll
0x00007ffe74d00000 - 0x00007ffe7549b000 	C:\Windows\SYSTEM32\windows.storage.dll
0x00007ffe77690000 - 0x00007ffe779e4000 	C:\Windows\System32\combase.dll
0x00007ffe76640000 - 0x00007ffe7666e000 	C:\Windows\SYSTEM32\Wldp.dll
0x00007ffe77f20000 - 0x00007ffe77fcd000 	C:\Windows\System32\SHCORE.dll
0x00007ffe78cc0000 - 0x00007ffe78d15000 	C:\Windows\System32\shlwapi.dll
0x00007ffe76ba0000 - 0x00007ffe76bc5000 	C:\Windows\SYSTEM32\profapi.dll
0x00007ffe5c840000 - 0x00007ffe5c859000 	C:\Program Files\Android\Android Studio\jbr\bin\net.dll
0x00007ffe6ac40000 - 0x00007ffe6ad4a000 	C:\Windows\SYSTEM32\WINHTTP.dll
0x00007ffe763a0000 - 0x00007ffe7640a000 	C:\Windows\system32\mswsock.dll
0x00007ffe5c820000 - 0x00007ffe5c836000 	C:\Program Files\Android\Android Studio\jbr\bin\nio.dll
0x00007ffe63030000 - 0x00007ffe63040000 	C:\Program Files\Android\Android Studio\jbr\bin\verify.dll
0x00007ffe5b450000 - 0x00007ffe5b477000 	C:\Users\refrizar.dwiardito\.gradle\native\68d5fa5c4cc2d200863cafc0d521ce42e7d3e7ee720ec0a83991735586a16f82\windows-amd64\native-platform.dll
0x00007ffe45920000 - 0x00007ffe45a64000 	C:\Users\refrizar.dwiardito\.gradle\native\e376f236ea51e6404a007f0833ffe2c6e607c4080706a723a18a27aeea778392\windows-amd64\native-platform-file-events.dll
0x00007ffe62c50000 - 0x00007ffe62c59000 	C:\Program Files\Android\Android Studio\jbr\bin\management.dll
0x00007ffe60dc0000 - 0x00007ffe60dcb000 	C:\Program Files\Android\Android Studio\jbr\bin\management_ext.dll
0x00007ffe77df0000 - 0x00007ffe77df8000 	C:\Windows\System32\PSAPI.DLL
0x00007ffe765a0000 - 0x00007ffe765b8000 	C:\Windows\SYSTEM32\CRYPTSP.dll
0x00007ffe75c50000 - 0x00007ffe75c84000 	C:\Windows\system32\rsaenh.dll
0x00007ffe77190000 - 0x00007ffe771b7000 	C:\Windows\System32\bcrypt.dll
0x00007ffe76b60000 - 0x00007ffe76b8e000 	C:\Windows\SYSTEM32\USERENV.dll
0x00007ffe76590000 - 0x00007ffe7659c000 	C:\Windows\SYSTEM32\CRYPTBASE.dll
0x00007ffe76090000 - 0x00007ffe760cb000 	C:\Windows\SYSTEM32\IPHLPAPI.DLL
0x00007ffe789f0000 - 0x00007ffe789f8000 	C:\Windows\System32\NSI.dll
0x00007ffe6d4a0000 - 0x00007ffe6d4b7000 	C:\Windows\SYSTEM32\dhcpcsvc6.DLL
0x00007ffe6ba50000 - 0x00007ffe6ba6d000 	C:\Windows\SYSTEM32\dhcpcsvc.DLL
0x00007ffe760d0000 - 0x00007ffe7619a000 	C:\Windows\SYSTEM32\DNSAPI.dll
0x00007ffe60c20000 - 0x00007ffe60c27000 	C:\Windows\system32\wshunix.dll
0x00007ffe6b100000 - 0x00007ffe6b10a000 	C:\Windows\System32\rasadhlp.dll
0x00007ffe6a270000 - 0x00007ffe6a2f2000 	C:\Windows\System32\fwpuclnt.dll
0x00007ffe5c860000 - 0x00007ffe5c877000 	C:\Windows\system32\napinsp.dll
0x00007ffe5c600000 - 0x00007ffe5c61b000 	C:\Windows\system32\pnrpnsp.dll
0x00007ffe6f470000 - 0x00007ffe6f485000 	C:\Windows\system32\wshbth.dll
0x00007ffe71f80000 - 0x00007ffe71f9d000 	C:\Windows\system32\NLAapi.dll
0x00007ffe5c5e0000 - 0x00007ffe5c5f2000 	C:\Windows\System32\winrnr.dll
0x00007ffe738e0000 - 0x00007ffe738fe000 	C:\Users\refrizar.dwiardito\AppData\Local\Temp\native-platform7731576542005021394dir\native-platform.dll
0x00007ffe73880000 - 0x00007ffe73887000 	C:\Program Files\Android\Android Studio\jbr\bin\rmi.dll
0x00007ffe75d70000 - 0x00007ffe75da3000 	C:\Windows\SYSTEM32\ntmarta.dll

dbghelp: loaded successfully - version: 4.0.5 - missing functions: none
symbol engine: initialized successfully - sym options: 0x614 - pdb path: .;C:\Program Files\Android\Android Studio\jbr\bin;C:\Windows\SYSTEM32;C:\Windows\WinSxS\amd64_microsoft.windows.common-controls_6595b64144ccf1df_6.0.19041.1110_none_60b5254171f9507e;C:\Program Files\Android\Android Studio\jbr\bin\server;C:\Users\refrizar.dwiardito\.gradle\native\68d5fa5c4cc2d200863cafc0d521ce42e7d3e7ee720ec0a83991735586a16f82\windows-amd64;C:\Users\refrizar.dwiardito\.gradle\native\e376f236ea51e6404a007f0833ffe2c6e607c4080706a723a18a27aeea778392\windows-amd64;C:\Users\refrizar.dwiardito\AppData\Local\Temp\native-platform7731576542005021394dir

VM Arguments:
jvm_args: --add-opens=java.base/java.util=ALL-UNNAMED --add-opens=java.base/java.lang=ALL-UNNAMED --add-opens=java.base/java.lang.invoke=ALL-UNNAMED --add-opens=java.prefs/java.util.prefs=ALL-UNNAMED --add-opens=java.base/java.nio.charset=ALL-UNNAMED --add-opens=java.base/java.net=ALL-UNNAMED --add-opens=java.base/java.util.concurrent.atomic=ALL-UNNAMED -Xmx2048m -Dfile.encoding=UTF-8 -Duser.country=US -Duser.language=en -Duser.variant 
java_command: org.gradle.launcher.daemon.bootstrap.GradleDaemon 8.0
java_class_path (initial): C:\Users\refrizar.dwiardito\.gradle\wrapper\dists\gradle-8.0-bin\ca5e32bp14vu59qr306oxotwh\gradle-8.0\lib\gradle-launcher-8.0.jar
Launcher Type: SUN_STANDARD

[Global flags]
     intx CICompilerCount                          = 3                                         {product} {ergonomic}
     uint ConcGCThreads                            = 1                                         {product} {ergonomic}
     uint G1ConcRefinementThreads                  = 4                                         {product} {ergonomic}
   size_t G1HeapRegionSize                         = 1048576                                   {product} {ergonomic}
    uintx GCDrainStackTargetSize                   = 64                                        {product} {ergonomic}
   size_t InitialHeapSize                          = 134217728                                 {product} {ergonomic}
   size_t MarkStackSize                            = 4194304                                   {product} {ergonomic}
   size_t MaxHeapSize                              = 2147483648                                {product} {command line}
   size_t MaxNewSize                               = 1287651328                                {product} {ergonomic}
   size_t MinHeapDeltaBytes                        = 1048576                                   {product} {ergonomic}
   size_t MinHeapSize                              = 8388608                                   {product} {ergonomic}
    uintx NonNMethodCodeHeapSize                   = 5832780                                {pd product} {ergonomic}
    uintx NonProfiledCodeHeapSize                  = 122912730                              {pd product} {ergonomic}
    uintx ProfiledCodeHeapSize                     = 122912730                              {pd product} {ergonomic}
    uintx ReservedCodeCacheSize                    = 251658240                              {pd product} {ergonomic}
     bool SegmentedCodeCache                       = true                                      {product} {ergonomic}
   size_t SoftMaxHeapSize                          = 2147483648                             {manageable} {ergonomic}
     bool UseCompressedClassPointers               = true                           {product lp64_product} {ergonomic}
     bool UseCompressedOops                        = true                           {product lp64_product} {ergonomic}
     bool UseG1GC                                  = true                                      {product} {ergonomic}
     bool UseLargePagesIndividualAllocation        = false                                  {pd product} {ergonomic}

Logging:
Log output configuration:
 #0: stdout all=warning uptime,level,tags
 #1: stderr all=off uptime,level,tags

Environment Variables:
JAVA_HOME=C:\Users\refrizar.dwiardito\.jdks\openjdk-21
PATH=C:\Program Files\Common Files\Oracle\Java\javapath;C:\Windows\system32;C:\Windows;C:\Windows\System32\Wbem;C:\Windows\System32\WindowsPowerShell\v1.0\;C:\Windows\System32\OpenSSH\;C:\Program Files\mingw-w64\x86_64-8.1.0-posix-seh-rt_v6-rev0\mingw64\bin;C:\Users\refrizar.dwiardito\AppData\Local\Programs\Python\Python310\Scripts;C:\Users\refrizar.dwiardito\.jdks\openjdk-21\bin;C:\Program Files\PuTTY\;C:\Program Files\gradle-8.3\bin;C:\Program Files\Git\cmd;C:\Users\refrizar.dwiardito\AppData\Local\Programs\Python\Python310\Scripts\;C:\Users\refrizar.dwiardito\AppData\Local\Programs\Python\Python310\;C:\Users\refrizar.dwiardito\AppData\Local\Microsoft\WindowsApps;;C:\Users\refrizar.dwiardito\AppData\Local\Programs\Microsoft VS Code\bin
USERNAME=refrizar.dwiardito
OS=Windows_NT
PROCESSOR_IDENTIFIER=Intel64 Family 6 Model 61 Stepping 4, GenuineIntel
TMP=C:\Users\REFRIZ~1.DWI\AppData\Local\Temp
TEMP=C:\Users\REFRIZ~1.DWI\AppData\Local\Temp


JNI global refs:
JNI global refs: 25, weak refs: 0

JNI global refs memory usage: 843, weak refs: 841


---------------  S Y S T E M  ---------------

OS:
 Windows 10 , 64 bit Build 19041 (10.0.19041.3393)
OS uptime: 0 days 4:04 hours

CPU: total 4 (initial active 4) (2 cores per cpu, 2 threads per core) family 6 model 61 stepping 4 microcode 0x2f, cx8, cmov, fxsr, ht, mmx, 3dnowpref, sse, sse2, sse3, ssse3, sse4.1, sse4.2, popcnt, lzcnt, tsc, tscinvbit, avx, avx2, aes, erms, clmul, bmi1, bmi2, adx, fma, vzeroupper, clflush

Memory: 4k page, system-wide physical 8083M (557M free)
TotalPageFile size 8083M (AvailPageFile size 144M)
current process WorkingSet (physical memory assigned to process): 583M, peak: 592M
current process commit charge ("private bytes"): 609M, peak: 874M

vm_info: OpenJDK 64-Bit Server VM (17.0.6+0-b2043.56-10027231) for windows-amd64 JRE (17.0.6+0-b2043.56-10027231), built on Apr 28 2023 00:43:19 by "androidbuild" with MS VC++ 16.10 / 16.11 (VS2019)

END.
