#
# There is insufficient memory for the Java Runtime Environment to continue.
# Native memory allocation (mmap) failed to map 264241152 bytes for G1 virtual space
# Possible reasons:
#   The system is out of physical RAM or swap space
#   The process is running with CompressedOops enabled, and the Java Heap may be blocking the growth of the native heap
# Possible solutions:
#   Reduce memory load on the system
#   Increase physical memory or swap space
#   Check if swap backing store is full
#   Decrease Java heap size (-Xmx/-Xms)
#   Decrease number of Java threads
#   Decrease Java thread stack sizes (-Xss)
#   Set larger code cache with -XX:ReservedCodeCacheSize=
#   JVM is running with Unscaled Compressed Oops mode in which the Java heap is
#     placed in the first 4GB address space. The Java Heap base address is the
#     maximum limit for the native heap growth. Please use -XX:HeapBaseMinAddress
#     to set the Java Heap base and to place the Java Heap above 4GB virtual address.
# This output file may be truncated or incomplete.
#
#  Out of Memory Error (os_windows.cpp:3769), pid=7480, tid=12056
#
# JRE version: OpenJDK Runtime Environment (17.0.6) (build 17.0.6+0-b2043.56-10027231)
# Java VM: OpenJDK 64-Bit Server VM (17.0.6+0-b2043.56-10027231, mixed mode, tiered, compressed oops, compressed class ptrs, g1 gc, windows-amd64)
# No core dump will be written. Minidumps are not enabled by default on client versions of Windows
#

---------------  S U M M A R Y ------------

Command Line: --add-opens=java.base/java.util=ALL-UNNAMED --add-opens=java.base/java.lang=ALL-UNNAMED --add-opens=java.base/java.lang.invoke=ALL-UNNAMED --add-opens=java.prefs/java.util.prefs=ALL-UNNAMED --add-opens=java.base/java.nio.charset=ALL-UNNAMED --add-opens=java.base/java.net=ALL-UNNAMED --add-opens=java.base/java.util.concurrent.atomic=ALL-UNNAMED -Xmx2048m -Dfile.encoding=UTF-8 -Duser.country=US -Duser.language=en -Duser.variant org.gradle.launcher.daemon.bootstrap.GradleDaemon 8.0

Host: Intel(R) Core(TM) i5-5200U CPU @ 2.20GHz, 4 cores, 7G,  Windows 10 , 64 bit Build 19041 (10.0.19041.3393)
Time: Sun Oct  8 06:32:24 2023 SE Asia Standard Time elapsed time: 33.682626 seconds (0d 0h 0m 33s)

---------------  T H R E A D  ---------------

Current thread (0x0000024b3a38a460):  VMThread "VM Thread" [stack: 0x0000009bcc300000,0x0000009bcc400000] [id=12056]

Stack: [0x0000009bcc300000,0x0000009bcc400000]
Native frames: (J=compiled Java code, j=interpreted, Vv=VM code, C=native code)
V  [jvm.dll+0x683c9a]
V  [jvm.dll+0x8427a4]
V  [jvm.dll+0x843f9e]
V  [jvm.dll+0x844603]
V  [jvm.dll+0x249b75]
V  [jvm.dll+0x680b69]
V  [jvm.dll+0x67505a]
V  [jvm.dll+0x309acb]
V  [jvm.dll+0x310f86]
V  [jvm.dll+0x3608ee]
V  [jvm.dll+0x360b1f]
V  [jvm.dll+0x2dfbf8]
V  [jvm.dll+0x2ddec4]
V  [jvm.dll+0x2dd4cc]
V  [jvm.dll+0x321f3b]
V  [jvm.dll+0x848ccb]
V  [jvm.dll+0x849a04]
V  [jvm.dll+0x849f1d]
V  [jvm.dll+0x84a2f4]
V  [jvm.dll+0x84a3c0]
V  [jvm.dll+0x7f274a]
V  [jvm.dll+0x682ad5]
C  [ucrtbase.dll+0x21bb2]
C  [KERNEL32.DLL+0x17344]
C  [ntdll.dll+0x526b1]

VM_Operation (0x0000009bd0ffc240): G1CollectForAllocation, mode: safepoint, requested by thread 0x0000024b3b4e2ca0


---------------  P R O C E S S  ---------------

Threads class SMR info:
_java_thread_list=0x0000024b430fdf40, length=92, elements={
0x0000024b1eccd780, 0x0000024b3ac33260, 0x0000024b3a38e230, 0x0000024b3ac4c360,
0x0000024b3ac41fb0, 0x0000024b3ac42870, 0x0000024b3ac43130, 0x0000024b3ac439f0,
0x0000024b3acb79a0, 0x0000024b3acc9ea0, 0x0000024b3adef040, 0x0000024b3adef920,
0x0000024b3c6e78a0, 0x0000024b3c513f80, 0x0000024b3be142d0, 0x0000024b3dc98c70,
0x0000024b3c2b1220, 0x0000024b3beea550, 0x0000024b3beeaa20, 0x0000024b3bde9590,
0x0000024b3bde78b0, 0x0000024b3bde8720, 0x0000024b3bde6a40, 0x0000024b3bde7d80,
0x0000024b3bde8bf0, 0x0000024b3bde6f10, 0x0000024b3bde9a60, 0x0000024b3bde8250,
0x0000024b3bde90c0, 0x0000024b3bde60a0, 0x0000024b3bde6570, 0x0000024b3bde73e0,
0x0000024b3ee05800, 0x0000024b3ee061a0, 0x0000024b3ee014a0, 0x0000024b3ee03ff0,
0x0000024b3ee079b0, 0x0000024b3ee04990, 0x0000024b3ee08350, 0x0000024b3ee08cf0,
0x0000024b3ee08820, 0x0000024b3ee027e0, 0x0000024b3ee07e80, 0x0000024b3ee05330,
0x0000024b3ee01e40, 0x0000024b3ee05cd0, 0x0000024b3ee06670, 0x0000024b3ee02310,
0x0000024b3ee07010, 0x0000024b3ee074e0, 0x0000024b3b4e2300, 0x0000024b3b4e3640,
0x0000024b3b4e4980, 0x0000024b3b4e5320, 0x0000024b3b4e27d0, 0x0000024b3b4e1960,
0x0000024b3b4e7000, 0x0000024b3b4e74d0, 0x0000024b3b4dfc80, 0x0000024b3b4e6b30,
0x0000024b3b4e3fe0, 0x0000024b3b4e1e30, 0x0000024b3b4e0fc0, 0x0000024b3b4e4e50,
0x0000024b3b4e6660, 0x0000024b3b4e3170, 0x0000024b3b4e0150, 0x0000024b3b4e57f0,
0x0000024b3b4e5cc0, 0x0000024b3b4e6190, 0x0000024b3b4e2ca0, 0x0000024b3b4e0af0,
0x0000024b3b4e0620, 0x0000024b3b4e3b10, 0x0000024b3b4e1490, 0x0000024b3b4e44b0,
0x0000024b3d472a20, 0x0000024b3d46fed0, 0x0000024b3d472550, 0x0000024b3d46f060,
0x0000024b3d470870, 0x0000024b3d471210, 0x0000024b3d46eb90, 0x0000024b3d475a40,
0x0000024b3d475f10, 0x0000024b3d474230, 0x0000024b3d474700, 0x0000024b406b57d0,
0x0000024b3d46f530, 0x0000024b3d470d40, 0x0000024b3d46fa00, 0x0000024b454b8fd0
}

Java Threads: ( => current thread )
  0x0000024b1eccd780 JavaThread "main" [_thread_blocked, id=6504, stack(0x0000009bcbd00000,0x0000009bcbe00000)]
  0x0000024b3ac33260 JavaThread "Reference Handler" daemon [_thread_blocked, id=12760, stack(0x0000009bcc400000,0x0000009bcc500000)]
  0x0000024b3a38e230 JavaThread "Finalizer" daemon [_thread_blocked, id=8720, stack(0x0000009bcc500000,0x0000009bcc600000)]
  0x0000024b3ac4c360 JavaThread "Signal Dispatcher" daemon [_thread_blocked, id=10220, stack(0x0000009bcc600000,0x0000009bcc700000)]
  0x0000024b3ac41fb0 JavaThread "Attach Listener" daemon [_thread_blocked, id=372, stack(0x0000009bcc700000,0x0000009bcc800000)]
  0x0000024b3ac42870 JavaThread "Service Thread" daemon [_thread_blocked, id=6620, stack(0x0000009bcc800000,0x0000009bcc900000)]
  0x0000024b3ac43130 JavaThread "Monitor Deflation Thread" daemon [_thread_blocked, id=10032, stack(0x0000009bcc900000,0x0000009bcca00000)]
  0x0000024b3ac439f0 JavaThread "C2 CompilerThread0" daemon [_thread_blocked, id=7800, stack(0x0000009bcca00000,0x0000009bccb00000)]
  0x0000024b3acb79a0 JavaThread "C1 CompilerThread0" daemon [_thread_blocked, id=8732, stack(0x0000009bccb00000,0x0000009bccc00000)]
  0x0000024b3acc9ea0 JavaThread "Sweeper thread" daemon [_thread_blocked, id=12320, stack(0x0000009bccc00000,0x0000009bccd00000)]
  0x0000024b3adef040 JavaThread "Common-Cleaner" daemon [_thread_blocked, id=6028, stack(0x0000009bccd00000,0x0000009bcce00000)]
  0x0000024b3adef920 JavaThread "Notification Thread" daemon [_thread_blocked, id=8856, stack(0x0000009bcce00000,0x0000009bccf00000)]
  0x0000024b3c6e78a0 JavaThread "Daemon health stats" [_thread_blocked, id=6196, stack(0x0000009bcd400000,0x0000009bcd500000)]
  0x0000024b3c513f80 JavaThread "Incoming local TCP Connector on port 49159" [_thread_in_native, id=3568, stack(0x0000009bcd500000,0x0000009bcd600000)]
  0x0000024b3be142d0 JavaThread "Daemon periodic checks" [_thread_blocked, id=364, stack(0x0000009bcd600000,0x0000009bcd700000)]
  0x0000024b3dc98c70 JavaThread "Daemon" [_thread_blocked, id=11980, stack(0x0000009bcd700000,0x0000009bcd800000)]
  0x0000024b3c2b1220 JavaThread "Handler for socket connection from /127.0.0.1:49159 to /127.0.0.1:49160" [_thread_in_native, id=9204, stack(0x0000009bcd800000,0x0000009bcd900000)]
  0x0000024b3beea550 JavaThread "Cancel handler" [_thread_blocked, id=2880, stack(0x0000009bcd900000,0x0000009bcda00000)]
  0x0000024b3beeaa20 JavaThread "Daemon worker" [_thread_blocked, id=9284, stack(0x0000009bcda00000,0x0000009bcdb00000)]
  0x0000024b3bde9590 JavaThread "Asynchronous log dispatcher for DefaultDaemonConnection: socket connection from /127.0.0.1:49159 to /127.0.0.1:49160" [_thread_blocked, id=3612, stack(0x0000009bcdb00000,0x0000009bcdc00000)]
  0x0000024b3bde78b0 JavaThread "Stdin handler" [_thread_blocked, id=4416, stack(0x0000009bcdc00000,0x0000009bcdd00000)]
  0x0000024b3bde8720 JavaThread "Daemon client event forwarder" [_thread_blocked, id=3408, stack(0x0000009bcdd00000,0x0000009bcde00000)]
  0x0000024b3bde6a40 JavaThread "Cache worker for journal cache (C:\Users\refrizar.dwiardito\.gradle\caches\journal-1)" [_thread_blocked, id=3852, stack(0x0000009bcd300000,0x0000009bcd400000)]
  0x0000024b3bde7d80 JavaThread "File lock request listener" [_thread_in_native, id=7352, stack(0x0000009bcde00000,0x0000009bcdf00000)]
  0x0000024b3bde8bf0 JavaThread "Cache worker for file hash cache (C:\Users\refrizar.dwiardito\.gradle\caches\8.0\fileHashes)" [_thread_blocked, id=10668, stack(0x0000009bce000000,0x0000009bce100000)]
  0x0000024b3bde6f10 JavaThread "File watcher server" daemon [_thread_blocked, id=3788, stack(0x0000009bce100000,0x0000009bce200000)]
  0x0000024b3bde9a60 JavaThread "File watcher consumer" daemon [_thread_blocked, id=2996, stack(0x0000009bce200000,0x0000009bce300000)]
  0x0000024b3bde8250 JavaThread "Cache worker for checksums cache (C:\Users\refrizar.dwiardito\AndroidStudioProjects\BelajarAndroid\.gradle\8.0\checksums)" [_thread_blocked, id=5604, stack(0x0000009bce300000,0x0000009bce400000)]
  0x0000024b3bde90c0 JavaThread "Cache worker for cache directory md-rule (C:\Users\refrizar.dwiardito\.gradle\caches\8.0\md-rule)" [_thread_blocked, id=10156, stack(0x0000009bce400000,0x0000009bce500000)]
  0x0000024b3bde60a0 JavaThread "Cache worker for file content cache (C:\Users\refrizar.dwiardito\.gradle\caches\8.0\fileContent)" [_thread_blocked, id=12912, stack(0x0000009bce500000,0x0000009bce600000)]
  0x0000024b3bde6570 JavaThread "Cache worker for file hash cache (C:\Users\refrizar.dwiardito\AndroidStudioProjects\BelajarAndroid\.gradle\8.0\fileHashes)" [_thread_blocked, id=6568, stack(0x0000009bce600000,0x0000009bce700000)]
  0x0000024b3bde73e0 JavaThread "Cache worker for cache directory md-supplier (C:\Users\refrizar.dwiardito\.gradle\caches\8.0\md-supplier)" [_thread_blocked, id=7220, stack(0x0000009bce700000,0x0000009bce800000)]
  0x0000024b3ee05800 JavaThread "Cache worker for execution history cache (C:\Users\refrizar.dwiardito\.gradle\caches\8.0\executionHistory)" [_thread_blocked, id=9308, stack(0x0000009bce800000,0x0000009bce900000)]
  0x0000024b3ee061a0 JavaThread "jar transforms" [_thread_blocked, id=8932, stack(0x0000009bce900000,0x0000009bcea00000)]
  0x0000024b3ee014a0 JavaThread "jar transforms Thread 2" [_thread_blocked, id=12516, stack(0x0000009bcea00000,0x0000009bceb00000)]
  0x0000024b3ee03ff0 JavaThread "Cache worker for kotlin-dsl (C:\Users\refrizar.dwiardito\.gradle\caches\8.0\kotlin-dsl)" [_thread_blocked, id=11884, stack(0x0000009bcec00000,0x0000009bced00000)]
  0x0000024b3ee079b0 JavaThread "jar transforms Thread 3" [_thread_blocked, id=3116, stack(0x0000009bced00000,0x0000009bcee00000)]
  0x0000024b3ee04990 JavaThread "jar transforms Thread 4" [_thread_blocked, id=3876, stack(0x0000009bcee00000,0x0000009bcef00000)]
  0x0000024b3ee08350 JavaThread "Cache worker for dependencies-accessors (C:\Users\refrizar.dwiardito\AndroidStudioProjects\BelajarAndroid\.gradle\8.0\dependencies-accessors)" [_thread_blocked, id=8652, stack(0x0000009bcef00000,0x0000009bcf000000)]
  0x0000024b3ee08cf0 JavaThread "Cache worker for Build Output Cleanup Cache (C:\Users\refrizar.dwiardito\AndroidStudioProjects\BelajarAndroid\.gradle\buildOutputCleanup)" [_thread_blocked, id=5548, stack(0x0000009bcf000000,0x0000009bcf100000)]
  0x0000024b3ee08820 JavaThread "Unconstrained build operations" [_thread_blocked, id=9108, stack(0x0000009bcf100000,0x0000009bcf200000)]
  0x0000024b3ee027e0 JavaThread "Unconstrained build operations Thread 2" [_thread_blocked, id=5976, stack(0x0000009bcf200000,0x0000009bcf300000)]
  0x0000024b3ee07e80 JavaThread "Unconstrained build operations Thread 3" [_thread_blocked, id=8208, stack(0x0000009bcf300000,0x0000009bcf400000)]
  0x0000024b3ee05330 JavaThread "Unconstrained build operations Thread 4" [_thread_blocked, id=8096, stack(0x0000009bcf400000,0x0000009bcf500000)]
  0x0000024b3ee01e40 JavaThread "Unconstrained build operations Thread 5" [_thread_blocked, id=11072, stack(0x0000009bcf500000,0x0000009bcf600000)]
  0x0000024b3ee05cd0 JavaThread "Unconstrained build operations Thread 6" [_thread_blocked, id=8160, stack(0x0000009bcf600000,0x0000009bcf700000)]
  0x0000024b3ee06670 JavaThread "Unconstrained build operations Thread 7" [_thread_blocked, id=11764, stack(0x0000009bcf700000,0x0000009bcf800000)]
  0x0000024b3ee02310 JavaThread "Unconstrained build operations Thread 8" [_thread_blocked, id=4908, stack(0x0000009bcf800000,0x0000009bcf900000)]
  0x0000024b3ee07010 JavaThread "Unconstrained build operations Thread 9" [_thread_blocked, id=8384, stack(0x0000009bcf900000,0x0000009bcfa00000)]
  0x0000024b3ee074e0 JavaThread "Unconstrained build operations Thread 10" [_thread_blocked, id=6560, stack(0x0000009bcfa00000,0x0000009bcfb00000)]
  0x0000024b3b4e2300 JavaThread "Unconstrained build operations Thread 11" [_thread_blocked, id=120, stack(0x0000009bcfb00000,0x0000009bcfc00000)]
  0x0000024b3b4e3640 JavaThread "Unconstrained build operations Thread 12" [_thread_blocked, id=616, stack(0x0000009bcfc00000,0x0000009bcfd00000)]
  0x0000024b3b4e4980 JavaThread "Unconstrained build operations Thread 13" [_thread_blocked, id=7828, stack(0x0000009bcfd00000,0x0000009bcfe00000)]
  0x0000024b3b4e5320 JavaThread "Unconstrained build operations Thread 14" [_thread_blocked, id=5528, stack(0x0000009bcfe00000,0x0000009bcff00000)]
  0x0000024b3b4e27d0 JavaThread "Unconstrained build operations Thread 15" [_thread_blocked, id=10208, stack(0x0000009bcff00000,0x0000009bd0000000)]
  0x0000024b3b4e1960 JavaThread "Unconstrained build operations Thread 16" [_thread_blocked, id=8108, stack(0x0000009bd0000000,0x0000009bd0100000)]
  0x0000024b3b4e7000 JavaThread "Unconstrained build operations Thread 17" [_thread_blocked, id=8748, stack(0x0000009bd0100000,0x0000009bd0200000)]
  0x0000024b3b4e74d0 JavaThread "Unconstrained build operations Thread 18" [_thread_blocked, id=12292, stack(0x0000009bd0200000,0x0000009bd0300000)]
  0x0000024b3b4dfc80 JavaThread "Unconstrained build operations Thread 19" [_thread_blocked, id=12764, stack(0x0000009bd0300000,0x0000009bd0400000)]
  0x0000024b3b4e6b30 JavaThread "Unconstrained build operations Thread 20" [_thread_blocked, id=9312, stack(0x0000009bd0400000,0x0000009bd0500000)]
  0x0000024b3b4e3fe0 JavaThread "Unconstrained build operations Thread 21" [_thread_blocked, id=10644, stack(0x0000009bd0500000,0x0000009bd0600000)]
  0x0000024b3b4e1e30 JavaThread "Unconstrained build operations Thread 22" [_thread_blocked, id=13184, stack(0x0000009bd0600000,0x0000009bd0700000)]
  0x0000024b3b4e0fc0 JavaThread "Unconstrained build operations Thread 23" [_thread_blocked, id=8556, stack(0x0000009bd0700000,0x0000009bd0800000)]
  0x0000024b3b4e4e50 JavaThread "Unconstrained build operations Thread 24" [_thread_blocked, id=2816, stack(0x0000009bd0800000,0x0000009bd0900000)]
  0x0000024b3b4e6660 JavaThread "Unconstrained build operations Thread 25" [_thread_blocked, id=11316, stack(0x0000009bd0900000,0x0000009bd0a00000)]
  0x0000024b3b4e3170 JavaThread "Unconstrained build operations Thread 26" [_thread_blocked, id=8244, stack(0x0000009bd0a00000,0x0000009bd0b00000)]
  0x0000024b3b4e0150 JavaThread "Unconstrained build operations Thread 27" [_thread_blocked, id=6556, stack(0x0000009bd0b00000,0x0000009bd0c00000)]
  0x0000024b3b4e57f0 JavaThread "Unconstrained build operations Thread 28" [_thread_blocked, id=7924, stack(0x0000009bd0c00000,0x0000009bd0d00000)]
  0x0000024b3b4e5cc0 JavaThread "Unconstrained build operations Thread 29" [_thread_blocked, id=4468, stack(0x0000009bd0d00000,0x0000009bd0e00000)]
  0x0000024b3b4e6190 JavaThread "Unconstrained build operations Thread 30" [_thread_blocked, id=4840, stack(0x0000009bd0e00000,0x0000009bd0f00000)]
  0x0000024b3b4e2ca0 JavaThread "Unconstrained build operations Thread 31" [_thread_blocked, id=2408, stack(0x0000009bd0f00000,0x0000009bd1000000)]
  0x0000024b3b4e0af0 JavaThread "Unconstrained build operations Thread 32" [_thread_blocked, id=7844, stack(0x0000009bd1000000,0x0000009bd1100000)]
  0x0000024b3b4e0620 JavaThread "Unconstrained build operations Thread 33" [_thread_blocked, id=1016, stack(0x0000009bd1100000,0x0000009bd1200000)]
  0x0000024b3b4e3b10 JavaThread "Unconstrained build operations Thread 34" [_thread_blocked, id=1316, stack(0x0000009bd1200000,0x0000009bd1300000)]
  0x0000024b3b4e1490 JavaThread "Unconstrained build operations Thread 35" [_thread_blocked, id=10736, stack(0x0000009bd1300000,0x0000009bd1400000)]
  0x0000024b3b4e44b0 JavaThread "Unconstrained build operations Thread 36" [_thread_blocked, id=4112, stack(0x0000009bd1400000,0x0000009bd1500000)]
  0x0000024b3d472a20 JavaThread "Unconstrained build operations Thread 37" [_thread_blocked, id=7416, stack(0x0000009bd1500000,0x0000009bd1600000)]
  0x0000024b3d46fed0 JavaThread "Unconstrained build operations Thread 38" [_thread_blocked, id=1136, stack(0x0000009bd1600000,0x0000009bd1700000)]
  0x0000024b3d472550 JavaThread "Unconstrained build operations Thread 39" [_thread_blocked, id=5836, stack(0x0000009bd1700000,0x0000009bd1800000)]
  0x0000024b3d46f060 JavaThread "Unconstrained build operations Thread 40" [_thread_blocked, id=5764, stack(0x0000009bd1800000,0x0000009bd1900000)]
  0x0000024b3d470870 JavaThread "build event listener" [_thread_blocked, id=8432, stack(0x0000009bd1900000,0x0000009bd1a00000)]
  0x0000024b3d471210 JavaThread "Memory manager" [_thread_blocked, id=3208, stack(0x0000009bd1a00000,0x0000009bd1b00000)]
  0x0000024b3d46eb90 JavaThread "included builds" [_thread_blocked, id=7612, stack(0x0000009bd1c00000,0x0000009bd1d00000)]
  0x0000024b3d475a40 JavaThread "Execution worker" [_thread_blocked, id=11276, stack(0x0000009bd1d00000,0x0000009bd1e00000)]
  0x0000024b3d475f10 JavaThread "Execution worker Thread 2" [_thread_blocked, id=12088, stack(0x0000009bd1e00000,0x0000009bd1f00000)]
  0x0000024b3d474230 JavaThread "Execution worker Thread 3" [_thread_blocked, id=4428, stack(0x0000009bd1f00000,0x0000009bd2000000)]
  0x0000024b3d474700 JavaThread "Cache worker for execution history cache (C:\Users\refrizar.dwiardito\AndroidStudioProjects\BelajarAndroid\.gradle\8.0\executionHistory)" [_thread_blocked, id=7968, stack(0x0000009bd2000000,0x0000009bd2100000)]
  0x0000024b406b57d0 JavaThread "C2 CompilerThread1" daemon [_thread_blocked, id=9304, stack(0x0000009bcdf00000,0x0000009bce000000)]
  0x0000024b3d46f530 JavaThread "WorkerExecutor Queue" [_thread_blocked, id=2368, stack(0x0000009bd2200000,0x0000009bd2300000)]
  0x0000024b3d470d40 JavaThread "WorkerExecutor Queue Thread 2" [_thread_blocked, id=10312, stack(0x0000009bd2300000,0x0000009bd2400000)]
  0x0000024b3d46fa00 JavaThread "WorkerExecutor Queue Thread 3" [_thread_blocked, id=13128, stack(0x0000009bd2400000,0x0000009bd2500000)]
  0x0000024b454b8fd0 JavaThread "WorkerExecutor Queue Thread 4" [_thread_blocked, id=9648, stack(0x0000009bd2500000,0x0000009bd2600000)]

Other Threads:
=>0x0000024b3a38a460 VMThread "VM Thread" [stack: 0x0000009bcc300000,0x0000009bcc400000] [id=12056]
  0x0000024b3adf1e00 WatcherThread [stack: 0x0000009bccf00000,0x0000009bcd000000] [id=8084]
  0x0000024b20e069e0 GCTaskThread "GC Thread#0" [stack: 0x0000009bcbe00000,0x0000009bcbf00000] [id=11224]
  0x0000024b3b8b8b30 GCTaskThread "GC Thread#1" [stack: 0x0000009bcd100000,0x0000009bcd200000] [id=7984]
  0x0000024b3b15b090 GCTaskThread "GC Thread#2" [stack: 0x0000009bcd200000,0x0000009bcd300000] [id=6320]
  0x0000024b3af41320 GCTaskThread "GC Thread#3" [stack: 0x0000009bcd000000,0x0000009bcd100000] [id=10436]
  0x0000024b20e18840 ConcurrentGCThread "G1 Main Marker" [stack: 0x0000009bcbf00000,0x0000009bcc000000] [id=6328]
  0x0000024b20e19900 ConcurrentGCThread "G1 Conc#0" [stack: 0x0000009bcc000000,0x0000009bcc100000] [id=8788]
  0x0000024b3a200140 ConcurrentGCThread "G1 Refine#0" [stack: 0x0000009bcc100000,0x0000009bcc200000] [id=11208]
  0x0000024b3c694410 ConcurrentGCThread "G1 Refine#1" [stack: 0x0000009bceb00000,0x0000009bcec00000] [id=8872]
  0x0000024b40cb4eb0 ConcurrentGCThread "G1 Refine#2" [stack: 0x0000009bd1b00000,0x0000009bd1c00000] [id=7504]
  0x0000024b3af671d0 ConcurrentGCThread "G1 Refine#3" [stack: 0x0000009bd2100000,0x0000009bd2200000] [id=6872]
  0x0000024b20e7ec50 ConcurrentGCThread "G1 Service" [stack: 0x0000009bcc200000,0x0000009bcc300000] [id=11228]

Threads with active compile tasks:
C2 CompilerThread0    33735 14092       4       com.android.aaptcompiler.TableExtractor::flattenXmlSubTree (503 bytes)
C2 CompilerThread1    33735 13681       4       java.io.ObjectOutputStream::writeClassDesc (60 bytes)

VM state: at safepoint (normal execution)

VM Mutex/Monitor currently owned by a thread:  ([mutex/lock_event])
[0x0000024b20da9410] Threads_lock - owner thread: 0x0000024b3a38a460
[0x0000024b20da9d10] Heap_lock - owner thread: 0x0000024b3b4e2ca0

Heap address: 0x0000000080000000, size: 2048 MB, Compressed Oops mode: 32-bit

CDS archive(s) not mapped
Compressed class space mapped at: 0x0000000100000000-0x0000000140000000, reserved size: 1073741824
Narrow klass base: 0x0000000000000000, Narrow klass shift: 3, Narrow klass range: 0x140000000

GC Precious Log:
 CPUs: 4 total, 4 available
 Memory: 8083M
 Large Page Support: Disabled
 NUMA Support: Disabled
 Compressed Oops: Enabled (32-bit)
 Heap Region Size: 1M
 Heap Min Capacity: 8M
 Heap Initial Capacity: 128M
 Heap Max Capacity: 2G
 Pre-touch: Disabled
 Parallel Workers: 4
 Concurrent Workers: 1
 Concurrent Refinement Workers: 4
 Periodic GC: Disabled

Heap:
 garbage-first heap   total 253952K, used 138341K [0x0000000080000000, 0x0000000100000000)
  region size 1024K, 4 young (4096K), 4 survivors (4096K)
 Metaspace       used 105072K, committed 105792K, reserved 1146880K
  class space    used 13878K, committed 14208K, reserved 1048576K

Heap Regions: E=young(eden), S=young(survivor), O=old, HS=humongous(starts), HC=humongous(continues), CS=collection set, F=free, OA=open archive, CA=closed archive, TAMS=top-at-mark-start (previous, next)
|   0|0x0000000080000000, 0x0000000080100000, 0x0000000080100000|100%| O|  |TAMS 0x0000000080100000, 0x0000000080000000| Untracked 
|   1|0x0000000080100000, 0x0000000080200000, 0x0000000080200000|100%| O|  |TAMS 0x0000000080200000, 0x0000000080100000| Untracked 
|   2|0x0000000080200000, 0x0000000080300000, 0x0000000080300000|100%|HS|  |TAMS 0x0000000080300000, 0x0000000080200000| Complete 
|   3|0x0000000080300000, 0x0000000080400000, 0x0000000080400000|100%|HC|  |TAMS 0x0000000080400000, 0x0000000080300000| Complete 
|   4|0x0000000080400000, 0x0000000080500000, 0x0000000080500000|100%|HC|  |TAMS 0x0000000080500000, 0x0000000080400000| Complete 
|   5|0x0000000080500000, 0x0000000080600000, 0x0000000080600000|100%|HC|  |TAMS 0x0000000080600000, 0x0000000080500000| Complete 
|   6|0x0000000080600000, 0x0000000080700000, 0x0000000080700000|100%| O|  |TAMS 0x0000000080700000, 0x0000000080600000| Untracked 
|   7|0x0000000080700000, 0x0000000080800000, 0x0000000080800000|100%| O|  |TAMS 0x0000000080800000, 0x0000000080700000| Untracked 
|   8|0x0000000080800000, 0x0000000080900000, 0x0000000080900000|100%| O|  |TAMS 0x0000000080900000, 0x0000000080800000| Untracked 
|   9|0x0000000080900000, 0x0000000080a00000, 0x0000000080a00000|100%| O|  |TAMS 0x0000000080a00000, 0x0000000080900000| Untracked 
|  10|0x0000000080a00000, 0x0000000080b00000, 0x0000000080b00000|100%| O|  |TAMS 0x0000000080b00000, 0x0000000080a00000| Untracked 
|  11|0x0000000080b00000, 0x0000000080c00000, 0x0000000080c00000|100%| O|  |TAMS 0x0000000080c00000, 0x0000000080b00000| Untracked 
|  12|0x0000000080c00000, 0x0000000080d00000, 0x0000000080d00000|100%| O|  |TAMS 0x0000000080d00000, 0x0000000080c00000| Untracked 
|  13|0x0000000080d00000, 0x0000000080e00000, 0x0000000080e00000|100%| O|  |TAMS 0x0000000080e00000, 0x0000000080d00000| Untracked 
|  14|0x0000000080e00000, 0x0000000080f00000, 0x0000000080f00000|100%| O|  |TAMS 0x0000000080f00000, 0x0000000080e00000| Untracked 
|  15|0x0000000080f00000, 0x0000000081000000, 0x0000000081000000|100%| O|  |TAMS 0x0000000081000000, 0x0000000080f00000| Untracked 
|  16|0x0000000081000000, 0x0000000081100000, 0x0000000081100000|100%| O|  |TAMS 0x0000000081100000, 0x0000000081000000| Untracked 
|  17|0x0000000081100000, 0x0000000081200000, 0x0000000081200000|100%| O|  |TAMS 0x0000000081200000, 0x0000000081100000| Untracked 
|  18|0x0000000081200000, 0x0000000081300000, 0x0000000081300000|100%| O|  |TAMS 0x0000000081300000, 0x0000000081200000| Untracked 
|  19|0x0000000081300000, 0x0000000081400000, 0x0000000081400000|100%| O|  |TAMS 0x0000000081400000, 0x0000000081300000| Untracked 
|  20|0x0000000081400000, 0x0000000081500000, 0x0000000081500000|100%| O|  |TAMS 0x0000000081500000, 0x0000000081400000| Untracked 
|  21|0x0000000081500000, 0x0000000081600000, 0x0000000081600000|100%| O|  |TAMS 0x0000000081600000, 0x0000000081500000| Untracked 
|  22|0x0000000081600000, 0x0000000081700000, 0x0000000081700000|100%| O|  |TAMS 0x0000000081700000, 0x0000000081600000| Untracked 
|  23|0x0000000081700000, 0x0000000081800000, 0x0000000081800000|100%| O|  |TAMS 0x0000000081800000, 0x0000000081700000| Untracked 
|  24|0x0000000081800000, 0x0000000081900000, 0x0000000081900000|100%| O|  |TAMS 0x0000000081900000, 0x0000000081800000| Untracked 
|  25|0x0000000081900000, 0x0000000081a00000, 0x0000000081a00000|100%| O|  |TAMS 0x0000000081a00000, 0x0000000081900000| Untracked 
|  26|0x0000000081a00000, 0x0000000081b00000, 0x0000000081b00000|100%| O|  |TAMS 0x0000000081b00000, 0x0000000081a00000| Untracked 
|  27|0x0000000081b00000, 0x0000000081c00000, 0x0000000081c00000|100%| O|  |TAMS 0x0000000081c00000, 0x0000000081b00000| Untracked 
|  28|0x0000000081c00000, 0x0000000081d00000, 0x0000000081d00000|100%| O|  |TAMS 0x0000000081d00000, 0x0000000081c00000| Untracked 
|  29|0x0000000081d00000, 0x0000000081e00000, 0x0000000081e00000|100%| O|  |TAMS 0x0000000081e00000, 0x0000000081d00000| Untracked 
|  30|0x0000000081e00000, 0x0000000081f00000, 0x0000000081f00000|100%| O|  |TAMS 0x0000000081f00000, 0x0000000081e00000| Untracked 
|  31|0x0000000081f00000, 0x0000000082000000, 0x0000000082000000|100%|HS|  |TAMS 0x0000000082000000, 0x0000000081f00000| Complete 
|  32|0x0000000082000000, 0x0000000082100000, 0x0000000082100000|100%|HS|  |TAMS 0x0000000082100000, 0x0000000082000000| Complete 
|  33|0x0000000082100000, 0x0000000082200000, 0x0000000082200000|100%|HS|  |TAMS 0x0000000082200000, 0x0000000082100000| Complete 
|  34|0x0000000082200000, 0x0000000082300000, 0x0000000082300000|100%|HC|  |TAMS 0x0000000082300000, 0x0000000082200000| Complete 
|  35|0x0000000082300000, 0x0000000082400000, 0x0000000082400000|100%|HS|  |TAMS 0x0000000082400000, 0x0000000082300000| Complete 
|  36|0x0000000082400000, 0x0000000082500000, 0x0000000082500000|100%| O|  |TAMS 0x0000000082500000, 0x0000000082400000| Untracked 
|  37|0x0000000082500000, 0x0000000082600000, 0x0000000082600000|100%| O|  |TAMS 0x0000000082600000, 0x0000000082500000| Untracked 
|  38|0x0000000082600000, 0x0000000082700000, 0x0000000082700000|100%| O|  |TAMS 0x0000000082700000, 0x0000000082600000| Untracked 
|  39|0x0000000082700000, 0x0000000082800000, 0x0000000082800000|100%| O|  |TAMS 0x0000000082800000, 0x0000000082700000| Untracked 
|  40|0x0000000082800000, 0x0000000082900000, 0x0000000082900000|100%| O|  |TAMS 0x0000000082900000, 0x0000000082800000| Untracked 
|  41|0x0000000082900000, 0x0000000082a00000, 0x0000000082a00000|100%| O|  |TAMS 0x0000000082a00000, 0x0000000082900000| Untracked 
|  42|0x0000000082a00000, 0x0000000082b00000, 0x0000000082b00000|100%| O|  |TAMS 0x0000000082b00000, 0x0000000082a00000| Untracked 
|  43|0x0000000082b00000, 0x0000000082c00000, 0x0000000082c00000|100%| O|  |TAMS 0x0000000082b00000, 0x0000000082b00000| Untracked 
|  44|0x0000000082c00000, 0x0000000082d00000, 0x0000000082d00000|100%|HS|  |TAMS 0x0000000082d00000, 0x0000000082c00000| Complete 
|  45|0x0000000082d00000, 0x0000000082e00000, 0x0000000082e00000|100%|HC|  |TAMS 0x0000000082e00000, 0x0000000082d00000| Complete 
|  46|0x0000000082e00000, 0x0000000082f00000, 0x0000000082f00000|100%|HC|  |TAMS 0x0000000082f00000, 0x0000000082e00000| Complete 
|  47|0x0000000082f00000, 0x0000000083000000, 0x0000000083000000|100%|HC|  |TAMS 0x0000000083000000, 0x0000000082f00000| Complete 
|  48|0x0000000083000000, 0x0000000083100000, 0x0000000083100000|100%| O|  |TAMS 0x0000000083100000, 0x0000000083000000| Untracked 
|  49|0x0000000083100000, 0x0000000083200000, 0x0000000083200000|100%| O|  |TAMS 0x0000000083200000, 0x0000000083100000| Untracked 
|  50|0x0000000083200000, 0x0000000083300000, 0x0000000083300000|100%| O|  |TAMS 0x0000000083300000, 0x0000000083200000| Untracked 
|  51|0x0000000083300000, 0x0000000083400000, 0x0000000083400000|100%| O|  |TAMS 0x0000000083400000, 0x0000000083300000| Untracked 
|  52|0x0000000083400000, 0x0000000083500000, 0x0000000083500000|100%| O|  |TAMS 0x0000000083500000, 0x0000000083400000| Untracked 
|  53|0x0000000083500000, 0x0000000083600000, 0x0000000083600000|100%| O|  |TAMS 0x0000000083600000, 0x0000000083500000| Untracked 
|  54|0x0000000083600000, 0x0000000083700000, 0x0000000083700000|100%| O|  |TAMS 0x0000000083700000, 0x0000000083600000| Untracked 
|  55|0x0000000083700000, 0x0000000083800000, 0x0000000083800000|100%| O|  |TAMS 0x0000000083800000, 0x0000000083700000| Untracked 
|  56|0x0000000083800000, 0x0000000083900000, 0x0000000083900000|100%| O|  |TAMS 0x0000000083900000, 0x0000000083800000| Untracked 
|  57|0x0000000083900000, 0x0000000083a00000, 0x0000000083a00000|100%| O|  |TAMS 0x0000000083a00000, 0x0000000083900000| Untracked 
|  58|0x0000000083a00000, 0x0000000083b00000, 0x0000000083b00000|100%| O|  |TAMS 0x0000000083b00000, 0x0000000083a00000| Untracked 
|  59|0x0000000083b00000, 0x0000000083c00000, 0x0000000083c00000|100%| O|  |TAMS 0x0000000083c00000, 0x0000000083b00000| Untracked 
|  60|0x0000000083c00000, 0x0000000083d00000, 0x0000000083d00000|100%| O|  |TAMS 0x0000000083d00000, 0x0000000083c00000| Untracked 
|  61|0x0000000083d00000, 0x0000000083e00000, 0x0000000083e00000|100%| O|  |TAMS 0x0000000083e00000, 0x0000000083d00000| Untracked 
|  62|0x0000000083e00000, 0x0000000083f00000, 0x0000000083f00000|100%| O|  |TAMS 0x0000000083f00000, 0x0000000083e00000| Untracked 
|  63|0x0000000083f00000, 0x0000000084000000, 0x0000000084000000|100%| O|  |TAMS 0x0000000084000000, 0x0000000083f00000| Untracked 
|  64|0x0000000084000000, 0x0000000084100000, 0x0000000084100000|100%| O|  |TAMS 0x0000000084100000, 0x0000000084000000| Untracked 
|  65|0x0000000084100000, 0x0000000084200000, 0x0000000084200000|100%| O|  |TAMS 0x0000000084100000, 0x0000000084100000| Untracked 
|  66|0x0000000084200000, 0x0000000084300000, 0x0000000084300000|100%| O|  |TAMS 0x0000000084300000, 0x0000000084200000| Untracked 
|  67|0x0000000084300000, 0x0000000084400000, 0x0000000084400000|100%| O|  |TAMS 0x0000000084400000, 0x0000000084300000| Untracked 
|  68|0x0000000084400000, 0x0000000084500000, 0x0000000084500000|100%| O|  |TAMS 0x0000000084500000, 0x0000000084400000| Untracked 
|  69|0x0000000084500000, 0x0000000084600000, 0x0000000084600000|100%| O|  |TAMS 0x0000000084600000, 0x0000000084500000| Untracked 
|  70|0x0000000084600000, 0x0000000084700000, 0x0000000084700000|100%| O|  |TAMS 0x0000000084700000, 0x0000000084600000| Untracked 
|  71|0x0000000084700000, 0x0000000084800000, 0x0000000084800000|100%| O|  |TAMS 0x0000000084800000, 0x0000000084700000| Untracked 
|  72|0x0000000084800000, 0x0000000084900000, 0x0000000084900000|100%| O|  |TAMS 0x0000000084900000, 0x0000000084800000| Untracked 
|  73|0x0000000084900000, 0x0000000084a00000, 0x0000000084a00000|100%| O|  |TAMS 0x0000000084a00000, 0x0000000084900000| Untracked 
|  74|0x0000000084a00000, 0x0000000084b00000, 0x0000000084b00000|100%| O|  |TAMS 0x0000000084b00000, 0x0000000084a00000| Untracked 
|  75|0x0000000084b00000, 0x0000000084c00000, 0x0000000084c00000|100%| O|  |TAMS 0x0000000084c00000, 0x0000000084b00000| Untracked 
|  76|0x0000000084c00000, 0x0000000084d00000, 0x0000000084d00000|100%| O|  |TAMS 0x0000000084d00000, 0x0000000084c00000| Untracked 
|  77|0x0000000084d00000, 0x0000000084e00000, 0x0000000084e00000|100%| O|  |TAMS 0x0000000084e00000, 0x0000000084d00000| Untracked 
|  78|0x0000000084e00000, 0x0000000084f00000, 0x0000000084f00000|100%| O|  |TAMS 0x0000000084f00000, 0x0000000084e00000| Untracked 
|  79|0x0000000084f00000, 0x0000000085000000, 0x0000000085000000|100%| O|  |TAMS 0x0000000085000000, 0x0000000084f00000| Untracked 
|  80|0x0000000085000000, 0x0000000085100000, 0x0000000085100000|100%| O|  |TAMS 0x0000000085100000, 0x0000000085000000| Untracked 
|  81|0x0000000085100000, 0x0000000085200000, 0x0000000085200000|100%| O|  |TAMS 0x000000008511c400, 0x0000000085100000| Untracked 
|  82|0x0000000085200000, 0x0000000085300000, 0x0000000085300000|100%| O|  |TAMS 0x0000000085200000, 0x0000000085200000| Untracked 
|  83|0x0000000085300000, 0x0000000085400000, 0x0000000085400000|100%| O|  |TAMS 0x0000000085300000, 0x0000000085300000| Untracked 
|  84|0x0000000085400000, 0x0000000085500000, 0x0000000085500000|100%| O|  |TAMS 0x0000000085400000, 0x0000000085400000| Untracked 
|  85|0x0000000085500000, 0x0000000085600000, 0x0000000085600000|100%| O|  |TAMS 0x0000000085500000, 0x0000000085500000| Untracked 
|  86|0x0000000085600000, 0x0000000085700000, 0x0000000085700000|100%| O|  |TAMS 0x0000000085600000, 0x0000000085600000| Untracked 
|  87|0x0000000085700000, 0x0000000085800000, 0x0000000085800000|100%| O|  |TAMS 0x0000000085700000, 0x0000000085700000| Untracked 
|  88|0x0000000085800000, 0x0000000085900000, 0x0000000085900000|100%|HS|  |TAMS 0x0000000085900000, 0x0000000085800000| Complete 
|  89|0x0000000085900000, 0x0000000085a00000, 0x0000000085a00000|100%|HC|  |TAMS 0x0000000085a00000, 0x0000000085900000| Complete 
|  90|0x0000000085a00000, 0x0000000085b00000, 0x0000000085b00000|100%| O|  |TAMS 0x0000000085a00000, 0x0000000085a00000| Untracked 
|  91|0x0000000085b00000, 0x0000000085c00000, 0x0000000085c00000|100%| O|  |TAMS 0x0000000085b00000, 0x0000000085b00000| Untracked 
|  92|0x0000000085c00000, 0x0000000085d00000, 0x0000000085d00000|100%| O|  |TAMS 0x0000000085c00000, 0x0000000085c00000| Untracked 
|  93|0x0000000085d00000, 0x0000000085e00000, 0x0000000085e00000|100%| O|  |TAMS 0x0000000085d00000, 0x0000000085d00000| Untracked 
|  94|0x0000000085e00000, 0x0000000085ec3800, 0x0000000085f00000| 76%| O|  |TAMS 0x0000000085e00000, 0x0000000085e00000| Untracked 
|  95|0x0000000085f00000, 0x0000000085f00000, 0x0000000086000000|  0%| F|  |TAMS 0x0000000085f00000, 0x0000000085f00000| Untracked 
|  96|0x0000000086000000, 0x0000000086000000, 0x0000000086100000|  0%| F|  |TAMS 0x0000000086000000, 0x0000000086000000| Untracked 
|  97|0x0000000086100000, 0x0000000086100000, 0x0000000086200000|  0%| F|  |TAMS 0x0000000086100000, 0x0000000086100000| Untracked 
|  98|0x0000000086200000, 0x0000000086300000, 0x0000000086300000|100%| O|  |TAMS 0x0000000086200000, 0x0000000086200000| Untracked 
|  99|0x0000000086300000, 0x0000000086300000, 0x0000000086400000|  0%| F|  |TAMS 0x0000000086300000, 0x0000000086300000| Untracked 
| 100|0x0000000086400000, 0x0000000086400000, 0x0000000086500000|  0%| F|  |TAMS 0x0000000086400000, 0x0000000086400000| Untracked 
| 101|0x0000000086500000, 0x0000000086600000, 0x0000000086600000|100%| O|  |TAMS 0x0000000086500000, 0x0000000086500000| Untracked 
| 102|0x0000000086600000, 0x0000000086700000, 0x0000000086700000|100%| O|  |TAMS 0x0000000086600000, 0x0000000086600000| Untracked 
| 103|0x0000000086700000, 0x0000000086800000, 0x0000000086800000|100%| O|  |TAMS 0x0000000086700000, 0x0000000086700000| Untracked 
| 104|0x0000000086800000, 0x0000000086900000, 0x0000000086900000|100%| O|  |TAMS 0x0000000086800000, 0x0000000086800000| Untracked 
| 105|0x0000000086900000, 0x0000000086a00000, 0x0000000086a00000|100%| O|  |TAMS 0x0000000086900000, 0x0000000086900000| Untracked 
| 106|0x0000000086a00000, 0x0000000086b00000, 0x0000000086b00000|100%| O|  |TAMS 0x0000000086a00000, 0x0000000086a00000| Untracked 
| 107|0x0000000086b00000, 0x0000000086c00000, 0x0000000086c00000|100%| O|  |TAMS 0x0000000086b00000, 0x0000000086b00000| Untracked 
| 108|0x0000000086c00000, 0x0000000086d00000, 0x0000000086d00000|100%| O|  |TAMS 0x0000000086c00000, 0x0000000086c00000| Untracked 
| 109|0x0000000086d00000, 0x0000000086e00000, 0x0000000086e00000|100%| O|  |TAMS 0x0000000086d00000, 0x0000000086d00000| Untracked 
| 110|0x0000000086e00000, 0x0000000086f00000, 0x0000000086f00000|100%| O|  |TAMS 0x0000000086e00000, 0x0000000086e00000| Untracked 
| 111|0x0000000086f00000, 0x0000000087000000, 0x0000000087000000|100%| O|  |TAMS 0x0000000086f00000, 0x0000000086f00000| Untracked 
| 112|0x0000000087000000, 0x0000000087100000, 0x0000000087100000|100%| O|  |TAMS 0x0000000087000000, 0x0000000087000000| Untracked 
| 113|0x0000000087100000, 0x0000000087200000, 0x0000000087200000|100%| O|  |TAMS 0x0000000087100000, 0x0000000087100000| Untracked 
| 114|0x0000000087200000, 0x0000000087300000, 0x0000000087300000|100%| O|  |TAMS 0x0000000087200000, 0x0000000087200000| Untracked 
| 115|0x0000000087300000, 0x0000000087400000, 0x0000000087400000|100%| O|  |TAMS 0x0000000087300000, 0x0000000087300000| Untracked 
| 116|0x0000000087400000, 0x0000000087500000, 0x0000000087500000|100%| O|  |TAMS 0x0000000087400000, 0x0000000087400000| Untracked 
| 117|0x0000000087500000, 0x0000000087600000, 0x0000000087600000|100%| O|  |TAMS 0x0000000087500000, 0x0000000087500000| Untracked 
| 118|0x0000000087600000, 0x0000000087700000, 0x0000000087700000|100%| O|  |TAMS 0x0000000087600000, 0x0000000087600000| Untracked 
| 119|0x0000000087700000, 0x0000000087800000, 0x0000000087800000|100%| O|  |TAMS 0x0000000087700000, 0x0000000087700000| Untracked 
| 120|0x0000000087800000, 0x0000000087900000, 0x0000000087900000|100%| O|  |TAMS 0x0000000087800000, 0x0000000087800000| Untracked 
| 121|0x0000000087900000, 0x0000000087a00000, 0x0000000087a00000|100%| O|  |TAMS 0x0000000087900000, 0x0000000087900000| Untracked 
| 122|0x0000000087a00000, 0x0000000087b00000, 0x0000000087b00000|100%| O|  |TAMS 0x0000000087a00000, 0x0000000087a00000| Untracked 
| 123|0x0000000087b00000, 0x0000000087c00000, 0x0000000087c00000|100%| O|  |TAMS 0x0000000087b00000, 0x0000000087b00000| Untracked 
| 124|0x0000000087c00000, 0x0000000087d00000, 0x0000000087d00000|100%| O|  |TAMS 0x0000000087c00000, 0x0000000087c00000| Untracked 
| 125|0x0000000087d00000, 0x0000000087e00000, 0x0000000087e00000|100%| O|  |TAMS 0x0000000087d00000, 0x0000000087d00000| Untracked 
| 126|0x0000000087e00000, 0x0000000087f00000, 0x0000000087f00000|100%| O|  |TAMS 0x0000000087e00000, 0x0000000087e00000| Untracked 
| 127|0x0000000087f00000, 0x0000000088000000, 0x0000000088000000|100%| O|  |TAMS 0x0000000087f00000, 0x0000000087f00000| Untracked 
| 128|0x0000000088000000, 0x0000000088100000, 0x0000000088100000|100%| O|  |TAMS 0x0000000088000000, 0x0000000088000000| Untracked 
| 129|0x0000000088100000, 0x0000000088200000, 0x0000000088200000|100%| O|  |TAMS 0x0000000088100000, 0x0000000088100000| Untracked 
| 130|0x0000000088200000, 0x0000000088300000, 0x0000000088300000|100%| O|  |TAMS 0x0000000088200000, 0x0000000088200000| Untracked 
| 131|0x0000000088300000, 0x0000000088400000, 0x0000000088400000|100%| O|  |TAMS 0x0000000088300000, 0x0000000088300000| Untracked 
| 132|0x0000000088400000, 0x0000000088500000, 0x0000000088500000|100%| O|  |TAMS 0x0000000088400000, 0x0000000088400000| Untracked 
| 133|0x0000000088500000, 0x0000000088600000, 0x0000000088600000|100%| O|  |TAMS 0x0000000088500000, 0x0000000088500000| Untracked 
| 134|0x0000000088600000, 0x0000000088700000, 0x0000000088700000|100%| O|  |TAMS 0x0000000088600000, 0x0000000088600000| Untracked 
| 135|0x0000000088700000, 0x0000000088800000, 0x0000000088800000|100%| O|  |TAMS 0x0000000088700000, 0x0000000088700000| Untracked 
| 136|0x0000000088800000, 0x0000000088900000, 0x0000000088900000|100%| O|  |TAMS 0x0000000088800000, 0x0000000088800000| Untracked 
| 137|0x0000000088900000, 0x0000000088900000, 0x0000000088a00000|  0%| F|  |TAMS 0x0000000088900000, 0x0000000088900000| Untracked 
| 138|0x0000000088a00000, 0x0000000088a00000, 0x0000000088b00000|  0%| F|  |TAMS 0x0000000088a00000, 0x0000000088a00000| Untracked 
| 139|0x0000000088b00000, 0x0000000088b00000, 0x0000000088c00000|  0%| F|  |TAMS 0x0000000088b00000, 0x0000000088b00000| Untracked 
| 140|0x0000000088c00000, 0x0000000088c00000, 0x0000000088d00000|  0%| F|  |TAMS 0x0000000088c00000, 0x0000000088c00000| Untracked 
| 141|0x0000000088d00000, 0x0000000088d00000, 0x0000000088e00000|  0%| F|  |TAMS 0x0000000088d00000, 0x0000000088d00000| Untracked 
| 142|0x0000000088e00000, 0x0000000088e00000, 0x0000000088f00000|  0%| F|  |TAMS 0x0000000088e00000, 0x0000000088e00000| Untracked 
| 143|0x0000000088f00000, 0x0000000088f00000, 0x0000000089000000|  0%| F|  |TAMS 0x0000000088f00000, 0x0000000088f00000| Untracked 
| 144|0x0000000089000000, 0x0000000089000000, 0x0000000089100000|  0%| F|  |TAMS 0x0000000089000000, 0x0000000089000000| Untracked 
| 145|0x0000000089100000, 0x0000000089100000, 0x0000000089200000|  0%| F|  |TAMS 0x0000000089100000, 0x0000000089100000| Untracked 
| 146|0x0000000089200000, 0x0000000089200000, 0x0000000089300000|  0%| F|  |TAMS 0x0000000089200000, 0x0000000089200000| Untracked 
| 147|0x0000000089300000, 0x0000000089300000, 0x0000000089400000|  0%| F|  |TAMS 0x0000000089300000, 0x0000000089300000| Untracked 
| 148|0x0000000089400000, 0x0000000089400000, 0x0000000089500000|  0%| F|  |TAMS 0x0000000089400000, 0x0000000089400000| Untracked 
| 149|0x0000000089500000, 0x0000000089500000, 0x0000000089600000|  0%| F|  |TAMS 0x0000000089500000, 0x0000000089500000| Untracked 
| 150|0x0000000089600000, 0x0000000089600000, 0x0000000089700000|  0%| F|  |TAMS 0x0000000089600000, 0x0000000089600000| Untracked 
| 151|0x0000000089700000, 0x0000000089700000, 0x0000000089800000|  0%| F|  |TAMS 0x0000000089700000, 0x0000000089700000| Untracked 
| 152|0x0000000089800000, 0x0000000089800000, 0x0000000089900000|  0%| F|  |TAMS 0x0000000089800000, 0x0000000089800000| Untracked 
| 153|0x0000000089900000, 0x0000000089900000, 0x0000000089a00000|  0%| F|  |TAMS 0x0000000089900000, 0x0000000089900000| Untracked 
| 154|0x0000000089a00000, 0x0000000089a00000, 0x0000000089b00000|  0%| F|  |TAMS 0x0000000089a00000, 0x0000000089a00000| Untracked 
| 155|0x0000000089b00000, 0x0000000089b00000, 0x0000000089c00000|  0%| F|  |TAMS 0x0000000089b00000, 0x0000000089b00000| Untracked 
| 156|0x0000000089c00000, 0x0000000089c00000, 0x0000000089d00000|  0%| F|  |TAMS 0x0000000089c00000, 0x0000000089c00000| Untracked 
| 157|0x0000000089d00000, 0x0000000089d00000, 0x0000000089e00000|  0%| F|  |TAMS 0x0000000089d00000, 0x0000000089d00000| Untracked 
| 158|0x0000000089e00000, 0x0000000089e00000, 0x0000000089f00000|  0%| F|  |TAMS 0x0000000089e00000, 0x0000000089e00000| Untracked 
| 159|0x0000000089f00000, 0x0000000089f00000, 0x000000008a000000|  0%| F|  |TAMS 0x0000000089f00000, 0x0000000089f00000| Untracked 
| 160|0x000000008a000000, 0x000000008a000000, 0x000000008a100000|  0%| F|  |TAMS 0x000000008a000000, 0x000000008a000000| Untracked 
| 161|0x000000008a100000, 0x000000008a100000, 0x000000008a200000|  0%| F|  |TAMS 0x000000008a100000, 0x000000008a100000| Untracked 
| 162|0x000000008a200000, 0x000000008a200000, 0x000000008a300000|  0%| F|  |TAMS 0x000000008a200000, 0x000000008a200000| Untracked 
| 163|0x000000008a300000, 0x000000008a300000, 0x000000008a400000|  0%| F|  |TAMS 0x000000008a300000, 0x000000008a300000| Untracked 
| 164|0x000000008a400000, 0x000000008a400000, 0x000000008a500000|  0%| F|  |TAMS 0x000000008a400000, 0x000000008a400000| Untracked 
| 165|0x000000008a500000, 0x000000008a500000, 0x000000008a600000|  0%| F|  |TAMS 0x000000008a500000, 0x000000008a500000| Untracked 
| 166|0x000000008a600000, 0x000000008a600000, 0x000000008a700000|  0%| F|  |TAMS 0x000000008a600000, 0x000000008a600000| Untracked 
| 167|0x000000008a700000, 0x000000008a700000, 0x000000008a800000|  0%| F|  |TAMS 0x000000008a700000, 0x000000008a700000| Untracked 
| 168|0x000000008a800000, 0x000000008a800000, 0x000000008a900000|  0%| F|  |TAMS 0x000000008a800000, 0x000000008a800000| Untracked 
| 169|0x000000008a900000, 0x000000008a900000, 0x000000008aa00000|  0%| F|  |TAMS 0x000000008a900000, 0x000000008a900000| Untracked 
| 170|0x000000008aa00000, 0x000000008aa00000, 0x000000008ab00000|  0%| F|  |TAMS 0x000000008aa00000, 0x000000008aa00000| Untracked 
| 171|0x000000008ab00000, 0x000000008ab00000, 0x000000008ac00000|  0%| F|  |TAMS 0x000000008ab00000, 0x000000008ab00000| Untracked 
| 172|0x000000008ac00000, 0x000000008ac00000, 0x000000008ad00000|  0%| F|  |TAMS 0x000000008ac00000, 0x000000008ac00000| Untracked 
| 173|0x000000008ad00000, 0x000000008ad00000, 0x000000008ae00000|  0%| F|  |TAMS 0x000000008ad00000, 0x000000008ad00000| Untracked 
| 174|0x000000008ae00000, 0x000000008ae00000, 0x000000008af00000|  0%| F|  |TAMS 0x000000008ae00000, 0x000000008ae00000| Untracked 
| 175|0x000000008af00000, 0x000000008af00000, 0x000000008b000000|  0%| F|  |TAMS 0x000000008af00000, 0x000000008af00000| Untracked 
| 176|0x000000008b000000, 0x000000008b000000, 0x000000008b100000|  0%| F|  |TAMS 0x000000008b000000, 0x000000008b000000| Untracked 
| 177|0x000000008b100000, 0x000000008b100000, 0x000000008b200000|  0%| F|  |TAMS 0x000000008b100000, 0x000000008b100000| Untracked 
| 178|0x000000008b200000, 0x000000008b200000, 0x000000008b300000|  0%| F|  |TAMS 0x000000008b200000, 0x000000008b200000| Untracked 
| 179|0x000000008b300000, 0x000000008b300000, 0x000000008b400000|  0%| F|  |TAMS 0x000000008b300000, 0x000000008b300000| Untracked 
| 180|0x000000008b400000, 0x000000008b400000, 0x000000008b500000|  0%| F|  |TAMS 0x000000008b400000, 0x000000008b400000| Untracked 
| 181|0x000000008b500000, 0x000000008b500000, 0x000000008b600000|  0%| F|  |TAMS 0x000000008b500000, 0x000000008b500000| Untracked 
| 182|0x000000008b600000, 0x000000008b600000, 0x000000008b700000|  0%| F|  |TAMS 0x000000008b600000, 0x000000008b600000| Untracked 
| 183|0x000000008b700000, 0x000000008b700000, 0x000000008b800000|  0%| F|  |TAMS 0x000000008b700000, 0x000000008b700000| Untracked 
| 184|0x000000008b800000, 0x000000008b800000, 0x000000008b900000|  0%| F|  |TAMS 0x000000008b800000, 0x000000008b800000| Untracked 
| 185|0x000000008b900000, 0x000000008b955ca8, 0x000000008ba00000| 33%| S|CS|TAMS 0x000000008b900000, 0x000000008b900000| Complete 
| 186|0x000000008ba00000, 0x000000008bb00000, 0x000000008bb00000|100%| S|CS|TAMS 0x000000008ba00000, 0x000000008ba00000| Complete 
| 187|0x000000008bb00000, 0x000000008bc00000, 0x000000008bc00000|100%| S|CS|TAMS 0x000000008bb00000, 0x000000008bb00000| Complete 
| 188|0x000000008bc00000, 0x000000008bd00000, 0x000000008bd00000|100%| S|CS|TAMS 0x000000008bc00000, 0x000000008bc00000| Complete 
| 189|0x000000008bd00000, 0x000000008bd00000, 0x000000008be00000|  0%| F|  |TAMS 0x000000008bd00000, 0x000000008bd00000| Untracked 
| 190|0x000000008be00000, 0x000000008be00000, 0x000000008bf00000|  0%| F|  |TAMS 0x000000008be00000, 0x000000008be00000| Untracked 
| 191|0x000000008bf00000, 0x000000008bf00000, 0x000000008c000000|  0%| F|  |TAMS 0x000000008bf00000, 0x000000008bf00000| Untracked 
| 192|0x000000008c000000, 0x000000008c000000, 0x000000008c100000|  0%| F|  |TAMS 0x000000008c000000, 0x000000008c000000| Untracked 
| 193|0x000000008c100000, 0x000000008c100000, 0x000000008c200000|  0%| F|  |TAMS 0x000000008c100000, 0x000000008c100000| Untracked 
| 194|0x000000008c200000, 0x000000008c200000, 0x000000008c300000|  0%| F|  |TAMS 0x000000008c200000, 0x000000008c200000| Untracked 
| 195|0x000000008c300000, 0x000000008c300000, 0x000000008c400000|  0%| F|  |TAMS 0x000000008c300000, 0x000000008c300000| Untracked 
| 196|0x000000008c400000, 0x000000008c400000, 0x000000008c500000|  0%| F|  |TAMS 0x000000008c400000, 0x000000008c400000| Untracked 
| 197|0x000000008c500000, 0x000000008c500000, 0x000000008c600000|  0%| F|  |TAMS 0x000000008c500000, 0x000000008c500000| Untracked 
| 198|0x000000008c600000, 0x000000008c600000, 0x000000008c700000|  0%| F|  |TAMS 0x000000008c600000, 0x000000008c600000| Untracked 
| 199|0x000000008c700000, 0x000000008c700000, 0x000000008c800000|  0%| F|  |TAMS 0x000000008c700000, 0x000000008c700000| Untracked 
| 200|0x000000008c800000, 0x000000008c800000, 0x000000008c900000|  0%| F|  |TAMS 0x000000008c800000, 0x000000008c800000| Untracked 
| 201|0x000000008c900000, 0x000000008c900000, 0x000000008ca00000|  0%| F|  |TAMS 0x000000008c900000, 0x000000008c900000| Untracked 
| 202|0x000000008ca00000, 0x000000008ca00000, 0x000000008cb00000|  0%| F|  |TAMS 0x000000008ca00000, 0x000000008ca00000| Untracked 
| 203|0x000000008cb00000, 0x000000008cb00000, 0x000000008cc00000|  0%| F|  |TAMS 0x000000008cb00000, 0x000000008cb00000| Untracked 
| 204|0x000000008cc00000, 0x000000008cc00000, 0x000000008cd00000|  0%| F|  |TAMS 0x000000008cc00000, 0x000000008cc00000| Untracked 
| 205|0x000000008cd00000, 0x000000008cd00000, 0x000000008ce00000|  0%| F|  |TAMS 0x000000008cd00000, 0x000000008cd00000| Untracked 
| 206|0x000000008ce00000, 0x000000008ce00000, 0x000000008cf00000|  0%| F|  |TAMS 0x000000008ce00000, 0x000000008ce00000| Untracked 
| 207|0x000000008cf00000, 0x000000008cf00000, 0x000000008d000000|  0%| F|  |TAMS 0x000000008cf00000, 0x000000008cf00000| Untracked 
| 208|0x000000008d000000, 0x000000008d000000, 0x000000008d100000|  0%| F|  |TAMS 0x000000008d000000, 0x000000008d000000| Untracked 
| 209|0x000000008d100000, 0x000000008d100000, 0x000000008d200000|  0%| F|  |TAMS 0x000000008d100000, 0x000000008d100000| Untracked 
| 210|0x000000008d200000, 0x000000008d200000, 0x000000008d300000|  0%| F|  |TAMS 0x000000008d200000, 0x000000008d200000| Untracked 
| 211|0x000000008d300000, 0x000000008d300000, 0x000000008d400000|  0%| F|  |TAMS 0x000000008d300000, 0x000000008d300000| Untracked 
| 212|0x000000008d400000, 0x000000008d400000, 0x000000008d500000|  0%| F|  |TAMS 0x000000008d400000, 0x000000008d400000| Untracked 
| 213|0x000000008d500000, 0x000000008d500000, 0x000000008d600000|  0%| F|  |TAMS 0x000000008d500000, 0x000000008d500000| Untracked 
| 214|0x000000008d600000, 0x000000008d600000, 0x000000008d700000|  0%| F|  |TAMS 0x000000008d600000, 0x000000008d600000| Untracked 
| 215|0x000000008d700000, 0x000000008d700000, 0x000000008d800000|  0%| F|  |TAMS 0x000000008d700000, 0x000000008d700000| Untracked 
| 216|0x000000008d800000, 0x000000008d800000, 0x000000008d900000|  0%| F|  |TAMS 0x000000008d800000, 0x000000008d800000| Untracked 
| 217|0x000000008d900000, 0x000000008d900000, 0x000000008da00000|  0%| F|  |TAMS 0x000000008d900000, 0x000000008d900000| Untracked 
| 218|0x000000008da00000, 0x000000008da00000, 0x000000008db00000|  0%| F|  |TAMS 0x000000008da00000, 0x000000008da00000| Untracked 
| 219|0x000000008db00000, 0x000000008db00000, 0x000000008dc00000|  0%| F|  |TAMS 0x000000008db00000, 0x000000008db00000| Untracked 
| 220|0x000000008dc00000, 0x000000008dc00000, 0x000000008dd00000|  0%| F|  |TAMS 0x000000008dc00000, 0x000000008dc00000| Untracked 
| 221|0x000000008dd00000, 0x000000008dd00000, 0x000000008de00000|  0%| F|  |TAMS 0x000000008dd00000, 0x000000008dd00000| Untracked 
| 222|0x000000008de00000, 0x000000008de00000, 0x000000008df00000|  0%| F|  |TAMS 0x000000008de00000, 0x000000008de00000| Untracked 
| 223|0x000000008df00000, 0x000000008df00000, 0x000000008e000000|  0%| F|  |TAMS 0x000000008df00000, 0x000000008df00000| Untracked 
| 224|0x000000008e000000, 0x000000008e000000, 0x000000008e100000|  0%| F|  |TAMS 0x000000008e000000, 0x000000008e000000| Untracked 
| 225|0x000000008e100000, 0x000000008e100000, 0x000000008e200000|  0%| F|  |TAMS 0x000000008e100000, 0x000000008e100000| Untracked 
| 226|0x000000008e200000, 0x000000008e200000, 0x000000008e300000|  0%| F|  |TAMS 0x000000008e200000, 0x000000008e200000| Untracked 
| 227|0x000000008e300000, 0x000000008e300000, 0x000000008e400000|  0%| F|  |TAMS 0x000000008e300000, 0x000000008e300000| Untracked 
| 228|0x000000008e400000, 0x000000008e400000, 0x000000008e500000|  0%| F|  |TAMS 0x000000008e400000, 0x000000008e400000| Untracked 
| 229|0x000000008e500000, 0x000000008e500000, 0x000000008e600000|  0%| F|  |TAMS 0x000000008e500000, 0x000000008e500000| Untracked 
| 230|0x000000008e600000, 0x000000008e600000, 0x000000008e700000|  0%| F|  |TAMS 0x000000008e600000, 0x000000008e600000| Untracked 
| 231|0x000000008e700000, 0x000000008e700000, 0x000000008e800000|  0%| F|  |TAMS 0x000000008e700000, 0x000000008e700000| Untracked 
| 232|0x000000008e800000, 0x000000008e800000, 0x000000008e900000|  0%| F|  |TAMS 0x000000008e800000, 0x000000008e800000| Untracked 
| 233|0x000000008e900000, 0x000000008e900000, 0x000000008ea00000|  0%| F|  |TAMS 0x000000008e900000, 0x000000008e900000| Untracked 
| 234|0x000000008ea00000, 0x000000008ea00000, 0x000000008eb00000|  0%| F|  |TAMS 0x000000008ea00000, 0x000000008ea00000| Untracked 
| 235|0x000000008eb00000, 0x000000008eb00000, 0x000000008ec00000|  0%| F|  |TAMS 0x000000008eb00000, 0x000000008eb00000| Untracked 
| 236|0x000000008ec00000, 0x000000008ec00000, 0x000000008ed00000|  0%| F|  |TAMS 0x000000008ec00000, 0x000000008ec00000| Untracked 
| 237|0x000000008ed00000, 0x000000008ed00000, 0x000000008ee00000|  0%| F|  |TAMS 0x000000008ed00000, 0x000000008ed00000| Untracked 
| 238|0x000000008ee00000, 0x000000008ee00000, 0x000000008ef00000|  0%| F|  |TAMS 0x000000008ee00000, 0x000000008ee00000| Untracked 
| 239|0x000000008ef00000, 0x000000008ef00000, 0x000000008f000000|  0%| F|  |TAMS 0x000000008ef00000, 0x000000008ef00000| Untracked 
| 240|0x000000008f000000, 0x000000008f000000, 0x000000008f100000|  0%| F|  |TAMS 0x000000008f000000, 0x000000008f000000| Untracked 
| 241|0x000000008f100000, 0x000000008f100000, 0x000000008f200000|  0%| F|  |TAMS 0x000000008f100000, 0x000000008f100000| Untracked 
| 242|0x000000008f200000, 0x000000008f200000, 0x000000008f300000|  0%| F|  |TAMS 0x000000008f200000, 0x000000008f200000| Untracked 
| 243|0x000000008f300000, 0x000000008f300000, 0x000000008f400000|  0%| F|  |TAMS 0x000000008f300000, 0x000000008f300000| Untracked 
| 244|0x000000008f400000, 0x000000008f400000, 0x000000008f500000|  0%| F|  |TAMS 0x000000008f400000, 0x000000008f400000| Untracked 
| 245|0x000000008f500000, 0x000000008f500000, 0x000000008f600000|  0%| F|  |TAMS 0x000000008f500000, 0x000000008f500000| Untracked 
| 246|0x000000008f600000, 0x000000008f600000, 0x000000008f700000|  0%| F|  |TAMS 0x000000008f600000, 0x000000008f600000| Untracked 
| 247|0x000000008f700000, 0x000000008f700000, 0x000000008f800000|  0%| F|  |TAMS 0x000000008f700000, 0x000000008f700000| Untracked 

Card table byte_map: [0x0000024b33680000,0x0000024b33a80000] _byte_map_base: 0x0000024b33280000

Marking Bits (Prev, Next): (CMBitMap*) 0x0000024b20e07f50, (CMBitMap*) 0x0000024b20e07f10
 Prev Bits: [0x0000024b35e80000, 0x0000024b37e80000)
 Next Bits: [0x0000024b33e80000, 0x0000024b35e80000)

Polling page: 0x0000024b20580000

Metaspace:

Usage:
  Non-class:     89.06 MB used.
      Class:     13.55 MB used.
       Both:    102.61 MB used.

Virtual space:
  Non-class space:       96.00 MB reserved,      89.44 MB ( 93%) committed,  12 nodes.
      Class space:        1.00 GB reserved,      13.88 MB (  1%) committed,  1 nodes.
             Both:        1.09 GB reserved,     103.31 MB (  9%) committed. 

Chunk freelists:
   Non-Class:  2.09 MB
       Class:  2.13 MB
        Both:  4.22 MB

MaxMetaspaceSize: unlimited
CompressedClassSpaceSize: 1.00 GB
Initial GC threshold: 21.00 MB
Current GC threshold: 163.69 MB
CDS: off
MetaspaceReclaimPolicy: balanced
 - commit_granule_bytes: 65536.
 - commit_granule_words: 8192.
 - virtual_space_node_default_size: 1048576.
 - enlarge_chunks_in_place: 1.
 - new_chunks_are_fully_committed: 0.
 - uncommit_free_chunks: 1.
 - use_allocation_guard: 0.
 - handle_deallocations: 1.


Internal statistics:

num_allocs_failed_limit: 6.
num_arena_births: 1078.
num_arena_deaths: 0.
num_vsnodes_births: 13.
num_vsnodes_deaths: 0.
num_space_committed: 1651.
num_space_uncommitted: 0.
num_chunks_returned_to_freelist: 6.
num_chunks_taken_from_freelist: 4932.
num_chunk_merges: 6.
num_chunk_splits: 3296.
num_chunks_enlarged: 2274.
num_purges: 0.
num_inconsistent_stats: 0.

CodeHeap 'non-profiled nmethods': size=120000Kb used=6980Kb max_used=6980Kb free=113019Kb
 bounds [0x0000024b2bd50000, 0x0000024b2c430000, 0x0000024b33280000]
CodeHeap 'profiled nmethods': size=120000Kb used=24872Kb max_used=24872Kb free=95127Kb
 bounds [0x0000024b24280000, 0x0000024b25ad0000, 0x0000024b2b7b0000]
CodeHeap 'non-nmethods': size=5760Kb used=2403Kb max_used=2462Kb free=3356Kb
 bounds [0x0000024b2b7b0000, 0x0000024b2ba30000, 0x0000024b2bd50000]
 total_blobs=13363 nmethods=12426 adapters=849
 compilation: enabled
              stopped_count=0, restarted_count=0
 full_count=0

Compilation events (20 events):
Event: 33.655 Thread 0x0000024b3acb79a0 14130       2       org.gradle.internal.execution.steps.ResolveChangesStep::lambda$resolveExecutionStateChanges$4 (38 bytes)
Event: 33.655 Thread 0x0000024b3acb79a0 nmethod 14130 0x0000024b25ac3510 code [0x0000024b25ac36e0, 0x0000024b25ac3908]
Event: 33.655 Thread 0x0000024b3acb79a0 14127       2       java.util.stream.Collectors::mapping (46 bytes)
Event: 33.656 Thread 0x0000024b3ac439f0 nmethod 14105 0x0000024b2c420890 code [0x0000024b2c420a40, 0x0000024b2c420da8]
Event: 33.656 Thread 0x0000024b3ac439f0 14092       4       com.android.aaptcompiler.TableExtractor::flattenXmlSubTree (503 bytes)
Event: 33.656 Thread 0x0000024b3acb79a0 nmethod 14127 0x0000024b25ac3a90 code [0x0000024b25ac3c60, 0x0000024b25ac41c8]
Event: 33.656 Thread 0x0000024b3acb79a0 14131       2       org.gradle.internal.collections.ImmutableFilteredList::<init> (15 bytes)
Event: 33.657 Thread 0x0000024b3acb79a0 nmethod 14131 0x0000024b25ac4410 code [0x0000024b25ac45a0, 0x0000024b25ac4758]
Event: 33.657 Thread 0x0000024b3acb79a0 14125       1       org.gradle.api.internal.tasks.properties.DefaultInputPropertySpec::getValue (5 bytes)
Event: 33.657 Thread 0x0000024b3acb79a0 nmethod 14125 0x0000024b2c421090 code [0x0000024b2c421220, 0x0000024b2c4212f8]
Event: 33.657 Thread 0x0000024b3acb79a0 14132       2       org.gradle.api.internal.artifacts.transform.TransformedExternalArtifactSet::<init> (16 bytes)
Event: 33.657 Thread 0x0000024b3acb79a0 nmethod 14132 0x0000024b25ac4810 code [0x0000024b25ac49a0, 0x0000024b25ac4ac8]
Event: 33.657 Thread 0x0000024b3acb79a0 14133   !   3       java.util.concurrent.ConcurrentHashMap::transfer (849 bytes)
Event: 33.662 Thread 0x0000024b3acb79a0 nmethod 14133 0x0000024b25ac4b90 code [0x0000024b25ac4fe0, 0x0000024b25ac7758]
Event: 33.662 Thread 0x0000024b3acb79a0 14134       2       org.gradle.api.internal.artifacts.transform.DefaultTransformedVariantFactory::doCreateExternal (44 bytes)
Event: 33.662 Thread 0x0000024b3acb79a0 nmethod 14134 0x0000024b25ac8f90 code [0x0000024b25ac9160, 0x0000024b25ac9448]
Event: 33.662 Thread 0x0000024b3acb79a0 14135       2       org.gradle.api.internal.artifacts.transform.TransformingAsyncArtifactListener$1::visitArtifact (47 bytes)
Event: 33.663 Thread 0x0000024b3acb79a0 nmethod 14135 0x0000024b25ac9690 code [0x0000024b25ac9840, 0x0000024b25ac9bc8]
Event: 33.663 Thread 0x0000024b3acb79a0 14136       2       org.gradle.api.internal.artifacts.transform.TransformingAsyncArtifactListener$TransformedArtifact::<init> (32 bytes)
Event: 33.663 Thread 0x0000024b3acb79a0 nmethod 14136 0x0000024b25ac9d10 code [0x0000024b25ac9ec0, 0x0000024b25aca198]

GC Heap History (20 events):
Event: 16.582 GC heap after
{Heap after GC invocations=28 (full 0):
 garbage-first heap   total 126976K, used 61358K [0x0000000080000000, 0x0000000100000000)
  region size 1024K, 3 young (3072K), 3 survivors (3072K)
 Metaspace       used 69329K, committed 69888K, reserved 1114112K
  class space    used 9204K, committed 9472K, reserved 1048576K
}
Event: 17.498 GC heap before
{Heap before GC invocations=29 (full 0):
 garbage-first heap   total 126976K, used 95150K [0x0000000080000000, 0x0000000100000000)
  region size 1024K, 36 young (36864K), 3 survivors (3072K)
 Metaspace       used 73520K, committed 74112K, reserved 1114112K
  class space    used 9759K, committed 10048K, reserved 1048576K
}
Event: 17.509 GC heap after
{Heap after GC invocations=30 (full 0):
 garbage-first heap   total 126976K, used 63477K [0x0000000080000000, 0x0000000100000000)
  region size 1024K, 5 young (5120K), 5 survivors (5120K)
 Metaspace       used 73520K, committed 74112K, reserved 1114112K
  class space    used 9759K, committed 10048K, reserved 1048576K
}
Event: 17.535 GC heap before
{Heap before GC invocations=30 (full 0):
 garbage-first heap   total 126976K, used 64501K [0x0000000080000000, 0x0000000100000000)
  region size 1024K, 6 young (6144K), 5 survivors (5120K)
 Metaspace       used 73587K, committed 74176K, reserved 1114112K
  class space    used 9764K, committed 10048K, reserved 1048576K
}
Event: 17.547 GC heap after
{Heap after GC invocations=31 (full 0):
 garbage-first heap   total 253952K, used 63597K [0x0000000080000000, 0x0000000100000000)
  region size 1024K, 1 young (1024K), 1 survivors (1024K)
 Metaspace       used 73587K, committed 74176K, reserved 1114112K
  class space    used 9764K, committed 10048K, reserved 1048576K
}
Event: 20.814 GC heap before
{Heap before GC invocations=31 (full 0):
 garbage-first heap   total 253952K, used 170093K [0x0000000080000000, 0x0000000100000000)
  region size 1024K, 104 young (106496K), 1 survivors (1024K)
 Metaspace       used 84053K, committed 84672K, reserved 1122304K
  class space    used 11407K, committed 11712K, reserved 1048576K
}
Event: 20.832 GC heap after
{Heap after GC invocations=32 (full 0):
 garbage-first heap   total 253952K, used 69614K [0x0000000080000000, 0x0000000100000000)
  region size 1024K, 7 young (7168K), 7 survivors (7168K)
 Metaspace       used 84053K, committed 84672K, reserved 1122304K
  class space    used 11407K, committed 11712K, reserved 1048576K
}
Event: 23.619 GC heap before
{Heap before GC invocations=32 (full 0):
 garbage-first heap   total 253952K, used 188398K [0x0000000080000000, 0x0000000100000000)
  region size 1024K, 123 young (125952K), 7 survivors (7168K)
 Metaspace       used 92808K, committed 93440K, reserved 1130496K
  class space    used 12629K, committed 12928K, reserved 1048576K
}
Event: 23.656 GC heap after
{Heap after GC invocations=33 (full 0):
 garbage-first heap   total 253952K, used 82013K [0x0000000080000000, 0x0000000100000000)
  region size 1024K, 16 young (16384K), 16 survivors (16384K)
 Metaspace       used 92808K, committed 93440K, reserved 1130496K
  class space    used 12629K, committed 12928K, reserved 1048576K
}
Event: 27.076 GC heap before
{Heap before GC invocations=33 (full 0):
 garbage-first heap   total 253952K, used 193629K [0x0000000080000000, 0x0000000100000000)
  region size 1024K, 125 young (128000K), 16 survivors (16384K)
 Metaspace       used 98537K, committed 99328K, reserved 1138688K
  class space    used 13343K, committed 13760K, reserved 1048576K
}
Event: 27.130 GC heap after
{Heap after GC invocations=34 (full 0):
 garbage-first heap   total 253952K, used 94321K [0x0000000080000000, 0x0000000100000000)
  region size 1024K, 12 young (12288K), 12 survivors (12288K)
 Metaspace       used 98537K, committed 99328K, reserved 1138688K
  class space    used 13343K, committed 13760K, reserved 1048576K
}
Event: 29.694 GC heap before
{Heap before GC invocations=34 (full 0):
 garbage-first heap   total 253952K, used 197745K [0x0000000080000000, 0x0000000100000000)
  region size 1024K, 95 young (97280K), 12 survivors (12288K)
 Metaspace       used 99439K, committed 100160K, reserved 1138688K
  class space    used 13417K, committed 13760K, reserved 1048576K
}
Event: 29.750 GC heap after
{Heap after GC invocations=35 (full 0):
 garbage-first heap   total 253952K, used 124416K [0x0000000080000000, 0x0000000100000000)
  region size 1024K, 14 young (14336K), 14 survivors (14336K)
 Metaspace       used 99439K, committed 100160K, reserved 1138688K
  class space    used 13417K, committed 13760K, reserved 1048576K
}
Event: 31.363 GC heap before
{Heap before GC invocations=36 (full 0):
 garbage-first heap   total 253952K, used 206336K [0x0000000080000000, 0x0000000100000000)
  region size 1024K, 81 young (82944K), 14 survivors (14336K)
 Metaspace       used 103567K, committed 104320K, reserved 1146880K
  class space    used 13777K, committed 14144K, reserved 1048576K
}
Event: 31.403 GC heap after
{Heap after GC invocations=37 (full 0):
 garbage-first heap   total 253952K, used 132608K [0x0000000080000000, 0x0000000100000000)
  region size 1024K, 9 young (9216K), 9 survivors (9216K)
 Metaspace       used 103567K, committed 104320K, reserved 1146880K
  class space    used 13777K, committed 14144K, reserved 1048576K
}
Event: 31.452 GC heap before
{Heap before GC invocations=37 (full 0):
 garbage-first heap   total 253952K, used 135680K [0x0000000080000000, 0x0000000100000000)
  region size 1024K, 12 young (12288K), 9 survivors (9216K)
 Metaspace       used 103578K, committed 104320K, reserved 1146880K
  class space    used 13777K, committed 14144K, reserved 1048576K
}
Event: 31.465 GC heap after
{Heap after GC invocations=38 (full 0):
 garbage-first heap   total 253952K, used 133556K [0x0000000080000000, 0x0000000100000000)
  region size 1024K, 2 young (2048K), 2 survivors (2048K)
 Metaspace       used 103578K, committed 104320K, reserved 1146880K
  class space    used 13777K, committed 14144K, reserved 1048576K
}
Event: 32.301 GC heap before
{Heap before GC invocations=38 (full 0):
 garbage-first heap   total 253952K, used 198068K [0x0000000080000000, 0x0000000100000000)
  region size 1024K, 65 young (66560K), 2 survivors (2048K)
 Metaspace       used 104130K, committed 104832K, reserved 1146880K
  class space    used 13819K, committed 14144K, reserved 1048576K
}
Event: 32.320 GC heap after
{Heap after GC invocations=39 (full 0):
 garbage-first heap   total 253952K, used 140185K [0x0000000080000000, 0x0000000100000000)
  region size 1024K, 9 young (9216K), 9 survivors (9216K)
 Metaspace       used 104130K, committed 104832K, reserved 1146880K
  class space    used 13819K, committed 14144K, reserved 1048576K
}
Event: 33.668 GC heap before
{Heap before GC invocations=39 (full 0):
 garbage-first heap   total 253952K, used 199577K [0x0000000080000000, 0x0000000100000000)
  region size 1024K, 68 young (69632K), 9 survivors (9216K)
 Metaspace       used 105072K, committed 105792K, reserved 1146880K
  class space    used 13878K, committed 14208K, reserved 1048576K
}

Dll operation events (2 events):
Event: 0.023 Loaded shared library C:\Program Files\Android\Android Studio\jbr\bin\java.dll
Event: 0.922 Loaded shared library C:\Program Files\Android\Android Studio\jbr\bin\verify.dll

Deoptimization events (20 events):
Event: 33.365 Thread 0x0000024b3ee07e80 Uncommon trap: trap_request=0xffffff45 fr.pc=0x0000024b2be0c1d8 relative=0x0000000000000318
Event: 33.365 Thread 0x0000024b3ee07e80 Uncommon trap: reason=unstable_if action=reinterpret pc=0x0000024b2be0c1d8 method=java.util.concurrent.ConcurrentHashMap.addCount(JI)V @ 171 c2
Event: 33.365 Thread 0x0000024b3ee07e80 DEOPT PACKING pc=0x0000024b2be0c1d8 sp=0x0000009bcf3fe1f0
Event: 33.365 Thread 0x0000024b3ee07e80 DEOPT UNPACKING pc=0x0000024b2b8069a3 sp=0x0000009bcf3fe130 mode 2
Event: 33.365 Thread 0x0000024b3ee07e80 Uncommon trap: trap_request=0xffffff45 fr.pc=0x0000024b2be15a50 relative=0x0000000000001370
Event: 33.365 Thread 0x0000024b3ee07e80 Uncommon trap: reason=unstable_if action=reinterpret pc=0x0000024b2be15a50 method=java.util.concurrent.ConcurrentHashMap.transfer([Ljava/util/concurrent/ConcurrentHashMap$Node;[Ljava/util/concurrent/ConcurrentHashMap$Node;)V @ 34 c2
Event: 33.365 Thread 0x0000024b3ee07e80 DEOPT PACKING pc=0x0000024b2be15a50 sp=0x0000009bcf3fe040
Event: 33.365 Thread 0x0000024b3ee07e80 DEOPT UNPACKING pc=0x0000024b2b8069a3 sp=0x0000009bcf3fdff0 mode 2
Event: 33.365 Thread 0x0000024b3ee07e80 Uncommon trap: trap_request=0xffffff45 fr.pc=0x0000024b2bdf64dc relative=0x000000000000117c
Event: 33.366 Thread 0x0000024b3ee07e80 Uncommon trap: reason=unstable_if action=reinterpret pc=0x0000024b2bdf64dc method=java.util.concurrent.ConcurrentHashMap.transfer([Ljava/util/concurrent/ConcurrentHashMap$Node;[Ljava/util/concurrent/ConcurrentHashMap$Node;)V @ 273 c2
Event: 33.366 Thread 0x0000024b3ee07e80 DEOPT PACKING pc=0x0000024b2bdf64dc sp=0x0000009bcf3fe060
Event: 33.366 Thread 0x0000024b3ee07e80 DEOPT UNPACKING pc=0x0000024b2b8069a3 sp=0x0000009bcf3fdfe8 mode 2
Event: 33.386 Thread 0x0000024b3d472a20 Uncommon trap: trap_request=0xffffff45 fr.pc=0x0000024b2be1596c relative=0x000000000000128c
Event: 33.386 Thread 0x0000024b3d472a20 Uncommon trap: reason=unstable_if action=reinterpret pc=0x0000024b2be1596c method=java.util.concurrent.ConcurrentHashMap.transfer([Ljava/util/concurrent/ConcurrentHashMap$Node;[Ljava/util/concurrent/ConcurrentHashMap$Node;)V @ 347 c2
Event: 33.386 Thread 0x0000024b3d472a20 DEOPT PACKING pc=0x0000024b2be1596c sp=0x0000009bd15fe480
Event: 33.386 Thread 0x0000024b3d472a20 DEOPT UNPACKING pc=0x0000024b2b8069a3 sp=0x0000009bd15fe400 mode 2
Event: 33.648 Thread 0x0000024b3d475f10 Uncommon trap: trap_request=0xffffffc6 fr.pc=0x0000024b2c0e1204 relative=0x00000000000000e4
Event: 33.648 Thread 0x0000024b3d475f10 Uncommon trap: reason=bimorphic_or_optimized_type_check action=maybe_recompile pc=0x0000024b2c0e1204 method=com.google.common.collect.RegularImmutableMap.checkNoConflictInKeyBucket(Ljava/lang/Object;Ljava/lang/Object;Lcom/google/common/collect/ImmutableMa
Event: 33.648 Thread 0x0000024b3d475f10 DEOPT PACKING pc=0x0000024b2c0e1204 sp=0x0000009bd1efcd70
Event: 33.648 Thread 0x0000024b3d475f10 DEOPT UNPACKING pc=0x0000024b2b8069a3 sp=0x0000009bd1efcd08 mode 2

Classes unloaded (0 events):
No events

Classes redefined (0 events):
No events

Internal exceptions (20 events):
Event: 26.176 Thread 0x0000024b3d46eb90 Exception <a 'sun/nio/fs/WindowsException'{0x000000008a37aef0}> (0x000000008a37aef0) 
thrown [s\src\hotspot\share\prims\jni.cpp, line 517]
Event: 26.177 Thread 0x0000024b3d46eb90 Exception <a 'sun/nio/fs/WindowsException'{0x000000008a37e700}> (0x000000008a37e700) 
thrown [s\src\hotspot\share\prims\jni.cpp, line 517]
Event: 26.177 Thread 0x0000024b3d46eb90 Exception <a 'sun/nio/fs/WindowsException'{0x000000008a37ec30}> (0x000000008a37ec30) 
thrown [s\src\hotspot\share\prims\jni.cpp, line 517]
Event: 26.178 Thread 0x0000024b3d46eb90 Exception <a 'sun/nio/fs/WindowsException'{0x000000008a380e60}> (0x000000008a380e60) 
thrown [s\src\hotspot\share\prims\jni.cpp, line 517]
Event: 26.178 Thread 0x0000024b3d46eb90 Exception <a 'sun/nio/fs/WindowsException'{0x000000008a381320}> (0x000000008a381320) 
thrown [s\src\hotspot\share\prims\jni.cpp, line 517]
Event: 26.180 Thread 0x0000024b3d46eb90 Exception <a 'sun/nio/fs/WindowsException'{0x000000008a384ac8}> (0x000000008a384ac8) 
thrown [s\src\hotspot\share\prims\jni.cpp, line 517]
Event: 26.180 Thread 0x0000024b3d46eb90 Exception <a 'sun/nio/fs/WindowsException'{0x000000008a384fc8}> (0x000000008a384fc8) 
thrown [s\src\hotspot\share\prims\jni.cpp, line 517]
Event: 26.209 Thread 0x0000024b3d46eb90 Exception <a 'sun/nio/fs/WindowsException'{0x000000008a3871f0}> (0x000000008a3871f0) 
thrown [s\src\hotspot\share\prims\jni.cpp, line 517]
Event: 26.209 Thread 0x0000024b3d46eb90 Exception <a 'sun/nio/fs/WindowsException'{0x000000008a387698}> (0x000000008a387698) 
thrown [s\src\hotspot\share\prims\jni.cpp, line 517]
Event: 26.210 Thread 0x0000024b3d46eb90 Exception <a 'sun/nio/fs/WindowsException'{0x000000008a3898b0}> (0x000000008a3898b0) 
thrown [s\src\hotspot\share\prims\jni.cpp, line 517]
Event: 26.210 Thread 0x0000024b3d46eb90 Exception <a 'sun/nio/fs/WindowsException'{0x000000008a389d20}> (0x000000008a389d20) 
thrown [s\src\hotspot\share\prims\jni.cpp, line 517]
Event: 29.921 Thread 0x0000024b3d46eb90 Exception <a 'java/lang/NoSuchMethodError'{0x000000008f590bb0}: static Lcom/android/ide/common/resources/CompileResourceRequest;.<clinit>()V> (0x000000008f590bb0) 
thrown [s\src\hotspot\share\prims\jni.cpp, line 1108]
Event: 29.926 Thread 0x0000024b3d46eb90 Exception <a 'java/lang/NoSuchMethodError'{0x000000008f5ca738}: static Ljava/lang/Object;.<clinit>()V> (0x000000008f5ca738) 
thrown [s\src\hotspot\share\prims\jni.cpp, line 1108]
Event: 29.927 Thread 0x0000024b3d46eb90 Exception <a 'java/lang/NoSuchMethodError'{0x000000008f5dda28}: static Ljava/lang/Object;.<clinit>()V> (0x000000008f5dda28) 
thrown [s\src\hotspot\share\prims\jni.cpp, line 1108]
Event: 29.929 Thread 0x0000024b3d46eb90 Exception <a 'java/lang/NoSuchMethodError'{0x000000008f5f0ba0}: static Ljava/lang/Object;.<clinit>()V> (0x000000008f5f0ba0) 
thrown [s\src\hotspot\share\prims\jni.cpp, line 1108]
Event: 29.968 Thread 0x0000024b3d46eb90 Exception <a 'java/lang/NoSuchMethodError'{0x000000008f372388}: static Lkotlin/InitializedLazyImpl;.<clinit>()V> (0x000000008f372388) 
thrown [s\src\hotspot\share\prims\jni.cpp, line 1108]
Event: 30.018 Thread 0x0000024b3d46eb90 Exception <a 'java/lang/NoSuchMethodError'{0x000000008f029960}: static [Ljava/lang/Object;.<clinit>()V> (0x000000008f029960) 
thrown [s\src\hotspot\share\prims\jni.cpp, line 1108]
Event: 32.929 Thread 0x0000024b3d474230 Exception <a 'sun/nio/fs/WindowsException'{0x000000008e3e4ea0}> (0x000000008e3e4ea0) 
thrown [s\src\hotspot\share\prims\jni.cpp, line 517]
Event: 32.938 Thread 0x0000024b3d474230 Exception <a 'java/lang/NoSuchMethodError'{0x000000008e208878}: 'int java.lang.invoke.DirectMethodHandle$Holder.invokeSpecial(java.lang.Object, java.lang.Object, java.lang.Object, java.lang.Object, java.lang.Object)'> (0x000000008e208878) 
thrown [s\src\hotspot\share\interpreter\linkResolver.cpp, line 771]
Event: 33.652 Thread 0x0000024b3d475f10 Exception <a 'sun/nio/fs/WindowsException'{0x000000008bec1e80}> (0x000000008bec1e80) 
thrown [s\src\hotspot\share\prims\jni.cpp, line 517]

VM Operations (20 events):
Event: 30.993 Executing VM operation: ICBufferFull done
Event: 31.363 Executing VM operation: G1CollectForAllocation
Event: 31.415 Executing VM operation: G1CollectForAllocation done
Event: 31.452 Executing VM operation: G1CollectForAllocation
Event: 31.469 Executing VM operation: G1CollectForAllocation done
Event: 32.301 Executing VM operation: G1CollectForAllocation
Event: 32.323 Executing VM operation: G1CollectForAllocation done
Event: 32.423 Executing VM operation: HandshakeAllThreads
Event: 32.423 Executing VM operation: HandshakeAllThreads done
Event: 32.917 Executing VM operation: HandshakeAllThreads
Event: 32.917 Executing VM operation: HandshakeAllThreads done
Event: 32.919 Executing VM operation: HandshakeAllThreads
Event: 32.919 Executing VM operation: HandshakeAllThreads done
Event: 32.935 Executing VM operation: HandshakeAllThreads
Event: 32.935 Executing VM operation: HandshakeAllThreads done
Event: 32.975 Executing VM operation: ICBufferFull
Event: 32.975 Executing VM operation: ICBufferFull done
Event: 33.585 Executing VM operation: ICBufferFull
Event: 33.586 Executing VM operation: ICBufferFull done
Event: 33.668 Executing VM operation: G1CollectForAllocation

Events (20 events):
Event: 30.396 loading class java/util/PrimitiveIterator done
Event: 30.396 loading class java/util/PrimitiveIterator$OfInt done
Event: 30.396 loading class java/util/Spliterators$2Adapter done
Event: 30.396 loading class com/sun/xml/internal/stream/events/EndElementEvent
Event: 30.396 loading class javax/xml/stream/events/EndElement
Event: 30.396 loading class javax/xml/stream/events/EndElement done
Event: 30.396 loading class com/sun/xml/internal/stream/events/EndElementEvent done
Event: 30.398 loading class java/lang/StringUTF16$CodePointsSpliterator
Event: 30.398 loading class java/lang/StringUTF16$CodePointsSpliterator done
Event: 30.879 loading class java/nio/charset/UnsupportedCharsetException
Event: 30.879 loading class java/nio/charset/UnsupportedCharsetException done
Event: 30.967 Thread 0x0000024b3acc9ea0 flushing nmethod 0x0000024b24a3b310
Event: 30.973 Thread 0x0000024b3acc9ea0 flushing nmethod 0x0000024b24ee8910
Event: 30.978 Thread 0x0000024b3acc9ea0 flushing nmethod 0x0000024b253a5f10
Event: 31.788 loading class com/sun/xml/internal/stream/events/CommentEvent
Event: 31.788 loading class javax/xml/stream/events/Comment
Event: 31.788 loading class javax/xml/stream/events/Comment done
Event: 31.788 loading class com/sun/xml/internal/stream/events/CommentEvent done
Event: 32.381 loading class com/sun/xml/internal/stream/util/ReadOnlyIterator
Event: 32.381 loading class com/sun/xml/internal/stream/util/ReadOnlyIterator done


Dynamic libraries:
0x00007ff64e1f0000 - 0x00007ff64e1fa000 	C:\Program Files\Android\Android Studio\jbr\bin\java.exe
0x00007ffe79590000 - 0x00007ffe79788000 	C:\Windows\SYSTEM32\ntdll.dll
0x00007ffe79490000 - 0x00007ffe7954d000 	C:\Windows\System32\KERNEL32.DLL
0x00007ffe76e40000 - 0x00007ffe77136000 	C:\Windows\System32\KERNELBASE.dll
0x00007ffe76c70000 - 0x00007ffe76d70000 	C:\Windows\System32\ucrtbase.dll
0x00007ffe5c4c0000 - 0x00007ffe5c4d7000 	C:\Program Files\Android\Android Studio\jbr\bin\jli.dll
0x00007ffe5c480000 - 0x00007ffe5c49b000 	C:\Program Files\Android\Android Studio\jbr\bin\VCRUNTIME140.dll
0x00007ffe787a0000 - 0x00007ffe7893e000 	C:\Windows\System32\USER32.dll
0x00007ffe66730000 - 0x00007ffe669ca000 	C:\Windows\WinSxS\amd64_microsoft.windows.common-controls_6595b64144ccf1df_6.0.19041.1110_none_60b5254171f9507e\COMCTL32.dll
0x00007ffe76e10000 - 0x00007ffe76e32000 	C:\Windows\System32\win32u.dll
0x00007ffe78b60000 - 0x00007ffe78b8c000 	C:\Windows\System32\GDI32.dll
0x00007ffe78650000 - 0x00007ffe786ee000 	C:\Windows\System32\msvcrt.dll
0x00007ffe77250000 - 0x00007ffe7736a000 	C:\Windows\System32\gdi32full.dll
0x00007ffe76d70000 - 0x00007ffe76e0d000 	C:\Windows\System32\msvcp_win.dll
0x00007ffe789c0000 - 0x00007ffe789f0000 	C:\Windows\System32\IMM32.DLL
0x00007ffe5d4c0000 - 0x00007ffe5d4cc000 	C:\Program Files\Android\Android Studio\jbr\bin\vcruntime140_1.dll
0x00007ffe51ac0000 - 0x00007ffe51b4d000 	C:\Program Files\Android\Android Studio\jbr\bin\msvcp140.dll
0x00007ffe20d70000 - 0x00007ffe219de000 	C:\Program Files\Android\Android Studio\jbr\bin\server\jvm.dll
0x00007ffe77a00000 - 0x00007ffe77aae000 	C:\Windows\System32\ADVAPI32.dll
0x00007ffe775f0000 - 0x00007ffe7768c000 	C:\Windows\System32\sechost.dll
0x00007ffe77cc0000 - 0x00007ffe77de6000 	C:\Windows\System32\RPCRT4.dll
0x00007ffe66b10000 - 0x00007ffe66b19000 	C:\Windows\SYSTEM32\WSOCK32.dll
0x00007ffe69760000 - 0x00007ffe69787000 	C:\Windows\SYSTEM32\WINMM.dll
0x00007ffe78a00000 - 0x00007ffe78a6b000 	C:\Windows\System32\WS2_32.dll
0x00007ffe69ea0000 - 0x00007ffe69eaa000 	C:\Windows\SYSTEM32\VERSION.dll
0x00007ffe74ce0000 - 0x00007ffe74cf2000 	C:\Windows\SYSTEM32\kernel.appcore.dll
0x00007ffe647b0000 - 0x00007ffe647ba000 	C:\Program Files\Android\Android Studio\jbr\bin\jimage.dll
0x00007ffe60280000 - 0x00007ffe60464000 	C:\Windows\SYSTEM32\DBGHELP.DLL
0x00007ffe60200000 - 0x00007ffe60234000 	C:\Windows\SYSTEM32\dbgcore.DLL
0x00007ffe771c0000 - 0x00007ffe77242000 	C:\Windows\System32\bcryptPrimitives.dll
0x00007ffe5c990000 - 0x00007ffe5c9b5000 	C:\Program Files\Android\Android Studio\jbr\bin\java.dll
0x00007ffe5e470000 - 0x00007ffe5e488000 	C:\Program Files\Android\Android Studio\jbr\bin\zip.dll
0x00007ffe78d40000 - 0x00007ffe79485000 	C:\Windows\System32\SHELL32.dll
0x00007ffe74d00000 - 0x00007ffe7549b000 	C:\Windows\SYSTEM32\windows.storage.dll
0x00007ffe77690000 - 0x00007ffe779e4000 	C:\Windows\System32\combase.dll
0x00007ffe76640000 - 0x00007ffe7666e000 	C:\Windows\SYSTEM32\Wldp.dll
0x00007ffe77f20000 - 0x00007ffe77fcd000 	C:\Windows\System32\SHCORE.dll
0x00007ffe78cc0000 - 0x00007ffe78d15000 	C:\Windows\System32\shlwapi.dll
0x00007ffe76ba0000 - 0x00007ffe76bc5000 	C:\Windows\SYSTEM32\profapi.dll
0x00007ffe5c840000 - 0x00007ffe5c859000 	C:\Program Files\Android\Android Studio\jbr\bin\net.dll
0x00007ffe6ac40000 - 0x00007ffe6ad4a000 	C:\Windows\SYSTEM32\WINHTTP.dll
0x00007ffe763a0000 - 0x00007ffe7640a000 	C:\Windows\system32\mswsock.dll
0x00007ffe5c820000 - 0x00007ffe5c836000 	C:\Program Files\Android\Android Studio\jbr\bin\nio.dll
0x00007ffe63030000 - 0x00007ffe63040000 	C:\Program Files\Android\Android Studio\jbr\bin\verify.dll
0x00007ffe5b450000 - 0x00007ffe5b477000 	C:\Users\refrizar.dwiardito\.gradle\native\68d5fa5c4cc2d200863cafc0d521ce42e7d3e7ee720ec0a83991735586a16f82\windows-amd64\native-platform.dll
0x00007ffe43f40000 - 0x00007ffe44084000 	C:\Users\refrizar.dwiardito\.gradle\native\e376f236ea51e6404a007f0833ffe2c6e607c4080706a723a18a27aeea778392\windows-amd64\native-platform-file-events.dll
0x00007ffe62c50000 - 0x00007ffe62c59000 	C:\Program Files\Android\Android Studio\jbr\bin\management.dll
0x00007ffe60dc0000 - 0x00007ffe60dcb000 	C:\Program Files\Android\Android Studio\jbr\bin\management_ext.dll
0x00007ffe77df0000 - 0x00007ffe77df8000 	C:\Windows\System32\PSAPI.DLL
0x00007ffe765a0000 - 0x00007ffe765b8000 	C:\Windows\SYSTEM32\CRYPTSP.dll
0x00007ffe75c50000 - 0x00007ffe75c84000 	C:\Windows\system32\rsaenh.dll
0x00007ffe77190000 - 0x00007ffe771b7000 	C:\Windows\System32\bcrypt.dll
0x00007ffe76b60000 - 0x00007ffe76b8e000 	C:\Windows\SYSTEM32\USERENV.dll
0x00007ffe76590000 - 0x00007ffe7659c000 	C:\Windows\SYSTEM32\CRYPTBASE.dll
0x00007ffe76090000 - 0x00007ffe760cb000 	C:\Windows\SYSTEM32\IPHLPAPI.DLL
0x00007ffe789f0000 - 0x00007ffe789f8000 	C:\Windows\System32\NSI.dll
0x00007ffe6d4a0000 - 0x00007ffe6d4b7000 	C:\Windows\SYSTEM32\dhcpcsvc6.DLL
0x00007ffe6ba50000 - 0x00007ffe6ba6d000 	C:\Windows\SYSTEM32\dhcpcsvc.DLL
0x00007ffe760d0000 - 0x00007ffe7619a000 	C:\Windows\SYSTEM32\DNSAPI.dll
0x00007ffe60c20000 - 0x00007ffe60c27000 	C:\Windows\system32\wshunix.dll
0x00007ffe5c860000 - 0x00007ffe5c877000 	C:\Windows\system32\napinsp.dll
0x00007ffe5c600000 - 0x00007ffe5c61b000 	C:\Windows\system32\pnrpnsp.dll
0x00007ffe6f470000 - 0x00007ffe6f485000 	C:\Windows\system32\wshbth.dll
0x00007ffe71f80000 - 0x00007ffe71f9d000 	C:\Windows\system32\NLAapi.dll
0x00007ffe5c5e0000 - 0x00007ffe5c5f2000 	C:\Windows\System32\winrnr.dll
0x00007ffe6b100000 - 0x00007ffe6b10a000 	C:\Windows\System32\rasadhlp.dll
0x00007ffe6a270000 - 0x00007ffe6a2f2000 	C:\Windows\System32\fwpuclnt.dll

dbghelp: loaded successfully - version: 4.0.5 - missing functions: none
symbol engine: initialized successfully - sym options: 0x614 - pdb path: .;C:\Program Files\Android\Android Studio\jbr\bin;C:\Windows\SYSTEM32;C:\Windows\WinSxS\amd64_microsoft.windows.common-controls_6595b64144ccf1df_6.0.19041.1110_none_60b5254171f9507e;C:\Program Files\Android\Android Studio\jbr\bin\server;C:\Users\refrizar.dwiardito\.gradle\native\68d5fa5c4cc2d200863cafc0d521ce42e7d3e7ee720ec0a83991735586a16f82\windows-amd64;C:\Users\refrizar.dwiardito\.gradle\native\e376f236ea51e6404a007f0833ffe2c6e607c4080706a723a18a27aeea778392\windows-amd64

VM Arguments:
jvm_args: --add-opens=java.base/java.util=ALL-UNNAMED --add-opens=java.base/java.lang=ALL-UNNAMED --add-opens=java.base/java.lang.invoke=ALL-UNNAMED --add-opens=java.prefs/java.util.prefs=ALL-UNNAMED --add-opens=java.base/java.nio.charset=ALL-UNNAMED --add-opens=java.base/java.net=ALL-UNNAMED --add-opens=java.base/java.util.concurrent.atomic=ALL-UNNAMED -Xmx2048m -Dfile.encoding=UTF-8 -Duser.country=US -Duser.language=en -Duser.variant 
java_command: org.gradle.launcher.daemon.bootstrap.GradleDaemon 8.0
java_class_path (initial): C:\Users\refrizar.dwiardito\.gradle\wrapper\dists\gradle-8.0-bin\ca5e32bp14vu59qr306oxotwh\gradle-8.0\lib\gradle-launcher-8.0.jar
Launcher Type: SUN_STANDARD

[Global flags]
     intx CICompilerCount                          = 3                                         {product} {ergonomic}
     uint ConcGCThreads                            = 1                                         {product} {ergonomic}
     uint G1ConcRefinementThreads                  = 4                                         {product} {ergonomic}
   size_t G1HeapRegionSize                         = 1048576                                   {product} {ergonomic}
    uintx GCDrainStackTargetSize                   = 64                                        {product} {ergonomic}
   size_t InitialHeapSize                          = 134217728                                 {product} {ergonomic}
   size_t MarkStackSize                            = 4194304                                   {product} {ergonomic}
   size_t MaxHeapSize                              = 2147483648                                {product} {command line}
   size_t MaxNewSize                               = 1287651328                                {product} {ergonomic}
   size_t MinHeapDeltaBytes                        = 1048576                                   {product} {ergonomic}
   size_t MinHeapSize                              = 8388608                                   {product} {ergonomic}
    uintx NonNMethodCodeHeapSize                   = 5832780                                {pd product} {ergonomic}
    uintx NonProfiledCodeHeapSize                  = 122912730                              {pd product} {ergonomic}
    uintx ProfiledCodeHeapSize                     = 122912730                              {pd product} {ergonomic}
    uintx ReservedCodeCacheSize                    = 251658240                              {pd product} {ergonomic}
     bool SegmentedCodeCache                       = true                                      {product} {ergonomic}
   size_t SoftMaxHeapSize                          = 2147483648                             {manageable} {ergonomic}
     bool UseCompressedClassPointers               = true                           {product lp64_product} {ergonomic}
     bool UseCompressedOops                        = true                           {product lp64_product} {ergonomic}
     bool UseG1GC                                  = true                                      {product} {ergonomic}
     bool UseLargePagesIndividualAllocation        = false                                  {pd product} {ergonomic}

Logging:
Log output configuration:
 #0: stdout all=warning uptime,level,tags
 #1: stderr all=off uptime,level,tags

Environment Variables:
JAVA_HOME=C:\Users\refrizar.dwiardito\.jdks\openjdk-21
PATH=C:\Program Files\Common Files\Oracle\Java\javapath;C:\Windows\system32;C:\Windows;C:\Windows\System32\Wbem;C:\Windows\System32\WindowsPowerShell\v1.0\;C:\Windows\System32\OpenSSH\;C:\Program Files\mingw-w64\x86_64-8.1.0-posix-seh-rt_v6-rev0\mingw64\bin;C:\Users\refrizar.dwiardito\AppData\Local\Programs\Python\Python310\Scripts;C:\Users\refrizar.dwiardito\.jdks\openjdk-21\bin;C:\Program Files\PuTTY\;C:\Program Files\gradle-8.3\bin;C:\Program Files\Git\cmd;C:\Users\refrizar.dwiardito\AppData\Local\Programs\Python\Python310\Scripts\;C:\Users\refrizar.dwiardito\AppData\Local\Programs\Python\Python310\;C:\Users\refrizar.dwiardito\AppData\Local\Microsoft\WindowsApps;;C:\Users\refrizar.dwiardito\AppData\Local\Programs\Microsoft VS Code\bin
USERNAME=refrizar.dwiardito
OS=Windows_NT
PROCESSOR_IDENTIFIER=Intel64 Family 6 Model 61 Stepping 4, GenuineIntel
TMP=C:\Users\REFRIZ~1.DWI\AppData\Local\Temp
TEMP=C:\Users\REFRIZ~1.DWI\AppData\Local\Temp


JNI global refs:
JNI global refs: 25, weak refs: 11

JNI global refs memory usage: 843, weak refs: 841


---------------  S Y S T E M  ---------------

OS:
 Windows 10 , 64 bit Build 19041 (10.0.19041.3393)
OS uptime: 0 days 4:14 hours

CPU: total 4 (initial active 4) (2 cores per cpu, 2 threads per core) family 6 model 61 stepping 4 microcode 0x2f, cx8, cmov, fxsr, ht, mmx, 3dnowpref, sse, sse2, sse3, ssse3, sse4.1, sse4.2, popcnt, lzcnt, tsc, tscinvbit, avx, avx2, aes, erms, clmul, bmi1, bmi2, adx, fma, vzeroupper, clflush

Memory: 4k page, system-wide physical 8083M (522M free)
TotalPageFile size 8083M (AvailPageFile size 48M)
current process WorkingSet (physical memory assigned to process): 523M, peak: 526M
current process commit charge ("private bytes"): 551M, peak: 806M

vm_info: OpenJDK 64-Bit Server VM (17.0.6+0-b2043.56-10027231) for windows-amd64 JRE (17.0.6+0-b2043.56-10027231), built on Apr 28 2023 00:43:19 by "androidbuild" with MS VC++ 16.10 / 16.11 (VS2019)

END.
