#
# There is insufficient memory for the Java Runtime Environment to continue.
# Native memory allocation (mmap) failed to map 223346688 bytes for G1 virtual space
# Possible reasons:
#   The system is out of physical RAM or swap space
#   The process is running with CompressedOops enabled, and the Java Heap may be blocking the growth of the native heap
# Possible solutions:
#   Reduce memory load on the system
#   Increase physical memory or swap space
#   Check if swap backing store is full
#   Decrease Java heap size (-Xmx/-Xms)
#   Decrease number of Java threads
#   Decrease Java thread stack sizes (-Xss)
#   Set larger code cache with -XX:ReservedCodeCacheSize=
#   JVM is running with Unscaled Compressed Oops mode in which the Java heap is
#     placed in the first 4GB address space. The Java Heap base address is the
#     maximum limit for the native heap growth. Please use -XX:HeapBaseMinAddress
#     to set the Java Heap base and to place the Java Heap above 4GB virtual address.
# This output file may be truncated or incomplete.
#
#  Out of Memory Error (os_windows.cpp:3769), pid=9988, tid=5768
#
# JRE version: OpenJDK Runtime Environment (17.0.6) (build 17.0.6+0-b2043.56-10027231)
# Java VM: OpenJDK 64-Bit Server VM (17.0.6+0-b2043.56-10027231, mixed mode, tiered, compressed oops, compressed class ptrs, g1 gc, windows-amd64)
# No core dump will be written. Minidumps are not enabled by default on client versions of Windows
#

---------------  S U M M A R Y ------------

Command Line: --add-opens=java.base/java.util=ALL-UNNAMED --add-opens=java.base/java.lang=ALL-UNNAMED --add-opens=java.base/java.lang.invoke=ALL-UNNAMED --add-opens=java.prefs/java.util.prefs=ALL-UNNAMED --add-opens=java.base/java.nio.charset=ALL-UNNAMED --add-opens=java.base/java.net=ALL-UNNAMED --add-opens=java.base/java.util.concurrent.atomic=ALL-UNNAMED -Xmx2048m -Dfile.encoding=UTF-8 -Duser.country=US -Duser.language=en -Duser.variant org.gradle.launcher.daemon.bootstrap.GradleDaemon 8.0

Host: Intel(R) Core(TM) i5-5200U CPU @ 2.20GHz, 4 cores, 7G,  Windows 10 , 64 bit Build 19041 (10.0.19041.3393)
Time: Sun Oct  8 06:43:40 2023 SE Asia Standard Time elapsed time: 537.862985 seconds (0d 0h 8m 57s)

---------------  T H R E A D  ---------------

Current thread (0x0000021d3cf29f60):  VMThread "VM Thread" [stack: 0x00000068e1e00000,0x00000068e1f00000] [id=5768]

Stack: [0x00000068e1e00000,0x00000068e1f00000]
Native frames: (J=compiled Java code, j=interpreted, Vv=VM code, C=native code)
V  [jvm.dll+0x683c9a]
V  [jvm.dll+0x8427a4]
V  [jvm.dll+0x843f9e]
V  [jvm.dll+0x844603]
V  [jvm.dll+0x249b75]
V  [jvm.dll+0x680b69]
V  [jvm.dll+0x67505a]
V  [jvm.dll+0x309acb]
V  [jvm.dll+0x310f86]
V  [jvm.dll+0x3608ee]
V  [jvm.dll+0x360b1f]
V  [jvm.dll+0x2dfbf8]
V  [jvm.dll+0x2ddec4]
V  [jvm.dll+0x2dd4cc]
V  [jvm.dll+0x321f3b]
V  [jvm.dll+0x848ccb]
V  [jvm.dll+0x849a04]
V  [jvm.dll+0x849f1d]
V  [jvm.dll+0x84a2f4]
V  [jvm.dll+0x84a3c0]
V  [jvm.dll+0x7f274a]
V  [jvm.dll+0x682ad5]
C  [ucrtbase.dll+0x21bb2]
C  [KERNEL32.DLL+0x17344]
C  [ntdll.dll+0x526b1]

VM_Operation (0x00000068e31f2a60): G1CollectForAllocation, mode: safepoint, requested by thread 0x0000021d43b61680


---------------  P R O C E S S  ---------------

Threads class SMR info:
_java_thread_list=0x0000021d4620c450, length=86, elements={
0x0000021d2393a3a0, 0x0000021d3cf3e250, 0x0000021d3d821f10, 0x0000021d3cf26810,
0x0000021d3d848420, 0x0000021d3d849cf0, 0x0000021d3d84abc0, 0x0000021d3d84b7b0,
0x0000021d3d84c0b0, 0x0000021d3d868610, 0x0000021d3d9e7020, 0x0000021d3d9e7900,
0x0000021d4024c470, 0x0000021d4044f610, 0x0000021d3f2d1200, 0x0000021d3ea12560,
0x0000021d3ea12090, 0x0000021d3ea133d0, 0x0000021d3ea10880, 0x0000021d3ea12f00,
0x0000021d3ea116f0, 0x0000021d3f38a350, 0x0000021d3f38eb80, 0x0000021d3f38cea0,
0x0000021d3f38b1c0, 0x0000021d3f389e80, 0x0000021d3f38b690, 0x0000021d45b3e020,
0x0000021d43b62020, 0x0000021d43b60ce0, 0x0000021d431323c0, 0x0000021d43133700,
0x0000021d45ba4bb0, 0x0000021d43b611b0, 0x0000021d43b624f0, 0x0000021d43b629c0,
0x0000021d43b61680, 0x0000021d45b9eb70, 0x0000021d45ba2a00, 0x0000021d45ba1b90,
0x0000021d4728f530, 0x0000021d472916e0, 0x0000021d4728f060, 0x0000021d47291bb0,
0x0000021d43b5f4d0, 0x0000021d47290d40, 0x0000021d43973a10, 0x0000021d43975220,
0x0000021d439756f0, 0x0000021d43973070, 0x0000021d439743b0, 0x0000021d43974d50,
0x0000021d43973540, 0x0000021d43973ee0, 0x0000021d43975bc0, 0x0000021d43976090,
0x0000021d3e33ce80, 0x0000021d3e33a800, 0x0000021d3e33acd0, 0x0000021d3e33b1a0,
0x0000021d3e339990, 0x0000021d3e33bb40, 0x0000021d3e33c010, 0x0000021d3e339e60,
0x0000021d3e33a330, 0x0000021d45b9f510, 0x0000021d45ba33a0, 0x0000021d45b9feb0,
0x0000021d45b9f9e0, 0x0000021d45ba5550, 0x0000021d45ba3d40, 0x0000021d45ba0850,
0x0000021d45ba0d20, 0x0000021d45ba11f0, 0x0000021d45ba16c0, 0x0000021d45ba2530,
0x0000021d45ba4210, 0x0000021d45ba5080, 0x0000021d3e33c4e0, 0x0000021d4695f5d0,
0x0000021d46961780, 0x0000021d469625f0, 0x0000021d46960440, 0x0000021d46960de0,
0x0000021d47292080, 0x0000021d4728fa00
}

Java Threads: ( => current thread )
  0x0000021d2393a3a0 JavaThread "main" [_thread_blocked, id=2124, stack(0x00000068e1800000,0x00000068e1900000)]
  0x0000021d3cf3e250 JavaThread "Reference Handler" daemon [_thread_blocked, id=4300, stack(0x00000068e1f00000,0x00000068e2000000)]
  0x0000021d3d821f10 JavaThread "Finalizer" daemon [_thread_blocked, id=9400, stack(0x00000068e2000000,0x00000068e2100000)]
  0x0000021d3cf26810 JavaThread "Signal Dispatcher" daemon [_thread_blocked, id=1372, stack(0x00000068e2100000,0x00000068e2200000)]
  0x0000021d3d848420 JavaThread "Attach Listener" daemon [_thread_blocked, id=5980, stack(0x00000068e2200000,0x00000068e2300000)]
  0x0000021d3d849cf0 JavaThread "Service Thread" daemon [_thread_blocked, id=3940, stack(0x00000068e2300000,0x00000068e2400000)]
  0x0000021d3d84abc0 JavaThread "Monitor Deflation Thread" daemon [_thread_blocked, id=8676, stack(0x00000068e2400000,0x00000068e2500000)]
  0x0000021d3d84b7b0 JavaThread "C2 CompilerThread0" daemon [_thread_blocked, id=1436, stack(0x00000068e2500000,0x00000068e2600000)]
  0x0000021d3d84c0b0 JavaThread "C1 CompilerThread0" daemon [_thread_blocked, id=7888, stack(0x00000068e2600000,0x00000068e2700000)]
  0x0000021d3d868610 JavaThread "Sweeper thread" daemon [_thread_blocked, id=12452, stack(0x00000068e2700000,0x00000068e2800000)]
  0x0000021d3d9e7020 JavaThread "Common-Cleaner" daemon [_thread_blocked, id=5032, stack(0x00000068e2800000,0x00000068e2900000)]
  0x0000021d3d9e7900 JavaThread "Notification Thread" daemon [_thread_blocked, id=11600, stack(0x00000068e2900000,0x00000068e2a00000)]
  0x0000021d4024c470 JavaThread "Daemon health stats" [_thread_blocked, id=8200, stack(0x00000068e2f00000,0x00000068e3000000)]
  0x0000021d4044f610 JavaThread "Incoming local TCP Connector on port 49244" [_thread_in_native, id=6328, stack(0x00000068e2b00000,0x00000068e2c00000)]
  0x0000021d3f2d1200 JavaThread "Daemon periodic checks" [_thread_blocked, id=3000, stack(0x00000068e3000000,0x00000068e3100000)]
  0x0000021d3ea12560 JavaThread "Cache worker for journal cache (C:\Users\refrizar.dwiardito\.gradle\caches\journal-1)" [_thread_blocked, id=3144, stack(0x00000068e3800000,0x00000068e3900000)]
  0x0000021d3ea12090 JavaThread "File lock request listener" [_thread_in_native, id=6436, stack(0x00000068e3900000,0x00000068e3a00000)]
  0x0000021d3ea133d0 JavaThread "Cache worker for file hash cache (C:\Users\refrizar.dwiardito\.gradle\caches\8.0\fileHashes)" [_thread_blocked, id=8732, stack(0x00000068e3b00000,0x00000068e3c00000)]
  0x0000021d3ea10880 JavaThread "File watcher server" daemon [_thread_blocked, id=8772, stack(0x00000068e3a00000,0x00000068e3b00000)]
  0x0000021d3ea12f00 JavaThread "File watcher consumer" daemon [_thread_blocked, id=5408, stack(0x00000068e3c00000,0x00000068e3d00000)]
  0x0000021d3ea116f0 JavaThread "Cache worker for file content cache (C:\Users\refrizar.dwiardito\.gradle\caches\8.0\fileContent)" [_thread_blocked, id=1652, stack(0x00000068e3f00000,0x00000068e4000000)]
  0x0000021d3f38a350 JavaThread "Cache worker for execution history cache (C:\Users\refrizar.dwiardito\.gradle\caches\8.0\executionHistory)" [_thread_blocked, id=7820, stack(0x00000068e4300000,0x00000068e4400000)]
  0x0000021d3f38eb80 JavaThread "jar transforms" [_thread_blocked, id=3568, stack(0x00000068e4000000,0x00000068e4100000)]
  0x0000021d3f38cea0 JavaThread "jar transforms Thread 2" [_thread_blocked, id=10032, stack(0x00000068e4500000,0x00000068e4600000)]
  0x0000021d3f38b1c0 JavaThread "Cache worker for kotlin-dsl (C:\Users\refrizar.dwiardito\.gradle\caches\8.0\kotlin-dsl)" [_thread_blocked, id=2620, stack(0x00000068e4600000,0x00000068e4700000)]
  0x0000021d3f389e80 JavaThread "jar transforms Thread 3" [_thread_blocked, id=10592, stack(0x00000068e4700000,0x00000068e4800000)]
  0x0000021d3f38b690 JavaThread "jar transforms Thread 4" [_thread_blocked, id=11084, stack(0x00000068e4800000,0x00000068e4900000)]
  0x0000021d45b3e020 JavaThread "Memory manager" [_thread_blocked, id=12676, stack(0x00000068e7400000,0x00000068e7500000)]
  0x0000021d43b62020 JavaThread "RMI Scheduler(0)" daemon [_thread_blocked, id=8544, stack(0x00000068e3600000,0x00000068e3700000)]
  0x0000021d43b60ce0 JavaThread "RMI GC Daemon" daemon [_thread_blocked, id=10660, stack(0x00000068e7a00000,0x00000068e7b00000)]
  0x0000021d431323c0 JavaThread "RMI TCP Accept-0" daemon [_thread_in_native, id=10092, stack(0x00000068e7b00000,0x00000068e7c00000)]
  0x0000021d43133700 JavaThread "RMI Reaper" [_thread_blocked, id=8336, stack(0x00000068e7c00000,0x00000068e7d00000)]
  0x0000021d45ba4bb0 JavaThread "ForkJoinPool.commonPool-worker-3" daemon [_thread_blocked, id=6580, stack(0x00000068e8300000,0x00000068e8400000)]
  0x0000021d43b611b0 JavaThread "Daemon Thread 3" [_thread_blocked, id=10636, stack(0x00000068e1500000,0x00000068e1600000)]
  0x0000021d43b624f0 JavaThread "Handler for socket connection from /127.0.0.1:49244 to /127.0.0.1:49326" [_thread_in_native, id=6404, stack(0x00000068e1600000,0x00000068e1700000)]
  0x0000021d43b629c0 JavaThread "Cancel handler" [_thread_blocked, id=10400, stack(0x00000068e1700000,0x00000068e1800000)]
  0x0000021d43b61680 JavaThread "Daemon worker Thread 3" [_thread_blocked, id=5552, stack(0x00000068e3100000,0x00000068e3200000)]
  0x0000021d45b9eb70 JavaThread "Asynchronous log dispatcher for DefaultDaemonConnection: socket connection from /127.0.0.1:49244 to /127.0.0.1:49326" [_thread_blocked, id=10084, stack(0x00000068e3200000,0x00000068e3300000)]
  0x0000021d45ba2a00 JavaThread "Stdin handler" [_thread_blocked, id=12264, stack(0x00000068e3300000,0x00000068e3400000)]
  0x0000021d45ba1b90 JavaThread "Daemon client event forwarder" [_thread_blocked, id=12412, stack(0x00000068e3400000,0x00000068e3500000)]
  0x0000021d4728f530 JavaThread "Cache worker for checksums cache (C:\Users\refrizar.dwiardito\AndroidStudioProjects\BelajarAndroid\.gradle\8.0\checksums)" [_thread_blocked, id=1460, stack(0x00000068e3500000,0x00000068e3600000)]
  0x0000021d472916e0 JavaThread "Cache worker for cache directory md-rule (C:\Users\refrizar.dwiardito\.gradle\caches\8.0\md-rule)" [_thread_blocked, id=2808, stack(0x00000068e3700000,0x00000068e3800000)]
  0x0000021d4728f060 JavaThread "Cache worker for file hash cache (C:\Users\refrizar.dwiardito\AndroidStudioProjects\BelajarAndroid\.gradle\8.0\fileHashes)" [_thread_blocked, id=11036, stack(0x00000068e3d00000,0x00000068e3e00000)]
  0x0000021d47291bb0 JavaThread "Cache worker for cache directory md-supplier (C:\Users\refrizar.dwiardito\.gradle\caches\8.0\md-supplier)" [_thread_blocked, id=12036, stack(0x00000068e3e00000,0x00000068e3f00000)]
  0x0000021d43b5f4d0 JavaThread "Cache worker for dependencies-accessors (C:\Users\refrizar.dwiardito\AndroidStudioProjects\BelajarAndroid\.gradle\8.0\dependencies-accessors)" [_thread_blocked, id=12324, stack(0x00000068e4100000,0x00000068e4200000)]
  0x0000021d47290d40 JavaThread "Cache worker for Build Output Cleanup Cache (C:\Users\refrizar.dwiardito\AndroidStudioProjects\BelajarAndroid\.gradle\buildOutputCleanup)" [_thread_blocked, id=3616, stack(0x00000068e4200000,0x00000068e4300000)]
  0x0000021d43973a10 JavaThread "Unconstrained build operations" [_thread_blocked, id=8180, stack(0x00000068e4900000,0x00000068e4a00000)]
  0x0000021d43975220 JavaThread "Unconstrained build operations Thread 2" [_thread_blocked, id=11212, stack(0x00000068e4a00000,0x00000068e4b00000)]
  0x0000021d439756f0 JavaThread "Unconstrained build operations Thread 3" [_thread_blocked, id=12276, stack(0x00000068e4b00000,0x00000068e4c00000)]
  0x0000021d43973070 JavaThread "Unconstrained build operations Thread 4" [_thread_blocked, id=2264, stack(0x00000068e4c00000,0x00000068e4d00000)]
  0x0000021d439743b0 JavaThread "Unconstrained build operations Thread 5" [_thread_blocked, id=336, stack(0x00000068e4d00000,0x00000068e4e00000)]
  0x0000021d43974d50 JavaThread "Unconstrained build operations Thread 6" [_thread_blocked, id=8700, stack(0x00000068e4e00000,0x00000068e4f00000)]
  0x0000021d43973540 JavaThread "Unconstrained build operations Thread 7" [_thread_blocked, id=5312, stack(0x00000068e4f00000,0x00000068e5000000)]
  0x0000021d43973ee0 JavaThread "Unconstrained build operations Thread 8" [_thread_blocked, id=8564, stack(0x00000068e5000000,0x00000068e5100000)]
  0x0000021d43975bc0 JavaThread "Unconstrained build operations Thread 9" [_thread_blocked, id=10576, stack(0x00000068e5100000,0x00000068e5200000)]
  0x0000021d43976090 JavaThread "Unconstrained build operations Thread 10" [_thread_blocked, id=10380, stack(0x00000068e5200000,0x00000068e5300000)]
  0x0000021d3e33ce80 JavaThread "Unconstrained build operations Thread 11" [_thread_blocked, id=2060, stack(0x00000068e5300000,0x00000068e5400000)]
  0x0000021d3e33a800 JavaThread "Unconstrained build operations Thread 12" [_thread_blocked, id=8876, stack(0x00000068e5400000,0x00000068e5500000)]
  0x0000021d3e33acd0 JavaThread "Unconstrained build operations Thread 13" [_thread_blocked, id=2888, stack(0x00000068e5500000,0x00000068e5600000)]
  0x0000021d3e33b1a0 JavaThread "Unconstrained build operations Thread 14" [_thread_blocked, id=8352, stack(0x00000068e5600000,0x00000068e5700000)]
  0x0000021d3e339990 JavaThread "Unconstrained build operations Thread 15" [_thread_blocked, id=12860, stack(0x00000068e5700000,0x00000068e5800000)]
  0x0000021d3e33bb40 JavaThread "Unconstrained build operations Thread 16" [_thread_blocked, id=8816, stack(0x00000068e5800000,0x00000068e5900000)]
  0x0000021d3e33c010 JavaThread "Unconstrained build operations Thread 17" [_thread_blocked, id=10580, stack(0x00000068e5900000,0x00000068e5a00000)]
  0x0000021d3e339e60 JavaThread "Unconstrained build operations Thread 18" [_thread_blocked, id=10608, stack(0x00000068e5a00000,0x00000068e5b00000)]
  0x0000021d3e33a330 JavaThread "Unconstrained build operations Thread 19" [_thread_blocked, id=10376, stack(0x00000068e5b00000,0x00000068e5c00000)]
  0x0000021d45b9f510 JavaThread "Unconstrained build operations Thread 20" [_thread_blocked, id=7192, stack(0x00000068e5c00000,0x00000068e5d00000)]
  0x0000021d45ba33a0 JavaThread "Unconstrained build operations Thread 21" [_thread_blocked, id=10396, stack(0x00000068e5d00000,0x00000068e5e00000)]
  0x0000021d45b9feb0 JavaThread "Unconstrained build operations Thread 22" [_thread_blocked, id=6196, stack(0x00000068e5e00000,0x00000068e5f00000)]
  0x0000021d45b9f9e0 JavaThread "Unconstrained build operations Thread 23" [_thread_blocked, id=11136, stack(0x00000068e5f00000,0x00000068e6000000)]
  0x0000021d45ba5550 JavaThread "Unconstrained build operations Thread 24" [_thread_blocked, id=3012, stack(0x00000068e6000000,0x00000068e6100000)]
  0x0000021d45ba3d40 JavaThread "Unconstrained build operations Thread 25" [_thread_blocked, id=10884, stack(0x00000068e6100000,0x00000068e6200000)]
  0x0000021d45ba0850 JavaThread "Unconstrained build operations Thread 26" [_thread_blocked, id=7384, stack(0x00000068e6200000,0x00000068e6300000)]
  0x0000021d45ba0d20 JavaThread "Unconstrained build operations Thread 27" [_thread_blocked, id=11780, stack(0x00000068e6300000,0x00000068e6400000)]
  0x0000021d45ba11f0 JavaThread "Unconstrained build operations Thread 28" [_thread_blocked, id=12008, stack(0x00000068e6400000,0x00000068e6500000)]
  0x0000021d45ba16c0 JavaThread "Unconstrained build operations Thread 29" [_thread_blocked, id=9560, stack(0x00000068e6500000,0x00000068e6600000)]
  0x0000021d45ba2530 JavaThread "Unconstrained build operations Thread 30" [_thread_blocked, id=4016, stack(0x00000068e6600000,0x00000068e6700000)]
  0x0000021d45ba4210 JavaThread "Unconstrained build operations Thread 31" [_thread_blocked, id=7296, stack(0x00000068e6700000,0x00000068e6800000)]
  0x0000021d45ba5080 JavaThread "Unconstrained build operations Thread 32" [_thread_blocked, id=5684, stack(0x00000068e6800000,0x00000068e6900000)]
  0x0000021d3e33c4e0 JavaThread "Unconstrained build operations Thread 33" [_thread_blocked, id=12512, stack(0x00000068e6900000,0x00000068e6a00000)]
  0x0000021d4695f5d0 JavaThread "Unconstrained build operations Thread 34" [_thread_blocked, id=6572, stack(0x00000068e6a00000,0x00000068e6b00000)]
  0x0000021d46961780 JavaThread "Unconstrained build operations Thread 35" [_thread_blocked, id=10848, stack(0x00000068e6b00000,0x00000068e6c00000)]
  0x0000021d469625f0 JavaThread "Unconstrained build operations Thread 36" [_thread_blocked, id=3228, stack(0x00000068e6c00000,0x00000068e6d00000)]
  0x0000021d46960440 JavaThread "Unconstrained build operations Thread 37" [_thread_blocked, id=13128, stack(0x00000068e6d00000,0x00000068e6e00000)]
  0x0000021d46960de0 JavaThread "Unconstrained build operations Thread 38" [_thread_blocked, id=10720, stack(0x00000068e6e00000,0x00000068e6f00000)]
  0x0000021d47292080 JavaThread "Unconstrained build operations Thread 39" [_thread_blocked, id=12124, stack(0x00000068e6f00000,0x00000068e7000000)]
  0x0000021d4728fa00 JavaThread "Unconstrained build operations Thread 40" [_thread_blocked, id=9616, stack(0x00000068e7000000,0x00000068e7100000)]

Other Threads:
=>0x0000021d3cf29f60 VMThread "VM Thread" [stack: 0x00000068e1e00000,0x00000068e1f00000] [id=5768]
  0x0000021d3d9e9de0 WatcherThread [stack: 0x00000068e2a00000,0x00000068e2b00000] [id=12816]
  0x0000021d239982f0 GCTaskThread "GC Thread#0" [stack: 0x00000068e1900000,0x00000068e1a00000] [id=3484]
  0x0000021d3e1ad010 GCTaskThread "GC Thread#1" [stack: 0x00000068e2c00000,0x00000068e2d00000] [id=12384]
  0x0000021d3dd80860 GCTaskThread "GC Thread#2" [stack: 0x00000068e2d00000,0x00000068e2e00000] [id=8796]
  0x0000021d3ea19f50 GCTaskThread "GC Thread#3" [stack: 0x00000068e2e00000,0x00000068e2f00000] [id=6032]
  0x0000021d239a9140 ConcurrentGCThread "G1 Main Marker" [stack: 0x00000068e1a00000,0x00000068e1b00000] [id=7756]
  0x0000021d239aa200 ConcurrentGCThread "G1 Conc#0" [stack: 0x00000068e1b00000,0x00000068e1c00000] [id=6524]
  0x0000021d23a0dd20 ConcurrentGCThread "G1 Refine#0" [stack: 0x00000068e1c00000,0x00000068e1d00000] [id=6844]
  0x0000021d40562470 ConcurrentGCThread "G1 Refine#1" [stack: 0x00000068e7100000,0x00000068e7200000] [id=2992]
  0x0000021d23a0e650 ConcurrentGCThread "G1 Service" [stack: 0x00000068e1d00000,0x00000068e1e00000] [id=12656]

Threads with active compile tasks:

VM state: at safepoint (normal execution)

VM Mutex/Monitor currently owned by a thread:  ([mutex/lock_event])
[0x0000021d23936aa0] Threads_lock - owner thread: 0x0000021d3cf29f60
[0x0000021d239367d0] Heap_lock - owner thread: 0x0000021d43b61680

Heap address: 0x0000000080000000, size: 2048 MB, Compressed Oops mode: 32-bit

CDS archive(s) not mapped
Compressed class space mapped at: 0x0000000100000000-0x0000000140000000, reserved size: 1073741824
Narrow klass base: 0x0000000000000000, Narrow klass shift: 3, Narrow klass range: 0x140000000

GC Precious Log:
 CPUs: 4 total, 4 available
 Memory: 8083M
 Large Page Support: Disabled
 NUMA Support: Disabled
 Compressed Oops: Enabled (32-bit)
 Heap Region Size: 1M
 Heap Min Capacity: 8M
 Heap Initial Capacity: 128M
 Heap Max Capacity: 2G
 Pre-touch: Disabled
 Parallel Workers: 4
 Concurrent Workers: 1
 Concurrent Refinement Workers: 4
 Periodic GC: Disabled

Heap:
 garbage-first heap   total 302080K, used 191659K [0x0000000080000000, 0x0000000100000000)
  region size 1024K, 5 young (5120K), 5 survivors (5120K)
 Metaspace       used 149169K, committed 150336K, reserved 1179648K
  class space    used 20439K, committed 20992K, reserved 1048576K

Heap Regions: E=young(eden), S=young(survivor), O=old, HS=humongous(starts), HC=humongous(continues), CS=collection set, F=free, OA=open archive, CA=closed archive, TAMS=top-at-mark-start (previous, next)
|   0|0x0000000080000000, 0x0000000080100000, 0x0000000080100000|100%| O|  |TAMS 0x0000000080100000, 0x0000000080100000| Untracked 
|   1|0x0000000080100000, 0x0000000080200000, 0x0000000080200000|100%| O|  |TAMS 0x0000000080200000, 0x0000000080200000| Untracked 
|   2|0x0000000080200000, 0x0000000080300000, 0x0000000080300000|100%|HS|  |TAMS 0x0000000080300000, 0x0000000080300000| Complete 
|   3|0x0000000080300000, 0x0000000080400000, 0x0000000080400000|100%|HC|  |TAMS 0x0000000080400000, 0x0000000080400000| Complete 
|   4|0x0000000080400000, 0x0000000080500000, 0x0000000080500000|100%|HC|  |TAMS 0x0000000080500000, 0x0000000080500000| Complete 
|   5|0x0000000080500000, 0x0000000080600000, 0x0000000080600000|100%|HC|  |TAMS 0x0000000080600000, 0x0000000080600000| Complete 
|   6|0x0000000080600000, 0x0000000080700000, 0x0000000080700000|100%| O|  |TAMS 0x0000000080700000, 0x0000000080700000| Untracked 
|   7|0x0000000080700000, 0x0000000080800000, 0x0000000080800000|100%| O|  |TAMS 0x0000000080800000, 0x0000000080800000| Untracked 
|   8|0x0000000080800000, 0x0000000080900000, 0x0000000080900000|100%| O|  |TAMS 0x0000000080900000, 0x0000000080900000| Untracked 
|   9|0x0000000080900000, 0x0000000080a00000, 0x0000000080a00000|100%| O|  |TAMS 0x0000000080a00000, 0x0000000080a00000| Untracked 
|  10|0x0000000080a00000, 0x0000000080b00000, 0x0000000080b00000|100%| O|  |TAMS 0x0000000080b00000, 0x0000000080b00000| Untracked 
|  11|0x0000000080b00000, 0x0000000080c00000, 0x0000000080c00000|100%| O|  |TAMS 0x0000000080c00000, 0x0000000080c00000| Untracked 
|  12|0x0000000080c00000, 0x0000000080d00000, 0x0000000080d00000|100%| O|  |TAMS 0x0000000080d00000, 0x0000000080d00000| Untracked 
|  13|0x0000000080d00000, 0x0000000080e00000, 0x0000000080e00000|100%|HS|  |TAMS 0x0000000080e00000, 0x0000000080e00000| Complete 
|  14|0x0000000080e00000, 0x0000000080f00000, 0x0000000080f00000|100%| O|  |TAMS 0x0000000080f00000, 0x0000000080f00000| Untracked 
|  15|0x0000000080f00000, 0x0000000081000000, 0x0000000081000000|100%| O|  |TAMS 0x0000000081000000, 0x0000000081000000| Untracked 
|  16|0x0000000081000000, 0x0000000081100000, 0x0000000081100000|100%| O|  |TAMS 0x0000000081100000, 0x0000000081100000| Untracked 
|  17|0x0000000081100000, 0x0000000081200000, 0x0000000081200000|100%| O|  |TAMS 0x0000000081200000, 0x0000000081200000| Untracked 
|  18|0x0000000081200000, 0x0000000081300000, 0x0000000081300000|100%| O|  |TAMS 0x0000000081300000, 0x0000000081300000| Untracked 
|  19|0x0000000081300000, 0x0000000081400000, 0x0000000081400000|100%| O|  |TAMS 0x0000000081400000, 0x0000000081400000| Untracked 
|  20|0x0000000081400000, 0x0000000081500000, 0x0000000081500000|100%| O|  |TAMS 0x0000000081500000, 0x0000000081500000| Untracked 
|  21|0x0000000081500000, 0x0000000081600000, 0x0000000081600000|100%| O|  |TAMS 0x0000000081600000, 0x0000000081600000| Untracked 
|  22|0x0000000081600000, 0x0000000081700000, 0x0000000081700000|100%| O|  |TAMS 0x0000000081700000, 0x0000000081700000| Untracked 
|  23|0x0000000081700000, 0x0000000081800000, 0x0000000081800000|100%| O|  |TAMS 0x0000000081800000, 0x0000000081800000| Untracked 
|  24|0x0000000081800000, 0x0000000081900000, 0x0000000081900000|100%| O|  |TAMS 0x0000000081900000, 0x0000000081900000| Untracked 
|  25|0x0000000081900000, 0x0000000081a00000, 0x0000000081a00000|100%| O|  |TAMS 0x0000000081a00000, 0x0000000081a00000| Untracked 
|  26|0x0000000081a00000, 0x0000000081b00000, 0x0000000081b00000|100%| O|  |TAMS 0x0000000081b00000, 0x0000000081b00000| Untracked 
|  27|0x0000000081b00000, 0x0000000081c00000, 0x0000000081c00000|100%| O|  |TAMS 0x0000000081c00000, 0x0000000081c00000| Untracked 
|  28|0x0000000081c00000, 0x0000000081d00000, 0x0000000081d00000|100%| O|  |TAMS 0x0000000081d00000, 0x0000000081d00000| Untracked 
|  29|0x0000000081d00000, 0x0000000081e00000, 0x0000000081e00000|100%|HS|  |TAMS 0x0000000081e00000, 0x0000000081e00000| Complete 
|  30|0x0000000081e00000, 0x0000000081f00000, 0x0000000081f00000|100%|HS|  |TAMS 0x0000000081f00000, 0x0000000081f00000| Complete 
|  31|0x0000000081f00000, 0x0000000082000000, 0x0000000082000000|100%|HC|  |TAMS 0x0000000082000000, 0x0000000082000000| Complete 
|  32|0x0000000082000000, 0x0000000082100000, 0x0000000082100000|100%|HS|  |TAMS 0x0000000082100000, 0x0000000082100000| Complete 
|  33|0x0000000082100000, 0x0000000082200000, 0x0000000082200000|100%|HS|  |TAMS 0x0000000082200000, 0x0000000082200000| Complete 
|  34|0x0000000082200000, 0x0000000082300000, 0x0000000082300000|100%|HC|  |TAMS 0x0000000082300000, 0x0000000082300000| Complete 
|  35|0x0000000082300000, 0x0000000082400000, 0x0000000082400000|100%|HC|  |TAMS 0x0000000082400000, 0x0000000082400000| Complete 
|  36|0x0000000082400000, 0x0000000082500000, 0x0000000082500000|100%|HC|  |TAMS 0x0000000082500000, 0x0000000082500000| Complete 
|  37|0x0000000082500000, 0x0000000082600000, 0x0000000082600000|100%| O|  |TAMS 0x0000000082600000, 0x0000000082600000| Untracked 
|  38|0x0000000082600000, 0x0000000082700000, 0x0000000082700000|100%| O|  |TAMS 0x0000000082700000, 0x0000000082700000| Untracked 
|  39|0x0000000082700000, 0x0000000082800000, 0x0000000082800000|100%| O|  |TAMS 0x0000000082800000, 0x0000000082800000| Untracked 
|  40|0x0000000082800000, 0x0000000082900000, 0x0000000082900000|100%| O|  |TAMS 0x0000000082900000, 0x0000000082900000| Untracked 
|  41|0x0000000082900000, 0x0000000082a00000, 0x0000000082a00000|100%| O|  |TAMS 0x0000000082a00000, 0x0000000082a00000| Untracked 
|  42|0x0000000082a00000, 0x0000000082b00000, 0x0000000082b00000|100%| O|  |TAMS 0x0000000082b00000, 0x0000000082b00000| Untracked 
|  43|0x0000000082b00000, 0x0000000082c00000, 0x0000000082c00000|100%| O|  |TAMS 0x0000000082c00000, 0x0000000082c00000| Untracked 
|  44|0x0000000082c00000, 0x0000000082d00000, 0x0000000082d00000|100%| O|  |TAMS 0x0000000082d00000, 0x0000000082d00000| Untracked 
|  45|0x0000000082d00000, 0x0000000082e00000, 0x0000000082e00000|100%| O|  |TAMS 0x0000000082e00000, 0x0000000082e00000| Untracked 
|  46|0x0000000082e00000, 0x0000000082f00000, 0x0000000082f00000|100%| O|  |TAMS 0x0000000082f00000, 0x0000000082f00000| Untracked 
|  47|0x0000000082f00000, 0x0000000083000000, 0x0000000083000000|100%| O|  |TAMS 0x0000000083000000, 0x0000000083000000| Untracked 
|  48|0x0000000083000000, 0x0000000083100000, 0x0000000083100000|100%| O|  |TAMS 0x0000000083100000, 0x0000000083100000| Untracked 
|  49|0x0000000083100000, 0x0000000083200000, 0x0000000083200000|100%| O|  |TAMS 0x0000000083200000, 0x0000000083200000| Untracked 
|  50|0x0000000083200000, 0x0000000083300000, 0x0000000083300000|100%| O|  |TAMS 0x0000000083300000, 0x0000000083300000| Untracked 
|  51|0x0000000083300000, 0x0000000083400000, 0x0000000083400000|100%| O|  |TAMS 0x0000000083400000, 0x0000000083400000| Untracked 
|  52|0x0000000083400000, 0x0000000083500000, 0x0000000083500000|100%| O|  |TAMS 0x0000000083500000, 0x0000000083500000| Untracked 
|  53|0x0000000083500000, 0x0000000083600000, 0x0000000083600000|100%| O|  |TAMS 0x0000000083600000, 0x0000000083600000| Untracked 
|  54|0x0000000083600000, 0x0000000083700000, 0x0000000083700000|100%| O|  |TAMS 0x0000000083700000, 0x0000000083700000| Untracked 
|  55|0x0000000083700000, 0x0000000083800000, 0x0000000083800000|100%| O|  |TAMS 0x0000000083800000, 0x0000000083800000| Untracked 
|  56|0x0000000083800000, 0x0000000083900000, 0x0000000083900000|100%| O|  |TAMS 0x0000000083900000, 0x0000000083900000| Untracked 
|  57|0x0000000083900000, 0x0000000083a00000, 0x0000000083a00000|100%| O|  |TAMS 0x0000000083a00000, 0x0000000083a00000| Untracked 
|  58|0x0000000083a00000, 0x0000000083b00000, 0x0000000083b00000|100%| O|  |TAMS 0x0000000083b00000, 0x0000000083b00000| Untracked 
|  59|0x0000000083b00000, 0x0000000083c00000, 0x0000000083c00000|100%| O|  |TAMS 0x0000000083c00000, 0x0000000083c00000| Untracked 
|  60|0x0000000083c00000, 0x0000000083d00000, 0x0000000083d00000|100%| O|  |TAMS 0x0000000083d00000, 0x0000000083d00000| Untracked 
|  61|0x0000000083d00000, 0x0000000083e00000, 0x0000000083e00000|100%| O|  |TAMS 0x0000000083e00000, 0x0000000083e00000| Untracked 
|  62|0x0000000083e00000, 0x0000000083f00000, 0x0000000083f00000|100%| O|  |TAMS 0x0000000083f00000, 0x0000000083f00000| Untracked 
|  63|0x0000000083f00000, 0x0000000084000000, 0x0000000084000000|100%| O|  |TAMS 0x0000000084000000, 0x0000000084000000| Untracked 
|  64|0x0000000084000000, 0x0000000084100000, 0x0000000084100000|100%| O|  |TAMS 0x0000000084100000, 0x0000000084100000| Untracked 
|  65|0x0000000084100000, 0x0000000084200000, 0x0000000084200000|100%| O|  |TAMS 0x0000000084200000, 0x0000000084200000| Untracked 
|  66|0x0000000084200000, 0x0000000084300000, 0x0000000084300000|100%| O|  |TAMS 0x0000000084300000, 0x0000000084300000| Untracked 
|  67|0x0000000084300000, 0x0000000084400000, 0x0000000084400000|100%| O|  |TAMS 0x0000000084400000, 0x0000000084400000| Untracked 
|  68|0x0000000084400000, 0x0000000084400000, 0x0000000084500000|  0%| F|  |TAMS 0x0000000084400000, 0x0000000084400000| Untracked 
|  69|0x0000000084500000, 0x0000000084600000, 0x0000000084600000|100%| O|  |TAMS 0x0000000084600000, 0x0000000084600000| Untracked 
|  70|0x0000000084600000, 0x0000000084700000, 0x0000000084700000|100%| O|  |TAMS 0x0000000084700000, 0x0000000084700000| Untracked 
|  71|0x0000000084700000, 0x0000000084800000, 0x0000000084800000|100%| O|  |TAMS 0x0000000084800000, 0x0000000084800000| Untracked 
|  72|0x0000000084800000, 0x0000000084900000, 0x0000000084900000|100%| O|  |TAMS 0x0000000084900000, 0x0000000084900000| Untracked 
|  73|0x0000000084900000, 0x0000000084a00000, 0x0000000084a00000|100%| O|  |TAMS 0x0000000084a00000, 0x0000000084a00000| Untracked 
|  74|0x0000000084a00000, 0x0000000084b00000, 0x0000000084b00000|100%| O|  |TAMS 0x0000000084b00000, 0x0000000084b00000| Untracked 
|  75|0x0000000084b00000, 0x0000000084c00000, 0x0000000084c00000|100%| O|  |TAMS 0x0000000084c00000, 0x0000000084c00000| Untracked 
|  76|0x0000000084c00000, 0x0000000084d00000, 0x0000000084d00000|100%| O|  |TAMS 0x0000000084c00000, 0x0000000084d00000| Untracked 
|  77|0x0000000084d00000, 0x0000000084e00000, 0x0000000084e00000|100%| O|  |TAMS 0x0000000084e00000, 0x0000000084e00000| Untracked 
|  78|0x0000000084e00000, 0x0000000084f00000, 0x0000000084f00000|100%| O|  |TAMS 0x0000000084f00000, 0x0000000084f00000| Untracked 
|  79|0x0000000084f00000, 0x0000000085000000, 0x0000000085000000|100%| O|  |TAMS 0x0000000085000000, 0x0000000085000000| Untracked 
|  80|0x0000000085000000, 0x0000000085100000, 0x0000000085100000|100%| O|  |TAMS 0x0000000085100000, 0x0000000085100000| Untracked 
|  81|0x0000000085100000, 0x0000000085200000, 0x0000000085200000|100%| O|  |TAMS 0x0000000085200000, 0x0000000085200000| Untracked 
|  82|0x0000000085200000, 0x0000000085300000, 0x0000000085300000|100%| O|  |TAMS 0x0000000085300000, 0x0000000085300000| Untracked 
|  83|0x0000000085300000, 0x0000000085400000, 0x0000000085400000|100%| O|  |TAMS 0x0000000085400000, 0x0000000085400000| Untracked 
|  84|0x0000000085400000, 0x0000000085500000, 0x0000000085500000|100%| O|  |TAMS 0x0000000085500000, 0x0000000085500000| Untracked 
|  85|0x0000000085500000, 0x0000000085600000, 0x0000000085600000|100%| O|  |TAMS 0x0000000085600000, 0x0000000085600000| Untracked 
|  86|0x0000000085600000, 0x0000000085700000, 0x0000000085700000|100%| O|  |TAMS 0x0000000085700000, 0x0000000085700000| Untracked 
|  87|0x0000000085700000, 0x0000000085800000, 0x0000000085800000|100%| O|  |TAMS 0x0000000085800000, 0x0000000085800000| Untracked 
|  88|0x0000000085800000, 0x0000000085900000, 0x0000000085900000|100%| O|  |TAMS 0x0000000085900000, 0x0000000085900000| Untracked 
|  89|0x0000000085900000, 0x0000000085a00000, 0x0000000085a00000|100%| O|  |TAMS 0x0000000085a00000, 0x0000000085a00000| Untracked 
|  90|0x0000000085a00000, 0x0000000085b00000, 0x0000000085b00000|100%| O|  |TAMS 0x0000000085b00000, 0x0000000085b00000| Untracked 
|  91|0x0000000085b00000, 0x0000000085c00000, 0x0000000085c00000|100%| O|  |TAMS 0x0000000085c00000, 0x0000000085c00000| Untracked 
|  92|0x0000000085c00000, 0x0000000085d00000, 0x0000000085d00000|100%| O|  |TAMS 0x0000000085d00000, 0x0000000085d00000| Untracked 
|  93|0x0000000085d00000, 0x0000000085e00000, 0x0000000085e00000|100%| O|  |TAMS 0x0000000085d00000, 0x0000000085e00000| Untracked 
|  94|0x0000000085e00000, 0x0000000085f00000, 0x0000000085f00000|100%| O|  |TAMS 0x0000000085e00000, 0x0000000085f00000| Untracked 
|  95|0x0000000085f00000, 0x0000000086000000, 0x0000000086000000|100%| O|  |TAMS 0x0000000086000000, 0x0000000086000000| Untracked 
|  96|0x0000000086000000, 0x0000000086100000, 0x0000000086100000|100%| O|  |TAMS 0x0000000086000000, 0x0000000086100000| Untracked 
|  97|0x0000000086100000, 0x0000000086200000, 0x0000000086200000|100%| O|  |TAMS 0x0000000086200000, 0x0000000086200000| Untracked 
|  98|0x0000000086200000, 0x0000000086300000, 0x0000000086300000|100%| O|  |TAMS 0x0000000086300000, 0x0000000086300000| Untracked 
|  99|0x0000000086300000, 0x0000000086400000, 0x0000000086400000|100%| O|  |TAMS 0x0000000086400000, 0x0000000086400000| Untracked 
| 100|0x0000000086400000, 0x0000000086500000, 0x0000000086500000|100%|HS|  |TAMS 0x0000000086500000, 0x0000000086500000| Complete 
| 101|0x0000000086500000, 0x0000000086600000, 0x0000000086600000|100%|HC|  |TAMS 0x0000000086600000, 0x0000000086600000| Complete 
| 102|0x0000000086600000, 0x0000000086700000, 0x0000000086700000|100%|HC|  |TAMS 0x0000000086700000, 0x0000000086700000| Complete 
| 103|0x0000000086700000, 0x0000000086800000, 0x0000000086800000|100%|HC|  |TAMS 0x0000000086800000, 0x0000000086800000| Complete 
| 104|0x0000000086800000, 0x0000000086900000, 0x0000000086900000|100%| O|  |TAMS 0x0000000086900000, 0x0000000086900000| Untracked 
| 105|0x0000000086900000, 0x0000000086a00000, 0x0000000086a00000|100%| O|  |TAMS 0x0000000086a00000, 0x0000000086a00000| Untracked 
| 106|0x0000000086a00000, 0x0000000086a00000, 0x0000000086b00000|  0%| F|  |TAMS 0x0000000086a00000, 0x0000000086a00000| Untracked 
| 107|0x0000000086b00000, 0x0000000086c00000, 0x0000000086c00000|100%| O|  |TAMS 0x0000000086c00000, 0x0000000086c00000| Untracked 
| 108|0x0000000086c00000, 0x0000000086d00000, 0x0000000086d00000|100%| O|  |TAMS 0x0000000086d00000, 0x0000000086d00000| Untracked 
| 109|0x0000000086d00000, 0x0000000086e00000, 0x0000000086e00000|100%|HS|  |TAMS 0x0000000086e00000, 0x0000000086e00000| Complete 
| 110|0x0000000086e00000, 0x0000000086f00000, 0x0000000086f00000|100%|HC|  |TAMS 0x0000000086f00000, 0x0000000086f00000| Complete 
| 111|0x0000000086f00000, 0x0000000087000000, 0x0000000087000000|100%|HC|  |TAMS 0x0000000087000000, 0x0000000087000000| Complete 
| 112|0x0000000087000000, 0x0000000087100000, 0x0000000087100000|100%|HS|  |TAMS 0x0000000087100000, 0x0000000087100000| Complete 
| 113|0x0000000087100000, 0x0000000087200000, 0x0000000087200000|100%|HC|  |TAMS 0x0000000087200000, 0x0000000087200000| Complete 
| 114|0x0000000087200000, 0x0000000087300000, 0x0000000087300000|100%|HC|  |TAMS 0x0000000087300000, 0x0000000087300000| Complete 
| 115|0x0000000087300000, 0x0000000087400000, 0x0000000087400000|100%| O|  |TAMS 0x0000000087400000, 0x0000000087400000| Untracked 
| 116|0x0000000087400000, 0x0000000087500000, 0x0000000087500000|100%| O|  |TAMS 0x0000000087400000, 0x0000000087500000| Untracked 
| 117|0x0000000087500000, 0x0000000087600000, 0x0000000087600000|100%| O|  |TAMS 0x0000000087600000, 0x0000000087600000| Untracked 
| 118|0x0000000087600000, 0x0000000087700000, 0x0000000087700000|100%| O|  |TAMS 0x0000000087700000, 0x0000000087700000| Untracked 
| 119|0x0000000087700000, 0x0000000087800000, 0x0000000087800000|100%| O|  |TAMS 0x0000000087800000, 0x0000000087800000| Untracked 
| 120|0x0000000087800000, 0x0000000087900000, 0x0000000087900000|100%| O|  |TAMS 0x0000000087900000, 0x0000000087900000| Untracked 
| 121|0x0000000087900000, 0x0000000087a00000, 0x0000000087a00000|100%| O|  |TAMS 0x0000000087a00000, 0x0000000087a00000| Untracked 
| 122|0x0000000087a00000, 0x0000000087b00000, 0x0000000087b00000|100%|HS|  |TAMS 0x0000000087b00000, 0x0000000087b00000| Complete 
| 123|0x0000000087b00000, 0x0000000087c00000, 0x0000000087c00000|100%|HC|  |TAMS 0x0000000087c00000, 0x0000000087c00000| Complete 
| 124|0x0000000087c00000, 0x0000000087d00000, 0x0000000087d00000|100%|HS|  |TAMS 0x0000000087d00000, 0x0000000087d00000| Complete 
| 125|0x0000000087d00000, 0x0000000087e00000, 0x0000000087e00000|100%|HC|  |TAMS 0x0000000087e00000, 0x0000000087e00000| Complete 
| 126|0x0000000087e00000, 0x0000000087f00000, 0x0000000087f00000|100%|HC|  |TAMS 0x0000000087f00000, 0x0000000087f00000| Complete 
| 127|0x0000000087f00000, 0x0000000088000000, 0x0000000088000000|100%|HS|  |TAMS 0x0000000088000000, 0x0000000088000000| Complete 
| 128|0x0000000088000000, 0x0000000088100000, 0x0000000088100000|100%|HC|  |TAMS 0x0000000088100000, 0x0000000088100000| Complete 
| 129|0x0000000088100000, 0x0000000088200000, 0x0000000088200000|100%|HC|  |TAMS 0x0000000088200000, 0x0000000088200000| Complete 
| 130|0x0000000088200000, 0x0000000088300000, 0x0000000088300000|100%|HS|  |TAMS 0x0000000088300000, 0x0000000088300000| Complete 
| 131|0x0000000088300000, 0x0000000088400000, 0x0000000088400000|100%|HC|  |TAMS 0x0000000088400000, 0x0000000088400000| Complete 
| 132|0x0000000088400000, 0x0000000088500000, 0x0000000088500000|100%|HC|  |TAMS 0x0000000088500000, 0x0000000088500000| Complete 
| 133|0x0000000088500000, 0x0000000088600000, 0x0000000088600000|100%|HC|  |TAMS 0x0000000088600000, 0x0000000088600000| Complete 
| 134|0x0000000088600000, 0x0000000088700000, 0x0000000088700000|100%|HC|  |TAMS 0x0000000088700000, 0x0000000088700000| Complete 
| 135|0x0000000088700000, 0x0000000088800000, 0x0000000088800000|100%|HC|  |TAMS 0x0000000088800000, 0x0000000088800000| Complete 
| 136|0x0000000088800000, 0x0000000088900000, 0x0000000088900000|100%|HC|  |TAMS 0x0000000088900000, 0x0000000088900000| Complete 
| 137|0x0000000088900000, 0x0000000088a00000, 0x0000000088a00000|100%|HC|  |TAMS 0x0000000088a00000, 0x0000000088a00000| Complete 
| 138|0x0000000088a00000, 0x0000000088b00000, 0x0000000088b00000|100%|HC|  |TAMS 0x0000000088b00000, 0x0000000088b00000| Complete 
| 139|0x0000000088b00000, 0x0000000088c00000, 0x0000000088c00000|100%|HC|  |TAMS 0x0000000088c00000, 0x0000000088c00000| Complete 
| 140|0x0000000088c00000, 0x0000000088d00000, 0x0000000088d00000|100%|HC|  |TAMS 0x0000000088d00000, 0x0000000088d00000| Complete 
| 141|0x0000000088d00000, 0x0000000088e00000, 0x0000000088e00000|100%|HC|  |TAMS 0x0000000088e00000, 0x0000000088e00000| Complete 
| 142|0x0000000088e00000, 0x0000000088f00000, 0x0000000088f00000|100%|HS|  |TAMS 0x0000000088f00000, 0x0000000088f00000| Complete 
| 143|0x0000000088f00000, 0x0000000089000000, 0x0000000089000000|100%|HC|  |TAMS 0x0000000089000000, 0x0000000089000000| Complete 
| 144|0x0000000089000000, 0x0000000089000000, 0x0000000089100000|  0%| F|  |TAMS 0x0000000089000000, 0x0000000089000000| Untracked 
| 145|0x0000000089100000, 0x0000000089200000, 0x0000000089200000|100%| O|  |TAMS 0x0000000089200000, 0x0000000089200000| Untracked 
| 146|0x0000000089200000, 0x0000000089300000, 0x0000000089300000|100%| O|  |TAMS 0x0000000089300000, 0x0000000089300000| Untracked 
| 147|0x0000000089300000, 0x0000000089400000, 0x0000000089400000|100%| O|  |TAMS 0x0000000089400000, 0x0000000089400000| Untracked 
| 148|0x0000000089400000, 0x0000000089500000, 0x0000000089500000|100%| O|  |TAMS 0x0000000089500000, 0x0000000089500000| Untracked 
| 149|0x0000000089500000, 0x0000000089600000, 0x0000000089600000|100%| O|  |TAMS 0x0000000089600000, 0x0000000089600000| Untracked 
| 150|0x0000000089600000, 0x0000000089700000, 0x0000000089700000|100%| O|  |TAMS 0x0000000089700000, 0x0000000089700000| Untracked 
| 151|0x0000000089700000, 0x0000000089800000, 0x0000000089800000|100%| O|  |TAMS 0x0000000089800000, 0x0000000089800000| Untracked 
| 152|0x0000000089800000, 0x0000000089900000, 0x0000000089900000|100%| O|  |TAMS 0x0000000089900000, 0x0000000089900000| Untracked 
| 153|0x0000000089900000, 0x0000000089a00000, 0x0000000089a00000|100%| O|  |TAMS 0x0000000089a00000, 0x0000000089a00000| Untracked 
| 154|0x0000000089a00000, 0x0000000089b00000, 0x0000000089b00000|100%| O|  |TAMS 0x0000000089b00000, 0x0000000089b00000| Untracked 
| 155|0x0000000089b00000, 0x0000000089c00000, 0x0000000089c00000|100%| O|  |TAMS 0x0000000089c00000, 0x0000000089c00000| Untracked 
| 156|0x0000000089c00000, 0x0000000089d00000, 0x0000000089d00000|100%| O|  |TAMS 0x0000000089d00000, 0x0000000089d00000| Untracked 
| 157|0x0000000089d00000, 0x0000000089e00000, 0x0000000089e00000|100%| O|  |TAMS 0x0000000089e00000, 0x0000000089e00000| Untracked 
| 158|0x0000000089e00000, 0x0000000089f00000, 0x0000000089f00000|100%| O|  |TAMS 0x0000000089f00000, 0x0000000089f00000| Untracked 
| 159|0x0000000089f00000, 0x000000008a000000, 0x000000008a000000|100%| O|  |TAMS 0x000000008a000000, 0x000000008a000000| Untracked 
| 160|0x000000008a000000, 0x000000008a100000, 0x000000008a100000|100%| O|  |TAMS 0x000000008a100000, 0x000000008a100000| Untracked 
| 161|0x000000008a100000, 0x000000008a100000, 0x000000008a200000|  0%| F|  |TAMS 0x000000008a100000, 0x000000008a100000| Untracked 
| 162|0x000000008a200000, 0x000000008a300000, 0x000000008a300000|100%| O|  |TAMS 0x000000008a200000, 0x000000008a300000| Untracked 
| 163|0x000000008a300000, 0x000000008a400000, 0x000000008a400000|100%| O|  |TAMS 0x000000008a300000, 0x000000008a400000| Untracked 
| 164|0x000000008a400000, 0x000000008a500000, 0x000000008a500000|100%| O|  |TAMS 0x000000008a400000, 0x000000008a500000| Untracked 
| 165|0x000000008a500000, 0x000000008a600000, 0x000000008a600000|100%|HS|  |TAMS 0x000000008a500000, 0x000000008a600000| Complete 
| 166|0x000000008a600000, 0x000000008a700000, 0x000000008a700000|100%|HC|  |TAMS 0x000000008a600000, 0x000000008a700000| Complete 
| 167|0x000000008a700000, 0x000000008a800000, 0x000000008a800000|100%|HC|  |TAMS 0x000000008a700000, 0x000000008a800000| Complete 
| 168|0x000000008a800000, 0x000000008a900000, 0x000000008a900000|100%|HC|  |TAMS 0x000000008a800000, 0x000000008a900000| Complete 
| 169|0x000000008a900000, 0x000000008aa00000, 0x000000008aa00000|100%|HC|  |TAMS 0x000000008a900000, 0x000000008aa00000| Complete 
| 170|0x000000008aa00000, 0x000000008ab00000, 0x000000008ab00000|100%|HC|  |TAMS 0x000000008aa00000, 0x000000008ab00000| Complete 
| 171|0x000000008ab00000, 0x000000008ac00000, 0x000000008ac00000|100%| O|  |TAMS 0x000000008ab00000, 0x000000008ac00000| Untracked 
| 172|0x000000008ac00000, 0x000000008ad00000, 0x000000008ad00000|100%| O|  |TAMS 0x000000008ac00000, 0x000000008ad00000| Untracked 
| 173|0x000000008ad00000, 0x000000008ae00000, 0x000000008ae00000|100%| O|  |TAMS 0x000000008ad00000, 0x000000008ae00000| Untracked 
| 174|0x000000008ae00000, 0x000000008af00000, 0x000000008af00000|100%| O|  |TAMS 0x000000008ae00000, 0x000000008af00000| Untracked 
| 175|0x000000008af00000, 0x000000008b000000, 0x000000008b000000|100%| O|  |TAMS 0x000000008af00000, 0x000000008b000000| Untracked 
| 176|0x000000008b000000, 0x000000008b100000, 0x000000008b100000|100%| O|  |TAMS 0x000000008b000000, 0x000000008b100000| Untracked 
| 177|0x000000008b100000, 0x000000008b200000, 0x000000008b200000|100%| O|  |TAMS 0x000000008b100000, 0x000000008b200000| Untracked 
| 178|0x000000008b200000, 0x000000008b300000, 0x000000008b300000|100%| O|  |TAMS 0x000000008b200000, 0x000000008b300000| Untracked 
| 179|0x000000008b300000, 0x000000008b400000, 0x000000008b400000|100%| O|  |TAMS 0x000000008b300000, 0x000000008b400000| Untracked 
| 180|0x000000008b400000, 0x000000008b500000, 0x000000008b500000|100%| O|  |TAMS 0x000000008b400000, 0x000000008b500000| Untracked 
| 181|0x000000008b500000, 0x000000008b600000, 0x000000008b600000|100%| O|  |TAMS 0x000000008b500000, 0x000000008b600000| Untracked 
| 182|0x000000008b600000, 0x000000008b700000, 0x000000008b700000|100%| O|  |TAMS 0x000000008b600000, 0x000000008b700000| Untracked 
| 183|0x000000008b700000, 0x000000008b800000, 0x000000008b800000|100%| O|  |TAMS 0x000000008b700000, 0x000000008b800000| Untracked 
| 184|0x000000008b800000, 0x000000008b900000, 0x000000008b900000|100%| O|  |TAMS 0x000000008b800000, 0x000000008b900000| Untracked 
| 185|0x000000008b900000, 0x000000008ba00000, 0x000000008ba00000|100%| O|  |TAMS 0x000000008b900000, 0x000000008ba00000| Untracked 
| 186|0x000000008ba00000, 0x000000008bb00000, 0x000000008bb00000|100%| O|  |TAMS 0x000000008ba00000, 0x000000008bb00000| Untracked 
| 187|0x000000008bb00000, 0x000000008bb00000, 0x000000008bc00000|  0%| F|  |TAMS 0x000000008bb00000, 0x000000008bb00000| Untracked 
| 188|0x000000008bc00000, 0x000000008bc00000, 0x000000008bd00000|  0%| F|  |TAMS 0x000000008bc00000, 0x000000008bc00000| Untracked 
| 189|0x000000008bd00000, 0x000000008bd00000, 0x000000008be00000|  0%| F|  |TAMS 0x000000008bd00000, 0x000000008bd00000| Untracked 
| 190|0x000000008be00000, 0x000000008be00000, 0x000000008bf00000|  0%| F|  |TAMS 0x000000008be00000, 0x000000008be00000| Untracked 
| 191|0x000000008bf00000, 0x000000008bf00000, 0x000000008c000000|  0%| F|  |TAMS 0x000000008bf00000, 0x000000008bf00000| Untracked 
| 192|0x000000008c000000, 0x000000008c000000, 0x000000008c100000|  0%| F|  |TAMS 0x000000008c000000, 0x000000008c000000| Untracked 
| 193|0x000000008c100000, 0x000000008c100000, 0x000000008c200000|  0%| F|  |TAMS 0x000000008c100000, 0x000000008c100000| Untracked 
| 194|0x000000008c200000, 0x000000008c200000, 0x000000008c300000|  0%| F|  |TAMS 0x000000008c200000, 0x000000008c200000| Untracked 
| 195|0x000000008c300000, 0x000000008c300000, 0x000000008c400000|  0%| F|  |TAMS 0x000000008c300000, 0x000000008c300000| Untracked 
| 196|0x000000008c400000, 0x000000008c400000, 0x000000008c500000|  0%| F|  |TAMS 0x000000008c400000, 0x000000008c400000| Untracked 
| 197|0x000000008c500000, 0x000000008c500000, 0x000000008c600000|  0%| F|  |TAMS 0x000000008c500000, 0x000000008c500000| Untracked 
| 198|0x000000008c600000, 0x000000008c600000, 0x000000008c700000|  0%| F|  |TAMS 0x000000008c600000, 0x000000008c600000| Untracked 
| 199|0x000000008c700000, 0x000000008c700000, 0x000000008c800000|  0%| F|  |TAMS 0x000000008c700000, 0x000000008c700000| Untracked 
| 200|0x000000008c800000, 0x000000008c800000, 0x000000008c900000|  0%| F|  |TAMS 0x000000008c800000, 0x000000008c800000| Untracked 
| 201|0x000000008c900000, 0x000000008c900000, 0x000000008ca00000|  0%| F|  |TAMS 0x000000008c900000, 0x000000008c900000| Untracked 
| 202|0x000000008ca00000, 0x000000008ca00000, 0x000000008cb00000|  0%| F|  |TAMS 0x000000008ca00000, 0x000000008ca00000| Untracked 
| 203|0x000000008cb00000, 0x000000008cb00000, 0x000000008cc00000|  0%| F|  |TAMS 0x000000008cb00000, 0x000000008cb00000| Untracked 
| 204|0x000000008cc00000, 0x000000008cc00000, 0x000000008cd00000|  0%| F|  |TAMS 0x000000008cc00000, 0x000000008cc00000| Untracked 
| 205|0x000000008cd00000, 0x000000008cd00000, 0x000000008ce00000|  0%| F|  |TAMS 0x000000008cd00000, 0x000000008cd00000| Untracked 
| 206|0x000000008ce00000, 0x000000008ce00000, 0x000000008cf00000|  0%| F|  |TAMS 0x000000008ce00000, 0x000000008ce00000| Untracked 
| 207|0x000000008cf00000, 0x000000008cf00000, 0x000000008d000000|  0%| F|  |TAMS 0x000000008cf00000, 0x000000008cf00000| Untracked 
| 208|0x000000008d000000, 0x000000008d000000, 0x000000008d100000|  0%| F|  |TAMS 0x000000008d000000, 0x000000008d000000| Untracked 
| 209|0x000000008d100000, 0x000000008d100000, 0x000000008d200000|  0%| F|  |TAMS 0x000000008d100000, 0x000000008d100000| Untracked 
| 210|0x000000008d200000, 0x000000008d200000, 0x000000008d300000|  0%| F|  |TAMS 0x000000008d200000, 0x000000008d200000| Untracked 
| 211|0x000000008d300000, 0x000000008d300000, 0x000000008d400000|  0%| F|  |TAMS 0x000000008d300000, 0x000000008d300000| Untracked 
| 212|0x000000008d400000, 0x000000008d400000, 0x000000008d500000|  0%| F|  |TAMS 0x000000008d400000, 0x000000008d400000| Untracked 
| 213|0x000000008d500000, 0x000000008d500000, 0x000000008d600000|  0%| F|  |TAMS 0x000000008d500000, 0x000000008d500000| Untracked 
| 214|0x000000008d600000, 0x000000008d600000, 0x000000008d700000|  0%| F|  |TAMS 0x000000008d600000, 0x000000008d600000| Untracked 
| 215|0x000000008d700000, 0x000000008d700000, 0x000000008d800000|  0%| F|  |TAMS 0x000000008d700000, 0x000000008d700000| Untracked 
| 216|0x000000008d800000, 0x000000008d800000, 0x000000008d900000|  0%| F|  |TAMS 0x000000008d800000, 0x000000008d800000| Untracked 
| 217|0x000000008d900000, 0x000000008d900000, 0x000000008da00000|  0%| F|  |TAMS 0x000000008d900000, 0x000000008d900000| Untracked 
| 218|0x000000008da00000, 0x000000008da00000, 0x000000008db00000|  0%| F|  |TAMS 0x000000008da00000, 0x000000008da00000| Untracked 
| 219|0x000000008db00000, 0x000000008db00000, 0x000000008dc00000|  0%| F|  |TAMS 0x000000008db00000, 0x000000008db00000| Untracked 
| 220|0x000000008dc00000, 0x000000008dc00000, 0x000000008dd00000|  0%| F|  |TAMS 0x000000008dc00000, 0x000000008dc00000| Untracked 
| 221|0x000000008dd00000, 0x000000008dd00000, 0x000000008de00000|  0%| F|  |TAMS 0x000000008dd00000, 0x000000008dd00000| Untracked 
| 222|0x000000008de00000, 0x000000008de00000, 0x000000008df00000|  0%| F|  |TAMS 0x000000008de00000, 0x000000008de00000| Untracked 
| 223|0x000000008df00000, 0x000000008df00000, 0x000000008e000000|  0%| F|  |TAMS 0x000000008df00000, 0x000000008df00000| Untracked 
| 224|0x000000008e000000, 0x000000008e000000, 0x000000008e100000|  0%| F|  |TAMS 0x000000008e000000, 0x000000008e000000| Untracked 
| 225|0x000000008e100000, 0x000000008e100000, 0x000000008e200000|  0%| F|  |TAMS 0x000000008e100000, 0x000000008e100000| Untracked 
| 226|0x000000008e200000, 0x000000008e200000, 0x000000008e300000|  0%| F|  |TAMS 0x000000008e200000, 0x000000008e200000| Untracked 
| 227|0x000000008e300000, 0x000000008e300000, 0x000000008e400000|  0%| F|  |TAMS 0x000000008e300000, 0x000000008e300000| Untracked 
| 228|0x000000008e400000, 0x000000008e400000, 0x000000008e500000|  0%| F|  |TAMS 0x000000008e400000, 0x000000008e400000| Untracked 
| 229|0x000000008e500000, 0x000000008e500000, 0x000000008e600000|  0%| F|  |TAMS 0x000000008e500000, 0x000000008e500000| Untracked 
| 230|0x000000008e600000, 0x000000008e600000, 0x000000008e700000|  0%| F|  |TAMS 0x000000008e600000, 0x000000008e600000| Untracked 
| 231|0x000000008e700000, 0x000000008e700000, 0x000000008e800000|  0%| F|  |TAMS 0x000000008e700000, 0x000000008e700000| Untracked 
| 232|0x000000008e800000, 0x000000008e82af30, 0x000000008e900000| 16%| S|CS|TAMS 0x000000008e800000, 0x000000008e800000| Complete 
| 233|0x000000008e900000, 0x000000008ea00000, 0x000000008ea00000|100%| S|CS|TAMS 0x000000008e900000, 0x000000008e900000| Complete 
| 234|0x000000008ea00000, 0x000000008eb00000, 0x000000008eb00000|100%| S|CS|TAMS 0x000000008ea00000, 0x000000008ea00000| Complete 
| 235|0x000000008eb00000, 0x000000008ec00000, 0x000000008ec00000|100%| S|CS|TAMS 0x000000008eb00000, 0x000000008eb00000| Complete 
| 236|0x000000008ec00000, 0x000000008ed00000, 0x000000008ed00000|100%| S|CS|TAMS 0x000000008ec00000, 0x000000008ec00000| Complete 
| 237|0x000000008ed00000, 0x000000008ed00000, 0x000000008ee00000|  0%| F|  |TAMS 0x000000008ed00000, 0x000000008ed00000| Untracked 
| 238|0x000000008ee00000, 0x000000008ee00000, 0x000000008ef00000|  0%| F|  |TAMS 0x000000008ee00000, 0x000000008ee00000| Untracked 
| 239|0x000000008ef00000, 0x000000008ef00000, 0x000000008f000000|  0%| F|  |TAMS 0x000000008ef00000, 0x000000008ef00000| Untracked 
| 240|0x000000008f000000, 0x000000008f000000, 0x000000008f100000|  0%| F|  |TAMS 0x000000008f000000, 0x000000008f000000| Untracked 
| 241|0x000000008f100000, 0x000000008f100000, 0x000000008f200000|  0%| F|  |TAMS 0x000000008f100000, 0x000000008f100000| Untracked 
| 242|0x000000008f200000, 0x000000008f200000, 0x000000008f300000|  0%| F|  |TAMS 0x000000008f200000, 0x000000008f200000| Untracked 
| 243|0x000000008f300000, 0x000000008f300000, 0x000000008f400000|  0%| F|  |TAMS 0x000000008f300000, 0x000000008f300000| Untracked 
| 244|0x000000008f400000, 0x000000008f400000, 0x000000008f500000|  0%| F|  |TAMS 0x000000008f400000, 0x000000008f400000| Untracked 
| 245|0x000000008f500000, 0x000000008f500000, 0x000000008f600000|  0%| F|  |TAMS 0x000000008f500000, 0x000000008f500000| Untracked 
| 246|0x000000008f600000, 0x000000008f600000, 0x000000008f700000|  0%| F|  |TAMS 0x000000008f600000, 0x000000008f600000| Untracked 
| 247|0x000000008f700000, 0x000000008f700000, 0x000000008f800000|  0%| F|  |TAMS 0x000000008f700000, 0x000000008f700000| Untracked 
| 248|0x000000008f800000, 0x000000008f800000, 0x000000008f900000|  0%| F|  |TAMS 0x000000008f800000, 0x000000008f800000| Untracked 
| 249|0x000000008f900000, 0x000000008f900000, 0x000000008fa00000|  0%| F|  |TAMS 0x000000008f900000, 0x000000008f900000| Untracked 
| 250|0x000000008fa00000, 0x000000008fa00000, 0x000000008fb00000|  0%| F|  |TAMS 0x000000008fa00000, 0x000000008fa00000| Untracked 
| 251|0x000000008fb00000, 0x000000008fb00000, 0x000000008fc00000|  0%| F|  |TAMS 0x000000008fb00000, 0x000000008fb00000| Untracked 
| 252|0x000000008fc00000, 0x000000008fc00000, 0x000000008fd00000|  0%| F|  |TAMS 0x000000008fc00000, 0x000000008fc00000| Untracked 
| 253|0x000000008fd00000, 0x000000008fd00000, 0x000000008fe00000|  0%| F|  |TAMS 0x000000008fd00000, 0x000000008fd00000| Untracked 
| 254|0x000000008fe00000, 0x000000008fe00000, 0x000000008ff00000|  0%| F|  |TAMS 0x000000008fe00000, 0x000000008fe00000| Untracked 
| 255|0x000000008ff00000, 0x000000008ff00000, 0x0000000090000000|  0%| F|  |TAMS 0x000000008ff00000, 0x000000008ff00000| Untracked 
| 256|0x0000000090000000, 0x0000000090000000, 0x0000000090100000|  0%| F|  |TAMS 0x0000000090000000, 0x0000000090000000| Untracked 
| 257|0x0000000090100000, 0x0000000090100000, 0x0000000090200000|  0%| F|  |TAMS 0x0000000090100000, 0x0000000090100000| Untracked 
| 258|0x0000000090200000, 0x0000000090200000, 0x0000000090300000|  0%| F|  |TAMS 0x0000000090200000, 0x0000000090200000| Untracked 
| 259|0x0000000090300000, 0x0000000090300000, 0x0000000090400000|  0%| F|  |TAMS 0x0000000090300000, 0x0000000090300000| Untracked 
| 260|0x0000000090400000, 0x0000000090400000, 0x0000000090500000|  0%| F|  |TAMS 0x0000000090400000, 0x0000000090400000| Untracked 
| 261|0x0000000090500000, 0x0000000090500000, 0x0000000090600000|  0%| F|  |TAMS 0x0000000090500000, 0x0000000090500000| Untracked 
| 262|0x0000000090600000, 0x0000000090600000, 0x0000000090700000|  0%| F|  |TAMS 0x0000000090600000, 0x0000000090600000| Untracked 
| 263|0x0000000090700000, 0x0000000090700000, 0x0000000090800000|  0%| F|  |TAMS 0x0000000090700000, 0x0000000090700000| Untracked 
| 264|0x0000000090800000, 0x0000000090800000, 0x0000000090900000|  0%| F|  |TAMS 0x0000000090800000, 0x0000000090800000| Untracked 
| 265|0x0000000090900000, 0x0000000090900000, 0x0000000090a00000|  0%| F|  |TAMS 0x0000000090900000, 0x0000000090900000| Untracked 
| 266|0x0000000090a00000, 0x0000000090a00000, 0x0000000090b00000|  0%| F|  |TAMS 0x0000000090a00000, 0x0000000090a00000| Untracked 
| 267|0x0000000090b00000, 0x0000000090b00000, 0x0000000090c00000|  0%| F|  |TAMS 0x0000000090b00000, 0x0000000090b00000| Untracked 
| 268|0x0000000090c00000, 0x0000000090c00000, 0x0000000090d00000|  0%| F|  |TAMS 0x0000000090c00000, 0x0000000090c00000| Untracked 
| 269|0x0000000090d00000, 0x0000000090d00000, 0x0000000090e00000|  0%| F|  |TAMS 0x0000000090d00000, 0x0000000090d00000| Untracked 
| 270|0x0000000090e00000, 0x0000000090e00000, 0x0000000090f00000|  0%| F|  |TAMS 0x0000000090e00000, 0x0000000090e00000| Untracked 
| 271|0x0000000090f00000, 0x0000000090f00000, 0x0000000091000000|  0%| F|  |TAMS 0x0000000090f00000, 0x0000000090f00000| Untracked 
| 272|0x0000000091000000, 0x0000000091000000, 0x0000000091100000|  0%| F|  |TAMS 0x0000000091000000, 0x0000000091000000| Untracked 
| 273|0x0000000091100000, 0x0000000091100000, 0x0000000091200000|  0%| F|  |TAMS 0x0000000091100000, 0x0000000091100000| Untracked 
| 274|0x0000000091200000, 0x0000000091200000, 0x0000000091300000|  0%| F|  |TAMS 0x0000000091200000, 0x0000000091200000| Untracked 
| 275|0x0000000091300000, 0x0000000091300000, 0x0000000091400000|  0%| F|  |TAMS 0x0000000091300000, 0x0000000091300000| Untracked 
| 276|0x0000000091400000, 0x0000000091400000, 0x0000000091500000|  0%| F|  |TAMS 0x0000000091400000, 0x0000000091400000| Untracked 
| 277|0x0000000091500000, 0x0000000091500000, 0x0000000091600000|  0%| F|  |TAMS 0x0000000091500000, 0x0000000091500000| Untracked 
| 278|0x0000000091600000, 0x0000000091600000, 0x0000000091700000|  0%| F|  |TAMS 0x0000000091600000, 0x0000000091600000| Untracked 
| 279|0x0000000091700000, 0x0000000091700000, 0x0000000091800000|  0%| F|  |TAMS 0x0000000091700000, 0x0000000091700000| Untracked 
| 280|0x0000000091800000, 0x0000000091800000, 0x0000000091900000|  0%| F|  |TAMS 0x0000000091800000, 0x0000000091800000| Untracked 
| 281|0x0000000091900000, 0x0000000091900000, 0x0000000091a00000|  0%| F|  |TAMS 0x0000000091900000, 0x0000000091900000| Untracked 
| 282|0x0000000091a00000, 0x0000000091a00000, 0x0000000091b00000|  0%| F|  |TAMS 0x0000000091a00000, 0x0000000091a00000| Untracked 
| 283|0x0000000091b00000, 0x0000000091b00000, 0x0000000091c00000|  0%| F|  |TAMS 0x0000000091b00000, 0x0000000091b00000| Untracked 
| 284|0x0000000091c00000, 0x0000000091c00000, 0x0000000091d00000|  0%| F|  |TAMS 0x0000000091c00000, 0x0000000091c00000| Untracked 
| 285|0x0000000091d00000, 0x0000000091d00000, 0x0000000091e00000|  0%| F|  |TAMS 0x0000000091d00000, 0x0000000091d00000| Untracked 
| 286|0x0000000091e00000, 0x0000000091e00000, 0x0000000091f00000|  0%| F|  |TAMS 0x0000000091e00000, 0x0000000091e00000| Untracked 
| 287|0x0000000091f00000, 0x0000000091f00000, 0x0000000092000000|  0%| F|  |TAMS 0x0000000091f00000, 0x0000000091f00000| Untracked 
| 288|0x0000000092000000, 0x0000000092000000, 0x0000000092100000|  0%| F|  |TAMS 0x0000000092000000, 0x0000000092000000| Untracked 
| 289|0x0000000092100000, 0x0000000092100000, 0x0000000092200000|  0%| F|  |TAMS 0x0000000092100000, 0x0000000092100000| Untracked 
| 290|0x0000000092200000, 0x0000000092200000, 0x0000000092300000|  0%| F|  |TAMS 0x0000000092200000, 0x0000000092200000| Untracked 
| 291|0x0000000092300000, 0x0000000092300000, 0x0000000092400000|  0%| F|  |TAMS 0x0000000092300000, 0x0000000092300000| Untracked 
| 292|0x0000000092400000, 0x0000000092400000, 0x0000000092500000|  0%| F|  |TAMS 0x0000000092400000, 0x0000000092400000| Untracked 
| 293|0x0000000092500000, 0x0000000092500000, 0x0000000092600000|  0%| F|  |TAMS 0x0000000092500000, 0x0000000092500000| Untracked 
| 294|0x0000000092600000, 0x0000000092600000, 0x0000000092700000|  0%| F|  |TAMS 0x0000000092600000, 0x0000000092600000| Untracked 

Card table byte_map: [0x0000021d36210000,0x0000021d36610000] _byte_map_base: 0x0000021d35e10000

Marking Bits (Prev, Next): (CMBitMap*) 0x0000021d23998850, (CMBitMap*) 0x0000021d23998810
 Prev Bits: [0x0000021d38a10000, 0x0000021d3aa10000)
 Next Bits: [0x0000021d36a10000, 0x0000021d38a10000)

Polling page: 0x0000021d23110000

Metaspace:

Usage:
  Non-class:    125.71 MB used.
      Class:     19.96 MB used.
       Both:    145.67 MB used.

Virtual space:
  Non-class space:      128.00 MB reserved,     126.31 MB ( 99%) committed,  16 nodes.
      Class space:        1.00 GB reserved,      20.50 MB (  2%) committed,  1 nodes.
             Both:        1.12 GB reserved,     146.81 MB ( 13%) committed. 

Chunk freelists:
   Non-Class:  1.48 MB
       Class:  3.53 MB
        Both:  5.02 MB

MaxMetaspaceSize: unlimited
CompressedClassSpaceSize: 1.00 GB
Initial GC threshold: 21.00 MB
Current GC threshold: 224.06 MB
CDS: off
MetaspaceReclaimPolicy: balanced
 - commit_granule_bytes: 65536.
 - commit_granule_words: 8192.
 - virtual_space_node_default_size: 1048576.
 - enlarge_chunks_in_place: 1.
 - new_chunks_are_fully_committed: 0.
 - uncommit_free_chunks: 1.
 - use_allocation_guard: 0.
 - handle_deallocations: 1.


Internal statistics:

num_allocs_failed_limit: 9.
num_arena_births: 1678.
num_arena_deaths: 6.
num_vsnodes_births: 17.
num_vsnodes_deaths: 0.
num_space_committed: 2346.
num_space_uncommitted: 0.
num_chunks_returned_to_freelist: 18.
num_chunks_taken_from_freelist: 7431.
num_chunk_merges: 10.
num_chunk_splits: 5068.
num_chunks_enlarged: 3528.
num_purges: 4.
num_inconsistent_stats: 0.

CodeHeap 'non-profiled nmethods': size=120000Kb used=7870Kb max_used=9081Kb free=112129Kb
 bounds [0x0000021d2e8e0000, 0x0000021d2f1c0000, 0x0000021d35e10000]
CodeHeap 'profiled nmethods': size=120000Kb used=27696Kb max_used=29382Kb free=92303Kb
 bounds [0x0000021d26e10000, 0x0000021d28ad0000, 0x0000021d2e340000]
CodeHeap 'non-nmethods': size=5760Kb used=2482Kb max_used=2544Kb free=3278Kb
 bounds [0x0000021d2e340000, 0x0000021d2e5d0000, 0x0000021d2e8e0000]
 total_blobs=14919 nmethods=13882 adapters=949
 compilation: enabled
              stopped_count=0, restarted_count=0
 full_count=0

Compilation events (20 events):
Event: 537.707 Thread 0x0000021d3d84c0b0 17064       3       org.jetbrains.kotlin.metadata.ProtoBuf$Class::getSupertypeCount (10 bytes)
Event: 537.707 Thread 0x0000021d3d84c0b0 nmethod 17064 0x0000021d27163790 code [0x0000021d27163940, 0x0000021d27163b08]
Event: 537.707 Thread 0x0000021d3d84c0b0 17061       3       org.jetbrains.org.objectweb.asm.ClassVisitor::<init> (94 bytes)
Event: 537.707 Thread 0x0000021d3d84c0b0 nmethod 17061 0x0000021d270f8610 code [0x0000021d270f8860, 0x0000021d270f9168]
Event: 537.711 Thread 0x0000021d3d84c0b0 17067       3       org.jetbrains.org.objectweb.asm.ClassReader::<init> (9 bytes)
Event: 537.711 Thread 0x0000021d3d84c0b0 nmethod 17067 0x0000021d27174d10 code [0x0000021d27174ec0, 0x0000021d27175068]
Event: 537.711 Thread 0x0000021d3d84c0b0 17068       3       org.jetbrains.org.objectweb.asm.ClassReader::<init> (8 bytes)
Event: 537.712 Thread 0x0000021d3d84c0b0 nmethod 17068 0x0000021d274cf410 code [0x0000021d274cf5a0, 0x0000021d274cf6e8]
Event: 537.712 Thread 0x0000021d3d84c0b0 17069       3       org.jetbrains.org.objectweb.asm.ClassReader::accept (11 bytes)
Event: 537.712 Thread 0x0000021d3d84c0b0 nmethod 17069 0x0000021d2738f410 code [0x0000021d2738f5c0, 0x0000021d2738f7a8]
Event: 537.712 Thread 0x0000021d3d84c0b0 17070       3       org.jetbrains.kotlin.load.java.structure.impl.classFiles.BinaryJavaModifierListOwner::isSet (11 bytes)
Event: 537.713 Thread 0x0000021d3d84c0b0 nmethod 17070 0x0000021d27916410 code [0x0000021d279165c0, 0x0000021d27916848]
Event: 537.713 Thread 0x0000021d3d84c0b0 17071       3       org.jetbrains.org.objectweb.asm.Type::getArgumentTypes (154 bytes)
Event: 537.715 Thread 0x0000021d3d84c0b0 nmethod 17071 0x0000021d27fa9010 code [0x0000021d27fa94e0, 0x0000021d27fabf48]
Event: 537.715 Thread 0x0000021d3d84c0b0 17073       1       org.jetbrains.kotlin.load.java.lazy.JavaResolverComponents::getStorageManager (5 bytes)
Event: 537.715 Thread 0x0000021d3d84c0b0 nmethod 17073 0x0000021d2ebf5410 code [0x0000021d2ebf55a0, 0x0000021d2ebf5678]
Event: 537.715 Thread 0x0000021d3d84c0b0 17072       1       org.jetbrains.kotlin.load.java.structure.impl.classFiles.BinaryJavaClass::getMethods (5 bytes)
Event: 537.715 Thread 0x0000021d3d84c0b0 nmethod 17072 0x0000021d2ee20610 code [0x0000021d2ee207a0, 0x0000021d2ee20878]
Event: 537.731 Thread 0x0000021d3d84c0b0 17074       1       org.jetbrains.kotlin.storage.DefaultSimpleLock::getLock (5 bytes)
Event: 537.731 Thread 0x0000021d3d84c0b0 nmethod 17074 0x0000021d2ee20310 code [0x0000021d2ee204a0, 0x0000021d2ee20578]

GC Heap History (20 events):
Event: 525.224 GC heap after
{Heap after GC invocations=40 (full 0):
 garbage-first heap   total 214016K, used 148956K [0x0000000080000000, 0x0000000100000000)
  region size 1024K, 2 young (2048K), 2 survivors (2048K)
 Metaspace       used 120855K, committed 121856K, reserved 1155072K
  class space    used 16662K, committed 17152K, reserved 1048576K
}
Event: 526.404 GC heap before
{Heap before GC invocations=40 (full 0):
 garbage-first heap   total 214016K, used 179676K [0x0000000080000000, 0x0000000100000000)
  region size 1024K, 33 young (33792K), 2 survivors (2048K)
 Metaspace       used 121869K, committed 122880K, reserved 1155072K
  class space    used 16801K, committed 17280K, reserved 1048576K
}
Event: 526.421 GC heap after
{Heap after GC invocations=41 (full 0):
 garbage-first heap   total 214016K, used 151909K [0x0000000080000000, 0x0000000100000000)
  region size 1024K, 5 young (5120K), 5 survivors (5120K)
 Metaspace       used 121869K, committed 122880K, reserved 1155072K
  class space    used 16801K, committed 17280K, reserved 1048576K
}
Event: 527.770 GC heap before
{Heap before GC invocations=42 (full 0):
 garbage-first heap   total 266240K, used 173413K [0x0000000080000000, 0x0000000100000000)
  region size 1024K, 29 young (29696K), 5 survivors (5120K)
 Metaspace       used 125447K, committed 126464K, reserved 1163264K
  class space    used 17720K, committed 18176K, reserved 1048576K
}
Event: 527.778 GC heap after
{Heap after GC invocations=43 (full 0):
 garbage-first heap   total 266240K, used 150278K [0x0000000080000000, 0x0000000100000000)
  region size 1024K, 1 young (1024K), 1 survivors (1024K)
 Metaspace       used 125447K, committed 126464K, reserved 1163264K
  class space    used 17720K, committed 18176K, reserved 1048576K
}
Event: 528.148 GC heap before
{Heap before GC invocations=43 (full 0):
 garbage-first heap   total 266240K, used 162566K [0x0000000080000000, 0x0000000100000000)
  region size 1024K, 13 young (13312K), 1 survivors (1024K)
 Metaspace       used 125989K, committed 127040K, reserved 1163264K
  class space    used 17796K, committed 18304K, reserved 1048576K
}
Event: 528.159 GC heap after
{Heap after GC invocations=44 (full 0):
 garbage-first heap   total 266240K, used 146550K [0x0000000080000000, 0x0000000100000000)
  region size 1024K, 2 young (2048K), 2 survivors (2048K)
 Metaspace       used 125989K, committed 127040K, reserved 1163264K
  class space    used 17796K, committed 18304K, reserved 1048576K
}
Event: 529.321 GC heap before
{Heap before GC invocations=44 (full 0):
 garbage-first heap   total 266240K, used 166006K [0x0000000080000000, 0x0000000100000000)
  region size 1024K, 22 young (22528K), 2 survivors (2048K)
 Metaspace       used 129237K, committed 130240K, reserved 1163264K
  class space    used 18186K, committed 18688K, reserved 1048576K
}
Event: 529.328 GC heap after
{Heap after GC invocations=45 (full 0):
 garbage-first heap   total 266240K, used 147155K [0x0000000080000000, 0x0000000100000000)
  region size 1024K, 3 young (3072K), 3 survivors (3072K)
 Metaspace       used 129237K, committed 130240K, reserved 1163264K
  class space    used 18186K, committed 18688K, reserved 1048576K
}
Event: 531.441 GC heap before
{Heap before GC invocations=46 (full 0):
 garbage-first heap   total 270336K, used 231123K [0x0000000080000000, 0x0000000100000000)
  region size 1024K, 75 young (76800K), 3 survivors (3072K)
 Metaspace       used 134834K, committed 135936K, reserved 1171456K
  class space    used 18895K, committed 19456K, reserved 1048576K
}
Event: 531.467 GC heap after
{Heap after GC invocations=47 (full 0):
 garbage-first heap   total 270336K, used 162992K [0x0000000080000000, 0x0000000100000000)
  region size 1024K, 10 young (10240K), 10 survivors (10240K)
 Metaspace       used 134834K, committed 135936K, reserved 1171456K
  class space    used 18895K, committed 19456K, reserved 1048576K
}
Event: 531.557 GC heap before
{Heap before GC invocations=47 (full 0):
 garbage-first heap   total 270336K, used 166064K [0x0000000080000000, 0x0000000100000000)
  region size 1024K, 13 young (13312K), 10 survivors (10240K)
 Metaspace       used 134834K, committed 135936K, reserved 1171456K
  class space    used 18895K, committed 19456K, reserved 1048576K
}
Event: 531.583 GC heap after
{Heap after GC invocations=48 (full 0):
 garbage-first heap   total 270336K, used 162816K [0x0000000080000000, 0x0000000100000000)
  region size 1024K, 2 young (2048K), 2 survivors (2048K)
 Metaspace       used 134834K, committed 135936K, reserved 1171456K
  class space    used 18895K, committed 19456K, reserved 1048576K
}
Event: 532.670 GC heap before
{Heap before GC invocations=48 (full 0):
 garbage-first heap   total 270336K, used 222208K [0x0000000080000000, 0x0000000100000000)
  region size 1024K, 60 young (61440K), 2 survivors (2048K)
 Metaspace       used 136060K, committed 137152K, reserved 1171456K
  class space    used 19049K, committed 19584K, reserved 1048576K
}
Event: 532.710 GC heap after
{Heap after GC invocations=49 (full 0):
 garbage-first heap   total 270336K, used 176608K [0x0000000080000000, 0x0000000100000000)
  region size 1024K, 8 young (8192K), 8 survivors (8192K)
 Metaspace       used 136060K, committed 137152K, reserved 1171456K
  class space    used 19049K, committed 19584K, reserved 1048576K
}
Event: 534.637 GC heap before
{Heap before GC invocations=50 (full 0):
 garbage-first heap   total 302080K, used 225760K [0x0000000080000000, 0x0000000100000000)
  region size 1024K, 50 young (51200K), 8 survivors (8192K)
 Metaspace       used 140267K, committed 141312K, reserved 1171456K
  class space    used 19505K, committed 20032K, reserved 1048576K
}
Event: 534.655 GC heap after
{Heap after GC invocations=51 (full 0):
 garbage-first heap   total 302080K, used 188752K [0x0000000080000000, 0x0000000100000000)
  region size 1024K, 6 young (6144K), 6 survivors (6144K)
 Metaspace       used 140267K, committed 141312K, reserved 1171456K
  class space    used 19505K, committed 20032K, reserved 1048576K
}
Event: 535.117 GC heap before
{Heap before GC invocations=51 (full 0):
 garbage-first heap   total 302080K, used 195920K [0x0000000080000000, 0x0000000100000000)
  region size 1024K, 14 young (14336K), 6 survivors (6144K)
 Metaspace       used 141224K, committed 142336K, reserved 1171456K
  class space    used 19621K, committed 20160K, reserved 1048576K
}
Event: 535.132 GC heap after
{Heap after GC invocations=52 (full 0):
 garbage-first heap   total 302080K, used 188660K [0x0000000080000000, 0x0000000100000000)
  region size 1024K, 2 young (2048K), 2 survivors (2048K)
 Metaspace       used 141224K, committed 142336K, reserved 1171456K
  class space    used 19621K, committed 20160K, reserved 1048576K
}
Event: 537.731 GC heap before
{Heap before GC invocations=52 (full 0):
 garbage-first heap   total 302080K, used 246004K [0x0000000080000000, 0x0000000100000000)
  region size 1024K, 58 young (59392K), 2 survivors (2048K)
 Metaspace       used 149169K, committed 150336K, reserved 1179648K
  class space    used 20439K, committed 20992K, reserved 1048576K
}

Dll operation events (2 events):
Event: 0.008 Loaded shared library C:\Program Files\Android\Android Studio\jbr\bin\java.dll
Event: 0.634 Loaded shared library C:\Program Files\Android\Android Studio\jbr\bin\verify.dll

Deoptimization events (20 events):
Event: 537.375 Thread 0x0000021d43b61680 Uncommon trap: trap_request=0xffffffc6 fr.pc=0x0000021d2f1851f0 relative=0x0000000000000870
Event: 537.375 Thread 0x0000021d43b61680 Uncommon trap: reason=bimorphic_or_optimized_type_check action=maybe_recompile pc=0x0000021d2f1851f0 method=org.jetbrains.kotlin.protobuf.CodedInputStream.tryRefillBuffer(I)Z @ 177 c2
Event: 537.375 Thread 0x0000021d43b61680 DEOPT PACKING pc=0x0000021d2f1851f0 sp=0x00000068e31f4780
Event: 537.376 Thread 0x0000021d43b61680 DEOPT UNPACKING pc=0x0000021d2e3969a3 sp=0x00000068e31f4678 mode 2
Event: 537.376 Thread 0x0000021d43b61680 Uncommon trap: trap_request=0xffffffc6 fr.pc=0x0000021d2f1851f0 relative=0x0000000000000870
Event: 537.376 Thread 0x0000021d43b61680 Uncommon trap: reason=bimorphic_or_optimized_type_check action=maybe_recompile pc=0x0000021d2f1851f0 method=org.jetbrains.kotlin.protobuf.CodedInputStream.tryRefillBuffer(I)Z @ 177 c2
Event: 537.376 Thread 0x0000021d43b61680 DEOPT PACKING pc=0x0000021d2f1851f0 sp=0x00000068e31f4640
Event: 537.377 Thread 0x0000021d43b61680 DEOPT UNPACKING pc=0x0000021d2e3969a3 sp=0x00000068e31f4530 mode 2
Event: 537.380 Thread 0x0000021d43b61680 Uncommon trap: trap_request=0xffffffc6 fr.pc=0x0000021d2f1851f0 relative=0x0000000000000870
Event: 537.380 Thread 0x0000021d43b61680 Uncommon trap: reason=bimorphic_or_optimized_type_check action=maybe_recompile pc=0x0000021d2f1851f0 method=org.jetbrains.kotlin.protobuf.CodedInputStream.tryRefillBuffer(I)Z @ 177 c2
Event: 537.380 Thread 0x0000021d43b61680 DEOPT PACKING pc=0x0000021d2f1851f0 sp=0x00000068e31f4640
Event: 537.380 Thread 0x0000021d43b61680 DEOPT UNPACKING pc=0x0000021d2e3969a3 sp=0x00000068e31f4530 mode 2
Event: 537.392 Thread 0x0000021d43b61680 Uncommon trap: trap_request=0xffffff45 fr.pc=0x0000021d2f157a7c relative=0x00000000000006bc
Event: 537.392 Thread 0x0000021d43b61680 Uncommon trap: reason=unstable_if action=reinterpret pc=0x0000021d2f157a7c method=org.jetbrains.org.objectweb.asm.ClassReader.readUtf(II[C)Ljava/lang/String; @ 41 c2
Event: 537.392 Thread 0x0000021d43b61680 DEOPT PACKING pc=0x0000021d2f157a7c sp=0x00000068e31f3eb0
Event: 537.392 Thread 0x0000021d43b61680 DEOPT UNPACKING pc=0x0000021d2e3969a3 sp=0x00000068e31f3e58 mode 2
Event: 537.392 Thread 0x0000021d43b61680 Uncommon trap: trap_request=0xffffffc6 fr.pc=0x0000021d2f18677c relative=0x00000000000005fc
Event: 537.392 Thread 0x0000021d43b61680 Uncommon trap: reason=bimorphic_or_optimized_type_check action=maybe_recompile pc=0x0000021d2f18677c method=org.jetbrains.kotlin.protobuf.CodedInputStream.tryRefillBuffer(I)Z @ 177 c2
Event: 537.392 Thread 0x0000021d43b61680 DEOPT PACKING pc=0x0000021d2f18677c sp=0x00000068e31f4130
Event: 537.392 Thread 0x0000021d43b61680 DEOPT UNPACKING pc=0x0000021d2e3969a3 sp=0x00000068e31f4078 mode 2

Classes unloaded (3 events):
Event: 382.173 Thread 0x0000021d3cf29f60 Unloading class 0x0000000100cf1800 'java/lang/invoke/LambdaForm$DMH+0x0000000100cf1800'
Event: 382.173 Thread 0x0000021d3cf29f60 Unloading class 0x0000000100cf1000 'java/lang/invoke/LambdaForm$DMH+0x0000000100cf1000'
Event: 526.767 Thread 0x0000021d3cf29f60 Unloading class 0x0000000100e2c400 'jdk/internal/reflect/GeneratedSerializationConstructorAccessor124'

Classes redefined (0 events):
No events

Internal exceptions (20 events):
Event: 526.092 Thread 0x0000021d43b61680 Exception <a 'java/lang/ClassNotFoundException'{0x000000008bd90710}: org/jetbrains/plugins/gradle/model/DependencyAccessorsModelCustomizer> (0x000000008bd90710) 
thrown [s\src\hotspot\share\classfile\systemDictionary.cpp, line 256]
Event: 526.865 Thread 0x0000021d43b61680 Exception <a 'java/lang/NoSuchMethodError'{0x0000000090200c20}: 'java.lang.Object java.lang.invoke.DirectMethodHandle$Holder.invokeStaticInit(java.lang.Object, int)'> (0x0000000090200c20) 
thrown [s\src\hotspot\share\interpreter\linkResolver.cpp, line 771]
Event: 526.915 Thread 0x0000021d43b61680 Exception <a 'java/lang/NoSuchMethodError'{0x0000000090126f38}: 'int java.lang.invoke.DelegatingMethodHandle$Holder.reinvoke_L(java.lang.Object, java.lang.Object, java.lang.Object, long, int, int)'> (0x0000000090126f38) 
thrown [s\src\hotspot\share\interpreter\linkResolver.cpp, line 771]
Event: 526.917 Thread 0x0000021d43b61680 Exception <a 'java/lang/NoSuchMethodError'{0x0000000090136c00}: 'int java.lang.invoke.DelegatingMethodHandle$Holder.reinvoke_L(java.lang.Object, java.lang.Object, java.lang.Object, long, long, long)'> (0x0000000090136c00) 
thrown [s\src\hotspot\share\interpreter\linkResolver.cpp, line 771]
Event: 526.918 Thread 0x0000021d43b61680 Exception <a 'java/lang/NoSuchMethodError'{0x0000000090146bd0}: 'int java.lang.invoke.DelegatingMethodHandle$Holder.reinvoke_L(java.lang.Object, java.lang.Object, java.lang.Object, long, java.lang.Object, java.lang.Object)'> (0x0000000090146bd0) 
thrown [s\src\hotspot\share\interpreter\linkResolver.cpp, line 771]
Event: 526.919 Thread 0x0000021d43b61680 Exception <a 'java/lang/NoSuchMethodError'{0x00000000901568f0}: 'void java.lang.invoke.DelegatingMethodHandle$Holder.reinvoke_L(java.lang.Object, java.lang.Object, java.lang.Object, long, java.lang.Object)'> (0x00000000901568f0) 
thrown [s\src\hotspot\share\interpreter\linkResolver.cpp, line 771]
Event: 526.919 Thread 0x0000021d43b61680 Exception <a 'java/lang/NoSuchMethodError'{0x000000009015f100}: 'java.lang.Object java.lang.invoke.DirectMethodHandle$Holder.invokeSpecial(java.lang.Object, java.lang.Object, java.lang.Object, java.lang.Object, long)'> (0x000000009015f100) 
thrown [s\src\hotspot\share\interpreter\linkResolver.cpp, line 771]
Event: 526.922 Thread 0x0000021d43b61680 Exception <a 'java/lang/NoSuchMethodError'{0x0000000090184860}: 'long java.lang.invoke.Invokers$Holder.invoke_MT(java.lang.Object, java.lang.Object, java.lang.Object, java.lang.Object)'> (0x0000000090184860) 
thrown [s\src\hotspot\share\interpreter\linkResolver.cpp, line 771]
Event: 526.923 Thread 0x0000021d43b61680 Exception <a 'java/lang/NoSuchMethodError'{0x000000009018da30}: 'int java.lang.invoke.Invokers$Holder.invoke_MT(java.lang.Object, java.lang.Object, java.lang.Object, java.lang.Object)'> (0x000000009018da30) 
thrown [s\src\hotspot\share\interpreter\linkResolver.cpp, line 771]
Event: 526.925 Thread 0x0000021d43b61680 Exception <a 'java/lang/NoSuchMethodError'{0x000000009019ebb0}: 'int java.lang.invoke.DelegatingMethodHandle$Holder.reinvoke_L(java.lang.Object, java.lang.Object, java.lang.Object, long, int)'> (0x000000009019ebb0) 
thrown [s\src\hotspot\share\interpreter\linkResolver.cpp, line 771]
Event: 526.927 Thread 0x0000021d43b61680 Exception <a 'java/lang/NoSuchMethodError'{0x00000000901b1f98}: 'java.lang.Object java.lang.invoke.Invokers$Holder.invokeExact_MT(java.lang.Object, java.lang.Object, long, java.lang.Object)'> (0x00000000901b1f98) 
thrown [s\src\hotspot\share\interpreter\linkResolver.cpp, line 771]
Event: 527.797 Thread 0x0000021d3f38cea0 Exception <a 'sun/nio/fs/WindowsException'{0x000000009038c778}> (0x000000009038c778) 
thrown [s\src\hotspot\share\prims\jni.cpp, line 517]
Event: 527.800 Thread 0x0000021d3f38cea0 Exception <a 'sun/nio/fs/WindowsException'{0x00000000903ba368}> (0x00000000903ba368) 
thrown [s\src\hotspot\share\prims\jni.cpp, line 517]
Event: 527.801 Thread 0x0000021d3f38cea0 Exception <a 'sun/nio/fs/WindowsException'{0x00000000903ba510}> (0x00000000903ba510) 
thrown [s\src\hotspot\share\prims\jni.cpp, line 517]
Event: 527.885 Thread 0x0000021d43b61680 Exception <a 'sun/nio/fs/WindowsException'{0x00000000900d49d0}> (0x00000000900d49d0) 
thrown [s\src\hotspot\share\prims\jni.cpp, line 517]
Event: 528.637 Thread 0x0000021d43b61680 Exception <a 'java/lang/NoSuchMethodError'{0x000000008fb84fb0}: 'long java.lang.invoke.DirectMethodHandle$Holder.invokeStatic(java.lang.Object)'> (0x000000008fb84fb0) 
thrown [s\src\hotspot\share\interpreter\linkResolver.cpp, line 771]
Event: 528.638 Thread 0x0000021d43b61680 Exception <a 'java/lang/NoSuchMethodError'{0x000000008fb89b50}: 'long java.lang.invoke.DirectMethodHandle$Holder.invokeStaticInit(java.lang.Object)'> (0x000000008fb89b50) 
thrown [s\src\hotspot\share\interpreter\linkResolver.cpp, line 771]
Event: 530.959 Thread 0x0000021d43b61680 Exception <a 'java/lang/NoSuchMethodError'{0x000000008e10b8e8}: 'java.lang.Object java.lang.invoke.Invokers$Holder.invoke_MT(java.lang.Object, java.lang.Object, java.lang.Object)'> (0x000000008e10b8e8) 
thrown [s\src\hotspot\share\interpreter\linkResolver.cpp, line 771]
Event: 531.302 Thread 0x0000021d43b61680 Implicit null exception at 0x0000021d2f1214f9 to 0x0000021d2f1233cc
Event: 531.304 Thread 0x0000021d43b61680 Implicit null exception at 0x0000021d2f125417 to 0x0000021d2f126990

VM Operations (20 events):
Event: 535.132 Executing VM operation: G1CollectForAllocation done
Event: 536.133 Executing VM operation: Cleanup
Event: 536.133 Executing VM operation: Cleanup done
Event: 537.082 Executing VM operation: HandshakeAllThreads
Event: 537.082 Executing VM operation: HandshakeAllThreads done
Event: 537.082 Executing VM operation: HandshakeAllThreads
Event: 537.082 Executing VM operation: HandshakeAllThreads done
Event: 537.189 Executing VM operation: HandshakeAllThreads
Event: 537.189 Executing VM operation: HandshakeAllThreads done
Event: 537.189 Executing VM operation: Cleanup
Event: 537.189 Executing VM operation: Cleanup done
Event: 537.189 Executing VM operation: HandshakeAllThreads
Event: 537.189 Executing VM operation: HandshakeAllThreads done
Event: 537.295 Executing VM operation: HandshakeAllThreads
Event: 537.296 Executing VM operation: HandshakeAllThreads done
Event: 537.366 Executing VM operation: HandshakeAllThreads
Event: 537.366 Executing VM operation: HandshakeAllThreads done
Event: 537.539 Executing VM operation: HandshakeAllThreads
Event: 537.539 Executing VM operation: HandshakeAllThreads done
Event: 537.731 Executing VM operation: G1CollectForAllocation

Events (20 events):
Event: 537.326 Thread 0x0000021d3d868610 flushing nmethod 0x0000021d28956210
Event: 537.326 Thread 0x0000021d3d868610 flushing nmethod 0x0000021d28956610
Event: 537.326 Thread 0x0000021d3d868610 flushing nmethod 0x0000021d28957590
Event: 537.326 Thread 0x0000021d3d868610 flushing nmethod 0x0000021d28957f90
Event: 537.326 Thread 0x0000021d3d868610 flushing nmethod 0x0000021d2895d210
Event: 537.326 Thread 0x0000021d3d868610 flushing nmethod 0x0000021d2896b790
Event: 537.326 Thread 0x0000021d3d868610 flushing nmethod 0x0000021d2897a610
Event: 537.326 Thread 0x0000021d3d868610 flushing nmethod 0x0000021d28982a10
Event: 537.326 Thread 0x0000021d3d868610 flushing nmethod 0x0000021d2898c390
Event: 537.326 Thread 0x0000021d3d868610 flushing nmethod 0x0000021d289a0990
Event: 537.326 Thread 0x0000021d3d868610 flushing nmethod 0x0000021d289aa310
Event: 537.326 Thread 0x0000021d3d868610 flushing nmethod 0x0000021d289b4510
Event: 537.326 Thread 0x0000021d3d868610 flushing nmethod 0x0000021d289b5990
Event: 537.326 Thread 0x0000021d3d868610 flushing nmethod 0x0000021d289b6710
Event: 537.326 Thread 0x0000021d3d868610 flushing nmethod 0x0000021d289b8f10
Event: 537.326 Thread 0x0000021d3d868610 flushing nmethod 0x0000021d289b9710
Event: 537.326 Thread 0x0000021d3d868610 flushing nmethod 0x0000021d289be290
Event: 537.326 Thread 0x0000021d3d868610 flushing nmethod 0x0000021d28a42e10
Event: 537.486 loading class java/text/StringCharacterIterator
Event: 537.486 loading class java/text/StringCharacterIterator done


Dynamic libraries:
0x00007ff64e1f0000 - 0x00007ff64e1fa000 	C:\Program Files\Android\Android Studio\jbr\bin\java.exe
0x00007ffe79590000 - 0x00007ffe79788000 	C:\Windows\SYSTEM32\ntdll.dll
0x00007ffe79490000 - 0x00007ffe7954d000 	C:\Windows\System32\KERNEL32.DLL
0x00007ffe76e40000 - 0x00007ffe77136000 	C:\Windows\System32\KERNELBASE.dll
0x00007ffe76c70000 - 0x00007ffe76d70000 	C:\Windows\System32\ucrtbase.dll
0x00007ffe5c480000 - 0x00007ffe5c49b000 	C:\Program Files\Android\Android Studio\jbr\bin\VCRUNTIME140.dll
0x00007ffe5c4c0000 - 0x00007ffe5c4d7000 	C:\Program Files\Android\Android Studio\jbr\bin\jli.dll
0x00007ffe787a0000 - 0x00007ffe7893e000 	C:\Windows\System32\USER32.dll
0x00007ffe76e10000 - 0x00007ffe76e32000 	C:\Windows\System32\win32u.dll
0x00007ffe78b60000 - 0x00007ffe78b8c000 	C:\Windows\System32\GDI32.dll
0x00007ffe77250000 - 0x00007ffe7736a000 	C:\Windows\System32\gdi32full.dll
0x00007ffe76d70000 - 0x00007ffe76e0d000 	C:\Windows\System32\msvcp_win.dll
0x00007ffe66730000 - 0x00007ffe669ca000 	C:\Windows\WinSxS\amd64_microsoft.windows.common-controls_6595b64144ccf1df_6.0.19041.1110_none_60b5254171f9507e\COMCTL32.dll
0x00007ffe78650000 - 0x00007ffe786ee000 	C:\Windows\System32\msvcrt.dll
0x00007ffe789c0000 - 0x00007ffe789f0000 	C:\Windows\System32\IMM32.DLL
0x00007ffe5d4c0000 - 0x00007ffe5d4cc000 	C:\Program Files\Android\Android Studio\jbr\bin\vcruntime140_1.dll
0x00007ffe51ac0000 - 0x00007ffe51b4d000 	C:\Program Files\Android\Android Studio\jbr\bin\msvcp140.dll
0x00007ffe20d70000 - 0x00007ffe219de000 	C:\Program Files\Android\Android Studio\jbr\bin\server\jvm.dll
0x00007ffe77a00000 - 0x00007ffe77aae000 	C:\Windows\System32\ADVAPI32.dll
0x00007ffe775f0000 - 0x00007ffe7768c000 	C:\Windows\System32\sechost.dll
0x00007ffe77cc0000 - 0x00007ffe77de6000 	C:\Windows\System32\RPCRT4.dll
0x00007ffe66b10000 - 0x00007ffe66b19000 	C:\Windows\SYSTEM32\WSOCK32.dll
0x00007ffe69760000 - 0x00007ffe69787000 	C:\Windows\SYSTEM32\WINMM.dll
0x00007ffe69ea0000 - 0x00007ffe69eaa000 	C:\Windows\SYSTEM32\VERSION.dll
0x00007ffe78a00000 - 0x00007ffe78a6b000 	C:\Windows\System32\WS2_32.dll
0x00007ffe74ce0000 - 0x00007ffe74cf2000 	C:\Windows\SYSTEM32\kernel.appcore.dll
0x00007ffe647b0000 - 0x00007ffe647ba000 	C:\Program Files\Android\Android Studio\jbr\bin\jimage.dll
0x00007ffe60280000 - 0x00007ffe60464000 	C:\Windows\SYSTEM32\DBGHELP.DLL
0x00007ffe60200000 - 0x00007ffe60234000 	C:\Windows\SYSTEM32\dbgcore.DLL
0x00007ffe771c0000 - 0x00007ffe77242000 	C:\Windows\System32\bcryptPrimitives.dll
0x00007ffe5c990000 - 0x00007ffe5c9b5000 	C:\Program Files\Android\Android Studio\jbr\bin\java.dll
0x00007ffe5e470000 - 0x00007ffe5e488000 	C:\Program Files\Android\Android Studio\jbr\bin\zip.dll
0x00007ffe78d40000 - 0x00007ffe79485000 	C:\Windows\System32\SHELL32.dll
0x00007ffe74d00000 - 0x00007ffe7549b000 	C:\Windows\SYSTEM32\windows.storage.dll
0x00007ffe77690000 - 0x00007ffe779e4000 	C:\Windows\System32\combase.dll
0x00007ffe76640000 - 0x00007ffe7666e000 	C:\Windows\SYSTEM32\Wldp.dll
0x00007ffe77f20000 - 0x00007ffe77fcd000 	C:\Windows\System32\SHCORE.dll
0x00007ffe78cc0000 - 0x00007ffe78d15000 	C:\Windows\System32\shlwapi.dll
0x00007ffe76ba0000 - 0x00007ffe76bc5000 	C:\Windows\SYSTEM32\profapi.dll
0x00007ffe5c840000 - 0x00007ffe5c859000 	C:\Program Files\Android\Android Studio\jbr\bin\net.dll
0x00007ffe6ac40000 - 0x00007ffe6ad4a000 	C:\Windows\SYSTEM32\WINHTTP.dll
0x00007ffe763a0000 - 0x00007ffe7640a000 	C:\Windows\system32\mswsock.dll
0x00007ffe5c820000 - 0x00007ffe5c836000 	C:\Program Files\Android\Android Studio\jbr\bin\nio.dll
0x00007ffe63030000 - 0x00007ffe63040000 	C:\Program Files\Android\Android Studio\jbr\bin\verify.dll
0x00007ffe5b450000 - 0x00007ffe5b477000 	C:\Users\refrizar.dwiardito\.gradle\native\68d5fa5c4cc2d200863cafc0d521ce42e7d3e7ee720ec0a83991735586a16f82\windows-amd64\native-platform.dll
0x00007ffe45ed0000 - 0x00007ffe46014000 	C:\Users\refrizar.dwiardito\.gradle\native\e376f236ea51e6404a007f0833ffe2c6e607c4080706a723a18a27aeea778392\windows-amd64\native-platform-file-events.dll
0x00007ffe62c50000 - 0x00007ffe62c59000 	C:\Program Files\Android\Android Studio\jbr\bin\management.dll
0x00007ffe60dc0000 - 0x00007ffe60dcb000 	C:\Program Files\Android\Android Studio\jbr\bin\management_ext.dll
0x00007ffe77df0000 - 0x00007ffe77df8000 	C:\Windows\System32\PSAPI.DLL
0x00007ffe765a0000 - 0x00007ffe765b8000 	C:\Windows\SYSTEM32\CRYPTSP.dll
0x00007ffe75c50000 - 0x00007ffe75c84000 	C:\Windows\system32\rsaenh.dll
0x00007ffe77190000 - 0x00007ffe771b7000 	C:\Windows\System32\bcrypt.dll
0x00007ffe76b60000 - 0x00007ffe76b8e000 	C:\Windows\SYSTEM32\USERENV.dll
0x00007ffe76590000 - 0x00007ffe7659c000 	C:\Windows\SYSTEM32\CRYPTBASE.dll
0x00007ffe76090000 - 0x00007ffe760cb000 	C:\Windows\SYSTEM32\IPHLPAPI.DLL
0x00007ffe789f0000 - 0x00007ffe789f8000 	C:\Windows\System32\NSI.dll
0x00007ffe6d4a0000 - 0x00007ffe6d4b7000 	C:\Windows\SYSTEM32\dhcpcsvc6.DLL
0x00007ffe6ba50000 - 0x00007ffe6ba6d000 	C:\Windows\SYSTEM32\dhcpcsvc.DLL
0x00007ffe760d0000 - 0x00007ffe7619a000 	C:\Windows\SYSTEM32\DNSAPI.dll
0x00007ffe60c20000 - 0x00007ffe60c27000 	C:\Windows\system32\wshunix.dll
0x00007ffe5c860000 - 0x00007ffe5c877000 	C:\Windows\system32\napinsp.dll
0x00007ffe5c600000 - 0x00007ffe5c61b000 	C:\Windows\system32\pnrpnsp.dll
0x00007ffe6f470000 - 0x00007ffe6f485000 	C:\Windows\system32\wshbth.dll
0x00007ffe71f80000 - 0x00007ffe71f9d000 	C:\Windows\system32\NLAapi.dll
0x00007ffe5c5e0000 - 0x00007ffe5c5f2000 	C:\Windows\System32\winrnr.dll
0x00007ffe6b100000 - 0x00007ffe6b10a000 	C:\Windows\System32\rasadhlp.dll
0x00007ffe6a270000 - 0x00007ffe6a2f2000 	C:\Windows\System32\fwpuclnt.dll
0x00007ffe73880000 - 0x00007ffe73887000 	C:\Program Files\Android\Android Studio\jbr\bin\rmi.dll

dbghelp: loaded successfully - version: 4.0.5 - missing functions: none
symbol engine: initialized successfully - sym options: 0x614 - pdb path: .;C:\Program Files\Android\Android Studio\jbr\bin;C:\Windows\SYSTEM32;C:\Windows\WinSxS\amd64_microsoft.windows.common-controls_6595b64144ccf1df_6.0.19041.1110_none_60b5254171f9507e;C:\Program Files\Android\Android Studio\jbr\bin\server;C:\Users\refrizar.dwiardito\.gradle\native\68d5fa5c4cc2d200863cafc0d521ce42e7d3e7ee720ec0a83991735586a16f82\windows-amd64;C:\Users\refrizar.dwiardito\.gradle\native\e376f236ea51e6404a007f0833ffe2c6e607c4080706a723a18a27aeea778392\windows-amd64

VM Arguments:
jvm_args: --add-opens=java.base/java.util=ALL-UNNAMED --add-opens=java.base/java.lang=ALL-UNNAMED --add-opens=java.base/java.lang.invoke=ALL-UNNAMED --add-opens=java.prefs/java.util.prefs=ALL-UNNAMED --add-opens=java.base/java.nio.charset=ALL-UNNAMED --add-opens=java.base/java.net=ALL-UNNAMED --add-opens=java.base/java.util.concurrent.atomic=ALL-UNNAMED -Xmx2048m -Dfile.encoding=UTF-8 -Duser.country=US -Duser.language=en -Duser.variant 
java_command: org.gradle.launcher.daemon.bootstrap.GradleDaemon 8.0
java_class_path (initial): C:\Users\refrizar.dwiardito\.gradle\wrapper\dists\gradle-8.0-bin\ca5e32bp14vu59qr306oxotwh\gradle-8.0\lib\gradle-launcher-8.0.jar
Launcher Type: SUN_STANDARD

[Global flags]
     intx CICompilerCount                          = 3                                         {product} {ergonomic}
     uint ConcGCThreads                            = 1                                         {product} {ergonomic}
     uint G1ConcRefinementThreads                  = 4                                         {product} {ergonomic}
   size_t G1HeapRegionSize                         = 1048576                                   {product} {ergonomic}
    uintx GCDrainStackTargetSize                   = 64                                        {product} {ergonomic}
   size_t InitialHeapSize                          = 134217728                                 {product} {ergonomic}
   size_t MarkStackSize                            = 4194304                                   {product} {ergonomic}
   size_t MaxHeapSize                              = 2147483648                                {product} {command line}
   size_t MaxNewSize                               = 1287651328                                {product} {ergonomic}
   size_t MinHeapDeltaBytes                        = 1048576                                   {product} {ergonomic}
   size_t MinHeapSize                              = 8388608                                   {product} {ergonomic}
    uintx NonNMethodCodeHeapSize                   = 5832780                                {pd product} {ergonomic}
    uintx NonProfiledCodeHeapSize                  = 122912730                              {pd product} {ergonomic}
    uintx ProfiledCodeHeapSize                     = 122912730                              {pd product} {ergonomic}
    uintx ReservedCodeCacheSize                    = 251658240                              {pd product} {ergonomic}
     bool SegmentedCodeCache                       = true                                      {product} {ergonomic}
   size_t SoftMaxHeapSize                          = 2147483648                             {manageable} {ergonomic}
     bool UseCompressedClassPointers               = true                           {product lp64_product} {ergonomic}
     bool UseCompressedOops                        = true                           {product lp64_product} {ergonomic}
     bool UseG1GC                                  = true                                      {product} {ergonomic}
     bool UseLargePagesIndividualAllocation        = false                                  {pd product} {ergonomic}

Logging:
Log output configuration:
 #0: stdout all=warning uptime,level,tags
 #1: stderr all=off uptime,level,tags

Environment Variables:
JAVA_HOME=C:\Users\refrizar.dwiardito\.jdks\openjdk-21
PATH=C:\Program Files\Common Files\Oracle\Java\javapath;C:\Windows\system32;C:\Windows;C:\Windows\System32\Wbem;C:\Windows\System32\WindowsPowerShell\v1.0\;C:\Windows\System32\OpenSSH\;C:\Program Files\mingw-w64\x86_64-8.1.0-posix-seh-rt_v6-rev0\mingw64\bin;C:\Users\refrizar.dwiardito\AppData\Local\Programs\Python\Python310\Scripts;C:\Users\refrizar.dwiardito\.jdks\openjdk-21\bin;C:\Program Files\PuTTY\;C:\Program Files\gradle-8.3\bin;C:\Program Files\Git\cmd;C:\Users\refrizar.dwiardito\AppData\Local\Programs\Python\Python310\Scripts\;C:\Users\refrizar.dwiardito\AppData\Local\Programs\Python\Python310\;C:\Users\refrizar.dwiardito\AppData\Local\Microsoft\WindowsApps;;C:\Users\refrizar.dwiardito\AppData\Local\Programs\Microsoft VS Code\bin
USERNAME=refrizar.dwiardito
OS=Windows_NT
PROCESSOR_IDENTIFIER=Intel64 Family 6 Model 61 Stepping 4, GenuineIntel
TMP=C:\Users\REFRIZ~1.DWI\AppData\Local\Temp
TEMP=C:\Users\REFRIZ~1.DWI\AppData\Local\Temp


JNI global refs:
JNI global refs: 24, weak refs: 0

JNI global refs memory usage: 843, weak refs: 841


---------------  S Y S T E M  ---------------

OS:
 Windows 10 , 64 bit Build 19041 (10.0.19041.3393)
OS uptime: 0 days 4:25 hours

CPU: total 4 (initial active 4) (2 cores per cpu, 2 threads per core) family 6 model 61 stepping 4 microcode 0x2f, cx8, cmov, fxsr, ht, mmx, 3dnowpref, sse, sse2, sse3, ssse3, sse4.1, sse4.2, popcnt, lzcnt, tsc, tscinvbit, avx, avx2, aes, erms, clmul, bmi1, bmi2, adx, fma, vzeroupper, clflush

Memory: 4k page, system-wide physical 8083M (520M free)
TotalPageFile size 8083M (AvailPageFile size 65M)
current process WorkingSet (physical memory assigned to process): 638M, peak: 638M
current process commit charge ("private bytes"): 665M, peak: 878M

vm_info: OpenJDK 64-Bit Server VM (17.0.6+0-b2043.56-10027231) for windows-amd64 JRE (17.0.6+0-b2043.56-10027231), built on Apr 28 2023 00:43:19 by "androidbuild" with MS VC++ 16.10 / 16.11 (VS2019)

END.
